#
# A fatal error has been detected by the Java Runtime Environment:
#
#  SIGSEGV (0xb) at pc=0x00007f384105b6fa, pid=12461, tid=139878861625088
#
# JRE version: Java(TM) SE Runtime Environment (7.0_72-b14) (build 1.7.0_72-b14)
# Java VM: Java HotSpot(TM) 64-Bit Server VM (24.72-b04 mixed mode linux-amd64 compressed oops)
# Problematic frame:
# v  ~BufferBlob::jni_fast_GetLongField
#
# Failed to write core dump. Core dumps have been disabled. To enable core dumping, try "ulimit -c unlimited" before starting Java again
#
# If you would like to submit a bug report, please visit:
#   http://bugreport.sun.com/bugreport/crash.jsp
# The crash happened outside the Java Virtual Machine in native code.
# See problematic frame for where to report the bug.
#

---------------  T H R E A D  ---------------

Current thread (0x00007f384421e000):  JavaThread "AWT-XAWT" daemon [_thread_in_native, id=12500, stack(0x00007f3815cbd000,0x00007f3815dbe000)]

siginfo:si_signo=SIGSEGV: si_errno=0, si_code=1 (SEGV_MAPERR), si_addr=0x0000000000000000

Registers:
RAX=0x00007f384b9bb180, RBX=0x000000070278f598, RCX=0x00007f384c413320, RDX=0x0000000000000042
RSP=0x00007f3815dbc5b8, RBP=0x00007f3815dbc5e0, RSI=0x0000000000000000, RDI=0x00007f384421e1e8
R8 =0x00000000f62ce14f, R9 =0x0000000000000000, R10=0x00000000000000f0, R11=0x00007f384b455b80
R12=0x00007f384421e1e8, R13=0x0000000000000000, R14=0x00007f38159e9fe0, R15=0x00007f384421e000
RIP=0x00007f384105b6fa, EFLAGS=0x0000000000010246, CSGSFS=0x0000000000000033, ERR=0x0000000000000004
  TRAPNO=0x000000000000000e

Top of Stack: (sp=0x00007f3815dbc5b8)
0x00007f3815dbc5b8:   00007f38157b4801 000000070278f598
0x00007f3815dbc5c8:   00007f37c800c410 000000070278f598
0x00007f3815dbc5d8:   00007f3815dbc6c8 0000000000000000
0x00007f3815dbc5e8:   00007f3815280ae8 000000070278f598
0x00007f3815dbc5f8:   00007f3815dbc620 0000000000000000
0x00007f3815dbc608:   00007f38152789a3 000000070278f598
0x00007f3815dbc618:   00007f38157aa68f 00007f3815dbc690
0x00007f3815dbc628:   00007f3841012d98 00007f3841006233
0x00007f3815dbc638:   0000000000000000 00000007b1043698
0x00007f3815dbc648:   0000000000000000 00007f3815dbc650
0x00007f3815dbc658:   0000000000000000 00007f3815dbc6c8
0x00007f3815dbc668:   0000000702795668 0000000000000000
0x00007f3815dbc678:   000000070278f598 0000000000000000
0x00007f3815dbc688:   00007f3815dbc6b0 00007f3815dbc710
0x00007f3815dbc698:   00007f3841006350 0000000707245120
0x00007f3815dbc6a8:   00007f384100ecc0 0000000000000000
0x00007f3815dbc6b8:   00007f3815dbc710 00007f37d0001db0
0x00007f3815dbc6c8:   00000007b0fa03f8 00007f3815dbc6d0
0x00007f3815dbc6d8:   000000070289b6a4 00007f3815dbc758
0x00007f3815dbc6e8:   00000007028a7140 00000007030c8b70
0x00007f3815dbc6f8:   000000070289b7d8 00007f3815dbc6b0
0x00007f3815dbc708:   00007f3815dbc750 00007f3815dbc7a0
0x00007f3815dbc718:   00007f3841006058 0000000000000000
0x00007f3815dbc728:   00000007b04569d8 0000000000000000
0x00007f3815dbc738:   0000000000000000 0000000000000000
0x00007f3815dbc748:   00000007b0fa03f8 0000000000000000
0x00007f3815dbc758:   00000007b0fa0398 00007f3815dbc760
0x00007f3815dbc768:   000000070289b4ad 00007f3815dbc7b0
0x00007f3815dbc778:   00000007028a7140 0000000000000000
0x00007f3815dbc788:   000000070289b4b8 00007f3815dbc750
0x00007f3815dbc798:   00007f3815dbc7b0 00007f3815dbc7f8
0x00007f3815dbc7a8:   00007f3841006706 00000007b0fa0398 

Instructions: (pc=0x00007f384105b6fa)
0x00007f384105b6da:   00 00 00 00 00 00 44 8b 15 01 35 99 0a 4c 8b ce
0x00007f384105b6ea:   41 f6 c2 01 0f 85 2e 00 00 00 4d 33 ca 4d 33 ca
0x00007f384105b6fa:   4d 8b 09 4c 8b da 49 c1 eb 02 4b 8b 04 19 49 bb
0x00007f384105b70a:   e8 eb 9e 4b 38 7f 00 00 4c 33 d8 4c 33 d8 45 3b 

Register to memory mapping:

RAX=0x00007f384b9bb180: <offset 0xe19180> in /usr/lib/jvm/java-7-oracle/jre/lib/amd64/server/libjvm.so at 0x00007f384aba2000
RBX=0x000000070278f598 is an oop
{method} 
 - klass: {other class}
RCX=0x00007f384c413320: <offset 0x219320> in /lib/x86_64-linux-gnu/libpthread.so.0 at 0x00007f384c1fa000
RDX=0x0000000000000042 is an unknown value
RSP=0x00007f3815dbc5b8 is pointing into the stack for thread: 0x00007f384421e000
RBP=0x00007f3815dbc5e0 is pointing into the stack for thread: 0x00007f384421e000
RSI=0x0000000000000000 is an unknown value
RDI=0x00007f384421e1e8 is an unknown value
R8 =0x00000000f62ce14f is an unknown value
R9 =0x0000000000000000 is an unknown value
R10=0x00000000000000f0 is an unknown value
R11=0x00007f384b455b80: <offset 0x8b3b80> in /usr/lib/jvm/java-7-oracle/jre/lib/amd64/server/libjvm.so at 0x00007f384aba2000
R12=0x00007f384421e1e8 is an unknown value
R13=0x0000000000000000 is an unknown value
R14=0x00007f38159e9fe0: <offset 0x253fe0> in /usr/lib/jvm/java-7-oracle/jre/lib/amd64/xawt/libmawt.so at 0x00007f3815796000
R15=0x00007f384421e000 is a thread


Stack: [0x00007f3815cbd000,0x00007f3815dbe000],  sp=0x00007f3815dbc5b8,  free space=1021k
Native frames: (J=compiled Java code, j=interpreted, Vv=VM code, C=native code)
v  ~BufferBlob::jni_fast_GetLongField

Java frames: (J=compiled Java code, j=interpreted, Vv=VM code)
j  sun.awt.X11.XlibWrapper.XFilterEvent(JJ)Z+0
j  sun.awt.X11.XToolkit.run(Z)V+300
j  sun.awt.X11.XToolkit.run()V+5
j  java.lang.Thread.run()V+11
v  ~StubRoutines::call_stub

---------------  P R O C E S S  ---------------

Java Threads: ( => current thread )
  0x00007f37e001f000 JavaThread "XToolkt-Shutdown-Thread" [_thread_blocked, id=13664, stack(0x00007f37cf6f1000,0x00007f37cf7f2000)]
  0x00007f3800001000 JavaThread "SIGTERM handler" daemon [_thread_blocked, id=13646, stack(0x00007f38162d2000,0x00007f38163d3000)]
  0x00007f37c803d000 JavaThread "TimerQueue" daemon [_thread_blocked, id=12507, stack(0x00007f3815dbe000,0x00007f3815ebf000)]
  0x00007f3844008000 JavaThread "DestroyJavaVM" [_thread_blocked, id=12467, stack(0x00007f384c503000,0x00007f384c604000)]
  0x00007f38442cf000 JavaThread "Timer-0" [_thread_blocked, id=12504, stack(0x00007f37cee28000,0x00007f37cef29000)]
  0x00007f3844251800 JavaThread "AWT-EventQueue-0" [_thread_blocked, id=12502, stack(0x00007f37cfeff000,0x00007f37d0000000)]
  0x00007f384422e000 JavaThread "AWT-Shutdown" [_thread_blocked, id=12501, stack(0x00007f38140c5000,0x00007f38141c6000)]
=>0x00007f384421e000 JavaThread "AWT-XAWT" daemon [_thread_in_native, id=12500, stack(0x00007f3815cbd000,0x00007f3815dbe000)]
  0x00007f38441fd000 JavaThread "Java2D Disposer" daemon [_thread_blocked, id=12499, stack(0x00007f3816821000,0x00007f3816922000)]
  0x00007f37ec042000 JavaThread "WebsocketWriteThread" [_thread_blocked, id=12494, stack(0x00007f38161d1000,0x00007f38162d2000)]
  0x00007f37e4034800 JavaThread "pool-3-thread-1" [_thread_blocked, id=12492, stack(0x00007f3815ebf000,0x00007f3815fc0000)]
  0x00007f37e4017000 JavaThread "Thread-5" [_thread_in_native, id=12491, stack(0x00007f381661f000,0x00007f3816720000)]
  0x00007f37f4004800 JavaThread "pool-1-thread-1" [_thread_blocked, id=12485, stack(0x00007f3816720000,0x00007f3816821000)]
  0x00007f384409f800 JavaThread "Service Thread" daemon [_thread_blocked, id=12482, stack(0x00007f3816a23000,0x00007f3816b24000)]
  0x00007f384409d800 JavaThread "C2 CompilerThread1" daemon [_thread_blocked, id=12481, stack(0x00007f3816b24000,0x00007f3816c25000)]
  0x00007f384409a800 JavaThread "C2 CompilerThread0" daemon [_thread_blocked, id=12480, stack(0x00007f3816c25000,0x00007f3816d26000)]
  0x00007f3844098000 JavaThread "Signal Dispatcher" daemon [_thread_blocked, id=12479, stack(0x00007f3816d26000,0x00007f3816e27000)]
  0x00007f3844077000 JavaThread "Finalizer" daemon [_thread_blocked, id=12478, stack(0x00007f38170f0000,0x00007f38171f1000)]
  0x00007f3844075000 JavaThread "Reference Handler" daemon [_thread_blocked, id=12477, stack(0x00007f38171f1000,0x00007f38172f2000)]

Other Threads:
  0x00007f3844070800 VMThread [stack: 0x00007f38172f2000,0x00007f38173f3000] [id=12476]
  0x00007f38440b2800 WatcherThread [stack: 0x00007f3816922000,0x00007f3816a23000] [id=12483]

VM state:not at safepoint (normal execution)

VM Mutex/Monitor currently owned by a thread: None

Heap
 PSYoungGen      total 74752K, used 49660K [0x00000007ad080000, 0x00000007b2380000, 0x0000000800000000)
  eden space 64512K, 61% used [0x00000007ad080000,0x00000007af6ff428,0x00000007b0f80000)
  from space 10240K, 99% used [0x00000007b0f80000,0x00000007b197fe40,0x00000007b1980000)
  to   space 10240K, 0% used [0x00000007b1980000,0x00000007b1980000,0x00000007b2380000)
 ParOldGen       total 169472K, used 1796K [0x0000000707200000, 0x0000000711780000, 0x00000007ad080000)
  object space 169472K, 1% used [0x0000000707200000,0x00000007073c11f8,0x0000000711780000)
 PSPermGen       total 21504K, used 17233K [0x0000000702000000, 0x0000000703500000, 0x0000000707200000)
  object space 21504K, 80% used [0x0000000702000000,0x00000007030d47a8,0x0000000703500000)

Card table byte_map: [0x00007f384978f000,0x00007f3849f80000] byte_map_base: 0x00007f3845f7f000

Polling page: 0x00007f384c637000

Code Cache  [0x00007f3841000000, 0x00007f3841270000, 0x00007f3844000000)
 total_blobs=626 nmethods=104 adapters=475 free_code_cache=48401Kb largest_free_block=49538048

Compilation events (10 events):
Event: 176.279 Thread 0x00007f384409d800 nmethod 99 0x00007f38410ba390 code [0x00007f38410ba4e0, 0x00007f38410ba618]
Event: 176.280 Thread 0x00007f384409a800 nmethod 98 0x00007f38410b9b90 code [0x00007f38410b9d20, 0x00007f38410ba018]
Event: 299.832 Thread 0x00007f384409d800  101             sun.awt.X11.Native::getInt (8 bytes)
Event: 299.833 Thread 0x00007f384409d800 nmethod 101 0x00007f38410b38d0 code [0x00007f38410b3a00, 0x00007f38410b3a78]
Event: 300.248 Thread 0x00007f384409a800  102             java.util.TreeMap::getEntry (84 bytes)
Event: 300.249 Thread 0x00007f384409a800 nmethod 102 0x00007f38410be690 code [0x00007f38410be7e0, 0x00007f38410be958]
Event: 302.793 Thread 0x00007f384409d800  103             sun.awt.SunToolkit::awtLock (7 bytes)
Event: 302.793 Thread 0x00007f384409a800  104             sun.awt.SunToolkit::awtUnlock (7 bytes)
Event: 302.795 Thread 0x00007f384409d800 nmethod 103 0x00007f38410be190 code [0x00007f38410be300, 0x00007f38410be488]
Event: 302.795 Thread 0x00007f384409a800 nmethod 104 0x00007f38410bdcd0 code [0x00007f38410bde20, 0x00007f38410bdfc8]

GC Heap History (2 events):
Event: 6.758 GC heap before
{Heap before GC invocations=1 (full 0):
 PSYoungGen      total 74752K, used 64512K [0x00000007ad080000, 0x00000007b2380000, 0x0000000800000000)
  eden space 64512K, 100% used [0x00000007ad080000,0x00000007b0f80000,0x00000007b0f80000)
  from space 10240K, 0% used [0x00000007b1980000,0x00000007b1980000,0x00000007b2380000)
  to   space 10240K, 0% used [0x00000007b0f80000,0x00000007b0f80000,0x00000007b1980000)
 ParOldGen       total 169472K, used 0K [0x0000000707200000, 0x0000000711780000, 0x00000007ad080000)
  object space 169472K, 0% used [0x0000000707200000,0x0000000707200000,0x0000000711780000)
 PSPermGen       total 21504K, used 17000K [0x0000000702000000, 0x0000000703500000, 0x0000000707200000)
  object space 21504K, 79% used [0x0000000702000000,0x000000070309a350,0x0000000703500000)
Event: 6.766 GC heap after
Heap after GC invocations=1 (full 0):
 PSYoungGen      total 74752K, used 10239K [0x00000007ad080000, 0x00000007b2380000, 0x0000000800000000)
  eden space 64512K, 0% used [0x00000007ad080000,0x00000007ad080000,0x00000007b0f80000)
  from space 10240K, 99% used [0x00000007b0f80000,0x00000007b197fe40,0x00000007b1980000)
  to   space 10240K, 0% used [0x00000007b1980000,0x00000007b1980000,0x00000007b2380000)
 ParOldGen       total 169472K, used 1796K [0x0000000707200000, 0x0000000711780000, 0x00000007ad080000)
  object space 169472K, 1% used [0x0000000707200000,0x00000007073c11f8,0x0000000711780000)
 PSPermGen       total 21504K, used 17000K [0x0000000702000000, 0x0000000703500000, 0x0000000707200000)
  object space 21504K, 79% used [0x0000000702000000,0x000000070309a350,0x0000000703500000)
}

Deoptimization events (10 events):
Event: 0.206 Thread 0x00007f37dc001000 Uncommon trap: reason=unloaded action=reinterpret pc=0x00007f3841060f5c method=java.lang.String.charAt(I)C @ 13
Event: 0.251 Thread 0x00007f3844008000 Uncommon trap: reason=null_check action=make_not_entrant pc=0x00007f384106aea8 method=java.lang.String.equals(Ljava/lang/Object;)Z @ 8
Event: 0.317 Thread 0x00007f3844008000 Uncommon trap: reason=class_check action=maybe_recompile pc=0x00007f3841067244 method=java.util.Properties$LineReader.readLine()I @ 62
Event: 0.317 Thread 0x00007f3844008000 Uncommon trap: reason=class_check action=maybe_recompile pc=0x00007f3841067244 method=java.util.Properties$LineReader.readLine()I @ 62
Event: 0.318 Thread 0x00007f3844008000 Uncommon trap: reason=class_check action=maybe_recompile pc=0x00007f3841067244 method=java.util.Properties$LineReader.readLine()I @ 62
Event: 0.319 Thread 0x00007f3844008000 Uncommon trap: reason=class_check action=maybe_recompile pc=0x00007f3841067244 method=java.util.Properties$LineReader.readLine()I @ 62
Event: 2.051 Thread 0x00007f3844251800 Uncommon trap: reason=class_check action=maybe_recompile pc=0x00007f384108aeec method=java.lang.String.equals(Ljava/lang/Object;)Z @ 8
Event: 2.051 Thread 0x00007f3844251800 Uncommon trap: reason=class_check action=maybe_recompile pc=0x00007f384108aeec method=java.lang.String.equals(Ljava/lang/Object;)Z @ 8
Event: 2.217 Thread 0x00007f3844251800 Uncommon trap: reason=class_check action=maybe_recompile pc=0x00007f384108aeec method=java.lang.String.equals(Ljava/lang/Object;)Z @ 8
Event: 2.217 Thread 0x00007f3844251800 Uncommon trap: reason=class_check action=maybe_recompile pc=0x00007f384108aeec method=java.lang.String.equals(Ljava/lang/Object;)Z @ 8

Internal exceptions (10 events):
Event: 6.649 Thread 0x00007f37ec03a000 Threw 0x00000007b0466720 at /HUDSON/workspace/7u-2-build-linux-amd64/jdk7u72/1606/hotspot/src/share/vm/prims/jvm.cpp:1281
Event: 6.650 Thread 0x00007f37ec03a000 Threw 0x00000007b04686a0 at /HUDSON/workspace/7u-2-build-linux-amd64/jdk7u72/1606/hotspot/src/share/vm/prims/jvm.cpp:1281
Event: 6.652 Thread 0x00007f37ec03a000 Threw 0x00000007b046b1e8 at /HUDSON/workspace/7u-2-build-linux-amd64/jdk7u72/1606/hotspot/src/share/vm/prims/jvm.cpp:1281
Event: 6.655 Thread 0x00007f37ec03a000 Threw 0x00000007b0472a88 at /HUDSON/workspace/7u-2-build-linux-amd64/jdk7u72/1606/hotspot/src/share/vm/prims/jvm.cpp:1281
Event: 6.662 Thread 0x00007f37ec03a000 Threw 0x00000007b0475b20 at /HUDSON/workspace/7u-2-build-linux-amd64/jdk7u72/1606/hotspot/src/share/vm/prims/jvm.cpp:1281
Event: 6.664 Thread 0x00007f37ec03a000 Threw 0x00000007b0478220 at /HUDSON/workspace/7u-2-build-linux-amd64/jdk7u72/1606/hotspot/src/share/vm/prims/jvm.cpp:1281
Event: 6.666 Thread 0x00007f37ec03a000 Threw 0x00000007b047aa98 at /HUDSON/workspace/7u-2-build-linux-amd64/jdk7u72/1606/hotspot/src/share/vm/prims/jvm.cpp:1281
Event: 6.668 Thread 0x00007f37ec03a000 Threw 0x00000007b047cec8 at /HUDSON/workspace/7u-2-build-linux-amd64/jdk7u72/1606/hotspot/src/share/vm/prims/jvm.cpp:1281
Event: 25.179 Thread 0x00007f37e4034800 Threw 0x00000007ae8544d0 at /HUDSON/workspace/7u-2-build-linux-amd64/jdk7u72/1606/hotspot/src/share/vm/prims/jvm.cpp:1281
Event: 25.181 Thread 0x00007f37d8001000 Threw 0x00000007ae997468 at /HUDSON/workspace/7u-2-build-linux-amd64/jdk7u72/1606/hotspot/src/share/vm/prims/jvm.cpp:1281

Events (10 events):
Event: 512.500 loading class 0x00007f37f8027ef0
Event: 512.500 loading class 0x00007f37f8027ef0 done
Event: 512.500 loading class 0x00007f3804215710
Event: 512.500 loading class 0x00007f3804215710 done
Event: 512.521 loading class 0x00007f37f8027680
Event: 512.521 loading class 0x00007f37f8027680 done
Event: 512.618 loading class 0x00007f38041c1740
Event: 512.619 loading class 0x00007f38041c1740 done
Event: 512.619 loading class 0x00007f38041c1710
Event: 512.619 loading class 0x00007f38041c1710 done


Dynamic libraries:
00400000-00401000 r-xp 00000000 08:02 3145756                            /usr/lib/jvm/java-7-oracle/bin/java
00600000-00601000 rw-p 00000000 08:02 3145756                            /usr/lib/jvm/java-7-oracle/bin/java
0185d000-0187e000 rw-p 00000000 00:00 0                                  [heap]
702000000-703500000 rw-p 00000000 00:00 0 
703500000-707200000 rw-p 00000000 00:00 0 
707200000-711780000 rw-p 00000000 00:00 0 
711780000-7ad080000 rw-p 00000000 00:00 0 
7ad080000-7b2380000 rw-p 00000000 00:00 0 
7b2380000-800000000 rw-p 00000000 00:00 0 
7f37b8000000-7f37b8021000 rw-p 00000000 00:00 0 
7f37b8021000-7f37bc000000 ---p 00000000 00:00 0 
7f37c0000000-7f37c0021000 rw-p 00000000 00:00 0 
7f37c0021000-7f37c4000000 ---p 00000000 00:00 0 
7f37c4000000-7f37c4022000 rw-p 00000000 00:00 0 
7f37c4022000-7f37c8000000 ---p 00000000 00:00 0 
7f37c8000000-7f37c8085000 rw-p 00000000 00:00 0 
7f37c8085000-7f37cc000000 ---p 00000000 00:00 0 
7f37ced7f000-7f37ced80000 r--s 00000000 08:06 528101                     /var/cache/fontconfig/087e1975ba9a574b140bb1df193bf770-le64.cache-4
7f37ced80000-7f37ced8e000 r--s 00000000 08:06 528175                     /var/cache/fontconfig/6aa41aa22e18b8fa06a12da28ea9c28b-le64.cache-4
7f37ced8e000-7f37ced8f000 r--s 00000000 08:06 528174                     /var/cache/fontconfig/c05880de57d1f5e948fdfacc138775d9-le64.cache-4
7f37ced8f000-7f37ced9a000 r--s 00000000 08:06 528100                     /var/cache/fontconfig/945677eb7aeaf62f1d50efc3fb3ec7d8-le64.cache-4
7f37ced9a000-7f37ceda0000 r--s 00000000 08:06 528172                     /var/cache/fontconfig/2cd17615ca594fa2959ae173292e504c-le64.cache-4
7f37ceda0000-7f37ceda1000 r--s 00000000 08:06 528171                     /var/cache/fontconfig/e7071f4a29fa870f4323321c154eba04-le64.cache-4
7f37ceda1000-7f37ceda2000 r--s 00000000 08:06 528170                     /var/cache/fontconfig/0d8c3b2ac0904cb8a57a757ad11a4a08-le64.cache-4
7f37ceda2000-7f37ceda9000 r--s 00000000 08:06 528169                     /var/cache/fontconfig/a755afe4a08bf5b97852ceb7400b47bc-le64.cache-4
7f37ceda9000-7f37cedab000 r--s 00000000 08:06 528168                     /var/cache/fontconfig/5a86461592e14be7c82e45729474f230-le64.cache-4
7f37cedab000-7f37cedaf000 r--s 00000000 08:06 528167                     /var/cache/fontconfig/6d41288fd70b0be22e8c3a91e032eec0-le64.cache-4
7f37cedaf000-7f37cedc3000 r--s 00000000 08:06 528166                     /var/cache/fontconfig/04aabc0a78ac019cf9454389977116d2-le64.cache-4
7f37cedc3000-7f37cedc4000 r--s 00000000 08:06 528165                     /var/cache/fontconfig/1ac9eb803944fde146138c791f5cc56a-le64.cache-4
7f37cedc4000-7f37cedc5000 r--s 00000000 08:06 528164                     /var/cache/fontconfig/b95bc8ffbebda2bbdae4265e45b8178d-le64.cache-4
7f37cedc5000-7f37cedc9000 r--s 00000000 08:06 528163                     /var/cache/fontconfig/385c0604a188198f04d133e54aba7fe7-le64.cache-4
7f37cedc9000-7f37cedca000 r--s 00000000 08:06 528162                     /var/cache/fontconfig/9c956a7723ca69a44b382d9179c9802f-le64.cache-4
7f37cedca000-7f37cedcb000 r--s 00000000 08:06 528161                     /var/cache/fontconfig/dc05db6664285cc2f12bf69c139ae4c3-le64.cache-4
7f37cedcb000-7f37cedcc000 r--s 00000000 08:06 528160                     /var/cache/fontconfig/5d1cca7074f29429a8d18692746c2426-le64.cache-4
7f37cedcc000-7f37cedce000 r--s 00000000 08:06 528159                     /var/cache/fontconfig/767a8244fc0220cfb567a839d0392e0b-le64.cache-4
7f37cedce000-7f37cedcf000 r--s 00000000 08:06 524668                     /var/cache/fontconfig/4794a0821666d79190d59a36cb4f44b5-le64.cache-4
7f37cedcf000-7f37cedd0000 r--s 00000000 08:06 528157                     /var/cache/fontconfig/9eae20f1ff8cc0a7d125749e875856bd-le64.cache-4
7f37cedd0000-7f37cedd2000 r--s 00000000 08:06 528156                     /var/cache/fontconfig/bf2c1853a9e9b00bb02fe2e9bcf1e201-le64.cache-4
7f37cedd2000-7f37cedd7000 r--s 00000000 08:06 528155                     /var/cache/fontconfig/8801497958630a81b71ace7c5f9b32a8-le64.cache-4
7f37cedd7000-7f37cee12000 r--s 00000000 08:06 528154                     /var/cache/fontconfig/365b55f210c0a22e9a19e35191240f32-le64.cache-4
7f37cee12000-7f37cee16000 r--s 00000000 08:06 528153                     /var/cache/fontconfig/c57959a16110560c8d0fcea73374aeeb-le64.cache-4
7f37cee16000-7f37cee1d000 r--s 00000000 08:06 528152                     /var/cache/fontconfig/3047814df9a2f067bd2d96a2b9c36e5a-le64.cache-4
7f37cee1d000-7f37cee21000 r--s 00000000 08:06 528151                     /var/cache/fontconfig/bf3b770c553c462765856025a94f1ce6-le64.cache-4
7f37cee21000-7f37cee22000 r--s 00000000 08:06 528150                     /var/cache/fontconfig/56cf4f4769d0f4abc89a4895d7bd3ae1-le64.cache-4
7f37cee22000-7f37cee28000 r--s 00000000 08:06 528148                     /var/cache/fontconfig/b47c4e1ecd0709278f4910c18777a504-le64.cache-4
7f37cee28000-7f37cee2b000 ---p 00000000 00:00 0 
7f37cee2b000-7f37cef29000 rw-p 00000000 00:00 0                          [stack:12504]
7f37cf145000-7f37cf148000 ---p 00000000 00:00 0 
7f37cf148000-7f37cf246000 rw-p 00000000 00:00 0 
7f37cf246000-7f37cf270000 r-xp 00000000 08:02 3148396                    /usr/lib/jvm/java-7-oracle/jre/lib/amd64/libdcpr.so
7f37cf270000-7f37cf470000 ---p 0002a000 08:02 3148396                    /usr/lib/jvm/java-7-oracle/jre/lib/amd64/libdcpr.so
7f37cf470000-7f37cf473000 rw-p 0002a000 08:02 3148396                    /usr/lib/jvm/java-7-oracle/jre/lib/amd64/libdcpr.so
7f37cf473000-7f37cf492000 rw-s 00000000 00:04 37879823                   /SYSV00000000 (deleted)
7f37cf49d000-7f37cf4d7000 r-xp 00000000 08:02 3148404                    /usr/lib/jvm/java-7-oracle/jre/lib/amd64/libjpeg.so
7f37cf4d7000-7f37cf6d7000 ---p 0003a000 08:02 3148404                    /usr/lib/jvm/java-7-oracle/jre/lib/amd64/libjpeg.so
7f37cf6d7000-7f37cf6d8000 rw-p 0003a000 08:02 3148404                    /usr/lib/jvm/java-7-oracle/jre/lib/amd64/libjpeg.so
7f37cf6dc000-7f37cf6e7000 rw-s 00000000 00:04 37453837                   /SYSV00000000 (deleted)
7f37cf6e7000-7f37cf6f1000 r--s 00251000 08:02 3148603                    /usr/lib/jvm/java-7-oracle/jre/lib/resources.jar
7f37cf6f1000-7f37cf6f4000 ---p 00000000 00:00 0 
7f37cf6f4000-7f37cf7f2000 rw-p 00000000 00:00 0                          [stack:13664]
7f37cf7f2000-7f37cf85b000 r-xp 00000000 08:02 3148415                    /usr/lib/jvm/java-7-oracle/jre/lib/amd64/libt2k.so
7f37cf85b000-7f37cfa5a000 ---p 00069000 08:02 3148415                    /usr/lib/jvm/java-7-oracle/jre/lib/amd64/libt2k.so
7f37cfa5a000-7f37cfa61000 rw-p 00068000 08:02 3148415                    /usr/lib/jvm/java-7-oracle/jre/lib/amd64/libt2k.so
7f37cfa61000-7f37cfa71000 rw-p 00000000 00:00 0 
7f37cfa71000-7f37cfa87000 r-xp 00000000 08:02 2097170                    /lib/x86_64-linux-gnu/libgcc_s.so.1
7f37cfa87000-7f37cfc86000 ---p 00016000 08:02 2097170                    /lib/x86_64-linux-gnu/libgcc_s.so.1
7f37cfc86000-7f37cfc87000 rw-p 00015000 08:02 2097170                    /lib/x86_64-linux-gnu/libgcc_s.so.1
7f37cfc87000-7f37cfceb000 r-xp 00000000 08:02 3148439                    /usr/lib/jvm/java-7-oracle/jre/lib/amd64/libfontmanager.so
7f37cfceb000-7f37cfeea000 ---p 00064000 08:02 3148439                    /usr/lib/jvm/java-7-oracle/jre/lib/amd64/libfontmanager.so
7f37cfeea000-7f37cfeef000 rw-p 00063000 08:02 3148439                    /usr/lib/jvm/java-7-oracle/jre/lib/amd64/libfontmanager.so
7f37cfeef000-7f37cfeff000 rw-p 00000000 00:00 0 
7f37cfeff000-7f37cff02000 ---p 00000000 00:00 0 
7f37cff02000-7f37d0000000 rw-p 00000000 00:00 0                          [stack:12502]
7f37d0000000-7f37d0021000 rw-p 00000000 00:00 0 
7f37d0021000-7f37d4000000 ---p 00000000 00:00 0 
7f37d4000000-7f37d4021000 rw-p 00000000 00:00 0 
7f37d4021000-7f37d8000000 ---p 00000000 00:00 0 
7f37d8000000-7f37d8021000 rw-p 00000000 00:00 0 
7f37d8021000-7f37dc000000 ---p 00000000 00:00 0 
7f37dc000000-7f37dc021000 rw-p 00000000 00:00 0 
7f37dc021000-7f37e0000000 ---p 00000000 00:00 0 
7f37e0000000-7f37e0047000 rw-p 00000000 00:00 0 
7f37e0047000-7f37e4000000 ---p 00000000 00:00 0 
7f37e4000000-7f37e403d000 rw-p 00000000 00:00 0 
7f37e403d000-7f37e8000000 ---p 00000000 00:00 0 
7f37e8000000-7f37e8021000 rw-p 00000000 00:00 0 
7f37e8021000-7f37ec000000 ---p 00000000 00:00 0 
7f37ec000000-7f37ec04f000 rw-p 00000000 00:00 0 
7f37ec04f000-7f37f0000000 ---p 00000000 00:00 0 
7f37f0000000-7f37f0021000 rw-p 00000000 00:00 0 
7f37f0021000-7f37f4000000 ---p 00000000 00:00 0 
7f37f4000000-7f37f404b000 rw-p 00000000 00:00 0 
7f37f404b000-7f37f8000000 ---p 00000000 00:00 0 
7f37f8000000-7f37f832e000 rw-p 00000000 00:00 0 
7f37f832e000-7f37fc000000 ---p 00000000 00:00 0 
7f37fc000000-7f37fc021000 rw-p 00000000 00:00 0 
7f37fc021000-7f3800000000 ---p 00000000 00:00 0 
7f3800000000-7f3800021000 rw-p 00000000 00:00 0 
7f3800021000-7f3804000000 ---p 00000000 00:00 0 
7f3804000000-7f3804345000 rw-p 00000000 00:00 0 
7f3804345000-7f3808000000 ---p 00000000 00:00 0 
7f3808000000-7f3808021000 rw-p 00000000 00:00 0 
7f3808021000-7f380c000000 ---p 00000000 00:00 0 
7f380c000000-7f380c021000 rw-p 00000000 00:00 0 
7f380c021000-7f3810000000 ---p 00000000 00:00 0 
7f3810000000-7f3810021000 rw-p 00000000 00:00 0 
7f3810021000-7f3814000000 ---p 00000000 00:00 0 
7f3814000000-7f3814001000 r--s 00000000 08:06 528149                     /var/cache/fontconfig/b9d506c9ac06c20b433354fa67a72993-le64.cache-4
7f3814001000-7f3814004000 r--s 00000000 08:06 528147                     /var/cache/fontconfig/14d493b97896515cad3840ba4896e372-le64.cache-4
7f3814004000-7f3814005000 r--s 00000000 08:06 528146                     /var/cache/fontconfig/b68acf31ab8c3c6daeca6e2130bcfd36-le64.cache-4
7f3814005000-7f3814006000 r--s 00000000 08:06 528145                     /var/cache/fontconfig/89034621ae2a8922916bb6bfa5799546-le64.cache-4
7f3814006000-7f3814009000 r--s 00000000 08:06 528144                     /var/cache/fontconfig/e49e89034d371f0f9de17aab02136486-le64.cache-4
7f3814009000-7f381400b000 r--s 00000000 08:06 528143                     /var/cache/fontconfig/4b14b093aebc79c320de5e86ae1d3314-le64.cache-4
7f381400b000-7f381400c000 r--s 00000000 08:06 528142                     /var/cache/fontconfig/8aec10f4cc8391dcef22ca549f1e4354-le64.cache-4
7f381400c000-7f381401f000 r--s 00000000 08:06 528141                     /var/cache/fontconfig/d52a8644073d54c13679302ca1180695-le64.cache-4
7f381401f000-7f3814020000 r--s 00000000 08:06 528140                     /var/cache/fontconfig/8a687c406b77f27d99abfeeba937fcce-le64.cache-4
7f3814020000-7f3814028000 r--s 00000000 08:06 528139                     /var/cache/fontconfig/105b9c7e6f0a4f82d8c9b6e39c52c6f9-le64.cache-4
7f3814028000-7f3814031000 r--s 00000000 08:06 524660                     /var/cache/fontconfig/3f7329c5293ffd510edef78f73874cfd-le64.cache-4
7f3814031000-7f3814032000 r--s 00000000 08:06 528137                     /var/cache/fontconfig/ac2cf712d852da827a87a9baf682f5b9-le64.cache-4
7f3814032000-7f3814034000 r--s 00000000 08:06 528136                     /var/cache/fontconfig/65f976e5259cbe6dc7697b8648396239-le64.cache-4
7f3814034000-7f381403f000 r--s 00000000 08:06 528135                     /var/cache/fontconfig/d589a48862398ed80a3d6066f4f56f4c-le64.cache-4
7f381403f000-7f3814040000 r--s 00000000 08:06 528134                     /var/cache/fontconfig/94f7fe9bd33aadfac165873bd010d595-le64.cache-4
7f3814040000-7f3814042000 r--s 00000000 08:06 528133                     /var/cache/fontconfig/423767150eb258c59035de29db6fca84-le64.cache-4
7f3814042000-7f3814043000 r--s 00000000 08:06 528132                     /var/cache/fontconfig/845c20fd2c4814bcec78e05d37a63ccc-le64.cache-4
7f3814043000-7f3814044000 r--s 00000000 08:06 528131                     /var/cache/fontconfig/e7de81b01590fb7e12b38e274e17d0db-le64.cache-4
7f3814044000-7f3814045000 r--s 00000000 08:06 528130                     /var/cache/fontconfig/406a1d2d2bf3ed7664fbadefac0b2f66-le64.cache-4
7f3814045000-7f3814047000 r--s 00000000 08:06 528129                     /var/cache/fontconfig/67709b7835c0f764c1135060c9575660-le64.cache-4
7f3814047000-7f3814051000 r--s 00000000 08:06 528128                     /var/cache/fontconfig/198d8fcf01c96d0cf813f74fd759bdb7-le64.cache-4
7f3814051000-7f381405c000 r--s 00000000 08:06 528125                     /var/cache/fontconfig/83bf95040141907cd45bb53cf7c1c148-le64.cache-4
7f381405c000-7f381405e000 r--s 00000000 08:06 528124                     /var/cache/fontconfig/6e6b34ae150a7ad95e82fb4a522f0bda-le64.cache-4
7f381405e000-7f3814065000 r--s 00000000 08:06 528122                     /var/cache/fontconfig/53d14c92082a93e67d5078324eb314ca-le64.cache-4
7f3814065000-7f3814069000 r--s 00000000 08:06 528121                     /var/cache/fontconfig/6c08beecf0dac481ec92e759e0c2e6d7-le64.cache-4
7f3814069000-7f381406d000 r--s 00000000 08:06 528120                     /var/cache/fontconfig/4d6aee6d44eccb37054d3216e945f618-le64.cache-4
7f381406d000-7f3814080000 r--s 00000000 08:06 528117                     /var/cache/fontconfig/4ac51e5cfbc76fc3f983e470323a16d3-le64.cache-4
7f3814080000-7f38140a4000 r--s 00000000 08:06 528178                     /var/cache/fontconfig/cabbd14511b9e8a55e92af97fb3a0461-le64.cache-4
7f38140a4000-7f38140c5000 r--s 00000000 08:06 528103                     /var/cache/fontconfig/e13b20fdb08344e0e664864cc2ede53d-le64.cache-4
7f38140c5000-7f38140c8000 ---p 00000000 00:00 0 
7f38140c8000-7f38141c6000 rw-p 00000000 00:00 0                          [stack:12501]
7f38141c6000-7f38141cb000 r-xp 00000000 08:02 2368040                    /usr/lib/x86_64-linux-gnu/libXfixes.so.3.1.0
7f38141cb000-7f38143ca000 ---p 00005000 08:02 2368040                    /usr/lib/x86_64-linux-gnu/libXfixes.so.3.1.0
7f38143ca000-7f38143cb000 r--p 00004000 08:02 2368040                    /usr/lib/x86_64-linux-gnu/libXfixes.so.3.1.0
7f38143cb000-7f38143cc000 rw-p 00005000 08:02 2368040                    /usr/lib/x86_64-linux-gnu/libXfixes.so.3.1.0
7f38143cc000-7f38143d5000 r-xp 00000000 08:02 2368044                    /usr/lib/x86_64-linux-gnu/libXcursor.so.1.0.2
7f38143d5000-7f38145d4000 ---p 00009000 08:02 2368044                    /usr/lib/x86_64-linux-gnu/libXcursor.so.1.0.2
7f38145d4000-7f38145d5000 r--p 00008000 08:02 2368044                    /usr/lib/x86_64-linux-gnu/libXcursor.so.1.0.2
7f38145d5000-7f38145d6000 rw-p 00009000 08:02 2368044                    /usr/lib/x86_64-linux-gnu/libXcursor.so.1.0.2
7f38145d6000-7f38145db000 r-xp 00000000 08:02 2366535                    /usr/lib/x86_64-linux-gnu/libXdmcp.so.6.0.0
7f38145db000-7f38147da000 ---p 00005000 08:02 2366535                    /usr/lib/x86_64-linux-gnu/libXdmcp.so.6.0.0
7f38147da000-7f38147db000 r--p 00004000 08:02 2366535                    /usr/lib/x86_64-linux-gnu/libXdmcp.so.6.0.0
7f38147db000-7f38147dc000 rw-p 00005000 08:02 2366535                    /usr/lib/x86_64-linux-gnu/libXdmcp.so.6.0.0
7f38147dc000-7f38147de000 r-xp 00000000 08:02 2366532                    /usr/lib/x86_64-linux-gnu/libXau.so.6.0.0
7f38147de000-7f38149de000 ---p 00002000 08:02 2366532                    /usr/lib/x86_64-linux-gnu/libXau.so.6.0.0
7f38149de000-7f38149df000 r--p 00002000 08:02 2366532                    /usr/lib/x86_64-linux-gnu/libXau.so.6.0.0
7f38149df000-7f38149e0000 rw-p 00003000 08:02 2366532                    /usr/lib/x86_64-linux-gnu/libXau.so.6.0.0
7f38149e0000-7f38149fd000 r-xp 00000000 08:02 2366538                    /usr/lib/x86_64-linux-gnu/libxcb.so.1.1.0
7f38149fd000-7f3814bfd000 ---p 0001d000 08:02 2366538                    /usr/lib/x86_64-linux-gnu/libxcb.so.1.1.0
7f3814bfd000-7f3814bfe000 r--p 0001d000 08:02 2366538                    /usr/lib/x86_64-linux-gnu/libxcb.so.1.1.0
7f3814bfe000-7f3814bff000 rw-p 0001e000 08:02 2366538                    /usr/lib/x86_64-linux-gnu/libxcb.so.1.1.0
7f3814bff000-7f3814c0e000 r-xp 00000000 08:02 2368052                    /usr/lib/x86_64-linux-gnu/libXi.so.6.1.0
7f3814c0e000-7f3814e0d000 ---p 0000f000 08:02 2368052                    /usr/lib/x86_64-linux-gnu/libXi.so.6.1.0
7f3814e0d000-7f3814e0e000 r--p 0000e000 08:02 2368052                    /usr/lib/x86_64-linux-gnu/libXi.so.6.1.0
7f3814e0e000-7f3814e0f000 rw-p 0000f000 08:02 2368052                    /usr/lib/x86_64-linux-gnu/libXi.so.6.1.0
7f3814e0f000-7f3814e14000 r-xp 00000000 08:02 2372115                    /usr/lib/x86_64-linux-gnu/libXtst.so.6.1.0
7f3814e14000-7f3815013000 ---p 00005000 08:02 2372115                    /usr/lib/x86_64-linux-gnu/libXtst.so.6.1.0
7f3815013000-7f3815014000 r--p 00004000 08:02 2372115                    /usr/lib/x86_64-linux-gnu/libXtst.so.6.1.0
7f3815014000-7f3815015000 rw-p 00005000 08:02 2372115                    /usr/lib/x86_64-linux-gnu/libXtst.so.6.1.0
7f3815015000-7f381501e000 r-xp 00000000 08:02 2367914                    /usr/lib/x86_64-linux-gnu/libXrender.so.1.3.0
7f381501e000-7f381521d000 ---p 00009000 08:02 2367914                    /usr/lib/x86_64-linux-gnu/libXrender.so.1.3.0
7f381521d000-7f381521e000 r--p 00008000 08:02 2367914                    /usr/lib/x86_64-linux-gnu/libXrender.so.1.3.0
7f381521e000-7f381521f000 rw-p 00009000 08:02 2367914                    /usr/lib/x86_64-linux-gnu/libXrender.so.1.3.0
7f381521f000-7f381534f000 r-xp 00000000 08:02 2366546                    /usr/lib/x86_64-linux-gnu/libX11.so.6.3.0
7f381534f000-7f381554f000 ---p 00130000 08:02 2366546                    /usr/lib/x86_64-linux-gnu/libX11.so.6.3.0
7f381554f000-7f3815550000 r--p 00130000 08:02 2366546                    /usr/lib/x86_64-linux-gnu/libX11.so.6.3.0
7f3815550000-7f3815554000 rw-p 00131000 08:02 2366546                    /usr/lib/x86_64-linux-gnu/libX11.so.6.3.0
7f3815554000-7f3815565000 r-xp 00000000 08:02 2366552                    /usr/lib/x86_64-linux-gnu/libXext.so.6.4.0
7f3815565000-7f3815764000 ---p 00011000 08:02 2366552                    /usr/lib/x86_64-linux-gnu/libXext.so.6.4.0
7f3815764000-7f3815765000 r--p 00010000 08:02 2366552                    /usr/lib/x86_64-linux-gnu/libXext.so.6.4.0
7f3815765000-7f3815766000 rw-p 00011000 08:02 2366552                    /usr/lib/x86_64-linux-gnu/libXext.so.6.4.0
7f3815766000-7f3815767000 r--s 00000000 08:06 528099                     /var/cache/fontconfig/0c9eb80ebd1c36541ebe2852d3bb0c49-le64.cache-4
7f3815767000-7f3815768000 r--s 00000000 08:06 528123                     /var/cache/fontconfig/3334a778d104e76d188e9df399bc24d2-le64.cache-4
7f3815768000-7f381576c000 r--s 00000000 08:06 528119                     /var/cache/fontconfig/d6c6df98c3df5faf9bd0f8ef4d91efe5-le64.cache-4
7f381576c000-7f3815770000 r--s 00000000 08:06 528118                     /var/cache/fontconfig/9fb319ef52839f11ee26ab8b4cffa12b-le64.cache-4
7f3815770000-7f3815773000 r--s 00000000 08:06 528116                     /var/cache/fontconfig/c19b55eb3b4c5b40ea175e31682068a5-le64.cache-4
7f3815773000-7f3815774000 r--s 00000000 08:06 528115                     /var/cache/fontconfig/c277e94e32b20404286a1ddafa5a80f0-le64.cache-4
7f3815774000-7f3815775000 r--s 00000000 08:06 528114                     /var/cache/fontconfig/62f91419b9ebdb6975e7e41ab6412357-le64.cache-4
7f3815775000-7f3815778000 r--s 00000000 08:06 528097                     /var/cache/fontconfig/de83a0a961185c8bd1f159015d56c039-le64.cache-4
7f3815778000-7f3815796000 r--s 00000000 08:06 524610                     /var/cache/fontconfig/467c019e582ee353435ea5c21d137ef6-le64.cache-4
7f3815796000-7f38157e6000 r-xp 00000000 08:02 3148433                    /usr/lib/jvm/java-7-oracle/jre/lib/amd64/xawt/libmawt.so
7f38157e6000-7f38159e6000 ---p 00050000 08:02 3148433                    /usr/lib/jvm/java-7-oracle/jre/lib/amd64/xawt/libmawt.so
7f38159e6000-7f38159ea000 rw-p 00050000 08:02 3148433                    /usr/lib/jvm/java-7-oracle/jre/lib/amd64/xawt/libmawt.so
7f38159ea000-7f38159eb000 rw-p 00000000 00:00 0 
7f38159eb000-7f3815a8d000 r-xp 00000000 08:02 3148435                    /usr/lib/jvm/java-7-oracle/jre/lib/amd64/libawt.so
7f3815a8d000-7f3815c8d000 ---p 000a2000 08:02 3148435                    /usr/lib/jvm/java-7-oracle/jre/lib/amd64/libawt.so
7f3815c8d000-7f3815c99000 rw-p 000a2000 08:02 3148435                    /usr/lib/jvm/java-7-oracle/jre/lib/amd64/libawt.so
7f3815c99000-7f3815cbd000 rw-p 00000000 00:00 0 
7f3815cbd000-7f3815cc0000 ---p 00000000 00:00 0 
7f3815cc0000-7f3815dbe000 rw-p 00000000 00:00 0                          [stack:12500]
7f3815dbe000-7f3815dc1000 ---p 00000000 00:00 0 
7f3815dc1000-7f3815ebf000 rw-p 00000000 00:00 0                          [stack:12507]
7f3815ebf000-7f3815ec2000 ---p 00000000 00:00 0 
7f3815ec2000-7f3815fc0000 rw-p 00000000 00:00 0                          [stack:12492]
7f3815fc0000-7f3815fd0000 r-xp 00000000 08:02 3148423                    /usr/lib/jvm/java-7-oracle/jre/lib/amd64/libnio.so
7f3815fd0000-7f38161d0000 ---p 00010000 08:02 3148423                    /usr/lib/jvm/java-7-oracle/jre/lib/amd64/libnio.so
7f38161d0000-7f38161d1000 rw-p 00010000 08:02 3148423                    /usr/lib/jvm/java-7-oracle/jre/lib/amd64/libnio.so
7f38161d1000-7f38161d4000 ---p 00000000 00:00 0 
7f38161d4000-7f38162d2000 rw-p 00000000 00:00 0                          [stack:12494]
7f38162d2000-7f38162d5000 ---p 00000000 00:00 0 
7f38162d5000-7f38163d3000 rw-p 00000000 00:00 0                          [stack:13646]
7f38163d3000-7f3816408000 r--s 00000000 08:06 524399                     /var/cache/nscd/hosts
7f3816408000-7f381641e000 r-xp 00000000 08:02 3148438                    /usr/lib/jvm/java-7-oracle/jre/lib/amd64/libnet.so
7f381641e000-7f381661e000 ---p 00016000 08:02 3148438                    /usr/lib/jvm/java-7-oracle/jre/lib/amd64/libnet.so
7f381661e000-7f381661f000 rw-p 00016000 08:02 3148438                    /usr/lib/jvm/java-7-oracle/jre/lib/amd64/libnet.so
7f381661f000-7f3816622000 ---p 00000000 00:00 0 
7f3816622000-7f3816720000 rw-p 00000000 00:00 0                          [stack:12491]
7f3816720000-7f3816723000 ---p 00000000 00:00 0 
7f3816723000-7f3816821000 rw-p 00000000 00:00 0                          [stack:12485]
7f3816821000-7f3816824000 ---p 00000000 00:00 0 
7f3816824000-7f3816922000 rw-p 00000000 00:00 0                          [stack:12499]
7f3816922000-7f3816923000 ---p 00000000 00:00 0 
7f3816923000-7f3816a23000 rw-p 00000000 00:00 0                          [stack:12483]
7f3816a23000-7f3816a26000 ---p 00000000 00:00 0 
7f3816a26000-7f3816b24000 rw-p 00000000 00:00 0                          [stack:12482]
7f3816b24000-7f3816b27000 ---p 00000000 00:00 0 
7f3816b27000-7f3816c25000 rw-p 00000000 00:00 0                          [stack:12481]
7f3816c25000-7f3816c28000 ---p 00000000 00:00 0 
7f3816c28000-7f3816d26000 rw-p 00000000 00:00 0                          [stack:12480]
7f3816d26000-7f3816d29000 ---p 00000000 00:00 0 
7f3816d29000-7f3816e27000 rw-p 00000000 00:00 0                          [stack:12479]
7f3816e27000-7f38170f0000 r--p 00000000 08:02 2359436                    /usr/lib/locale/locale-archive
7f38170f0000-7f38170f3000 ---p 00000000 00:00 0 
7f38170f3000-7f38171f1000 rw-p 00000000 00:00 0                          [stack:12478]
7f38171f1000-7f38171f4000 ---p 00000000 00:00 0 
7f38171f4000-7f38172f2000 rw-p 00000000 00:00 0                          [stack:12477]
7f38172f2000-7f38172f3000 ---p 00000000 00:00 0 
7f38172f3000-7f3820000000 rw-p 00000000 00:00 0                          [stack:12476]
7f3820000000-7f3820021000 rw-p 00000000 00:00 0 
7f3820021000-7f3824000000 ---p 00000000 00:00 0 
7f3824000000-7f3824021000 rw-p 00000000 00:00 0 
7f3824021000-7f3828000000 ---p 00000000 00:00 0 
7f3828000000-7f3828021000 rw-p 00000000 00:00 0 
7f3828021000-7f382c000000 ---p 00000000 00:00 0 
7f382c000000-7f382c021000 rw-p 00000000 00:00 0 
7f382c021000-7f3830000000 ---p 00000000 00:00 0 
7f3830000000-7f3830021000 rw-p 00000000 00:00 0 
7f3830021000-7f3834000000 ---p 00000000 00:00 0 
7f3834000000-7f3834021000 rw-p 00000000 00:00 0 
7f3834021000-7f3838000000 ---p 00000000 00:00 0 
7f3838000000-7f3838021000 rw-p 00000000 00:00 0 
7f3838021000-7f383c000000 ---p 00000000 00:00 0 
7f383c000000-7f383c021000 rw-p 00000000 00:00 0 
7f383c021000-7f3840000000 ---p 00000000 00:00 0 
7f3840000000-7f3840001000 r--s 00000000 08:06 528177                     /var/cache/fontconfig/b02d45936449360bc6a42a71f2ff5d6e-le64.cache-4
7f3840001000-7f3840006000 r--s 00000000 08:06 528127                     /var/cache/fontconfig/7ef2298fde41cc6eeb7af42e48b7d293-le64.cache-4
7f3840006000-7f3840008000 r--s 00000000 08:06 524672                     /var/cache/fontconfig/16326683038b281783a0ef8c680e3a10-le64.cache-4
7f3840008000-7f3840015000 r--s 00000000 08:06 524671                     /var/cache/fontconfig/8f02d4cb045bd6ce15663e43f347c9f8-le64.cache-4
7f3840015000-7f3840016000 r--s 00000000 08:06 524670                     /var/cache/fontconfig/e0aa53bcfa504e64f87823c16bc01eb6-le64.cache-4
7f3840016000-7f3840021000 r--s 0037c000 08:02 3149095                    /usr/lib/jvm/java-7-oracle/jre/lib/charsets.jar
7f3840021000-7f3840023000 r--s 00013000 00:b7 18814896                   /usr/userfs/a/aef517/workspace/taxe-game/lib/miglayout15-swing.jar
7f3840023000-7f3840026000 r--s 0001d000 00:b7 80895686                   /usr/userfs/a/aef517/workspace/taxe-game/lib/jgoodies-forms-1.8.0.jar
7f3840026000-7f3840029000 r--s 00028000 00:b7 80895675                   /usr/userfs/a/aef517/workspace/taxe-game/lib/jgoodies-forms-1.8.0-sources.jar
7f3840029000-7f384002c000 r--s 00019000 08:02 3148597                    /usr/lib/jvm/java-7-oracle/jre/lib/jce.jar
7f384002c000-7f3840030000 r--s 000f7000 08:02 3148496                    /usr/lib/jvm/java-7-oracle/jre/lib/ext/localedata.jar
7f3840030000-7f3840035000 r--s 0008a000 08:02 3148601                    /usr/lib/jvm/java-7-oracle/jre/lib/jsse.jar
7f3840035000-7f3840038000 r--s 0000e000 00:b7 80895693                   /usr/userfs/a/aef517/workspace/taxe-game/lib/awaitility-1.6.2.jar
7f3840038000-7f384003e000 r--s 00036000 08:02 5915924                    /opt/york/cs/hdd/eclipse-java-4.4/plugins/org.junit_4.11.0.v201303080030/junit.jar
7f384003e000-7f384004c000 r--s 00079000 00:b7 67425486                   /usr/userfs/a/aef517/workspace/taxe-game/lib/socket.io-client-java.jar
7f384004c000-7f3840e40000 rw-p 00000000 00:00 0 
7f3840e40000-7f3841000000 r--s 039ea000 08:02 3148382                    /usr/lib/jvm/java-7-oracle/jre/lib/rt.jar
7f3841000000-7f3841270000 rwxp 00000000 00:00 0 
7f3841270000-7f38442f2000 rw-p 00000000 00:00 0 
7f38442f2000-7f3848000000 ---p 00000000 00:00 0 
7f3848000000-7f3848001000 r--p 00000000 08:02 3540547                    /usr/share/locale-langpack/en_GB/LC_MESSAGES/libc.mo
7f3848001000-7f3848a57000 rw-p 00000000 00:00 0 
7f3848a57000-7f3848a58000 ---p 00000000 00:00 0 
7f3848a58000-7f3848b58000 rw-p 00000000 00:00 0                          [stack:12475]
7f3848b58000-7f3848b59000 ---p 00000000 00:00 0 
7f3848b59000-7f3848c59000 rw-p 00000000 00:00 0                          [stack:12474]
7f3848c59000-7f3848c5a000 ---p 00000000 00:00 0 
7f3848c5a000-7f3848d5a000 rw-p 00000000 00:00 0                          [stack:12473]
7f3848d5a000-7f3848d5b000 ---p 00000000 00:00 0 
7f3848d5b000-7f3848e5b000 rw-p 00000000 00:00 0                          [stack:12472]
7f3848e5b000-7f3848e5c000 ---p 00000000 00:00 0 
7f3848e5c000-7f3848f5c000 rw-p 00000000 00:00 0                          [stack:12471]
7f3848f5c000-7f3848f5d000 ---p 00000000 00:00 0 
7f3848f5d000-7f384905d000 rw-p 00000000 00:00 0                          [stack:12470]
7f384905d000-7f384905e000 ---p 00000000 00:00 0 
7f384905e000-7f384915e000 rw-p 00000000 00:00 0                          [stack:12469]
7f384915e000-7f384915f000 ---p 00000000 00:00 0 
7f384915f000-7f38492b2000 rw-p 00000000 00:00 0                          [stack:12468]
7f38492b2000-7f384978f000 rw-p 00000000 00:00 0 
7f384978f000-7f384979a000 rw-p 00000000 00:00 0 
7f384979a000-7f38497b8000 rw-p 00000000 00:00 0 
7f38497b8000-7f384980b000 rw-p 00000000 00:00 0 
7f384980b000-7f3849ce7000 rw-p 00000000 00:00 0 
7f3849ce7000-7f3849d11000 rw-p 00000000 00:00 0 
7f3849d11000-7f3849f7f000 rw-p 00000000 00:00 0 
7f3849f7f000-7f3849f8a000 rw-p 00000000 00:00 0 
7f3849f8a000-7f384a040000 rw-p 00000000 00:00 0 
7f384a040000-7f384a05a000 r-xp 00000000 08:02 3148420                    /usr/lib/jvm/java-7-oracle/jre/lib/amd64/libzip.so
7f384a05a000-7f384a25a000 ---p 0001a000 08:02 3148420                    /usr/lib/jvm/java-7-oracle/jre/lib/amd64/libzip.so
7f384a25a000-7f384a25b000 rw-p 0001a000 08:02 3148420                    /usr/lib/jvm/java-7-oracle/jre/lib/amd64/libzip.so
7f384a25b000-7f384a284000 r-xp 00000000 08:02 3148403                    /usr/lib/jvm/java-7-oracle/jre/lib/amd64/libjava.so
7f384a284000-7f384a484000 ---p 00029000 08:02 3148403                    /usr/lib/jvm/java-7-oracle/jre/lib/amd64/libjava.so
7f384a484000-7f384a486000 rw-p 00029000 08:02 3148403                    /usr/lib/jvm/java-7-oracle/jre/lib/amd64/libjava.so
7f384a486000-7f384a493000 r-xp 00000000 08:02 3148416                    /usr/lib/jvm/java-7-oracle/jre/lib/amd64/libverify.so
7f384a493000-7f384a692000 ---p 0000d000 08:02 3148416                    /usr/lib/jvm/java-7-oracle/jre/lib/amd64/libverify.so
7f384a692000-7f384a694000 rw-p 0000c000 08:02 3148416                    /usr/lib/jvm/java-7-oracle/jre/lib/amd64/libverify.so
7f384a694000-7f384a69b000 r-xp 00000000 08:02 2099750                    /lib/x86_64-linux-gnu/librt-2.19.so
7f384a69b000-7f384a89a000 ---p 00007000 08:02 2099750                    /lib/x86_64-linux-gnu/librt-2.19.so
7f384a89a000-7f384a89b000 r--p 00006000 08:02 2099750                    /lib/x86_64-linux-gnu/librt-2.19.so
7f384a89b000-7f384a89c000 rw-p 00007000 08:02 2099750                    /lib/x86_64-linux-gnu/librt-2.19.so
7f384a89c000-7f384a9a1000 r-xp 00000000 08:02 2102472                    /lib/x86_64-linux-gnu/libm-2.19.so
7f384a9a1000-7f384aba0000 ---p 00105000 08:02 2102472                    /lib/x86_64-linux-gnu/libm-2.19.so
7f384aba0000-7f384aba1000 r--p 00104000 08:02 2102472                    /lib/x86_64-linux-gnu/libm-2.19.so
7f384aba1000-7f384aba2000 rw-p 00105000 08:02 2102472                    /lib/x86_64-linux-gnu/libm-2.19.so
7f384aba2000-7f384b715000 r-xp 00000000 08:02 3148411                    /usr/lib/jvm/java-7-oracle/jre/lib/amd64/server/libjvm.so
7f384b715000-7f384b914000 ---p 00b73000 08:02 3148411                    /usr/lib/jvm/java-7-oracle/jre/lib/amd64/server/libjvm.so
7f384b914000-7f384b9d8000 rw-p 00b72000 08:02 3148411                    /usr/lib/jvm/java-7-oracle/jre/lib/amd64/server/libjvm.so
7f384b9d8000-7f384ba19000 rw-p 00000000 00:00 0 
7f384ba19000-7f384bbd4000 r-xp 00000000 08:02 2097340                    /lib/x86_64-linux-gnu/libc-2.19.so
7f384bbd4000-7f384bdd4000 ---p 001bb000 08:02 2097340                    /lib/x86_64-linux-gnu/libc-2.19.so
7f384bdd4000-7f384bdd8000 r--p 001bb000 08:02 2097340                    /lib/x86_64-linux-gnu/libc-2.19.so
7f384bdd8000-7f384bdda000 rw-p 001bf000 08:02 2097340                    /lib/x86_64-linux-gnu/libc-2.19.so
7f384bdda000-7f384bddf000 rw-p 00000000 00:00 0 
7f384bddf000-7f384bde2000 r-xp 00000000 08:02 2099753                    /lib/x86_64-linux-gnu/libdl-2.19.so
7f384bde2000-7f384bfe1000 ---p 00003000 08:02 2099753                    /lib/x86_64-linux-gnu/libdl-2.19.so
7f384bfe1000-7f384bfe2000 r--p 00002000 08:02 2099753                    /lib/x86_64-linux-gnu/libdl-2.19.so
7f384bfe2000-7f384bfe3000 rw-p 00003000 08:02 2099753                    /lib/x86_64-linux-gnu/libdl-2.19.so
7f384bfe3000-7f384bff9000 r-xp 00000000 08:02 3145991                    /usr/lib/jvm/java-7-oracle/lib/amd64/jli/libjli.so
7f384bff9000-7f384c1f9000 ---p 00016000 08:02 3145991                    /usr/lib/jvm/java-7-oracle/lib/amd64/jli/libjli.so
7f384c1f9000-7f384c1fa000 rw-p 00016000 08:02 3145991                    /usr/lib/jvm/java-7-oracle/lib/amd64/jli/libjli.so
7f384c1fa000-7f384c213000 r-xp 00000000 08:02 2102483                    /lib/x86_64-linux-gnu/libpthread-2.19.so
7f384c213000-7f384c412000 ---p 00019000 08:02 2102483                    /lib/x86_64-linux-gnu/libpthread-2.19.so
7f384c412000-7f384c413000 r--p 00018000 08:02 2102483                    /lib/x86_64-linux-gnu/libpthread-2.19.so
7f384c413000-7f384c414000 rw-p 00019000 08:02 2102483                    /lib/x86_64-linux-gnu/libpthread-2.19.so
7f384c414000-7f384c418000 rw-p 00000000 00:00 0 
7f384c418000-7f384c43b000 r-xp 00000000 08:02 2097200                    /lib/x86_64-linux-gnu/ld-2.19.so
7f384c43b000-7f384c43d000 r--s 0000c000 08:02 5519135                    /opt/york/cs/hdd/eclipse-java-4.4/plugins/org.hamcrest.core_1.3.0.v201303031735.jar
7f384c43d000-7f384c440000 r--s 00017000 00:b7 80895690                   /usr/userfs/a/aef517/workspace/taxe-game/lib/Java-WebSocket-1.3.0.jar
7f384c440000-7f384c442000 r--s 0001c000 00:b7 67425482                   /usr/userfs/a/aef517/workspace/taxe-game/lib/org.json-chargebee-1.0-javadoc.jar
7f384c442000-7f384c449000 r--s 0005e000 00:b7 80895695                   /usr/userfs/a/aef517/workspace/taxe-game/lib/commons-lang3-3.3.2.jar
7f384c449000-7f384c452000 r--s 000fe000 00:b7 80895694                   /usr/userfs/a/aef517/workspace/taxe-game/lib/commons-lang3-3.3.2-javadoc.jar
7f384c452000-7f384c455000 r--s 00016000 00:b7 67425479                   /usr/userfs/a/aef517/workspace/taxe-game/lib/engine.io-client-0.3.1.jar
7f384c455000-7f384c4b0000 rw-p 00000000 00:00 0 
7f384c4b0000-7f384c4ce000 rw-p 00000000 00:00 0 
7f384c4ce000-7f384c503000 r--s 00000000 08:06 524393                     /var/cache/nscd/passwd
7f384c503000-7f384c506000 ---p 00000000 00:00 0 
7f384c506000-7f384c608000 rw-p 00000000 00:00 0                          [stack:12467]
7f384c608000-7f384c609000 r--s 00009000 00:b7 67425485                   /usr/userfs/a/aef517/workspace/taxe-game/lib/org.json-chargebee-1.0.jar
7f384c609000-7f384c60d000 r--s 00029000 00:b7 67425478                   /usr/userfs/a/aef517/workspace/taxe-game/lib/engine.io-client-0.3.1-javadoc.jar
7f384c60d000-7f384c62e000 rw-p 00000000 00:00 0 
7f384c62e000-7f384c636000 rw-s 00000000 08:02 5917748                    /tmp/hsperfdata_aef517/12461
7f384c636000-7f384c637000 rw-p 00000000 00:00 0 
7f384c637000-7f384c638000 r--p 00000000 00:00 0 
7f384c638000-7f384c63a000 rw-p 00000000 00:00 0 
7f384c63a000-7f384c63b000 r--p 00022000 08:02 2097200                    /lib/x86_64-linux-gnu/ld-2.19.so
7f384c63b000-7f384c63c000 rw-p 00023000 08:02 2097200                    /lib/x86_64-linux-gnu/ld-2.19.so
7f384c63c000-7f384c63d000 rw-p 00000000 00:00 0 
7fff20654000-7fff20675000 rw-p 00000000 00:00 0                          [stack]
7fff206d5000-7fff206d7000 r-xp 00000000 00:00 0                          [vdso]
ffffffffff600000-ffffffffff601000 r-xp 00000000 00:00 0                  [vsyscall]

VM Arguments:
jvm_args: -Dfile.encoding=UTF-8 
java_command: com.eep.taxe.Game
Launcher Type: SUN_STANDARD

Environment Variables:
PATH=/usr/userfs/a/aef517/.local/bin:/usr/local/sbin:/usr/local/bin:/usr/sbin:/usr/bin:/sbin:/bin:/usr/games:/usr/local/games
SHELL=/bin/bash
DISPLAY=:0

Signal Handlers:
SIGSEGV: [libjvm.so+0x9a1a10], sa_mask[0]=0x7ffbfeff, sa_flags=0x10000004
SIGBUS: [libjvm.so+0x9a1a10], sa_mask[0]=0x7ffbfeff, sa_flags=0x10000004
SIGFPE: [libjvm.so+0x81bae0], sa_mask[0]=0x7ffbfeff, sa_flags=0x10000004
SIGPIPE: [libjvm.so+0x81bae0], sa_mask[0]=0x7ffbfeff, sa_flags=0x10000004
SIGXFSZ: [libjvm.so+0x81bae0], sa_mask[0]=0x7ffbfeff, sa_flags=0x10000004
SIGILL: [libjvm.so+0x81bae0], sa_mask[0]=0x7ffbfeff, sa_flags=0x10000004
SIGUSR1: SIG_DFL, sa_mask[0]=0x00000000, sa_flags=0x00000000
SIGUSR2: [libjvm.so+0x81d2e0], sa_mask[0]=0x00000004, sa_flags=0x10000004
SIGHUP: [libjvm.so+0x81e400], sa_mask[0]=0x7ffbfeff, sa_flags=0x10000004
SIGINT: [libjvm.so+0x81e400], sa_mask[0]=0x7ffbfeff, sa_flags=0x10000004
SIGTERM: [libjvm.so+0x81e400], sa_mask[0]=0x7ffbfeff, sa_flags=0x10000004
SIGQUIT: [libjvm.so+0x81e400], sa_mask[0]=0x7ffbfeff, sa_flags=0x10000004


---------------  S Y S T E M  ---------------

OS:jessie/sid

uname:Linux 3.13.0-44-generic #73-Ubuntu SMP Tue Dec 16 00:22:43 UTC 2014 x86_64
libc:glibc 2.19 NPTL 2.19 
rlimit: STACK 8192k, CORE 0k, NPROC 127196, NOFILE 4096, AS infinity
load average:0.59 0.22 0.16

/proc/meminfo:
MemTotal:       16302852 kB
MemFree:        12097872 kB
Buffers:          360624 kB
Cached:          1724380 kB
SwapCached:            0 kB
Active:          2416920 kB
Inactive:        1376744 kB
Active(anon):    1718560 kB
Inactive(anon):   308280 kB
Active(file):     698360 kB
Inactive(file):  1068464 kB
Unevictable:         172 kB
Mlocked:             196 kB
SwapTotal:      16382972 kB
SwapFree:       16382972 kB
Dirty:               288 kB
Writeback:            12 kB
AnonPages:       1708112 kB
Mapped:           154824 kB
Shmem:            317616 kB
Slab:             229104 kB
SReclaimable:     186324 kB
SUnreclaim:        42780 kB
KernelStack:        7424 kB
PageTables:        15748 kB
NFS_Unstable:          0 kB
Bounce:                0 kB
WritebackTmp:          0 kB
CommitLimit:    24534396 kB
Committed_AS:    5680716 kB
VmallocTotal:   34359738367 kB
VmallocUsed:      374804 kB
VmallocChunk:   34359356688 kB
HardwareCorrupted:     0 kB
AnonHugePages:   1402880 kB
HugePages_Total:       0
HugePages_Free:        0
HugePages_Rsvd:        0
HugePages_Surp:        0
Hugepagesize:       2048 kB
DirectMap4k:       65544 kB
DirectMap2M:     2949120 kB
DirectMap1G:    13631488 kB


CPU:total 8 (4 cores per cpu, 2 threads per core) family 6 model 60 stepping 3, cmov, cx8, fxsr, mmx, sse, sse2, sse3, ssse3, sse4.1, sse4.2, popcnt, avx, avx2, aes, erms, ht, tsc, tscinvbit

/proc/cpuinfo:
processor	: 0
vendor_id	: GenuineIntel
cpu family	: 6
model		: 60
model name	: Intel(R) Core(TM) i7-4770 CPU @ 3.40GHz
stepping	: 3
microcode	: 0x12
cpu MHz		: 3401.000
cache size	: 8192 KB
physical id	: 0
siblings	: 8
core id		: 0
cpu cores	: 4
apicid		: 0
initial apicid	: 0
fpu		: yes
fpu_exception	: yes
cpuid level	: 13
wp		: yes
flags		: fpu vme de pse tsc msr pae mce cx8 apic sep mtrr pge mca cmov pat pse36 clflush dts acpi mmx fxsr sse sse2 ss ht tm pbe syscall nx pdpe1gb rdtscp lm constant_tsc arch_perfmon pebs bts rep_good nopl xtopology nonstop_tsc aperfmperf eagerfpu pni pclmulqdq dtes64 monitor ds_cpl vmx smx est tm2 ssse3 fma cx16 xtpr pdcm pcid sse4_1 sse4_2 x2apic movbe popcnt tsc_deadline_timer aes xsave avx f16c rdrand lahf_lm abm ida arat epb xsaveopt pln pts dtherm tpr_shadow vnmi flexpriority ept vpid fsgsbase tsc_adjust bmi1 hle avx2 smep bmi2 erms invpcid rtm
bogomips	: 6784.79
clflush size	: 64
cache_alignment	: 64
address sizes	: 39 bits physical, 48 bits virtual
power management:

processor	: 1
vendor_id	: GenuineIntel
cpu family	: 6
model		: 60
model name	: Intel(R) Core(TM) i7-4770 CPU @ 3.40GHz
stepping	: 3
microcode	: 0x12
cpu MHz		: 3401.000
cache size	: 8192 KB
physical id	: 0
siblings	: 8
core id		: 1
cpu cores	: 4
apicid		: 2
initial apicid	: 2
fpu		: yes
fpu_exception	: yes
cpuid level	: 13
wp		: yes
flags		: fpu vme de pse tsc msr pae mce cx8 apic sep mtrr pge mca cmov pat pse36 clflush dts acpi mmx fxsr sse sse2 ss ht tm pbe syscall nx pdpe1gb rdtscp lm constant_tsc arch_perfmon pebs bts rep_good nopl xtopology nonstop_tsc aperfmperf eagerfpu pni pclmulqdq dtes64 monitor ds_cpl vmx smx est tm2 ssse3 fma cx16 xtpr pdcm pcid sse4_1 sse4_2 x2apic movbe popcnt tsc_deadline_timer aes xsave avx f16c rdrand lahf_lm abm ida arat epb xsaveopt pln pts dtherm tpr_shadow vnmi flexpriority ept vpid fsgsbase tsc_adjust bmi1 hle avx2 smep bmi2 erms invpcid rtm
bogomips	: 6784.79
clflush size	: 64
cache_alignment	: 64
address sizes	: 39 bits physical, 48 bits virtual
power management:

processor	: 2
vendor_id	: GenuineIntel
cpu family	: 6
model		: 60
model name	: Intel(R) Core(TM) i7-4770 CPU @ 3.40GHz
stepping	: 3
microcode	: 0x12
cpu MHz		: 3401.000
cache size	: 8192 KB
physical id	: 0
siblings	: 8
core id		: 2
cpu cores	: 4
apicid		: 4
initial apicid	: 4
fpu		: yes
fpu_exception	: yes
cpuid level	: 13
wp		: yes
flags		: fpu vme de pse tsc msr pae mce cx8 apic sep mtrr pge mca cmov pat pse36 clflush dts acpi mmx fxsr sse sse2 ss ht tm pbe syscall nx pdpe1gb rdtscp lm constant_tsc arch_perfmon pebs bts rep_good nopl xtopology nonstop_tsc aperfmperf eagerfpu pni pclmulqdq dtes64 monitor ds_cpl vmx smx est tm2 ssse3 fma cx16 xtpr pdcm pcid sse4_1 sse4_2 x2apic movbe popcnt tsc_deadline_timer aes xsave avx f16c rdrand lahf_lm abm ida arat epb xsaveopt pln pts dtherm tpr_shadow vnmi flexpriority ept vpid fsgsbase tsc_adjust bmi1 hle avx2 smep bmi2 erms invpcid rtm
bogomips	: 6784.79
clflush size	: 64
cache_alignment	: 64
address sizes	: 39 bits physical, 48 bits virtual
power management:

processor	: 3
vendor_id	: GenuineIntel
cpu family	: 6
model		: 60
model name	: Intel(R) Core(TM) i7-4770 CPU @ 3.40GHz
stepping	: 3
microcode	: 0x12
cpu MHz		: 3401.000
cache size	: 8192 KB
physical id	: 0
siblings	: 8
core id		: 3
cpu cores	: 4
apicid		: 6
initial apicid	: 6
fpu		: yes
fpu_exception	: yes
cpuid level	: 13
wp		: yes
flags		: fpu vme de pse tsc msr pae mce cx8 apic sep mtrr pge mca cmov pat pse36 clflush dts acpi mmx fxsr sse sse2 ss ht tm pbe syscall nx pdpe1gb rdtscp lm constant_tsc arch_perfmon pebs bts rep_good nopl xtopology nonstop_tsc aperfmperf eagerfpu pni pclmulqdq dtes64 monitor ds_cpl vmx smx est tm2 ssse3 fma cx16 xtpr pdcm pcid sse4_1 sse4_2 x2apic movbe popcnt tsc_deadline_timer aes xsave avx f16c rdrand lahf_lm abm ida arat epb xsaveopt pln pts dtherm tpr_shadow vnmi flexpriority ept vpid fsgsbase tsc_adjust bmi1 hle avx2 smep bmi2 erms invpcid rtm
bogomips	: 6784.79
clflush size	: 64
cache_alignment	: 64
address sizes	: 39 bits physical, 48 bits virtual
power management:

processor	: 4
vendor_id	: GenuineIntel
cpu family	: 6
model		: 60
model name	: Intel(R) Core(TM) i7-4770 CPU @ 3.40GHz
stepping	: 3
microcode	: 0x12
cpu MHz		: 3401.000
cache size	: 8192 KB
physical id	: 0
siblings	: 8
core id		: 0
cpu cores	: 4
apicid		: 1
initial apicid	: 1
fpu		: yes
fpu_exception	: yes
cpuid level	: 13
wp		: yes
flags		: fpu vme de pse tsc msr pae mce cx8 apic sep mtrr pge mca cmov pat pse36 clflush dts acpi mmx fxsr sse sse2 ss ht tm pbe syscall nx pdpe1gb rdtscp lm constant_tsc arch_perfmon pebs bts rep_good nopl xtopology nonstop_tsc aperfmperf eagerfpu pni pclmulqdq dtes64 monitor ds_cpl vmx smx est tm2 ssse3 fma cx16 xtpr pdcm pcid sse4_1 sse4_2 x2apic movbe popcnt tsc_deadline_timer aes xsave avx f16c rdrand lahf_lm abm ida arat epb xsaveopt pln pts dtherm tpr_shadow vnmi flexpriority ept vpid fsgsbase tsc_adjust bmi1 hle avx2 smep bmi2 erms invpcid rtm
bogomips	: 6784.79
clflush size	: 64
cache_alignment	: 64
address sizes	: 39 bits physical, 48 bits virtual
power management:

processor	: 5
vendor_id	: GenuineIntel
cpu family	: 6
model		: 60
model name	: Intel(R) Core(TM) i7-4770 CPU @ 3.40GHz
stepping	: 3
microcode	: 0x12
cpu MHz		: 3401.000
cache size	: 8192 KB
physical id	: 0
siblings	: 8
core id		: 1
cpu cores	: 4
apicid		: 3
initial apicid	: 3
fpu		: yes
fpu_exception	: yes
cpuid level	: 13
wp		: yes
flags		: fpu vme de pse tsc msr pae mce cx8 apic sep mtrr pge mca cmov pat pse36 clflush dts acpi mmx fxsr sse sse2 ss ht tm pbe syscall nx pdpe1gb rdtscp lm constant_tsc arch_perfmon pebs bts rep_good nopl xtopology nonstop_tsc aperfmperf eagerfpu pni pclmulqdq dtes64 monitor ds_cpl vmx smx est tm2 ssse3 fma cx16 xtpr pdcm pcid sse4_1 sse4_2 x2apic movbe popcnt tsc_deadline_timer aes xsave avx f16c rdrand lahf_lm abm ida arat epb xsaveopt pln pts dtherm tpr_shadow vnmi flexpriority ept vpid fsgsbase tsc_adjust bmi1 hle avx2 smep bmi2 erms invpcid rtm
bogomips	: 6784.79
clflush size	: 64
cache_alignment	: 64
address sizes	: 39 bits physical, 48 bits virtual
power management:

processor	: 6
vendor_id	: GenuineIntel
cpu family	: 6
model		: 60
model name	: Intel(R) Core(TM) i7-4770 CPU @ 3.40GHz
stepping	: 3
microcode	: 0x12
cpu MHz		: 3401.000
cache size	: 8192 KB
physical id	: 0
siblings	: 8
core id		: 2
cpu cores	: 4
apicid		: 5
initial apicid	: 5
fpu		: yes
fpu_exception	: yes
cpuid level	: 13
wp		: yes
flags		: fpu vme de pse tsc msr pae mce cx8 apic sep mtrr pge mca cmov pat pse36 clflush dts acpi mmx fxsr sse sse2 ss ht tm pbe syscall nx pdpe1gb rdtscp lm constant_tsc arch_perfmon pebs bts rep_good nopl xtopology nonstop_tsc aperfmperf eagerfpu pni pclmulqdq dtes64 monitor ds_cpl vmx smx est tm2 ssse3 fma cx16 xtpr pdcm pcid sse4_1 sse4_2 x2apic movbe popcnt tsc_deadline_timer aes xsave avx f16c rdrand lahf_lm abm ida arat epb xsaveopt pln pts dtherm tpr_shadow vnmi flexpriority ept vpid fsgsbase tsc_adjust bmi1 hle avx2 smep bmi2 erms invpcid rtm
bogomips	: 6784.79
clflush size	: 64
cache_alignment	: 64
address sizes	: 39 bits physical, 48 bits virtual
power management:

processor	: 7
vendor_id	: GenuineIntel
cpu family	: 6
model		: 60
model name	: Intel(R) Core(TM) i7-4770 CPU @ 3.40GHz
stepping	: 3
microcode	: 0x12
cpu MHz		: 3401.000
cache size	: 8192 KB
physical id	: 0
siblings	: 8
core id		: 3
cpu cores	: 4
apicid		: 7
initial apicid	: 7
fpu		: yes
fpu_exception	: yes
cpuid level	: 13
wp		: yes
flags		: fpu vme de pse tsc msr pae mce cx8 apic sep mtrr pge mca cmov pat pse36 clflush dts acpi mmx fxsr sse sse2 ss ht tm pbe syscall nx pdpe1gb rdtscp lm constant_tsc arch_perfmon pebs bts rep_good nopl xtopology nonstop_tsc aperfmperf eagerfpu pni pclmulqdq dtes64 monitor ds_cpl vmx smx est tm2 ssse3 fma cx16 xtpr pdcm pcid sse4_1 sse4_2 x2apic movbe popcnt tsc_deadline_timer aes xsave avx f16c rdrand lahf_lm abm ida arat epb xsaveopt pln pts dtherm tpr_shadow vnmi flexpriority ept vpid fsgsbase tsc_adjust bmi1 hle avx2 smep bmi2 erms invpcid rtm
bogomips	: 6784.79
clflush size	: 64
cache_alignment	: 64
address sizes	: 39 bits physical, 48 bits virtual
power management:



Memory: 4k page, physical 16302852k(12097872k free), swap 16382972k(16382972k free)

vm_info: Java HotSpot(TM) 64-Bit Server VM (24.72-b04) for linux-amd64 JRE (1.7.0_72-b14), built on Sep 26 2014 18:20:41 by "java_re" with gcc 4.3.0 20080428 (Red Hat 4.3.0-8)

time: Sat Jan 17 12:11:17 2015
elapsed time: 513 seconds

