#
# A fatal error has been detected by the Java Runtime Environment:
#
#  SIGSEGV (0xb) at pc=0x00007fbf4105b6fa, pid=12886, tid=140459290621696
#
# JRE version: Java(TM) SE Runtime Environment (7.0_72-b14) (build 1.7.0_72-b14)
# Java VM: Java HotSpot(TM) 64-Bit Server VM (24.72-b04 mixed mode linux-amd64 compressed oops)
# Problematic frame:
# v  ~BufferBlob::jni_fast_GetLongField
#
# Failed to write core dump. Core dumps have been disabled. To enable core dumping, try "ulimit -c unlimited" before starting Java again
#
# If you would like to submit a bug report, please visit:
#   http://bugreport.sun.com/bugreport/crash.jsp
# The crash happened outside the Java Virtual Machine in native code.
# See problematic frame for where to report the bug.
#

---------------  T H R E A D  ---------------

Current thread (0x00007fbf4422b000):  JavaThread "AWT-XAWT" daemon [_thread_in_native, id=12925, stack(0x00007fbf3a0f7000,0x00007fbf3a1f8000)]

siginfo:si_signo=SIGSEGV: si_errno=0, si_code=1 (SEGV_MAPERR), si_addr=0x0000000000000000

Registers:
RAX=0x00007fbf4bf57180, RBX=0x000000070278f598, RCX=0x00007fbf4c9af320, RDX=0x0000000000000042
RSP=0x00007fbf3a1f6538, RBP=0x00007fbf3a1f6560, RSI=0x0000000000000000, RDI=0x00007fbf4422b1e8
R8 =0x00000000f626af80, R9 =0x0000000000000000, R10=0x00000000000000d0, R11=0x00007fbf4b9f1b80
R12=0x00007fbf4422b1e8, R13=0x0000000000000000, R14=0x00007fbf39e23fe0, R15=0x00007fbf4422b000
RIP=0x00007fbf4105b6fa, EFLAGS=0x0000000000010246, CSGSFS=0x0000000000000033, ERR=0x0000000000000004
  TRAPNO=0x000000000000000e

Top of Stack: (sp=0x00007fbf3a1f6538)
0x00007fbf3a1f6538:   00007fbf39bee801 000000070278f598
0x00007fbf3a1f6548:   00007fbebc00c3d0 000000070278f598
0x00007fbf3a1f6558:   00007fbf3a1f6648 0000000000000000
0x00007fbf3a1f6568:   00007fbf396eaae8 000000070278f598
0x00007fbf3a1f6578:   00007fbf3a1f65a0 0000000000000000
0x00007fbf3a1f6588:   00007fbf396e29a3 000000070278f598
0x00007fbf3a1f6598:   00007fbf39be468f 00007fbf3a1f6610
0x00007fbf3a1f65a8:   00007fbf41012d98 00007fbf41006233
0x00007fbf3a1f65b8:   0000000000000000 00000007b0f94858
0x00007fbf3a1f65c8:   0000000000000000 00007fbf3a1f65d0
0x00007fbf3a1f65d8:   0000000000000000 00007fbf3a1f6648
0x00007fbf3a1f65e8:   0000000702795668 0000000000000000
0x00007fbf3a1f65f8:   000000070278f598 0000000000000000
0x00007fbf3a1f6608:   00007fbf3a1f6630 00007fbf3a1f6690
0x00007fbf3a1f6618:   00007fbf41006350 0000000707253950
0x00007fbf3a1f6628:   00007fbf4100ecc0 0000000000000000
0x00007fbf3a1f6638:   00007fbf3a1f6690 00007fbec4001b70
0x00007fbf3a1f6648:   00000007b0f90608 00007fbf3a1f6650
0x00007fbf3a1f6658:   000000070289b6a4 00007fbf3a1f66d8
0x00007fbf3a1f6668:   00000007028a7140 0000000000000000
0x00007fbf3a1f6678:   000000070289b7d8 00007fbf3a1f6630
0x00007fbf3a1f6688:   00007fbf3a1f66d0 00007fbf3a1f6720
0x00007fbf3a1f6698:   00007fbf41006058 0000000000000000
0x00007fbf3a1f66a8:   00000007b0456970 0000000000000000
0x00007fbf3a1f66b8:   0000000000000000 0000000000000000
0x00007fbf3a1f66c8:   00000007b0f90608 0000000000000000
0x00007fbf3a1f66d8:   00000007b0f905a8 00007fbf3a1f66e0
0x00007fbf3a1f66e8:   000000070289b4ad 00007fbf3a1f6730
0x00007fbf3a1f66f8:   00000007028a7140 0000000000000000
0x00007fbf3a1f6708:   000000070289b4b8 00007fbf3a1f66d0
0x00007fbf3a1f6718:   00007fbf3a1f6730 00007fbf3a1f6778
0x00007fbf3a1f6728:   00007fbf41006706 00000007b0f905a8 

Instructions: (pc=0x00007fbf4105b6fa)
0x00007fbf4105b6da:   00 00 00 00 00 00 44 8b 15 01 f5 f2 0a 4c 8b ce
0x00007fbf4105b6ea:   41 f6 c2 01 0f 85 2e 00 00 00 4d 33 ca 4d 33 ca
0x00007fbf4105b6fa:   4d 8b 09 4c 8b da 49 c1 eb 02 4b 8b 04 19 49 bb
0x00007fbf4105b70a:   e8 ab f8 4b bf 7f 00 00 4c 33 d8 4c 33 d8 45 3b 

Register to memory mapping:

RAX=0x00007fbf4bf57180: <offset 0xe19180> in /usr/lib/jvm/java-7-oracle/jre/lib/amd64/server/libjvm.so at 0x00007fbf4b13e000
RBX=0x000000070278f598 is an oop
{method} 
 - klass: {other class}
RCX=0x00007fbf4c9af320: <offset 0x219320> in /lib/x86_64-linux-gnu/libpthread.so.0 at 0x00007fbf4c796000
RDX=0x0000000000000042 is an unknown value
RSP=0x00007fbf3a1f6538 is pointing into the stack for thread: 0x00007fbf4422b000
RBP=0x00007fbf3a1f6560 is pointing into the stack for thread: 0x00007fbf4422b000
RSI=0x0000000000000000 is an unknown value
RDI=0x00007fbf4422b1e8 is an unknown value
R8 =0x00000000f626af80 is an unknown value
R9 =0x0000000000000000 is an unknown value
R10=0x00000000000000d0 is an unknown value
R11=0x00007fbf4b9f1b80: <offset 0x8b3b80> in /usr/lib/jvm/java-7-oracle/jre/lib/amd64/server/libjvm.so at 0x00007fbf4b13e000
R12=0x00007fbf4422b1e8 is an unknown value
R13=0x0000000000000000 is an unknown value
R14=0x00007fbf39e23fe0: <offset 0x253fe0> in /usr/lib/jvm/java-7-oracle/jre/lib/amd64/xawt/libmawt.so at 0x00007fbf39bd0000
R15=0x00007fbf4422b000 is a thread


Stack: [0x00007fbf3a0f7000,0x00007fbf3a1f8000],  sp=0x00007fbf3a1f6538,  free space=1021k
Native frames: (J=compiled Java code, j=interpreted, Vv=VM code, C=native code)
v  ~BufferBlob::jni_fast_GetLongField

Java frames: (J=compiled Java code, j=interpreted, Vv=VM code)
j  sun.awt.X11.XlibWrapper.XFilterEvent(JJ)Z+0
j  sun.awt.X11.XToolkit.run(Z)V+300
j  sun.awt.X11.XToolkit.run()V+5
j  java.lang.Thread.run()V+11
v  ~StubRoutines::call_stub

---------------  P R O C E S S  ---------------

Java Threads: ( => current thread )
  0x00007fbef4001000 JavaThread "SIGTERM handler" daemon [_thread_in_vm, id=13659, stack(0x00007fbf3a70c000,0x00007fbf3a80d000)]
  0x00007fbebc04b000 JavaThread "TimerQueue" daemon [_thread_blocked, id=12934, stack(0x00007fbf3a1f8000,0x00007fbf3a2f9000)]
  0x00007fbf44008000 JavaThread "DestroyJavaVM" [_thread_blocked, id=12892, stack(0x00007fbf4ca9f000,0x00007fbf4cba0000)]
  0x00007fbf4420e800 JavaThread "Timer-0" [_thread_blocked, id=12929, stack(0x00007fbf380b5000,0x00007fbf381b6000)]
  0x00007fbf4425e000 JavaThread "AWT-EventQueue-0" [_thread_blocked, id=12927, stack(0x00007fbf3842e000,0x00007fbf3852f000)]
  0x00007fbf4423a800 JavaThread "AWT-Shutdown" [_thread_blocked, id=12926, stack(0x00007fbf3852f000,0x00007fbf38630000)]
=>0x00007fbf4422b000 JavaThread "AWT-XAWT" daemon [_thread_in_native, id=12925, stack(0x00007fbf3a0f7000,0x00007fbf3a1f8000)]
  0x00007fbf44209800 JavaThread "Java2D Disposer" daemon [_thread_blocked, id=12924, stack(0x00007fbf3ac26000,0x00007fbf3ad27000)]
  0x00007fbed003f800 JavaThread "WebsocketWriteThread" [_thread_blocked, id=12919, stack(0x00007fbf3a60b000,0x00007fbf3a70c000)]
  0x00007fbec8036800 JavaThread "pool-3-thread-1" [_thread_blocked, id=12917, stack(0x00007fbf3a2f9000,0x00007fbf3a3fa000)]
  0x00007fbec8017000 JavaThread "Thread-5" [_thread_in_native, id=12916, stack(0x00007fbf3aa24000,0x00007fbf3ab25000)]
  0x00007fbed8004800 JavaThread "pool-1-thread-1" [_thread_blocked, id=12910, stack(0x00007fbf3ab25000,0x00007fbf3ac26000)]
  0x00007fbf440a7800 JavaThread "Service Thread" daemon [_thread_blocked, id=12907, stack(0x00007fbf3ae28000,0x00007fbf3af29000)]
  0x00007fbf440a5800 JavaThread "C2 CompilerThread1" daemon [_thread_blocked, id=12906, stack(0x00007fbf3af29000,0x00007fbf3b02a000)]
  0x00007fbf440a2800 JavaThread "C2 CompilerThread0" daemon [_thread_blocked, id=12905, stack(0x00007fbf3b02a000,0x00007fbf3b12b000)]
  0x00007fbf440a0000 JavaThread "Signal Dispatcher" daemon [_thread_blocked, id=12904, stack(0x00007fbf3b12b000,0x00007fbf3b22c000)]
  0x00007fbf44077000 JavaThread "Finalizer" daemon [_thread_blocked, id=12903, stack(0x00007fbf3b4f5000,0x00007fbf3b5f6000)]
  0x00007fbf44075000 JavaThread "Reference Handler" daemon [_thread_blocked, id=12902, stack(0x00007fbf3b5f6000,0x00007fbf3b6f7000)]

Other Threads:
  0x00007fbf44070800 VMThread [stack: 0x00007fbf3b6f7000,0x00007fbf3b7f8000] [id=12901]
  0x00007fbf440ba800 WatcherThread [stack: 0x00007fbf3ad27000,0x00007fbf3ae28000] [id=12908]

VM state:not at safepoint (normal execution)

VM Mutex/Monitor currently owned by a thread:  ([mutex/lock_event])
[0x00007fbf44006820] Threads_lock - owner thread: 0x00007fbef4001000

Heap
 PSYoungGen      total 74752K, used 44468K [0x00000007ad080000, 0x00000007b2380000, 0x0000000800000000)
  eden space 64512K, 53% used [0x00000007ad080000,0x00000007af1f4c90,0x00000007b0f80000)
  from space 10240K, 99% used [0x00000007b0f80000,0x00000007b1978650,0x00000007b1980000)
  to   space 10240K, 0% used [0x00000007b1980000,0x00000007b1980000,0x00000007b2380000)
 ParOldGen       total 169472K, used 1865K [0x0000000707200000, 0x0000000711780000, 0x00000007ad080000)
  object space 169472K, 1% used [0x0000000707200000,0x00000007073d25f0,0x0000000711780000)
 PSPermGen       total 21504K, used 17221K [0x0000000702000000, 0x0000000703500000, 0x0000000707200000)
  object space 21504K, 80% used [0x0000000702000000,0x00000007030d1488,0x0000000703500000)

Card table byte_map: [0x00007fbf49d2b000,0x00007fbf4a51c000] byte_map_base: 0x00007fbf4651b000

Polling page: 0x00007fbf4cbd3000

Code Cache  [0x00007fbf41000000, 0x00007fbf41270000, 0x00007fbf44000000)
 total_blobs=620 nmethods=98 adapters=475 free_code_cache=48407Kb largest_free_block=49544768

Compilation events (10 events):
Event: 81.948 Thread 0x00007fbf440a2800 nmethod 92 0x00007fbf410b7850 code [0x00007fbf410b79c0, 0x00007fbf410b7b68]
Event: 81.949 Thread 0x00007fbf440a5800 nmethod 93 0x00007fbf410bcd50 code [0x00007fbf410bcec0, 0x00007fbf410bd028]
Event: 201.760 Thread 0x00007fbf440a2800   94             sun.util.logging.LoggingSupport::isLoggable (14 bytes)
Event: 201.762 Thread 0x00007fbf440a2800 nmethod 94 0x00007fbf410b8d50 code [0x00007fbf410b8ea0, 0x00007fbf410b8f78]
Event: 202.761 Thread 0x00007fbf440a5800   95             sun.util.logging.PlatformLogger$JavaLoggerProxy::isLoggable (12 bytes)
Event: 202.764 Thread 0x00007fbf440a5800 nmethod 95 0x00007fbf410ba4d0 code [0x00007fbf410ba620, 0x00007fbf410ba738]
Event: 237.253 Thread 0x00007fbf440a2800   96             sun.util.logging.PlatformLogger::isLoggable (9 bytes)
Event: 237.253 Thread 0x00007fbf440a5800   97             sun.util.logging.PlatformLogger::isLoggable (38 bytes)
Event: 237.254 Thread 0x00007fbf440a5800 nmethod 97 0x00007fbf410ba050 code [0x00007fbf410ba1a0, 0x00007fbf410ba2d8]
Event: 237.255 Thread 0x00007fbf440a2800 nmethod 96 0x00007fbf410b9850 code [0x00007fbf410b99e0, 0x00007fbf410b9cd8]

GC Heap History (2 events):
Event: 7.066 GC heap before
{Heap before GC invocations=1 (full 0):
 PSYoungGen      total 74752K, used 64512K [0x00000007ad080000, 0x00000007b2380000, 0x0000000800000000)
  eden space 64512K, 100% used [0x00000007ad080000,0x00000007b0f80000,0x00000007b0f80000)
  from space 10240K, 0% used [0x00000007b1980000,0x00000007b1980000,0x00000007b2380000)
  to   space 10240K, 0% used [0x00000007b0f80000,0x00000007b0f80000,0x00000007b1980000)
 ParOldGen       total 169472K, used 0K [0x0000000707200000, 0x0000000711780000, 0x00000007ad080000)
  object space 169472K, 0% used [0x0000000707200000,0x0000000707200000,0x0000000711780000)
 PSPermGen       total 21504K, used 17000K [0x0000000702000000, 0x0000000703500000, 0x0000000707200000)
  object space 21504K, 79% used [0x0000000702000000,0x000000070309a308,0x0000000703500000)
Event: 7.079 GC heap after
Heap after GC invocations=1 (full 0):
 PSYoungGen      total 74752K, used 10209K [0x00000007ad080000, 0x00000007b2380000, 0x0000000800000000)
  eden space 64512K, 0% used [0x00000007ad080000,0x00000007ad080000,0x00000007b0f80000)
  from space 10240K, 99% used [0x00000007b0f80000,0x00000007b1978650,0x00000007b1980000)
  to   space 10240K, 0% used [0x00000007b1980000,0x00000007b1980000,0x00000007b2380000)
 ParOldGen       total 169472K, used 1865K [0x0000000707200000, 0x0000000711780000, 0x00000007ad080000)
  object space 169472K, 1% used [0x0000000707200000,0x00000007073d25f0,0x0000000711780000)
 PSPermGen       total 21504K, used 17000K [0x0000000702000000, 0x0000000703500000, 0x0000000707200000)
  object space 21504K, 79% used [0x0000000702000000,0x000000070309a308,0x0000000703500000)
}

Deoptimization events (10 events):
Event: 0.213 Thread 0x00007fbec0001000 Uncommon trap: reason=unloaded action=reinterpret pc=0x00007fbf41060f5c method=java.lang.String.charAt(I)C @ 13
Event: 0.266 Thread 0x00007fbf44008000 Uncommon trap: reason=null_check action=make_not_entrant pc=0x00007fbf4106ae68 method=java.lang.String.equals(Ljava/lang/Object;)Z @ 8
Event: 0.338 Thread 0x00007fbf44008000 Uncommon trap: reason=class_check action=maybe_recompile pc=0x00007fbf410672a0 method=java.util.Properties$LineReader.readLine()I @ 62
Event: 0.338 Thread 0x00007fbf44008000 Uncommon trap: reason=class_check action=maybe_recompile pc=0x00007fbf410672a0 method=java.util.Properties$LineReader.readLine()I @ 62
Event: 0.339 Thread 0x00007fbf44008000 Uncommon trap: reason=class_check action=maybe_recompile pc=0x00007fbf410672a0 method=java.util.Properties$LineReader.readLine()I @ 62
Event: 0.341 Thread 0x00007fbf44008000 Uncommon trap: reason=class_check action=maybe_recompile pc=0x00007fbf410672a0 method=java.util.Properties$LineReader.readLine()I @ 62
Event: 2.716 Thread 0x00007fbf4425e000 Uncommon trap: reason=class_check action=maybe_recompile pc=0x00007fbf4108abec method=java.lang.String.equals(Ljava/lang/Object;)Z @ 8
Event: 2.716 Thread 0x00007fbf4425e000 Uncommon trap: reason=class_check action=maybe_recompile pc=0x00007fbf4108abec method=java.lang.String.equals(Ljava/lang/Object;)Z @ 8
Event: 2.897 Thread 0x00007fbf4425e000 Uncommon trap: reason=class_check action=maybe_recompile pc=0x00007fbf4108abec method=java.lang.String.equals(Ljava/lang/Object;)Z @ 8
Event: 2.897 Thread 0x00007fbf4425e000 Uncommon trap: reason=class_check action=maybe_recompile pc=0x00007fbf4108abec method=java.lang.String.equals(Ljava/lang/Object;)Z @ 8

Internal exceptions (10 events):
Event: 6.948 Thread 0x00007fbed003a000 Threw 0x00000007b04665f8 at /HUDSON/workspace/7u-2-build-linux-amd64/jdk7u72/1606/hotspot/src/share/vm/prims/jvm.cpp:1281
Event: 6.949 Thread 0x00007fbed003a000 Threw 0x00000007b0468578 at /HUDSON/workspace/7u-2-build-linux-amd64/jdk7u72/1606/hotspot/src/share/vm/prims/jvm.cpp:1281
Event: 6.953 Thread 0x00007fbed003a000 Threw 0x00000007b046b0e0 at /HUDSON/workspace/7u-2-build-linux-amd64/jdk7u72/1606/hotspot/src/share/vm/prims/jvm.cpp:1281
Event: 6.955 Thread 0x00007fbed003a000 Threw 0x00000007b0472990 at /HUDSON/workspace/7u-2-build-linux-amd64/jdk7u72/1606/hotspot/src/share/vm/prims/jvm.cpp:1281
Event: 6.960 Thread 0x00007fbed003a000 Threw 0x00000007b0475a98 at /HUDSON/workspace/7u-2-build-linux-amd64/jdk7u72/1606/hotspot/src/share/vm/prims/jvm.cpp:1281
Event: 6.962 Thread 0x00007fbed003a000 Threw 0x00000007b0478198 at /HUDSON/workspace/7u-2-build-linux-amd64/jdk7u72/1606/hotspot/src/share/vm/prims/jvm.cpp:1281
Event: 6.964 Thread 0x00007fbed003a000 Threw 0x00000007b047aa10 at /HUDSON/workspace/7u-2-build-linux-amd64/jdk7u72/1606/hotspot/src/share/vm/prims/jvm.cpp:1281
Event: 6.966 Thread 0x00007fbed003a000 Threw 0x00000007b047ce40 at /HUDSON/workspace/7u-2-build-linux-amd64/jdk7u72/1606/hotspot/src/share/vm/prims/jvm.cpp:1281
Event: 25.186 Thread 0x00007fbec8036800 Threw 0x00000007ae854570 at /HUDSON/workspace/7u-2-build-linux-amd64/jdk7u72/1606/hotspot/src/share/vm/prims/jvm.cpp:1281
Event: 25.189 Thread 0x00007fbecc001800 Threw 0x00000007ae997508 at /HUDSON/workspace/7u-2-build-linux-amd64/jdk7u72/1606/hotspot/src/share/vm/prims/jvm.cpp:1281

Events (10 events):
Event: 286.898 loading class 0x00007fbee80cf170
Event: 286.898 loading class 0x00007fbee80cf170 done
Event: 286.899 loading class 0x00007fbee810fe20
Event: 286.899 loading class 0x00007fbee810fe20 done
Event: 286.920 loading class 0x00007fbee80ce900
Event: 286.920 loading class 0x00007fbee80ce900 done
Event: 287.017 loading class 0x00007fbee8013bd0
Event: 287.017 loading class 0x00007fbee8013bd0 done
Event: 287.017 loading class 0x00007fbee8013ba0
Event: 287.017 loading class 0x00007fbee8013ba0 done


Dynamic libraries:
00400000-00401000 r-xp 00000000 08:02 3145756                            /usr/lib/jvm/java-7-oracle/bin/java
00600000-00601000 rw-p 00000000 08:02 3145756                            /usr/lib/jvm/java-7-oracle/bin/java
00649000-0066a000 rw-p 00000000 00:00 0                                  [heap]
702000000-703500000 rw-p 00000000 00:00 0 
703500000-707200000 rw-p 00000000 00:00 0 
707200000-711780000 rw-p 00000000 00:00 0 
711780000-7ad080000 rw-p 00000000 00:00 0 
7ad080000-7b2380000 rw-p 00000000 00:00 0 
7b2380000-800000000 rw-p 00000000 00:00 0 
7fbeb0000000-7fbeb0021000 rw-p 00000000 00:00 0 
7fbeb0021000-7fbeb4000000 ---p 00000000 00:00 0 
7fbeb4000000-7fbeb402a000 rw-p 00000000 00:00 0 
7fbeb402a000-7fbeb8000000 ---p 00000000 00:00 0 
7fbeb8000000-7fbeb8021000 rw-p 00000000 00:00 0 
7fbeb8021000-7fbebc000000 ---p 00000000 00:00 0 
7fbebc000000-7fbebc074000 rw-p 00000000 00:00 0 
7fbebc074000-7fbec0000000 ---p 00000000 00:00 0 
7fbec0000000-7fbec0021000 rw-p 00000000 00:00 0 
7fbec0021000-7fbec4000000 ---p 00000000 00:00 0 
7fbec4000000-7fbec4021000 rw-p 00000000 00:00 0 
7fbec4021000-7fbec8000000 ---p 00000000 00:00 0 
7fbec8000000-7fbec803d000 rw-p 00000000 00:00 0 
7fbec803d000-7fbecc000000 ---p 00000000 00:00 0 
7fbecc000000-7fbecc021000 rw-p 00000000 00:00 0 
7fbecc021000-7fbed0000000 ---p 00000000 00:00 0 
7fbed0000000-7fbed004d000 rw-p 00000000 00:00 0 
7fbed004d000-7fbed4000000 ---p 00000000 00:00 0 
7fbed4000000-7fbed4057000 rw-p 00000000 00:00 0 
7fbed4057000-7fbed8000000 ---p 00000000 00:00 0 
7fbed8000000-7fbed804e000 rw-p 00000000 00:00 0 
7fbed804e000-7fbedc000000 ---p 00000000 00:00 0 
7fbedc000000-7fbedc021000 rw-p 00000000 00:00 0 
7fbedc021000-7fbee0000000 ---p 00000000 00:00 0 
7fbee0000000-7fbee0021000 rw-p 00000000 00:00 0 
7fbee0021000-7fbee4000000 ---p 00000000 00:00 0 
7fbee4000000-7fbee4021000 rw-p 00000000 00:00 0 
7fbee4021000-7fbee8000000 ---p 00000000 00:00 0 
7fbee8000000-7fbee8328000 rw-p 00000000 00:00 0 
7fbee8328000-7fbeec000000 ---p 00000000 00:00 0 
7fbeec000000-7fbeec339000 rw-p 00000000 00:00 0 
7fbeec339000-7fbef0000000 ---p 00000000 00:00 0 
7fbef0000000-7fbef0021000 rw-p 00000000 00:00 0 
7fbef0021000-7fbef4000000 ---p 00000000 00:00 0 
7fbef4000000-7fbef4021000 rw-p 00000000 00:00 0 
7fbef4021000-7fbef8000000 ---p 00000000 00:00 0 
7fbef8000000-7fbef8021000 rw-p 00000000 00:00 0 
7fbef8021000-7fbefc000000 ---p 00000000 00:00 0 
7fbefc100000-7fbf04000000 rw-p 00000000 00:00 0 
7fbf04000000-7fbf04021000 rw-p 00000000 00:00 0 
7fbf04021000-7fbf08000000 ---p 00000000 00:00 0 
7fbf08000000-7fbf08021000 rw-p 00000000 00:00 0 
7fbf08021000-7fbf0c000000 ---p 00000000 00:00 0 
7fbf0c000000-7fbf0c021000 rw-p 00000000 00:00 0 
7fbf0c021000-7fbf10000000 ---p 00000000 00:00 0 
7fbf14000000-7fbf14021000 rw-p 00000000 00:00 0 
7fbf14021000-7fbf18000000 ---p 00000000 00:00 0 
7fbf1c000000-7fbf1c021000 rw-p 00000000 00:00 0 
7fbf1c021000-7fbf20000000 ---p 00000000 00:00 0 
7fbf24000000-7fbf24021000 rw-p 00000000 00:00 0 
7fbf24021000-7fbf28000000 ---p 00000000 00:00 0 
7fbf2c000000-7fbf2c021000 rw-p 00000000 00:00 0 
7fbf2c021000-7fbf30000000 ---p 00000000 00:00 0 
7fbf3321b000-7fbf3321c000 r--s 00000000 08:06 528101                     /var/cache/fontconfig/087e1975ba9a574b140bb1df193bf770-le64.cache-4
7fbf3321c000-7fbf3322a000 r--s 00000000 08:06 528175                     /var/cache/fontconfig/6aa41aa22e18b8fa06a12da28ea9c28b-le64.cache-4
7fbf3322a000-7fbf3322b000 r--s 00000000 08:06 528174                     /var/cache/fontconfig/c05880de57d1f5e948fdfacc138775d9-le64.cache-4
7fbf3322b000-7fbf33236000 r--s 00000000 08:06 528100                     /var/cache/fontconfig/945677eb7aeaf62f1d50efc3fb3ec7d8-le64.cache-4
7fbf33236000-7fbf3323c000 r--s 00000000 08:06 528172                     /var/cache/fontconfig/2cd17615ca594fa2959ae173292e504c-le64.cache-4
7fbf3323c000-7fbf3323d000 r--s 00000000 08:06 528171                     /var/cache/fontconfig/e7071f4a29fa870f4323321c154eba04-le64.cache-4
7fbf3323d000-7fbf3323e000 r--s 00000000 08:06 528170                     /var/cache/fontconfig/0d8c3b2ac0904cb8a57a757ad11a4a08-le64.cache-4
7fbf3323e000-7fbf33245000 r--s 00000000 08:06 528169                     /var/cache/fontconfig/a755afe4a08bf5b97852ceb7400b47bc-le64.cache-4
7fbf33245000-7fbf33247000 r--s 00000000 08:06 528168                     /var/cache/fontconfig/5a86461592e14be7c82e45729474f230-le64.cache-4
7fbf33247000-7fbf3324b000 r--s 00000000 08:06 528167                     /var/cache/fontconfig/6d41288fd70b0be22e8c3a91e032eec0-le64.cache-4
7fbf3324b000-7fbf3325f000 r--s 00000000 08:06 528166                     /var/cache/fontconfig/04aabc0a78ac019cf9454389977116d2-le64.cache-4
7fbf3325f000-7fbf33260000 r--s 00000000 08:06 528165                     /var/cache/fontconfig/1ac9eb803944fde146138c791f5cc56a-le64.cache-4
7fbf33260000-7fbf33261000 r--s 00000000 08:06 528164                     /var/cache/fontconfig/b95bc8ffbebda2bbdae4265e45b8178d-le64.cache-4
7fbf33261000-7fbf33265000 r--s 00000000 08:06 528163                     /var/cache/fontconfig/385c0604a188198f04d133e54aba7fe7-le64.cache-4
7fbf33265000-7fbf33266000 r--s 00000000 08:06 528162                     /var/cache/fontconfig/9c956a7723ca69a44b382d9179c9802f-le64.cache-4
7fbf33266000-7fbf33267000 r--s 00000000 08:06 528161                     /var/cache/fontconfig/dc05db6664285cc2f12bf69c139ae4c3-le64.cache-4
7fbf33267000-7fbf332a2000 r--s 00000000 08:06 528154                     /var/cache/fontconfig/365b55f210c0a22e9a19e35191240f32-le64.cache-4
7fbf335b5000-7fbf335df000 r-xp 00000000 08:02 3148396                    /usr/lib/jvm/java-7-oracle/jre/lib/amd64/libdcpr.so
7fbf335df000-7fbf337df000 ---p 0002a000 08:02 3148396                    /usr/lib/jvm/java-7-oracle/jre/lib/amd64/libdcpr.so
7fbf337df000-7fbf337e2000 rw-p 0002a000 08:02 3148396                    /usr/lib/jvm/java-7-oracle/jre/lib/amd64/libdcpr.so
7fbf337e2000-7fbf33801000 rw-s 00000000 00:04 39419930                   /SYSV00000000 (deleted)
7fbf33816000-7fbf33850000 r-xp 00000000 08:02 3148404                    /usr/lib/jvm/java-7-oracle/jre/lib/amd64/libjpeg.so
7fbf33850000-7fbf33a50000 ---p 0003a000 08:02 3148404                    /usr/lib/jvm/java-7-oracle/jre/lib/amd64/libjpeg.so
7fbf33a50000-7fbf33a51000 rw-p 0003a000 08:02 3148404                    /usr/lib/jvm/java-7-oracle/jre/lib/amd64/libjpeg.so
7fbf33a55000-7fbf33a60000 rw-s 00000000 00:04 38961173                   /SYSV00000000 (deleted)
7fbf33a60000-7fbf33a6a000 r--s 00251000 08:02 3148603                    /usr/lib/jvm/java-7-oracle/jre/lib/resources.jar
7fbf33a6a000-7fbf33a6d000 ---p 00000000 00:00 0 
7fbf33a6d000-7fbf33b6b000 rw-p 00000000 00:00 0 
7fbf33b6b000-7fbf33bd4000 r-xp 00000000 08:02 3148415                    /usr/lib/jvm/java-7-oracle/jre/lib/amd64/libt2k.so
7fbf33bd4000-7fbf33dd3000 ---p 00069000 08:02 3148415                    /usr/lib/jvm/java-7-oracle/jre/lib/amd64/libt2k.so
7fbf33dd3000-7fbf33dda000 rw-p 00068000 08:02 3148415                    /usr/lib/jvm/java-7-oracle/jre/lib/amd64/libt2k.so
7fbf33dda000-7fbf33dea000 rw-p 00000000 00:00 0 
7fbf33dea000-7fbf33e00000 r-xp 00000000 08:02 2097170                    /lib/x86_64-linux-gnu/libgcc_s.so.1
7fbf33e00000-7fbf33fff000 ---p 00016000 08:02 2097170                    /lib/x86_64-linux-gnu/libgcc_s.so.1
7fbf33fff000-7fbf34000000 rw-p 00015000 08:02 2097170                    /lib/x86_64-linux-gnu/libgcc_s.so.1
7fbf34000000-7fbf34021000 rw-p 00000000 00:00 0 
7fbf34021000-7fbf38000000 ---p 00000000 00:00 0 
7fbf38000000-7fbf38001000 r--s 00000000 08:06 528160                     /var/cache/fontconfig/5d1cca7074f29429a8d18692746c2426-le64.cache-4
7fbf38001000-7fbf38003000 r--s 00000000 08:06 528159                     /var/cache/fontconfig/767a8244fc0220cfb567a839d0392e0b-le64.cache-4
7fbf38003000-7fbf38004000 r--s 00000000 08:06 524668                     /var/cache/fontconfig/4794a0821666d79190d59a36cb4f44b5-le64.cache-4
7fbf38004000-7fbf38005000 r--s 00000000 08:06 528157                     /var/cache/fontconfig/9eae20f1ff8cc0a7d125749e875856bd-le64.cache-4
7fbf38005000-7fbf38007000 r--s 00000000 08:06 528156                     /var/cache/fontconfig/bf2c1853a9e9b00bb02fe2e9bcf1e201-le64.cache-4
7fbf38007000-7fbf3800c000 r--s 00000000 08:06 528155                     /var/cache/fontconfig/8801497958630a81b71ace7c5f9b32a8-le64.cache-4
7fbf3800c000-7fbf38010000 r--s 00000000 08:06 528153                     /var/cache/fontconfig/c57959a16110560c8d0fcea73374aeeb-le64.cache-4
7fbf38010000-7fbf38017000 r--s 00000000 08:06 528152                     /var/cache/fontconfig/3047814df9a2f067bd2d96a2b9c36e5a-le64.cache-4
7fbf38017000-7fbf3801b000 r--s 00000000 08:06 528151                     /var/cache/fontconfig/bf3b770c553c462765856025a94f1ce6-le64.cache-4
7fbf3801b000-7fbf3801c000 r--s 00000000 08:06 528150                     /var/cache/fontconfig/56cf4f4769d0f4abc89a4895d7bd3ae1-le64.cache-4
7fbf3801c000-7fbf3801d000 r--s 00000000 08:06 528149                     /var/cache/fontconfig/b9d506c9ac06c20b433354fa67a72993-le64.cache-4
7fbf3801d000-7fbf38023000 r--s 00000000 08:06 528148                     /var/cache/fontconfig/b47c4e1ecd0709278f4910c18777a504-le64.cache-4
7fbf38023000-7fbf38026000 r--s 00000000 08:06 528147                     /var/cache/fontconfig/14d493b97896515cad3840ba4896e372-le64.cache-4
7fbf38026000-7fbf38027000 r--s 00000000 08:06 528146                     /var/cache/fontconfig/b68acf31ab8c3c6daeca6e2130bcfd36-le64.cache-4
7fbf38027000-7fbf38028000 r--s 00000000 08:06 528145                     /var/cache/fontconfig/89034621ae2a8922916bb6bfa5799546-le64.cache-4
7fbf38028000-7fbf3802b000 r--s 00000000 08:06 528144                     /var/cache/fontconfig/e49e89034d371f0f9de17aab02136486-le64.cache-4
7fbf3802b000-7fbf3802d000 r--s 00000000 08:06 528143                     /var/cache/fontconfig/4b14b093aebc79c320de5e86ae1d3314-le64.cache-4
7fbf3802d000-7fbf3802e000 r--s 00000000 08:06 528142                     /var/cache/fontconfig/8aec10f4cc8391dcef22ca549f1e4354-le64.cache-4
7fbf3802e000-7fbf38041000 r--s 00000000 08:06 528141                     /var/cache/fontconfig/d52a8644073d54c13679302ca1180695-le64.cache-4
7fbf38041000-7fbf38042000 r--s 00000000 08:06 528140                     /var/cache/fontconfig/8a687c406b77f27d99abfeeba937fcce-le64.cache-4
7fbf38042000-7fbf3804a000 r--s 00000000 08:06 528139                     /var/cache/fontconfig/105b9c7e6f0a4f82d8c9b6e39c52c6f9-le64.cache-4
7fbf3804a000-7fbf38053000 r--s 00000000 08:06 524660                     /var/cache/fontconfig/3f7329c5293ffd510edef78f73874cfd-le64.cache-4
7fbf38053000-7fbf38054000 r--s 00000000 08:06 528137                     /var/cache/fontconfig/ac2cf712d852da827a87a9baf682f5b9-le64.cache-4
7fbf38054000-7fbf38056000 r--s 00000000 08:06 528136                     /var/cache/fontconfig/65f976e5259cbe6dc7697b8648396239-le64.cache-4
7fbf38056000-7fbf38061000 r--s 00000000 08:06 528135                     /var/cache/fontconfig/d589a48862398ed80a3d6066f4f56f4c-le64.cache-4
7fbf38061000-7fbf38062000 r--s 00000000 08:06 528134                     /var/cache/fontconfig/94f7fe9bd33aadfac165873bd010d595-le64.cache-4
7fbf38062000-7fbf38064000 r--s 00000000 08:06 528133                     /var/cache/fontconfig/423767150eb258c59035de29db6fca84-le64.cache-4
7fbf38064000-7fbf38065000 r--s 00000000 08:06 528132                     /var/cache/fontconfig/845c20fd2c4814bcec78e05d37a63ccc-le64.cache-4
7fbf38065000-7fbf38066000 r--s 00000000 08:06 528131                     /var/cache/fontconfig/e7de81b01590fb7e12b38e274e17d0db-le64.cache-4
7fbf38066000-7fbf38067000 r--s 00000000 08:06 528130                     /var/cache/fontconfig/406a1d2d2bf3ed7664fbadefac0b2f66-le64.cache-4
7fbf38067000-7fbf38069000 r--s 00000000 08:06 528129                     /var/cache/fontconfig/67709b7835c0f764c1135060c9575660-le64.cache-4
7fbf38069000-7fbf38073000 r--s 00000000 08:06 528128                     /var/cache/fontconfig/198d8fcf01c96d0cf813f74fd759bdb7-le64.cache-4
7fbf38073000-7fbf38074000 r--s 00000000 08:06 528099                     /var/cache/fontconfig/0c9eb80ebd1c36541ebe2852d3bb0c49-le64.cache-4
7fbf38074000-7fbf3807f000 r--s 00000000 08:06 528125                     /var/cache/fontconfig/83bf95040141907cd45bb53cf7c1c148-le64.cache-4
7fbf3807f000-7fbf38081000 r--s 00000000 08:06 528124                     /var/cache/fontconfig/6e6b34ae150a7ad95e82fb4a522f0bda-le64.cache-4
7fbf38081000-7fbf38082000 r--s 00000000 08:06 528123                     /var/cache/fontconfig/3334a778d104e76d188e9df399bc24d2-le64.cache-4
7fbf38082000-7fbf38089000 r--s 00000000 08:06 528122                     /var/cache/fontconfig/53d14c92082a93e67d5078324eb314ca-le64.cache-4
7fbf38089000-7fbf3808d000 r--s 00000000 08:06 528121                     /var/cache/fontconfig/6c08beecf0dac481ec92e759e0c2e6d7-le64.cache-4
7fbf3808d000-7fbf38091000 r--s 00000000 08:06 528120                     /var/cache/fontconfig/4d6aee6d44eccb37054d3216e945f618-le64.cache-4
7fbf38091000-7fbf380b5000 r--s 00000000 08:06 528178                     /var/cache/fontconfig/cabbd14511b9e8a55e92af97fb3a0461-le64.cache-4
7fbf380b5000-7fbf380b8000 ---p 00000000 00:00 0 
7fbf380b8000-7fbf381b6000 rw-p 00000000 00:00 0                          [stack:12929]
7fbf381b6000-7fbf3821a000 r-xp 00000000 08:02 3148439                    /usr/lib/jvm/java-7-oracle/jre/lib/amd64/libfontmanager.so
7fbf3821a000-7fbf38419000 ---p 00064000 08:02 3148439                    /usr/lib/jvm/java-7-oracle/jre/lib/amd64/libfontmanager.so
7fbf38419000-7fbf3841e000 rw-p 00063000 08:02 3148439                    /usr/lib/jvm/java-7-oracle/jre/lib/amd64/libfontmanager.so
7fbf3841e000-7fbf3842e000 rw-p 00000000 00:00 0 
7fbf3842e000-7fbf38431000 ---p 00000000 00:00 0 
7fbf38431000-7fbf3852f000 rw-p 00000000 00:00 0                          [stack:12927]
7fbf3852f000-7fbf38532000 ---p 00000000 00:00 0 
7fbf38532000-7fbf38630000 rw-p 00000000 00:00 0                          [stack:12926]
7fbf38630000-7fbf38635000 r-xp 00000000 08:02 2368040                    /usr/lib/x86_64-linux-gnu/libXfixes.so.3.1.0
7fbf38635000-7fbf38834000 ---p 00005000 08:02 2368040                    /usr/lib/x86_64-linux-gnu/libXfixes.so.3.1.0
7fbf38834000-7fbf38835000 r--p 00004000 08:02 2368040                    /usr/lib/x86_64-linux-gnu/libXfixes.so.3.1.0
7fbf38835000-7fbf38836000 rw-p 00005000 08:02 2368040                    /usr/lib/x86_64-linux-gnu/libXfixes.so.3.1.0
7fbf38836000-7fbf3883f000 r-xp 00000000 08:02 2368044                    /usr/lib/x86_64-linux-gnu/libXcursor.so.1.0.2
7fbf3883f000-7fbf38a3e000 ---p 00009000 08:02 2368044                    /usr/lib/x86_64-linux-gnu/libXcursor.so.1.0.2
7fbf38a3e000-7fbf38a3f000 r--p 00008000 08:02 2368044                    /usr/lib/x86_64-linux-gnu/libXcursor.so.1.0.2
7fbf38a3f000-7fbf38a40000 rw-p 00009000 08:02 2368044                    /usr/lib/x86_64-linux-gnu/libXcursor.so.1.0.2
7fbf38a40000-7fbf38a45000 r-xp 00000000 08:02 2366535                    /usr/lib/x86_64-linux-gnu/libXdmcp.so.6.0.0
7fbf38a45000-7fbf38c44000 ---p 00005000 08:02 2366535                    /usr/lib/x86_64-linux-gnu/libXdmcp.so.6.0.0
7fbf38c44000-7fbf38c45000 r--p 00004000 08:02 2366535                    /usr/lib/x86_64-linux-gnu/libXdmcp.so.6.0.0
7fbf38c45000-7fbf38c46000 rw-p 00005000 08:02 2366535                    /usr/lib/x86_64-linux-gnu/libXdmcp.so.6.0.0
7fbf38c46000-7fbf38c48000 r-xp 00000000 08:02 2366532                    /usr/lib/x86_64-linux-gnu/libXau.so.6.0.0
7fbf38c48000-7fbf38e48000 ---p 00002000 08:02 2366532                    /usr/lib/x86_64-linux-gnu/libXau.so.6.0.0
7fbf38e48000-7fbf38e49000 r--p 00002000 08:02 2366532                    /usr/lib/x86_64-linux-gnu/libXau.so.6.0.0
7fbf38e49000-7fbf38e4a000 rw-p 00003000 08:02 2366532                    /usr/lib/x86_64-linux-gnu/libXau.so.6.0.0
7fbf38e4a000-7fbf38e67000 r-xp 00000000 08:02 2366538                    /usr/lib/x86_64-linux-gnu/libxcb.so.1.1.0
7fbf38e67000-7fbf39067000 ---p 0001d000 08:02 2366538                    /usr/lib/x86_64-linux-gnu/libxcb.so.1.1.0
7fbf39067000-7fbf39068000 r--p 0001d000 08:02 2366538                    /usr/lib/x86_64-linux-gnu/libxcb.so.1.1.0
7fbf39068000-7fbf39069000 rw-p 0001e000 08:02 2366538                    /usr/lib/x86_64-linux-gnu/libxcb.so.1.1.0
7fbf39069000-7fbf39078000 r-xp 00000000 08:02 2368052                    /usr/lib/x86_64-linux-gnu/libXi.so.6.1.0
7fbf39078000-7fbf39277000 ---p 0000f000 08:02 2368052                    /usr/lib/x86_64-linux-gnu/libXi.so.6.1.0
7fbf39277000-7fbf39278000 r--p 0000e000 08:02 2368052                    /usr/lib/x86_64-linux-gnu/libXi.so.6.1.0
7fbf39278000-7fbf39279000 rw-p 0000f000 08:02 2368052                    /usr/lib/x86_64-linux-gnu/libXi.so.6.1.0
7fbf39279000-7fbf3927e000 r-xp 00000000 08:02 2372115                    /usr/lib/x86_64-linux-gnu/libXtst.so.6.1.0
7fbf3927e000-7fbf3947d000 ---p 00005000 08:02 2372115                    /usr/lib/x86_64-linux-gnu/libXtst.so.6.1.0
7fbf3947d000-7fbf3947e000 r--p 00004000 08:02 2372115                    /usr/lib/x86_64-linux-gnu/libXtst.so.6.1.0
7fbf3947e000-7fbf3947f000 rw-p 00005000 08:02 2372115                    /usr/lib/x86_64-linux-gnu/libXtst.so.6.1.0
7fbf3947f000-7fbf39488000 r-xp 00000000 08:02 2367914                    /usr/lib/x86_64-linux-gnu/libXrender.so.1.3.0
7fbf39488000-7fbf39687000 ---p 00009000 08:02 2367914                    /usr/lib/x86_64-linux-gnu/libXrender.so.1.3.0
7fbf39687000-7fbf39688000 r--p 00008000 08:02 2367914                    /usr/lib/x86_64-linux-gnu/libXrender.so.1.3.0
7fbf39688000-7fbf39689000 rw-p 00009000 08:02 2367914                    /usr/lib/x86_64-linux-gnu/libXrender.so.1.3.0
7fbf39689000-7fbf397b9000 r-xp 00000000 08:02 2366546                    /usr/lib/x86_64-linux-gnu/libX11.so.6.3.0
7fbf397b9000-7fbf399b9000 ---p 00130000 08:02 2366546                    /usr/lib/x86_64-linux-gnu/libX11.so.6.3.0
7fbf399b9000-7fbf399ba000 r--p 00130000 08:02 2366546                    /usr/lib/x86_64-linux-gnu/libX11.so.6.3.0
7fbf399ba000-7fbf399be000 rw-p 00131000 08:02 2366546                    /usr/lib/x86_64-linux-gnu/libX11.so.6.3.0
7fbf399be000-7fbf399cf000 r-xp 00000000 08:02 2366552                    /usr/lib/x86_64-linux-gnu/libXext.so.6.4.0
7fbf399cf000-7fbf39bce000 ---p 00011000 08:02 2366552                    /usr/lib/x86_64-linux-gnu/libXext.so.6.4.0
7fbf39bce000-7fbf39bcf000 r--p 00010000 08:02 2366552                    /usr/lib/x86_64-linux-gnu/libXext.so.6.4.0
7fbf39bcf000-7fbf39bd0000 rw-p 00011000 08:02 2366552                    /usr/lib/x86_64-linux-gnu/libXext.so.6.4.0
7fbf39bd0000-7fbf39c20000 r-xp 00000000 08:02 3148433                    /usr/lib/jvm/java-7-oracle/jre/lib/amd64/xawt/libmawt.so
7fbf39c20000-7fbf39e20000 ---p 00050000 08:02 3148433                    /usr/lib/jvm/java-7-oracle/jre/lib/amd64/xawt/libmawt.so
7fbf39e20000-7fbf39e24000 rw-p 00050000 08:02 3148433                    /usr/lib/jvm/java-7-oracle/jre/lib/amd64/xawt/libmawt.so
7fbf39e24000-7fbf39e25000 rw-p 00000000 00:00 0 
7fbf39e25000-7fbf39ec7000 r-xp 00000000 08:02 3148435                    /usr/lib/jvm/java-7-oracle/jre/lib/amd64/libawt.so
7fbf39ec7000-7fbf3a0c7000 ---p 000a2000 08:02 3148435                    /usr/lib/jvm/java-7-oracle/jre/lib/amd64/libawt.so
7fbf3a0c7000-7fbf3a0d3000 rw-p 000a2000 08:02 3148435                    /usr/lib/jvm/java-7-oracle/jre/lib/amd64/libawt.so
7fbf3a0d3000-7fbf3a0f7000 rw-p 00000000 00:00 0 
7fbf3a0f7000-7fbf3a0fa000 ---p 00000000 00:00 0 
7fbf3a0fa000-7fbf3a1f8000 rw-p 00000000 00:00 0                          [stack:12925]
7fbf3a1f8000-7fbf3a1fb000 ---p 00000000 00:00 0 
7fbf3a1fb000-7fbf3a2f9000 rw-p 00000000 00:00 0                          [stack:12934]
7fbf3a2f9000-7fbf3a2fc000 ---p 00000000 00:00 0 
7fbf3a2fc000-7fbf3a3fa000 rw-p 00000000 00:00 0                          [stack:12917]
7fbf3a3fa000-7fbf3a40a000 r-xp 00000000 08:02 3148423                    /usr/lib/jvm/java-7-oracle/jre/lib/amd64/libnio.so
7fbf3a40a000-7fbf3a60a000 ---p 00010000 08:02 3148423                    /usr/lib/jvm/java-7-oracle/jre/lib/amd64/libnio.so
7fbf3a60a000-7fbf3a60b000 rw-p 00010000 08:02 3148423                    /usr/lib/jvm/java-7-oracle/jre/lib/amd64/libnio.so
7fbf3a60b000-7fbf3a60e000 ---p 00000000 00:00 0 
7fbf3a60e000-7fbf3a70c000 rw-p 00000000 00:00 0                          [stack:12919]
7fbf3a70c000-7fbf3a70f000 ---p 00000000 00:00 0 
7fbf3a70f000-7fbf3a80d000 rw-p 00000000 00:00 0                          [stack:13659]
7fbf3a80d000-7fbf3a823000 r-xp 00000000 08:02 3148438                    /usr/lib/jvm/java-7-oracle/jre/lib/amd64/libnet.so
7fbf3a823000-7fbf3aa23000 ---p 00016000 08:02 3148438                    /usr/lib/jvm/java-7-oracle/jre/lib/amd64/libnet.so
7fbf3aa23000-7fbf3aa24000 rw-p 00016000 08:02 3148438                    /usr/lib/jvm/java-7-oracle/jre/lib/amd64/libnet.so
7fbf3aa24000-7fbf3aa27000 ---p 00000000 00:00 0 
7fbf3aa27000-7fbf3ab25000 rw-p 00000000 00:00 0                          [stack:12916]
7fbf3ab25000-7fbf3ab28000 ---p 00000000 00:00 0 
7fbf3ab28000-7fbf3ac26000 rw-p 00000000 00:00 0                          [stack:12910]
7fbf3ac26000-7fbf3ac29000 ---p 00000000 00:00 0 
7fbf3ac29000-7fbf3ad27000 rw-p 00000000 00:00 0                          [stack:12924]
7fbf3ad27000-7fbf3ad28000 ---p 00000000 00:00 0 
7fbf3ad28000-7fbf3ae28000 rw-p 00000000 00:00 0                          [stack:12908]
7fbf3ae28000-7fbf3ae2b000 ---p 00000000 00:00 0 
7fbf3ae2b000-7fbf3af29000 rw-p 00000000 00:00 0                          [stack:12907]
7fbf3af29000-7fbf3af2c000 ---p 00000000 00:00 0 
7fbf3af2c000-7fbf3b02a000 rw-p 00000000 00:00 0                          [stack:12906]
7fbf3b02a000-7fbf3b02d000 ---p 00000000 00:00 0 
7fbf3b02d000-7fbf3b12b000 rw-p 00000000 00:00 0                          [stack:12905]
7fbf3b12b000-7fbf3b12e000 ---p 00000000 00:00 0 
7fbf3b12e000-7fbf3b22c000 rw-p 00000000 00:00 0                          [stack:12904]
7fbf3b22c000-7fbf3b4f5000 r--p 00000000 08:02 2359436                    /usr/lib/locale/locale-archive
7fbf3b4f5000-7fbf3b4f8000 ---p 00000000 00:00 0 
7fbf3b4f8000-7fbf3b5f6000 rw-p 00000000 00:00 0                          [stack:12903]
7fbf3b5f6000-7fbf3b5f9000 ---p 00000000 00:00 0 
7fbf3b5f9000-7fbf3b6f7000 rw-p 00000000 00:00 0                          [stack:12902]
7fbf3b6f7000-7fbf3b6f8000 ---p 00000000 00:00 0 
7fbf3b6f8000-7fbf3c000000 rw-p 00000000 00:00 0                          [stack:12901]
7fbf3c000000-7fbf3c021000 rw-p 00000000 00:00 0 
7fbf3c021000-7fbf40000000 ---p 00000000 00:00 0 
7fbf40000000-7fbf40004000 r--s 00000000 08:06 528119                     /var/cache/fontconfig/d6c6df98c3df5faf9bd0f8ef4d91efe5-le64.cache-4
7fbf40004000-7fbf40008000 r--s 00000000 08:06 528118                     /var/cache/fontconfig/9fb319ef52839f11ee26ab8b4cffa12b-le64.cache-4
7fbf40008000-7fbf4001b000 r--s 00000000 08:06 528117                     /var/cache/fontconfig/4ac51e5cfbc76fc3f983e470323a16d3-le64.cache-4
7fbf4001b000-7fbf4001e000 r--s 00000000 08:06 528116                     /var/cache/fontconfig/c19b55eb3b4c5b40ea175e31682068a5-le64.cache-4
7fbf4001e000-7fbf4001f000 r--s 00000000 08:06 528115                     /var/cache/fontconfig/c277e94e32b20404286a1ddafa5a80f0-le64.cache-4
7fbf4001f000-7fbf40020000 r--s 00000000 08:06 528114                     /var/cache/fontconfig/62f91419b9ebdb6975e7e41ab6412357-le64.cache-4
7fbf40020000-7fbf40023000 r--s 00000000 08:06 528097                     /var/cache/fontconfig/de83a0a961185c8bd1f159015d56c039-le64.cache-4
7fbf40023000-7fbf40044000 r--s 00000000 08:06 528103                     /var/cache/fontconfig/e13b20fdb08344e0e664864cc2ede53d-le64.cache-4
7fbf40044000-7fbf40045000 r--s 00000000 08:06 528177                     /var/cache/fontconfig/b02d45936449360bc6a42a71f2ff5d6e-le64.cache-4
7fbf40045000-7fbf4004a000 r--s 00000000 08:06 528127                     /var/cache/fontconfig/7ef2298fde41cc6eeb7af42e48b7d293-le64.cache-4
7fbf4004a000-7fbf4004c000 r--s 00000000 08:06 524672                     /var/cache/fontconfig/16326683038b281783a0ef8c680e3a10-le64.cache-4
7fbf4004c000-7fbf40059000 r--s 00000000 08:06 524671                     /var/cache/fontconfig/8f02d4cb045bd6ce15663e43f347c9f8-le64.cache-4
7fbf40059000-7fbf4005a000 r--s 00000000 08:06 524670                     /var/cache/fontconfig/e0aa53bcfa504e64f87823c16bc01eb6-le64.cache-4
7fbf4005a000-7fbf40078000 r--s 00000000 08:06 524610                     /var/cache/fontconfig/467c019e582ee353435ea5c21d137ef6-le64.cache-4
7fbf40078000-7fbf40079000 r--p 00000000 08:02 3540547                    /usr/share/locale-langpack/en_GB/LC_MESSAGES/libc.mo
7fbf40079000-7fbf40084000 r--s 0037c000 08:02 3149095                    /usr/lib/jvm/java-7-oracle/jre/lib/charsets.jar
7fbf40084000-7fbf400b9000 r--s 00000000 08:06 524399                     /var/cache/nscd/hosts
7fbf400b9000-7fbf400bb000 r--s 00013000 00:b7 18814896                   /usr/userfs/a/aef517/workspace/taxe-game/lib/miglayout15-swing.jar
7fbf400bb000-7fbf400be000 r--s 0001d000 00:b7 80895686                   /usr/userfs/a/aef517/workspace/taxe-game/lib/jgoodies-forms-1.8.0.jar
7fbf400be000-7fbf400c1000 r--s 00028000 00:b7 80895675                   /usr/userfs/a/aef517/workspace/taxe-game/lib/jgoodies-forms-1.8.0-sources.jar
7fbf400c1000-7fbf400c4000 r--s 00019000 08:02 3148597                    /usr/lib/jvm/java-7-oracle/jre/lib/jce.jar
7fbf400c4000-7fbf400c8000 r--s 000f7000 08:02 3148496                    /usr/lib/jvm/java-7-oracle/jre/lib/ext/localedata.jar
7fbf400c8000-7fbf400cd000 r--s 0008a000 08:02 3148601                    /usr/lib/jvm/java-7-oracle/jre/lib/jsse.jar
7fbf400cd000-7fbf400d0000 r--s 0000e000 00:b7 80895693                   /usr/userfs/a/aef517/workspace/taxe-game/lib/awaitility-1.6.2.jar
7fbf400d0000-7fbf41000000 rw-p 00000000 00:00 0 
7fbf41000000-7fbf41270000 rwxp 00000000 00:00 0 
7fbf41270000-7fbf44306000 rw-p 00000000 00:00 0 
7fbf44306000-7fbf48000000 ---p 00000000 00:00 0 
7fbf48000000-7fbf48006000 r--s 00036000 08:02 5915924                    /opt/york/cs/hdd/eclipse-java-4.4/plugins/org.junit_4.11.0.v201303080030/junit.jar
7fbf48006000-7fbf48014000 r--s 00079000 00:b7 67425486                   /usr/userfs/a/aef517/workspace/taxe-game/lib/socket.io-client-java.jar
7fbf48014000-7fbf4854a000 rw-p 00000000 00:00 0 
7fbf4854a000-7fbf4870a000 r--s 039ea000 08:02 3148382                    /usr/lib/jvm/java-7-oracle/jre/lib/rt.jar
7fbf4870a000-7fbf48ff3000 rw-p 00000000 00:00 0 
7fbf48ff3000-7fbf48ff4000 ---p 00000000 00:00 0 
7fbf48ff4000-7fbf490f4000 rw-p 00000000 00:00 0                          [stack:12900]
7fbf490f4000-7fbf490f5000 ---p 00000000 00:00 0 
7fbf490f5000-7fbf491f5000 rw-p 00000000 00:00 0                          [stack:12899]
7fbf491f5000-7fbf491f6000 ---p 00000000 00:00 0 
7fbf491f6000-7fbf492f6000 rw-p 00000000 00:00 0                          [stack:12898]
7fbf492f6000-7fbf492f7000 ---p 00000000 00:00 0 
7fbf492f7000-7fbf493f7000 rw-p 00000000 00:00 0                          [stack:12897]
7fbf493f7000-7fbf493f8000 ---p 00000000 00:00 0 
7fbf493f8000-7fbf494f8000 rw-p 00000000 00:00 0                          [stack:12896]
7fbf494f8000-7fbf494f9000 ---p 00000000 00:00 0 
7fbf494f9000-7fbf495f9000 rw-p 00000000 00:00 0                          [stack:12895]
7fbf495f9000-7fbf495fa000 ---p 00000000 00:00 0 
7fbf495fa000-7fbf496fa000 rw-p 00000000 00:00 0                          [stack:12894]
7fbf496fa000-7fbf496fb000 ---p 00000000 00:00 0 
7fbf496fb000-7fbf4984e000 rw-p 00000000 00:00 0                          [stack:12893]
7fbf4984e000-7fbf49d2b000 rw-p 00000000 00:00 0 
7fbf49d2b000-7fbf49d36000 rw-p 00000000 00:00 0 
7fbf49d36000-7fbf49d54000 rw-p 00000000 00:00 0 
7fbf49d54000-7fbf49da7000 rw-p 00000000 00:00 0 
7fbf49da7000-7fbf4a283000 rw-p 00000000 00:00 0 
7fbf4a283000-7fbf4a2ad000 rw-p 00000000 00:00 0 
7fbf4a2ad000-7fbf4a51b000 rw-p 00000000 00:00 0 
7fbf4a51b000-7fbf4a526000 rw-p 00000000 00:00 0 
7fbf4a526000-7fbf4a5dc000 rw-p 00000000 00:00 0 
7fbf4a5dc000-7fbf4a5f6000 r-xp 00000000 08:02 3148420                    /usr/lib/jvm/java-7-oracle/jre/lib/amd64/libzip.so
7fbf4a5f6000-7fbf4a7f6000 ---p 0001a000 08:02 3148420                    /usr/lib/jvm/java-7-oracle/jre/lib/amd64/libzip.so
7fbf4a7f6000-7fbf4a7f7000 rw-p 0001a000 08:02 3148420                    /usr/lib/jvm/java-7-oracle/jre/lib/amd64/libzip.so
7fbf4a7f7000-7fbf4a820000 r-xp 00000000 08:02 3148403                    /usr/lib/jvm/java-7-oracle/jre/lib/amd64/libjava.so
7fbf4a820000-7fbf4aa20000 ---p 00029000 08:02 3148403                    /usr/lib/jvm/java-7-oracle/jre/lib/amd64/libjava.so
7fbf4aa20000-7fbf4aa22000 rw-p 00029000 08:02 3148403                    /usr/lib/jvm/java-7-oracle/jre/lib/amd64/libjava.so
7fbf4aa22000-7fbf4aa2f000 r-xp 00000000 08:02 3148416                    /usr/lib/jvm/java-7-oracle/jre/lib/amd64/libverify.so
7fbf4aa2f000-7fbf4ac2e000 ---p 0000d000 08:02 3148416                    /usr/lib/jvm/java-7-oracle/jre/lib/amd64/libverify.so
7fbf4ac2e000-7fbf4ac30000 rw-p 0000c000 08:02 3148416                    /usr/lib/jvm/java-7-oracle/jre/lib/amd64/libverify.so
7fbf4ac30000-7fbf4ac37000 r-xp 00000000 08:02 2099750                    /lib/x86_64-linux-gnu/librt-2.19.so
7fbf4ac37000-7fbf4ae36000 ---p 00007000 08:02 2099750                    /lib/x86_64-linux-gnu/librt-2.19.so
7fbf4ae36000-7fbf4ae37000 r--p 00006000 08:02 2099750                    /lib/x86_64-linux-gnu/librt-2.19.so
7fbf4ae37000-7fbf4ae38000 rw-p 00007000 08:02 2099750                    /lib/x86_64-linux-gnu/librt-2.19.so
7fbf4ae38000-7fbf4af3d000 r-xp 00000000 08:02 2102472                    /lib/x86_64-linux-gnu/libm-2.19.so
7fbf4af3d000-7fbf4b13c000 ---p 00105000 08:02 2102472                    /lib/x86_64-linux-gnu/libm-2.19.so
7fbf4b13c000-7fbf4b13d000 r--p 00104000 08:02 2102472                    /lib/x86_64-linux-gnu/libm-2.19.so
7fbf4b13d000-7fbf4b13e000 rw-p 00105000 08:02 2102472                    /lib/x86_64-linux-gnu/libm-2.19.so
7fbf4b13e000-7fbf4bcb1000 r-xp 00000000 08:02 3148411                    /usr/lib/jvm/java-7-oracle/jre/lib/amd64/server/libjvm.so
7fbf4bcb1000-7fbf4beb0000 ---p 00b73000 08:02 3148411                    /usr/lib/jvm/java-7-oracle/jre/lib/amd64/server/libjvm.so
7fbf4beb0000-7fbf4bf74000 rw-p 00b72000 08:02 3148411                    /usr/lib/jvm/java-7-oracle/jre/lib/amd64/server/libjvm.so
7fbf4bf74000-7fbf4bfb5000 rw-p 00000000 00:00 0 
7fbf4bfb5000-7fbf4c170000 r-xp 00000000 08:02 2097340                    /lib/x86_64-linux-gnu/libc-2.19.so
7fbf4c170000-7fbf4c370000 ---p 001bb000 08:02 2097340                    /lib/x86_64-linux-gnu/libc-2.19.so
7fbf4c370000-7fbf4c374000 r--p 001bb000 08:02 2097340                    /lib/x86_64-linux-gnu/libc-2.19.so
7fbf4c374000-7fbf4c376000 rw-p 001bf000 08:02 2097340                    /lib/x86_64-linux-gnu/libc-2.19.so
7fbf4c376000-7fbf4c37b000 rw-p 00000000 00:00 0 
7fbf4c37b000-7fbf4c37e000 r-xp 00000000 08:02 2099753                    /lib/x86_64-linux-gnu/libdl-2.19.so
7fbf4c37e000-7fbf4c57d000 ---p 00003000 08:02 2099753                    /lib/x86_64-linux-gnu/libdl-2.19.so
7fbf4c57d000-7fbf4c57e000 r--p 00002000 08:02 2099753                    /lib/x86_64-linux-gnu/libdl-2.19.so
7fbf4c57e000-7fbf4c57f000 rw-p 00003000 08:02 2099753                    /lib/x86_64-linux-gnu/libdl-2.19.so
7fbf4c57f000-7fbf4c595000 r-xp 00000000 08:02 3145991                    /usr/lib/jvm/java-7-oracle/lib/amd64/jli/libjli.so
7fbf4c595000-7fbf4c795000 ---p 00016000 08:02 3145991                    /usr/lib/jvm/java-7-oracle/lib/amd64/jli/libjli.so
7fbf4c795000-7fbf4c796000 rw-p 00016000 08:02 3145991                    /usr/lib/jvm/java-7-oracle/lib/amd64/jli/libjli.so
7fbf4c796000-7fbf4c7af000 r-xp 00000000 08:02 2102483                    /lib/x86_64-linux-gnu/libpthread-2.19.so
7fbf4c7af000-7fbf4c9ae000 ---p 00019000 08:02 2102483                    /lib/x86_64-linux-gnu/libpthread-2.19.so
7fbf4c9ae000-7fbf4c9af000 r--p 00018000 08:02 2102483                    /lib/x86_64-linux-gnu/libpthread-2.19.so
7fbf4c9af000-7fbf4c9b0000 rw-p 00019000 08:02 2102483                    /lib/x86_64-linux-gnu/libpthread-2.19.so
7fbf4c9b0000-7fbf4c9b4000 rw-p 00000000 00:00 0 
7fbf4c9b4000-7fbf4c9d7000 r-xp 00000000 08:02 2097200                    /lib/x86_64-linux-gnu/ld-2.19.so
7fbf4c9d7000-7fbf4c9d9000 r--s 0000c000 08:02 5519135                    /opt/york/cs/hdd/eclipse-java-4.4/plugins/org.hamcrest.core_1.3.0.v201303031735.jar
7fbf4c9d9000-7fbf4c9dc000 r--s 00017000 00:b7 80895690                   /usr/userfs/a/aef517/workspace/taxe-game/lib/Java-WebSocket-1.3.0.jar
7fbf4c9dc000-7fbf4c9de000 r--s 0001c000 00:b7 67425482                   /usr/userfs/a/aef517/workspace/taxe-game/lib/org.json-chargebee-1.0-javadoc.jar
7fbf4c9de000-7fbf4c9e5000 r--s 0005e000 00:b7 80895695                   /usr/userfs/a/aef517/workspace/taxe-game/lib/commons-lang3-3.3.2.jar
7fbf4c9e5000-7fbf4c9ee000 r--s 000fe000 00:b7 80895694                   /usr/userfs/a/aef517/workspace/taxe-game/lib/commons-lang3-3.3.2-javadoc.jar
7fbf4c9ee000-7fbf4c9f1000 r--s 00016000 00:b7 67425479                   /usr/userfs/a/aef517/workspace/taxe-game/lib/engine.io-client-0.3.1.jar
7fbf4c9f1000-7fbf4ca4c000 rw-p 00000000 00:00 0 
7fbf4ca4c000-7fbf4ca6a000 rw-p 00000000 00:00 0 
7fbf4ca6a000-7fbf4ca9f000 r--s 00000000 08:06 524393                     /var/cache/nscd/passwd
7fbf4ca9f000-7fbf4caa2000 ---p 00000000 00:00 0 
7fbf4caa2000-7fbf4cba4000 rw-p 00000000 00:00 0                          [stack:12892]
7fbf4cba4000-7fbf4cba5000 r--s 00009000 00:b7 67425485                   /usr/userfs/a/aef517/workspace/taxe-game/lib/org.json-chargebee-1.0.jar
7fbf4cba5000-7fbf4cba9000 r--s 00029000 00:b7 67425478                   /usr/userfs/a/aef517/workspace/taxe-game/lib/engine.io-client-0.3.1-javadoc.jar
7fbf4cba9000-7fbf4cbca000 rw-p 00000000 00:00 0 
7fbf4cbca000-7fbf4cbd2000 rw-s 00000000 08:02 5917752                    /tmp/hsperfdata_aef517/12886
7fbf4cbd2000-7fbf4cbd3000 rw-p 00000000 00:00 0 
7fbf4cbd3000-7fbf4cbd4000 r--p 00000000 00:00 0 
7fbf4cbd4000-7fbf4cbd6000 rw-p 00000000 00:00 0 
7fbf4cbd6000-7fbf4cbd7000 r--p 00022000 08:02 2097200                    /lib/x86_64-linux-gnu/ld-2.19.so
7fbf4cbd7000-7fbf4cbd8000 rw-p 00023000 08:02 2097200                    /lib/x86_64-linux-gnu/ld-2.19.so
7fbf4cbd8000-7fbf4cbd9000 rw-p 00000000 00:00 0 
7fff7af04000-7fff7af25000 rw-p 00000000 00:00 0                          [stack]
7fff7af40000-7fff7af42000 r-xp 00000000 00:00 0                          [vdso]
ffffffffff600000-ffffffffff601000 r-xp 00000000 00:00 0                  [vsyscall]

VM Arguments:
jvm_args: -Dfile.encoding=UTF-8 
java_command: com.eep.taxe.Game
Launcher Type: SUN_STANDARD

Environment Variables:
PATH=/usr/userfs/a/aef517/.local/bin:/usr/local/sbin:/usr/local/bin:/usr/sbin:/usr/bin:/sbin:/bin:/usr/games:/usr/local/games
SHELL=/bin/bash
DISPLAY=:0

Signal Handlers:
SIGSEGV: [libjvm.so+0x9a1a10], sa_mask[0]=0x7ffbfeff, sa_flags=0x10000004
SIGBUS: [libjvm.so+0x9a1a10], sa_mask[0]=0x7ffbfeff, sa_flags=0x10000004
SIGFPE: [libjvm.so+0x81bae0], sa_mask[0]=0x7ffbfeff, sa_flags=0x10000004
SIGPIPE: [libjvm.so+0x81bae0], sa_mask[0]=0x7ffbfeff, sa_flags=0x10000004
SIGXFSZ: [libjvm.so+0x81bae0], sa_mask[0]=0x7ffbfeff, sa_flags=0x10000004
SIGILL: [libjvm.so+0x81bae0], sa_mask[0]=0x7ffbfeff, sa_flags=0x10000004
SIGUSR1: SIG_DFL, sa_mask[0]=0x00000000, sa_flags=0x00000000
SIGUSR2: [libjvm.so+0x81d2e0], sa_mask[0]=0x00000004, sa_flags=0x10000004
SIGHUP: [libjvm.so+0x81e400], sa_mask[0]=0x7ffbfeff, sa_flags=0x10000004
SIGINT: [libjvm.so+0x81e400], sa_mask[0]=0x7ffbfeff, sa_flags=0x10000004
SIGTERM: [libjvm.so+0x81e400], sa_mask[0]=0x7ffbfeff, sa_flags=0x10000004
SIGQUIT: [libjvm.so+0x81e400], sa_mask[0]=0x7ffbfeff, sa_flags=0x10000004


---------------  S Y S T E M  ---------------

OS:jessie/sid

uname:Linux 3.13.0-44-generic #73-Ubuntu SMP Tue Dec 16 00:22:43 UTC 2014 x86_64
libc:glibc 2.19 NPTL 2.19 
rlimit: STACK 8192k, CORE 0k, NPROC 127196, NOFILE 4096, AS infinity
load average:0.59 0.22 0.16

/proc/meminfo:
MemTotal:       16302852 kB
MemFree:        12097872 kB
Buffers:          360624 kB
Cached:          1724380 kB
SwapCached:            0 kB
Active:          2417116 kB
Inactive:        1376744 kB
Active(anon):    1718756 kB
Inactive(anon):   308280 kB
Active(file):     698360 kB
Inactive(file):  1068464 kB
Unevictable:         172 kB
Mlocked:             196 kB
SwapTotal:      16382972 kB
SwapFree:       16382972 kB
Dirty:               288 kB
Writeback:            12 kB
AnonPages:       1708308 kB
Mapped:           154824 kB
Shmem:            317616 kB
Slab:             229104 kB
SReclaimable:     186324 kB
SUnreclaim:        42780 kB
KernelStack:        7424 kB
PageTables:        15748 kB
NFS_Unstable:          0 kB
Bounce:                0 kB
WritebackTmp:          0 kB
CommitLimit:    24534396 kB
Committed_AS:    5680716 kB
VmallocTotal:   34359738367 kB
VmallocUsed:      374804 kB
VmallocChunk:   34359356688 kB
HardwareCorrupted:     0 kB
AnonHugePages:   1402880 kB
HugePages_Total:       0
HugePages_Free:        0
HugePages_Rsvd:        0
HugePages_Surp:        0
Hugepagesize:       2048 kB
DirectMap4k:       65544 kB
DirectMap2M:     2949120 kB
DirectMap1G:    13631488 kB


CPU:total 8 (4 cores per cpu, 2 threads per core) family 6 model 60 stepping 3, cmov, cx8, fxsr, mmx, sse, sse2, sse3, ssse3, sse4.1, sse4.2, popcnt, avx, avx2, aes, erms, ht, tsc, tscinvbit

/proc/cpuinfo:
processor	: 0
vendor_id	: GenuineIntel
cpu family	: 6
model		: 60
model name	: Intel(R) Core(TM) i7-4770 CPU @ 3.40GHz
stepping	: 3
microcode	: 0x12
cpu MHz		: 3401.000
cache size	: 8192 KB
physical id	: 0
siblings	: 8
core id		: 0
cpu cores	: 4
apicid		: 0
initial apicid	: 0
fpu		: yes
fpu_exception	: yes
cpuid level	: 13
wp		: yes
flags		: fpu vme de pse tsc msr pae mce cx8 apic sep mtrr pge mca cmov pat pse36 clflush dts acpi mmx fxsr sse sse2 ss ht tm pbe syscall nx pdpe1gb rdtscp lm constant_tsc arch_perfmon pebs bts rep_good nopl xtopology nonstop_tsc aperfmperf eagerfpu pni pclmulqdq dtes64 monitor ds_cpl vmx smx est tm2 ssse3 fma cx16 xtpr pdcm pcid sse4_1 sse4_2 x2apic movbe popcnt tsc_deadline_timer aes xsave avx f16c rdrand lahf_lm abm ida arat epb xsaveopt pln pts dtherm tpr_shadow vnmi flexpriority ept vpid fsgsbase tsc_adjust bmi1 hle avx2 smep bmi2 erms invpcid rtm
bogomips	: 6784.79
clflush size	: 64
cache_alignment	: 64
address sizes	: 39 bits physical, 48 bits virtual
power management:

processor	: 1
vendor_id	: GenuineIntel
cpu family	: 6
model		: 60
model name	: Intel(R) Core(TM) i7-4770 CPU @ 3.40GHz
stepping	: 3
microcode	: 0x12
cpu MHz		: 3401.000
cache size	: 8192 KB
physical id	: 0
siblings	: 8
core id		: 1
cpu cores	: 4
apicid		: 2
initial apicid	: 2
fpu		: yes
fpu_exception	: yes
cpuid level	: 13
wp		: yes
flags		: fpu vme de pse tsc msr pae mce cx8 apic sep mtrr pge mca cmov pat pse36 clflush dts acpi mmx fxsr sse sse2 ss ht tm pbe syscall nx pdpe1gb rdtscp lm constant_tsc arch_perfmon pebs bts rep_good nopl xtopology nonstop_tsc aperfmperf eagerfpu pni pclmulqdq dtes64 monitor ds_cpl vmx smx est tm2 ssse3 fma cx16 xtpr pdcm pcid sse4_1 sse4_2 x2apic movbe popcnt tsc_deadline_timer aes xsave avx f16c rdrand lahf_lm abm ida arat epb xsaveopt pln pts dtherm tpr_shadow vnmi flexpriority ept vpid fsgsbase tsc_adjust bmi1 hle avx2 smep bmi2 erms invpcid rtm
bogomips	: 6784.79
clflush size	: 64
cache_alignment	: 64
address sizes	: 39 bits physical, 48 bits virtual
power management:

processor	: 2
vendor_id	: GenuineIntel
cpu family	: 6
model		: 60
model name	: Intel(R) Core(TM) i7-4770 CPU @ 3.40GHz
stepping	: 3
microcode	: 0x12
cpu MHz		: 3401.000
cache size	: 8192 KB
physical id	: 0
siblings	: 8
core id		: 2
cpu cores	: 4
apicid		: 4
initial apicid	: 4
fpu		: yes
fpu_exception	: yes
cpuid level	: 13
wp		: yes
flags		: fpu vme de pse tsc msr pae mce cx8 apic sep mtrr pge mca cmov pat pse36 clflush dts acpi mmx fxsr sse sse2 ss ht tm pbe syscall nx pdpe1gb rdtscp lm constant_tsc arch_perfmon pebs bts rep_good nopl xtopology nonstop_tsc aperfmperf eagerfpu pni pclmulqdq dtes64 monitor ds_cpl vmx smx est tm2 ssse3 fma cx16 xtpr pdcm pcid sse4_1 sse4_2 x2apic movbe popcnt tsc_deadline_timer aes xsave avx f16c rdrand lahf_lm abm ida arat epb xsaveopt pln pts dtherm tpr_shadow vnmi flexpriority ept vpid fsgsbase tsc_adjust bmi1 hle avx2 smep bmi2 erms invpcid rtm
bogomips	: 6784.79
clflush size	: 64
cache_alignment	: 64
address sizes	: 39 bits physical, 48 bits virtual
power management:

processor	: 3
vendor_id	: GenuineIntel
cpu family	: 6
model		: 60
model name	: Intel(R) Core(TM) i7-4770 CPU @ 3.40GHz
stepping	: 3
microcode	: 0x12
cpu MHz		: 3401.000
cache size	: 8192 KB
physical id	: 0
siblings	: 8
core id		: 3
cpu cores	: 4
apicid		: 6
initial apicid	: 6
fpu		: yes
fpu_exception	: yes
cpuid level	: 13
wp		: yes
flags		: fpu vme de pse tsc msr pae mce cx8 apic sep mtrr pge mca cmov pat pse36 clflush dts acpi mmx fxsr sse sse2 ss ht tm pbe syscall nx pdpe1gb rdtscp lm constant_tsc arch_perfmon pebs bts rep_good nopl xtopology nonstop_tsc aperfmperf eagerfpu pni pclmulqdq dtes64 monitor ds_cpl vmx smx est tm2 ssse3 fma cx16 xtpr pdcm pcid sse4_1 sse4_2 x2apic movbe popcnt tsc_deadline_timer aes xsave avx f16c rdrand lahf_lm abm ida arat epb xsaveopt pln pts dtherm tpr_shadow vnmi flexpriority ept vpid fsgsbase tsc_adjust bmi1 hle avx2 smep bmi2 erms invpcid rtm
bogomips	: 6784.79
clflush size	: 64
cache_alignment	: 64
address sizes	: 39 bits physical, 48 bits virtual
power management:

processor	: 4
vendor_id	: GenuineIntel
cpu family	: 6
model		: 60
model name	: Intel(R) Core(TM) i7-4770 CPU @ 3.40GHz
stepping	: 3
microcode	: 0x12
cpu MHz		: 3401.000
cache size	: 8192 KB
physical id	: 0
siblings	: 8
core id		: 0
cpu cores	: 4
apicid		: 1
initial apicid	: 1
fpu		: yes
fpu_exception	: yes
cpuid level	: 13
wp		: yes
flags		: fpu vme de pse tsc msr pae mce cx8 apic sep mtrr pge mca cmov pat pse36 clflush dts acpi mmx fxsr sse sse2 ss ht tm pbe syscall nx pdpe1gb rdtscp lm constant_tsc arch_perfmon pebs bts rep_good nopl xtopology nonstop_tsc aperfmperf eagerfpu pni pclmulqdq dtes64 monitor ds_cpl vmx smx est tm2 ssse3 fma cx16 xtpr pdcm pcid sse4_1 sse4_2 x2apic movbe popcnt tsc_deadline_timer aes xsave avx f16c rdrand lahf_lm abm ida arat epb xsaveopt pln pts dtherm tpr_shadow vnmi flexpriority ept vpid fsgsbase tsc_adjust bmi1 hle avx2 smep bmi2 erms invpcid rtm
bogomips	: 6784.79
clflush size	: 64
cache_alignment	: 64
address sizes	: 39 bits physical, 48 bits virtual
power management:

processor	: 5
vendor_id	: GenuineIntel
cpu family	: 6
model		: 60
model name	: Intel(R) Core(TM) i7-4770 CPU @ 3.40GHz
stepping	: 3
microcode	: 0x12
cpu MHz		: 3401.000
cache size	: 8192 KB
physical id	: 0
siblings	: 8
core id		: 1
cpu cores	: 4
apicid		: 3
initial apicid	: 3
fpu		: yes
fpu_exception	: yes
cpuid level	: 13
wp		: yes
flags		: fpu vme de pse tsc msr pae mce cx8 apic sep mtrr pge mca cmov pat pse36 clflush dts acpi mmx fxsr sse sse2 ss ht tm pbe syscall nx pdpe1gb rdtscp lm constant_tsc arch_perfmon pebs bts rep_good nopl xtopology nonstop_tsc aperfmperf eagerfpu pni pclmulqdq dtes64 monitor ds_cpl vmx smx est tm2 ssse3 fma cx16 xtpr pdcm pcid sse4_1 sse4_2 x2apic movbe popcnt tsc_deadline_timer aes xsave avx f16c rdrand lahf_lm abm ida arat epb xsaveopt pln pts dtherm tpr_shadow vnmi flexpriority ept vpid fsgsbase tsc_adjust bmi1 hle avx2 smep bmi2 erms invpcid rtm
bogomips	: 6784.79
clflush size	: 64
cache_alignment	: 64
address sizes	: 39 bits physical, 48 bits virtual
power management:

processor	: 6
vendor_id	: GenuineIntel
cpu family	: 6
model		: 60
model name	: Intel(R) Core(TM) i7-4770 CPU @ 3.40GHz
stepping	: 3
microcode	: 0x12
cpu MHz		: 3401.000
cache size	: 8192 KB
physical id	: 0
siblings	: 8
core id		: 2
cpu cores	: 4
apicid		: 5
initial apicid	: 5
fpu		: yes
fpu_exception	: yes
cpuid level	: 13
wp		: yes
flags		: fpu vme de pse tsc msr pae mce cx8 apic sep mtrr pge mca cmov pat pse36 clflush dts acpi mmx fxsr sse sse2 ss ht tm pbe syscall nx pdpe1gb rdtscp lm constant_tsc arch_perfmon pebs bts rep_good nopl xtopology nonstop_tsc aperfmperf eagerfpu pni pclmulqdq dtes64 monitor ds_cpl vmx smx est tm2 ssse3 fma cx16 xtpr pdcm pcid sse4_1 sse4_2 x2apic movbe popcnt tsc_deadline_timer aes xsave avx f16c rdrand lahf_lm abm ida arat epb xsaveopt pln pts dtherm tpr_shadow vnmi flexpriority ept vpid fsgsbase tsc_adjust bmi1 hle avx2 smep bmi2 erms invpcid rtm
bogomips	: 6784.79
clflush size	: 64
cache_alignment	: 64
address sizes	: 39 bits physical, 48 bits virtual
power management:

processor	: 7
vendor_id	: GenuineIntel
cpu family	: 6
model		: 60
model name	: Intel(R) Core(TM) i7-4770 CPU @ 3.40GHz
stepping	: 3
microcode	: 0x12
cpu MHz		: 3401.000
cache size	: 8192 KB
physical id	: 0
siblings	: 8
core id		: 3
cpu cores	: 4
apicid		: 7
initial apicid	: 7
fpu		: yes
fpu_exception	: yes
cpuid level	: 13
wp		: yes
flags		: fpu vme de pse tsc msr pae mce cx8 apic sep mtrr pge mca cmov pat pse36 clflush dts acpi mmx fxsr sse sse2 ss ht tm pbe syscall nx pdpe1gb rdtscp lm constant_tsc arch_perfmon pebs bts rep_good nopl xtopology nonstop_tsc aperfmperf eagerfpu pni pclmulqdq dtes64 monitor ds_cpl vmx smx est tm2 ssse3 fma cx16 xtpr pdcm pcid sse4_1 sse4_2 x2apic movbe popcnt tsc_deadline_timer aes xsave avx f16c rdrand lahf_lm abm ida arat epb xsaveopt pln pts dtherm tpr_shadow vnmi flexpriority ept vpid fsgsbase tsc_adjust bmi1 hle avx2 smep bmi2 erms invpcid rtm
bogomips	: 6784.79
clflush size	: 64
cache_alignment	: 64
address sizes	: 39 bits physical, 48 bits virtual
power management:



Memory: 4k page, physical 16302852k(12097872k free), swap 16382972k(16382972k free)

vm_info: Java HotSpot(TM) 64-Bit Server VM (24.72-b04) for linux-amd64 JRE (1.7.0_72-b14), built on Sep 26 2014 18:20:41 by "java_re" with gcc 4.3.0 20080428 (Red Hat 4.3.0-8)

time: Sat Jan 17 12:11:17 2015
elapsed time: 287 seconds

