#
# A fatal error has been detected by the Java Runtime Environment:
#
#  SIGSEGV (0xb) at pc=0x00007f98b505b6fa, pid=12695, tid=140293714773760
#
# JRE version: Java(TM) SE Runtime Environment (7.0_72-b14) (build 1.7.0_72-b14)
# Java VM: Java HotSpot(TM) 64-Bit Server VM (24.72-b04 mixed mode linux-amd64 compressed oops)
# Problematic frame:
# v  ~BufferBlob::jni_fast_GetLongField
#
# Failed to write core dump. Core dumps have been disabled. To enable core dumping, try "ulimit -c unlimited" before starting Java again
#
# If you would like to submit a bug report, please visit:
#   http://bugreport.sun.com/bugreport/crash.jsp
# The crash happened outside the Java Virtual Machine in native code.
# See problematic frame for where to report the bug.
#

---------------  T H R E A D  ---------------

Current thread (0x00007f98b823d000):  JavaThread "AWT-XAWT" daemon [_thread_in_native, id=12734, stack(0x00007f98acf88000,0x00007f98ad089000)]

siginfo:si_signo=SIGSEGV: si_errno=0, si_code=1 (SEGV_MAPERR), si_addr=0x0000000000000000

Registers:
RAX=0x00007f98bed65180, RBX=0x000000070278f598, RCX=0x00007f98bf7bd320, RDX=0x0000000000000042
RSP=0x00007f98ad0874b8, RBP=0x00007f98ad0874e0, RSI=0x0000000000000000, RDI=0x00007f98b823d1e8
R8 =0x00000000f621b26b, R9 =0x0000000000000000, R10=0x00000000000000f0, R11=0x00007f98be7ffb80
R12=0x00007f98b823d1e8, R13=0x0000000000000000, R14=0x00007f98acca9fe0, R15=0x00007f98b823d000
RIP=0x00007f98b505b6fa, EFLAGS=0x0000000000010246, CSGSFS=0x0000000000000033, ERR=0x0000000000000004
  TRAPNO=0x000000000000000e

Top of Stack: (sp=0x00007f98ad0874b8)
0x00007f98ad0874b8:   00007f98aca74801 000000070278f598
0x00007f98ad0874c8:   00007f983801c8d0 000000070278f598
0x00007f98ad0874d8:   00007f98ad0875c8 0000000000000000
0x00007f98ad0874e8:   00007f98ac540ae8 000000070278f598
0x00007f98ad0874f8:   00007f98ad087520 0000000000000000
0x00007f98ad087508:   00007f98ac5389a3 000000070278f598
0x00007f98ad087518:   00007f98aca6a68f 00007f98ad087590
0x00007f98ad087528:   00007f98b5012d98 00007f98b5006233
0x00007f98ad087538:   0000000000000000 00000007b0f94848
0x00007f98ad087548:   0000000000000000 00007f98ad087550
0x00007f98ad087558:   0000000000000000 00007f98ad0875c8
0x00007f98ad087568:   0000000702795668 0000000000000000
0x00007f98ad087578:   000000070278f598 0000000000000000
0x00007f98ad087588:   00007f98ad0875b0 00007f98ad087610
0x00007f98ad087598:   00007f98b5006350 000000070723afa8
0x00007f98ad0875a8:   00007f98b500ecc0 0000000000000000
0x00007f98ad0875b8:   00007f98ad087610 00007f9840001b30
0x00007f98ad0875c8:   00000007b0f90608 00007f98ad0875d0
0x00007f98ad0875d8:   000000070289b6a4 00007f98ad087658
0x00007f98ad0875e8:   00000007028a7140 0000000000000000
0x00007f98ad0875f8:   000000070289b7d8 00007f98ad0875b0
0x00007f98ad087608:   00007f98ad087650 00007f98ad0876a0
0x00007f98ad087618:   00007f98b5006058 0000000000000000
0x00007f98ad087628:   00000007b06dbc88 0000000000000000
0x00007f98ad087638:   0000000000000000 0000000000000000
0x00007f98ad087648:   00000007b0f90608 0000000000000000
0x00007f98ad087658:   00000007b0f905a8 00007f98ad087660
0x00007f98ad087668:   000000070289b4ad 00007f98ad0876b0
0x00007f98ad087678:   00000007028a7140 0000000000000000
0x00007f98ad087688:   000000070289b4b8 00007f98ad087650
0x00007f98ad087698:   00007f98ad0876b0 00007f98ad0876f8
0x00007f98ad0876a8:   00007f98b5006706 00000007b0f905a8 

Instructions: (pc=0x00007f98b505b6fa)
0x00007f98b505b6da:   00 00 00 00 00 00 44 8b 15 01 d5 d3 09 4c 8b ce
0x00007f98b505b6ea:   41 f6 c2 01 0f 85 2e 00 00 00 4d 33 ca 4d 33 ca
0x00007f98b505b6fa:   4d 8b 09 4c 8b da 49 c1 eb 02 4b 8b 04 19 49 bb
0x00007f98b505b70a:   e8 8b d9 be 98 7f 00 00 4c 33 d8 4c 33 d8 45 3b 

Register to memory mapping:

RAX=0x00007f98bed65180: <offset 0xe19180> in /usr/lib/jvm/java-7-oracle/jre/lib/amd64/server/libjvm.so at 0x00007f98bdf4c000
RBX=0x000000070278f598 is an oop
{method} 
 - klass: {other class}
RCX=0x00007f98bf7bd320: <offset 0x219320> in /lib/x86_64-linux-gnu/libpthread.so.0 at 0x00007f98bf5a4000
RDX=0x0000000000000042 is an unknown value
RSP=0x00007f98ad0874b8 is pointing into the stack for thread: 0x00007f98b823d000
RBP=0x00007f98ad0874e0 is pointing into the stack for thread: 0x00007f98b823d000
RSI=0x0000000000000000 is an unknown value
RDI=0x00007f98b823d1e8 is an unknown value
R8 =0x00000000f621b26b is an unknown value
R9 =0x0000000000000000 is an unknown value
R10=0x00000000000000f0 is an unknown value
R11=0x00007f98be7ffb80: <offset 0x8b3b80> in /usr/lib/jvm/java-7-oracle/jre/lib/amd64/server/libjvm.so at 0x00007f98bdf4c000
R12=0x00007f98b823d1e8 is an unknown value
R13=0x0000000000000000 is an unknown value
R14=0x00007f98acca9fe0: <offset 0x253fe0> in /usr/lib/jvm/java-7-oracle/jre/lib/amd64/xawt/libmawt.so at 0x00007f98aca56000
R15=0x00007f98b823d000 is a thread


Stack: [0x00007f98acf88000,0x00007f98ad089000],  sp=0x00007f98ad0874b8,  free space=1021k
Native frames: (J=compiled Java code, j=interpreted, Vv=VM code, C=native code)
v  ~BufferBlob::jni_fast_GetLongField

Java frames: (J=compiled Java code, j=interpreted, Vv=VM code)
j  sun.awt.X11.XlibWrapper.XFilterEvent(JJ)Z+0
j  sun.awt.X11.XToolkit.run(Z)V+300
j  sun.awt.X11.XToolkit.run()V+5
j  java.lang.Thread.run()V+11
v  ~StubRoutines::call_stub

---------------  P R O C E S S  ---------------

Java Threads: ( => current thread )
  0x00007f983805b800 JavaThread "TimerQueue" daemon [_thread_blocked, id=12744, stack(0x00007f98ad089000,0x00007f98ad18a000)]
  0x00007f98b8008000 JavaThread "DestroyJavaVM" [_thread_blocked, id=12701, stack(0x00007f98bf8ad000,0x00007f98bf9ae000)]
  0x00007f98b8220800 JavaThread "Timer-0" [_thread_blocked, id=12738, stack(0x00007f98a70b4000,0x00007f98a71b5000)]
  0x00007f98b8270800 JavaThread "AWT-EventQueue-0" [_thread_blocked, id=12736, stack(0x00007f98a71b5000,0x00007f98a72b6000)]
  0x00007f98b824c800 JavaThread "AWT-Shutdown" [_thread_blocked, id=12735, stack(0x00007f98a72b6000,0x00007f98a73b7000)]
=>0x00007f98b823d000 JavaThread "AWT-XAWT" daemon [_thread_in_native, id=12734, stack(0x00007f98acf88000,0x00007f98ad089000)]
  0x00007f98b821c000 JavaThread "Java2D Disposer" daemon [_thread_blocked, id=12733, stack(0x00007f98adb00000,0x00007f98adc01000)]
  0x00007f984c03e000 JavaThread "WebsocketWriteThread" [_thread_blocked, id=12728, stack(0x00007f98ad49c000,0x00007f98ad59d000)]
  0x00007f9844036800 JavaThread "pool-3-thread-1" [_thread_blocked, id=12726, stack(0x00007f98ad18a000,0x00007f98ad28b000)]
  0x00007f9844010800 JavaThread "Thread-5" [_thread_in_native, id=12725, stack(0x00007f98ad8ea000,0x00007f98ad9eb000)]
  0x00007f9854004800 JavaThread "pool-1-thread-1" [_thread_blocked, id=12719, stack(0x00007f98ad9ff000,0x00007f98adb00000)]
  0x00007f98b80a7800 JavaThread "Service Thread" daemon [_thread_blocked, id=12716, stack(0x00007f98add10000,0x00007f98ade11000)]
  0x00007f98b80a5800 JavaThread "C2 CompilerThread1" daemon [_thread_blocked, id=12715, stack(0x00007f98ade11000,0x00007f98adf12000)]
  0x00007f98b80a2800 JavaThread "C2 CompilerThread0" daemon [_thread_blocked, id=12714, stack(0x00007f98adf12000,0x00007f98ae013000)]
  0x00007f98b80a0000 JavaThread "Signal Dispatcher" daemon [_thread_blocked, id=12713, stack(0x00007f98ae013000,0x00007f98ae114000)]
  0x00007f98b8077000 JavaThread "Finalizer" daemon [_thread_blocked, id=12712, stack(0x00007f98ae3dd000,0x00007f98ae4de000)]
  0x00007f98b8075000 JavaThread "Reference Handler" daemon [_thread_blocked, id=12711, stack(0x00007f98ae4de000,0x00007f98ae5df000)]

Other Threads:
  0x00007f98b8070800 VMThread [stack: 0x00007f98ae5df000,0x00007f98ae6e0000] [id=12710]
  0x00007f98b80b2800 WatcherThread [stack: 0x00007f98adc0f000,0x00007f98add10000] [id=12717]

VM state:not at safepoint (normal execution)

VM Mutex/Monitor currently owned by a thread: None

Heap
 PSYoungGen      total 74752K, used 46754K [0x00000007ad080000, 0x00000007b2380000, 0x0000000800000000)
  eden space 64512K, 56% used [0x00000007ad080000,0x00000007af428b40,0x00000007b0f80000)
  from space 10240K, 99% used [0x00000007b0f80000,0x00000007b197fe40,0x00000007b1980000)
  to   space 10240K, 0% used [0x00000007b1980000,0x00000007b1980000,0x00000007b2380000)
 ParOldGen       total 169472K, used 1769K [0x0000000707200000, 0x0000000711780000, 0x00000007ad080000)
  object space 169472K, 1% used [0x0000000707200000,0x00000007073ba5b8,0x0000000711780000)
 PSPermGen       total 21504K, used 17216K [0x0000000702000000, 0x0000000703500000, 0x0000000707200000)
  object space 21504K, 80% used [0x0000000702000000,0x00000007030d0098,0x0000000703500000)

Card table byte_map: [0x00007f98bcb39000,0x00007f98bd32a000] byte_map_base: 0x00007f98b9329000

Polling page: 0x00007f98bf9e1000

Code Cache  [0x00007f98b5000000, 0x00007f98b5270000, 0x00007f98b8000000)
 total_blobs=622 nmethods=100 adapters=475 free_code_cache=48406Kb largest_free_block=49540672

Compilation events (10 events):
Event: 166.431 Thread 0x00007f98b80a5800   96             java.util.logging.Logger::isLoggable (25 bytes)
Event: 166.431 Thread 0x00007f98b80a5800 nmethod 96 0x00007f98b50b4e50 code [0x00007f98b50b4f80, 0x00007f98b50b5018]
Event: 166.431 Thread 0x00007f98b80a5800   97             sun.util.logging.PlatformLogger$JavaLoggerProxy::isLoggable (12 bytes)
Event: 166.432 Thread 0x00007f98b80a5800 nmethod 97 0x00007f98b50b7e10 code [0x00007f98b50b7f60, 0x00007f98b50b8078]
Event: 171.676 Thread 0x00007f98b80a5800   98             sun.util.logging.PlatformLogger::isLoggable (9 bytes)
Event: 171.677 Thread 0x00007f98b80a2800   99             sun.util.logging.PlatformLogger::isLoggable (38 bytes)
Event: 171.678 Thread 0x00007f98b80a2800 nmethod 99 0x00007f98b50b7990 code [0x00007f98b50b7ae0, 0x00007f98b50b7c18]
Event: 171.680 Thread 0x00007f98b80a5800 nmethod 98 0x00007f98b50b9590 code [0x00007f98b50b9720, 0x00007f98b50b9a18]
Event: 379.061 Thread 0x00007f98b80a2800  100             java.util.TreeMap::getEntry (84 bytes)
Event: 379.062 Thread 0x00007f98b80a2800 nmethod 100 0x00007f98b50b7550 code [0x00007f98b50b76a0, 0x00007f98b50b7818]

GC Heap History (2 events):
Event: 8.141 GC heap before
{Heap before GC invocations=1 (full 0):
 PSYoungGen      total 74752K, used 64512K [0x00000007ad080000, 0x00000007b2380000, 0x0000000800000000)
  eden space 64512K, 100% used [0x00000007ad080000,0x00000007b0f80000,0x00000007b0f80000)
  from space 10240K, 0% used [0x00000007b1980000,0x00000007b1980000,0x00000007b2380000)
  to   space 10240K, 0% used [0x00000007b0f80000,0x00000007b0f80000,0x00000007b1980000)
 ParOldGen       total 169472K, used 0K [0x0000000707200000, 0x0000000711780000, 0x00000007ad080000)
  object space 169472K, 0% used [0x0000000707200000,0x0000000707200000,0x0000000711780000)
 PSPermGen       total 21504K, used 16999K [0x0000000702000000, 0x0000000703500000, 0x0000000707200000)
  object space 21504K, 79% used [0x0000000702000000,0x0000000703099dd0,0x0000000703500000)
Event: 8.158 GC heap after
Heap after GC invocations=1 (full 0):
 PSYoungGen      total 74752K, used 10239K [0x00000007ad080000, 0x00000007b2380000, 0x0000000800000000)
  eden space 64512K, 0% used [0x00000007ad080000,0x00000007ad080000,0x00000007b0f80000)
  from space 10240K, 99% used [0x00000007b0f80000,0x00000007b197fe40,0x00000007b1980000)
  to   space 10240K, 0% used [0x00000007b1980000,0x00000007b1980000,0x00000007b2380000)
 ParOldGen       total 169472K, used 1769K [0x0000000707200000, 0x0000000711780000, 0x00000007ad080000)
  object space 169472K, 1% used [0x0000000707200000,0x00000007073ba5b8,0x0000000711780000)
 PSPermGen       total 21504K, used 16999K [0x0000000702000000, 0x0000000703500000, 0x0000000707200000)
  object space 21504K, 79% used [0x0000000702000000,0x0000000703099dd0,0x0000000703500000)
}

Deoptimization events (10 events):
Event: 0.201 Thread 0x00007f983c001000 Uncommon trap: reason=unloaded action=reinterpret pc=0x00007f98b5060f5c method=java.lang.String.charAt(I)C @ 13
Event: 0.260 Thread 0x00007f98b8008000 Uncommon trap: reason=null_check action=make_not_entrant pc=0x00007f98b506aea8 method=java.lang.String.equals(Ljava/lang/Object;)Z @ 8
Event: 0.331 Thread 0x00007f98b8008000 Uncommon trap: reason=class_check action=maybe_recompile pc=0x00007f98b5067244 method=java.util.Properties$LineReader.readLine()I @ 62
Event: 0.331 Thread 0x00007f98b8008000 Uncommon trap: reason=class_check action=maybe_recompile pc=0x00007f98b5067244 method=java.util.Properties$LineReader.readLine()I @ 62
Event: 0.332 Thread 0x00007f98b8008000 Uncommon trap: reason=class_check action=maybe_recompile pc=0x00007f98b5067244 method=java.util.Properties$LineReader.readLine()I @ 62
Event: 0.333 Thread 0x00007f98b8008000 Uncommon trap: reason=class_check action=maybe_recompile pc=0x00007f98b5067244 method=java.util.Properties$LineReader.readLine()I @ 62
Event: 3.098 Thread 0x00007f98b8270800 Uncommon trap: reason=class_check action=maybe_recompile pc=0x00007f98b508acec method=java.lang.String.equals(Ljava/lang/Object;)Z @ 8
Event: 3.098 Thread 0x00007f98b8270800 Uncommon trap: reason=class_check action=maybe_recompile pc=0x00007f98b508acec method=java.lang.String.equals(Ljava/lang/Object;)Z @ 8
Event: 3.268 Thread 0x00007f98b8270800 Uncommon trap: reason=class_check action=maybe_recompile pc=0x00007f98b508acec method=java.lang.String.equals(Ljava/lang/Object;)Z @ 8
Event: 3.268 Thread 0x00007f98b8270800 Uncommon trap: reason=class_check action=maybe_recompile pc=0x00007f98b508acec method=java.lang.String.equals(Ljava/lang/Object;)Z @ 8

Internal exceptions (10 events):
Event: 8.052 Thread 0x00007f984c038000 Threw 0x00000007b06eb950 at /HUDSON/workspace/7u-2-build-linux-amd64/jdk7u72/1606/hotspot/src/share/vm/prims/jvm.cpp:1281
Event: 8.053 Thread 0x00007f984c038000 Threw 0x00000007b06ed8d0 at /HUDSON/workspace/7u-2-build-linux-amd64/jdk7u72/1606/hotspot/src/share/vm/prims/jvm.cpp:1281
Event: 8.058 Thread 0x00007f984c038000 Threw 0x00000007b06f0418 at /HUDSON/workspace/7u-2-build-linux-amd64/jdk7u72/1606/hotspot/src/share/vm/prims/jvm.cpp:1281
Event: 8.060 Thread 0x00007f984c038000 Threw 0x00000007b06f7cc8 at /HUDSON/workspace/7u-2-build-linux-amd64/jdk7u72/1606/hotspot/src/share/vm/prims/jvm.cpp:1281
Event: 8.067 Thread 0x00007f984c038000 Threw 0x00000007b06fade8 at /HUDSON/workspace/7u-2-build-linux-amd64/jdk7u72/1606/hotspot/src/share/vm/prims/jvm.cpp:1281
Event: 8.069 Thread 0x00007f984c038000 Threw 0x00000007b06fd4e8 at /HUDSON/workspace/7u-2-build-linux-amd64/jdk7u72/1606/hotspot/src/share/vm/prims/jvm.cpp:1281
Event: 8.071 Thread 0x00007f984c038000 Threw 0x00000007b06ffd60 at /HUDSON/workspace/7u-2-build-linux-amd64/jdk7u72/1606/hotspot/src/share/vm/prims/jvm.cpp:1281
Event: 8.073 Thread 0x00007f984c038000 Threw 0x00000007b0702190 at /HUDSON/workspace/7u-2-build-linux-amd64/jdk7u72/1606/hotspot/src/share/vm/prims/jvm.cpp:1281
Event: 25.175 Thread 0x00007f9844036800 Threw 0x00000007aea0a6c0 at /HUDSON/workspace/7u-2-build-linux-amd64/jdk7u72/1606/hotspot/src/share/vm/prims/jvm.cpp:1281
Event: 25.176 Thread 0x00007f9848001800 Threw 0x00000007aeb4d658 at /HUDSON/workspace/7u-2-build-linux-amd64/jdk7u72/1606/hotspot/src/share/vm/prims/jvm.cpp:1281

Events (10 events):
Event: 379.069 loading class 0x00007f98680ab8d0
Event: 379.069 loading class 0x00007f98680ab8d0 done
Event: 379.069 loading class 0x00007f98680bad10
Event: 379.069 loading class 0x00007f98680bad10 done
Event: 379.088 loading class 0x00007f98680ab060
Event: 379.088 loading class 0x00007f98680ab060 done
Event: 379.186 loading class 0x00007f986800dcf0
Event: 379.186 loading class 0x00007f986800dcf0 done
Event: 379.186 loading class 0x00007f986800dcc0
Event: 379.186 loading class 0x00007f986800dcc0 done


Dynamic libraries:
00400000-00401000 r-xp 00000000 08:02 3145756                            /usr/lib/jvm/java-7-oracle/bin/java
00600000-00601000 rw-p 00000000 08:02 3145756                            /usr/lib/jvm/java-7-oracle/bin/java
0068e000-006af000 rw-p 00000000 00:00 0                                  [heap]
702000000-703500000 rw-p 00000000 00:00 0 
703500000-707200000 rw-p 00000000 00:00 0 
707200000-711780000 rw-p 00000000 00:00 0 
711780000-7ad080000 rw-p 00000000 00:00 0 
7ad080000-7b2380000 rw-p 00000000 00:00 0 
7b2380000-800000000 rw-p 00000000 00:00 0 
7f982c000000-7f982c021000 rw-p 00000000 00:00 0 
7f982c021000-7f9830000000 ---p 00000000 00:00 0 
7f9830000000-7f9830022000 rw-p 00000000 00:00 0 
7f9830022000-7f9834000000 ---p 00000000 00:00 0 
7f9834000000-7f9834021000 rw-p 00000000 00:00 0 
7f9834021000-7f9838000000 ---p 00000000 00:00 0 
7f9838000000-7f9838085000 rw-p 00000000 00:00 0 
7f9838085000-7f983c000000 ---p 00000000 00:00 0 
7f983c000000-7f983c021000 rw-p 00000000 00:00 0 
7f983c021000-7f9840000000 ---p 00000000 00:00 0 
7f9840000000-7f9840021000 rw-p 00000000 00:00 0 
7f9840021000-7f9844000000 ---p 00000000 00:00 0 
7f9844000000-7f984403d000 rw-p 00000000 00:00 0 
7f984403d000-7f9848000000 ---p 00000000 00:00 0 
7f9848000000-7f9848021000 rw-p 00000000 00:00 0 
7f9848021000-7f984c000000 ---p 00000000 00:00 0 
7f984c000000-7f984c04b000 rw-p 00000000 00:00 0 
7f984c04b000-7f9850000000 ---p 00000000 00:00 0 
7f9850000000-7f985005f000 rw-p 00000000 00:00 0 
7f985005f000-7f9854000000 ---p 00000000 00:00 0 
7f9854000000-7f9854056000 rw-p 00000000 00:00 0 
7f9854056000-7f9858000000 ---p 00000000 00:00 0 
7f9858000000-7f9858021000 rw-p 00000000 00:00 0 
7f9858021000-7f985c000000 ---p 00000000 00:00 0 
7f985c000000-7f985c021000 rw-p 00000000 00:00 0 
7f985c021000-7f9860000000 ---p 00000000 00:00 0 
7f9860000000-7f9860021000 rw-p 00000000 00:00 0 
7f9860021000-7f9864000000 ---p 00000000 00:00 0 
7f9864000000-7f986437d000 rw-p 00000000 00:00 0 
7f986437d000-7f9868000000 ---p 00000000 00:00 0 
7f9868000000-7f986829e000 rw-p 00000000 00:00 0 
7f986829e000-7f986c000000 ---p 00000000 00:00 0 
7f986c000000-7f986c021000 rw-p 00000000 00:00 0 
7f986c021000-7f9870000000 ---p 00000000 00:00 0 
7f9870000000-7f9870021000 rw-p 00000000 00:00 0 
7f9870021000-7f9874000000 ---p 00000000 00:00 0 
7f9874000000-7f9874021000 rw-p 00000000 00:00 0 
7f9874021000-7f9878000000 ---p 00000000 00:00 0 
7f9878100000-7f9880000000 rw-p 00000000 00:00 0 
7f9880000000-7f9880021000 rw-p 00000000 00:00 0 
7f9880021000-7f9884000000 ---p 00000000 00:00 0 
7f9884000000-7f9884021000 rw-p 00000000 00:00 0 
7f9884021000-7f9888000000 ---p 00000000 00:00 0 
7f9888000000-7f9888021000 rw-p 00000000 00:00 0 
7f9888021000-7f988c000000 ---p 00000000 00:00 0 
7f9890000000-7f9890021000 rw-p 00000000 00:00 0 
7f9890021000-7f9894000000 ---p 00000000 00:00 0 
7f9898000000-7f9898021000 rw-p 00000000 00:00 0 
7f9898021000-7f989c000000 ---p 00000000 00:00 0 
7f989c000000-7f989c021000 rw-p 00000000 00:00 0 
7f989c021000-7f98a0000000 ---p 00000000 00:00 0 
7f98a0000000-7f98a0021000 rw-p 00000000 00:00 0 
7f98a0021000-7f98a4000000 ---p 00000000 00:00 0 
7f98a6029000-7f98a602a000 r--s 00000000 08:06 528101                     /var/cache/fontconfig/087e1975ba9a574b140bb1df193bf770-le64.cache-4
7f98a602a000-7f98a6038000 r--s 00000000 08:06 528175                     /var/cache/fontconfig/6aa41aa22e18b8fa06a12da28ea9c28b-le64.cache-4
7f98a6038000-7f98a6039000 r--s 00000000 08:06 528174                     /var/cache/fontconfig/c05880de57d1f5e948fdfacc138775d9-le64.cache-4
7f98a6039000-7f98a6044000 r--s 00000000 08:06 528100                     /var/cache/fontconfig/945677eb7aeaf62f1d50efc3fb3ec7d8-le64.cache-4
7f98a6044000-7f98a604a000 r--s 00000000 08:06 528172                     /var/cache/fontconfig/2cd17615ca594fa2959ae173292e504c-le64.cache-4
7f98a604a000-7f98a604b000 r--s 00000000 08:06 528171                     /var/cache/fontconfig/e7071f4a29fa870f4323321c154eba04-le64.cache-4
7f98a604b000-7f98a604c000 r--s 00000000 08:06 528170                     /var/cache/fontconfig/0d8c3b2ac0904cb8a57a757ad11a4a08-le64.cache-4
7f98a604c000-7f98a6053000 r--s 00000000 08:06 528169                     /var/cache/fontconfig/a755afe4a08bf5b97852ceb7400b47bc-le64.cache-4
7f98a6053000-7f98a6055000 r--s 00000000 08:06 528168                     /var/cache/fontconfig/5a86461592e14be7c82e45729474f230-le64.cache-4
7f98a6055000-7f98a6059000 r--s 00000000 08:06 528167                     /var/cache/fontconfig/6d41288fd70b0be22e8c3a91e032eec0-le64.cache-4
7f98a6059000-7f98a606d000 r--s 00000000 08:06 528166                     /var/cache/fontconfig/04aabc0a78ac019cf9454389977116d2-le64.cache-4
7f98a606d000-7f98a606e000 r--s 00000000 08:06 528165                     /var/cache/fontconfig/1ac9eb803944fde146138c791f5cc56a-le64.cache-4
7f98a606e000-7f98a606f000 r--s 00000000 08:06 528164                     /var/cache/fontconfig/b95bc8ffbebda2bbdae4265e45b8178d-le64.cache-4
7f98a606f000-7f98a6073000 r--s 00000000 08:06 528163                     /var/cache/fontconfig/385c0604a188198f04d133e54aba7fe7-le64.cache-4
7f98a6073000-7f98a6074000 r--s 00000000 08:06 528162                     /var/cache/fontconfig/9c956a7723ca69a44b382d9179c9802f-le64.cache-4
7f98a6074000-7f98a6075000 r--s 00000000 08:06 528161                     /var/cache/fontconfig/dc05db6664285cc2f12bf69c139ae4c3-le64.cache-4
7f98a6075000-7f98a6076000 r--s 00000000 08:06 528160                     /var/cache/fontconfig/5d1cca7074f29429a8d18692746c2426-le64.cache-4
7f98a6076000-7f98a6078000 r--s 00000000 08:06 528159                     /var/cache/fontconfig/767a8244fc0220cfb567a839d0392e0b-le64.cache-4
7f98a6078000-7f98a6079000 r--s 00000000 08:06 524668                     /var/cache/fontconfig/4794a0821666d79190d59a36cb4f44b5-le64.cache-4
7f98a6079000-7f98a607a000 r--s 00000000 08:06 528157                     /var/cache/fontconfig/9eae20f1ff8cc0a7d125749e875856bd-le64.cache-4
7f98a607a000-7f98a607c000 r--s 00000000 08:06 528156                     /var/cache/fontconfig/bf2c1853a9e9b00bb02fe2e9bcf1e201-le64.cache-4
7f98a607c000-7f98a6081000 r--s 00000000 08:06 528155                     /var/cache/fontconfig/8801497958630a81b71ace7c5f9b32a8-le64.cache-4
7f98a6081000-7f98a60bc000 r--s 00000000 08:06 528154                     /var/cache/fontconfig/365b55f210c0a22e9a19e35191240f32-le64.cache-4
7f98a60bc000-7f98a60c0000 r--s 00000000 08:06 528153                     /var/cache/fontconfig/c57959a16110560c8d0fcea73374aeeb-le64.cache-4
7f98a60c0000-7f98a60c7000 r--s 00000000 08:06 528152                     /var/cache/fontconfig/3047814df9a2f067bd2d96a2b9c36e5a-le64.cache-4
7f98a60c7000-7f98a60cb000 r--s 00000000 08:06 528151                     /var/cache/fontconfig/bf3b770c553c462765856025a94f1ce6-le64.cache-4
7f98a60cb000-7f98a60cc000 r--s 00000000 08:06 528150                     /var/cache/fontconfig/56cf4f4769d0f4abc89a4895d7bd3ae1-le64.cache-4
7f98a60cc000-7f98a60cd000 r--s 00000000 08:06 528149                     /var/cache/fontconfig/b9d506c9ac06c20b433354fa67a72993-le64.cache-4
7f98a60cd000-7f98a60d3000 r--s 00000000 08:06 528148                     /var/cache/fontconfig/b47c4e1ecd0709278f4910c18777a504-le64.cache-4
7f98a60d3000-7f98a60d6000 r--s 00000000 08:06 528147                     /var/cache/fontconfig/14d493b97896515cad3840ba4896e372-le64.cache-4
7f98a60d6000-7f98a60d7000 r--s 00000000 08:06 528146                     /var/cache/fontconfig/b68acf31ab8c3c6daeca6e2130bcfd36-le64.cache-4
7f98a60d7000-7f98a60d8000 r--s 00000000 08:06 528145                     /var/cache/fontconfig/89034621ae2a8922916bb6bfa5799546-le64.cache-4
7f98a60d8000-7f98a60db000 r--s 00000000 08:06 528144                     /var/cache/fontconfig/e49e89034d371f0f9de17aab02136486-le64.cache-4
7f98a60db000-7f98a60dd000 r--s 00000000 08:06 528143                     /var/cache/fontconfig/4b14b093aebc79c320de5e86ae1d3314-le64.cache-4
7f98a60dd000-7f98a60de000 r--s 00000000 08:06 528142                     /var/cache/fontconfig/8aec10f4cc8391dcef22ca549f1e4354-le64.cache-4
7f98a641f000-7f98a6449000 r-xp 00000000 08:02 3148396                    /usr/lib/jvm/java-7-oracle/jre/lib/amd64/libdcpr.so
7f98a6449000-7f98a6649000 ---p 0002a000 08:02 3148396                    /usr/lib/jvm/java-7-oracle/jre/lib/amd64/libdcpr.so
7f98a6649000-7f98a664c000 rw-p 0002a000 08:02 3148396                    /usr/lib/jvm/java-7-oracle/jre/lib/amd64/libdcpr.so
7f98a664c000-7f98a6652000 rw-s 00000000 00:04 38633494                   /SYSV00000000 (deleted)
7f98a6652000-7f98a668c000 r-xp 00000000 08:02 3148404                    /usr/lib/jvm/java-7-oracle/jre/lib/amd64/libjpeg.so
7f98a668c000-7f98a688c000 ---p 0003a000 08:02 3148404                    /usr/lib/jvm/java-7-oracle/jre/lib/amd64/libjpeg.so
7f98a688c000-7f98a688d000 rw-p 0003a000 08:02 3148404                    /usr/lib/jvm/java-7-oracle/jre/lib/amd64/libjpeg.so
7f98a6891000-7f98a689c000 rw-s 00000000 00:04 38240274                   /SYSV00000000 (deleted)
7f98a689c000-7f98a68a6000 r--s 00251000 08:02 3148603                    /usr/lib/jvm/java-7-oracle/jre/lib/resources.jar
7f98a68a6000-7f98a68a9000 ---p 00000000 00:00 0 
7f98a68a9000-7f98a69a7000 rw-p 00000000 00:00 0 
7f98a69a7000-7f98a6a10000 r-xp 00000000 08:02 3148415                    /usr/lib/jvm/java-7-oracle/jre/lib/amd64/libt2k.so
7f98a6a10000-7f98a6c0f000 ---p 00069000 08:02 3148415                    /usr/lib/jvm/java-7-oracle/jre/lib/amd64/libt2k.so
7f98a6c0f000-7f98a6c16000 rw-p 00068000 08:02 3148415                    /usr/lib/jvm/java-7-oracle/jre/lib/amd64/libt2k.so
7f98a6c16000-7f98a6c26000 rw-p 00000000 00:00 0 
7f98a6c26000-7f98a6c3c000 r-xp 00000000 08:02 2097170                    /lib/x86_64-linux-gnu/libgcc_s.so.1
7f98a6c3c000-7f98a6e3b000 ---p 00016000 08:02 2097170                    /lib/x86_64-linux-gnu/libgcc_s.so.1
7f98a6e3b000-7f98a6e3c000 rw-p 00015000 08:02 2097170                    /lib/x86_64-linux-gnu/libgcc_s.so.1
7f98a6e3c000-7f98a6ea0000 r-xp 00000000 08:02 3148439                    /usr/lib/jvm/java-7-oracle/jre/lib/amd64/libfontmanager.so
7f98a6ea0000-7f98a709f000 ---p 00064000 08:02 3148439                    /usr/lib/jvm/java-7-oracle/jre/lib/amd64/libfontmanager.so
7f98a709f000-7f98a70a4000 rw-p 00063000 08:02 3148439                    /usr/lib/jvm/java-7-oracle/jre/lib/amd64/libfontmanager.so
7f98a70a4000-7f98a70b4000 rw-p 00000000 00:00 0 
7f98a70b4000-7f98a70b7000 ---p 00000000 00:00 0 
7f98a70b7000-7f98a71b5000 rw-p 00000000 00:00 0                          [stack:12738]
7f98a71b5000-7f98a71b8000 ---p 00000000 00:00 0 
7f98a71b8000-7f98a72b6000 rw-p 00000000 00:00 0                          [stack:12736]
7f98a72b6000-7f98a72b9000 ---p 00000000 00:00 0 
7f98a72b9000-7f98a73b7000 rw-p 00000000 00:00 0                          [stack:12735]
7f98a73b7000-7f98a73bc000 r-xp 00000000 08:02 2368040                    /usr/lib/x86_64-linux-gnu/libXfixes.so.3.1.0
7f98a73bc000-7f98a75bb000 ---p 00005000 08:02 2368040                    /usr/lib/x86_64-linux-gnu/libXfixes.so.3.1.0
7f98a75bb000-7f98a75bc000 r--p 00004000 08:02 2368040                    /usr/lib/x86_64-linux-gnu/libXfixes.so.3.1.0
7f98a75bc000-7f98a75bd000 rw-p 00005000 08:02 2368040                    /usr/lib/x86_64-linux-gnu/libXfixes.so.3.1.0
7f98a75bd000-7f98a75c6000 r-xp 00000000 08:02 2368044                    /usr/lib/x86_64-linux-gnu/libXcursor.so.1.0.2
7f98a75c6000-7f98a77c5000 ---p 00009000 08:02 2368044                    /usr/lib/x86_64-linux-gnu/libXcursor.so.1.0.2
7f98a77c5000-7f98a77c6000 r--p 00008000 08:02 2368044                    /usr/lib/x86_64-linux-gnu/libXcursor.so.1.0.2
7f98a77c6000-7f98a77c7000 rw-p 00009000 08:02 2368044                    /usr/lib/x86_64-linux-gnu/libXcursor.so.1.0.2
7f98a77c7000-7f98a77cc000 r-xp 00000000 08:02 2366535                    /usr/lib/x86_64-linux-gnu/libXdmcp.so.6.0.0
7f98a77cc000-7f98a79cb000 ---p 00005000 08:02 2366535                    /usr/lib/x86_64-linux-gnu/libXdmcp.so.6.0.0
7f98a79cb000-7f98a79cc000 r--p 00004000 08:02 2366535                    /usr/lib/x86_64-linux-gnu/libXdmcp.so.6.0.0
7f98a79cc000-7f98a79cd000 rw-p 00005000 08:02 2366535                    /usr/lib/x86_64-linux-gnu/libXdmcp.so.6.0.0
7f98a79cd000-7f98a79cf000 r-xp 00000000 08:02 2366532                    /usr/lib/x86_64-linux-gnu/libXau.so.6.0.0
7f98a79cf000-7f98a7bcf000 ---p 00002000 08:02 2366532                    /usr/lib/x86_64-linux-gnu/libXau.so.6.0.0
7f98a7bcf000-7f98a7bd0000 r--p 00002000 08:02 2366532                    /usr/lib/x86_64-linux-gnu/libXau.so.6.0.0
7f98a7bd0000-7f98a7bd1000 rw-p 00003000 08:02 2366532                    /usr/lib/x86_64-linux-gnu/libXau.so.6.0.0
7f98a7bd1000-7f98a7bee000 r-xp 00000000 08:02 2366538                    /usr/lib/x86_64-linux-gnu/libxcb.so.1.1.0
7f98a7bee000-7f98a7dee000 ---p 0001d000 08:02 2366538                    /usr/lib/x86_64-linux-gnu/libxcb.so.1.1.0
7f98a7dee000-7f98a7def000 r--p 0001d000 08:02 2366538                    /usr/lib/x86_64-linux-gnu/libxcb.so.1.1.0
7f98a7def000-7f98a7df0000 rw-p 0001e000 08:02 2366538                    /usr/lib/x86_64-linux-gnu/libxcb.so.1.1.0
7f98a7df0000-7f98a7dff000 r-xp 00000000 08:02 2368052                    /usr/lib/x86_64-linux-gnu/libXi.so.6.1.0
7f98a7dff000-7f98a7ffe000 ---p 0000f000 08:02 2368052                    /usr/lib/x86_64-linux-gnu/libXi.so.6.1.0
7f98a7ffe000-7f98a7fff000 r--p 0000e000 08:02 2368052                    /usr/lib/x86_64-linux-gnu/libXi.so.6.1.0
7f98a7fff000-7f98a8000000 rw-p 0000f000 08:02 2368052                    /usr/lib/x86_64-linux-gnu/libXi.so.6.1.0
7f98a8000000-7f98a8021000 rw-p 00000000 00:00 0 
7f98a8021000-7f98ac000000 ---p 00000000 00:00 0 
7f98ac000000-7f98ac013000 r--s 00000000 08:06 528141                     /var/cache/fontconfig/d52a8644073d54c13679302ca1180695-le64.cache-4
7f98ac013000-7f98ac014000 r--s 00000000 08:06 528140                     /var/cache/fontconfig/8a687c406b77f27d99abfeeba937fcce-le64.cache-4
7f98ac014000-7f98ac01c000 r--s 00000000 08:06 528139                     /var/cache/fontconfig/105b9c7e6f0a4f82d8c9b6e39c52c6f9-le64.cache-4
7f98ac01c000-7f98ac025000 r--s 00000000 08:06 524660                     /var/cache/fontconfig/3f7329c5293ffd510edef78f73874cfd-le64.cache-4
7f98ac025000-7f98ac026000 r--s 00000000 08:06 528137                     /var/cache/fontconfig/ac2cf712d852da827a87a9baf682f5b9-le64.cache-4
7f98ac026000-7f98ac028000 r--s 00000000 08:06 528136                     /var/cache/fontconfig/65f976e5259cbe6dc7697b8648396239-le64.cache-4
7f98ac028000-7f98ac033000 r--s 00000000 08:06 528135                     /var/cache/fontconfig/d589a48862398ed80a3d6066f4f56f4c-le64.cache-4
7f98ac033000-7f98ac034000 r--s 00000000 08:06 528134                     /var/cache/fontconfig/94f7fe9bd33aadfac165873bd010d595-le64.cache-4
7f98ac034000-7f98ac036000 r--s 00000000 08:06 528133                     /var/cache/fontconfig/423767150eb258c59035de29db6fca84-le64.cache-4
7f98ac036000-7f98ac037000 r--s 00000000 08:06 528132                     /var/cache/fontconfig/845c20fd2c4814bcec78e05d37a63ccc-le64.cache-4
7f98ac037000-7f98ac038000 r--s 00000000 08:06 528131                     /var/cache/fontconfig/e7de81b01590fb7e12b38e274e17d0db-le64.cache-4
7f98ac038000-7f98ac039000 r--s 00000000 08:06 528130                     /var/cache/fontconfig/406a1d2d2bf3ed7664fbadefac0b2f66-le64.cache-4
7f98ac039000-7f98ac03b000 r--s 00000000 08:06 528129                     /var/cache/fontconfig/67709b7835c0f764c1135060c9575660-le64.cache-4
7f98ac03b000-7f98ac045000 r--s 00000000 08:06 528128                     /var/cache/fontconfig/198d8fcf01c96d0cf813f74fd759bdb7-le64.cache-4
7f98ac045000-7f98ac046000 r--s 00000000 08:06 528099                     /var/cache/fontconfig/0c9eb80ebd1c36541ebe2852d3bb0c49-le64.cache-4
7f98ac046000-7f98ac051000 r--s 00000000 08:06 528125                     /var/cache/fontconfig/83bf95040141907cd45bb53cf7c1c148-le64.cache-4
7f98ac051000-7f98ac053000 r--s 00000000 08:06 528124                     /var/cache/fontconfig/6e6b34ae150a7ad95e82fb4a522f0bda-le64.cache-4
7f98ac053000-7f98ac054000 r--s 00000000 08:06 528123                     /var/cache/fontconfig/3334a778d104e76d188e9df399bc24d2-le64.cache-4
7f98ac054000-7f98ac05b000 r--s 00000000 08:06 528122                     /var/cache/fontconfig/53d14c92082a93e67d5078324eb314ca-le64.cache-4
7f98ac05b000-7f98ac05f000 r--s 00000000 08:06 528121                     /var/cache/fontconfig/6c08beecf0dac481ec92e759e0c2e6d7-le64.cache-4
7f98ac05f000-7f98ac063000 r--s 00000000 08:06 528120                     /var/cache/fontconfig/4d6aee6d44eccb37054d3216e945f618-le64.cache-4
7f98ac063000-7f98ac067000 r--s 00000000 08:06 528119                     /var/cache/fontconfig/d6c6df98c3df5faf9bd0f8ef4d91efe5-le64.cache-4
7f98ac067000-7f98ac06b000 r--s 00000000 08:06 528118                     /var/cache/fontconfig/9fb319ef52839f11ee26ab8b4cffa12b-le64.cache-4
7f98ac06b000-7f98ac07e000 r--s 00000000 08:06 528117                     /var/cache/fontconfig/4ac51e5cfbc76fc3f983e470323a16d3-le64.cache-4
7f98ac07e000-7f98ac081000 r--s 00000000 08:06 528116                     /var/cache/fontconfig/c19b55eb3b4c5b40ea175e31682068a5-le64.cache-4
7f98ac081000-7f98ac082000 r--s 00000000 08:06 528115                     /var/cache/fontconfig/c277e94e32b20404286a1ddafa5a80f0-le64.cache-4
7f98ac082000-7f98ac085000 r--s 00000000 08:06 528097                     /var/cache/fontconfig/de83a0a961185c8bd1f159015d56c039-le64.cache-4
7f98ac085000-7f98ac0a9000 r--s 00000000 08:06 528178                     /var/cache/fontconfig/cabbd14511b9e8a55e92af97fb3a0461-le64.cache-4
7f98ac0a9000-7f98ac0ca000 r--s 00000000 08:06 528103                     /var/cache/fontconfig/e13b20fdb08344e0e664864cc2ede53d-le64.cache-4
7f98ac0ca000-7f98ac0cf000 r--s 00000000 08:06 528127                     /var/cache/fontconfig/7ef2298fde41cc6eeb7af42e48b7d293-le64.cache-4
7f98ac0cf000-7f98ac0d4000 r-xp 00000000 08:02 2372115                    /usr/lib/x86_64-linux-gnu/libXtst.so.6.1.0
7f98ac0d4000-7f98ac2d3000 ---p 00005000 08:02 2372115                    /usr/lib/x86_64-linux-gnu/libXtst.so.6.1.0
7f98ac2d3000-7f98ac2d4000 r--p 00004000 08:02 2372115                    /usr/lib/x86_64-linux-gnu/libXtst.so.6.1.0
7f98ac2d4000-7f98ac2d5000 rw-p 00005000 08:02 2372115                    /usr/lib/x86_64-linux-gnu/libXtst.so.6.1.0
7f98ac2d5000-7f98ac2de000 r-xp 00000000 08:02 2367914                    /usr/lib/x86_64-linux-gnu/libXrender.so.1.3.0
7f98ac2de000-7f98ac4dd000 ---p 00009000 08:02 2367914                    /usr/lib/x86_64-linux-gnu/libXrender.so.1.3.0
7f98ac4dd000-7f98ac4de000 r--p 00008000 08:02 2367914                    /usr/lib/x86_64-linux-gnu/libXrender.so.1.3.0
7f98ac4de000-7f98ac4df000 rw-p 00009000 08:02 2367914                    /usr/lib/x86_64-linux-gnu/libXrender.so.1.3.0
7f98ac4df000-7f98ac60f000 r-xp 00000000 08:02 2366546                    /usr/lib/x86_64-linux-gnu/libX11.so.6.3.0
7f98ac60f000-7f98ac80f000 ---p 00130000 08:02 2366546                    /usr/lib/x86_64-linux-gnu/libX11.so.6.3.0
7f98ac80f000-7f98ac810000 r--p 00130000 08:02 2366546                    /usr/lib/x86_64-linux-gnu/libX11.so.6.3.0
7f98ac810000-7f98ac814000 rw-p 00131000 08:02 2366546                    /usr/lib/x86_64-linux-gnu/libX11.so.6.3.0
7f98ac814000-7f98ac825000 r-xp 00000000 08:02 2366552                    /usr/lib/x86_64-linux-gnu/libXext.so.6.4.0
7f98ac825000-7f98aca24000 ---p 00011000 08:02 2366552                    /usr/lib/x86_64-linux-gnu/libXext.so.6.4.0
7f98aca24000-7f98aca25000 r--p 00010000 08:02 2366552                    /usr/lib/x86_64-linux-gnu/libXext.so.6.4.0
7f98aca25000-7f98aca26000 rw-p 00011000 08:02 2366552                    /usr/lib/x86_64-linux-gnu/libXext.so.6.4.0
7f98aca26000-7f98aca27000 r--s 00000000 08:06 528114                     /var/cache/fontconfig/62f91419b9ebdb6975e7e41ab6412357-le64.cache-4
7f98aca27000-7f98aca28000 r--s 00000000 08:06 528177                     /var/cache/fontconfig/b02d45936449360bc6a42a71f2ff5d6e-le64.cache-4
7f98aca28000-7f98aca2a000 r--s 00000000 08:06 524672                     /var/cache/fontconfig/16326683038b281783a0ef8c680e3a10-le64.cache-4
7f98aca2a000-7f98aca37000 r--s 00000000 08:06 524671                     /var/cache/fontconfig/8f02d4cb045bd6ce15663e43f347c9f8-le64.cache-4
7f98aca37000-7f98aca38000 r--s 00000000 08:06 524670                     /var/cache/fontconfig/e0aa53bcfa504e64f87823c16bc01eb6-le64.cache-4
7f98aca38000-7f98aca56000 r--s 00000000 08:06 524610                     /var/cache/fontconfig/467c019e582ee353435ea5c21d137ef6-le64.cache-4
7f98aca56000-7f98acaa6000 r-xp 00000000 08:02 3148433                    /usr/lib/jvm/java-7-oracle/jre/lib/amd64/xawt/libmawt.so
7f98acaa6000-7f98acca6000 ---p 00050000 08:02 3148433                    /usr/lib/jvm/java-7-oracle/jre/lib/amd64/xawt/libmawt.so
7f98acca6000-7f98accaa000 rw-p 00050000 08:02 3148433                    /usr/lib/jvm/java-7-oracle/jre/lib/amd64/xawt/libmawt.so
7f98accaa000-7f98accab000 rw-p 00000000 00:00 0 
7f98accab000-7f98acd4d000 r-xp 00000000 08:02 3148435                    /usr/lib/jvm/java-7-oracle/jre/lib/amd64/libawt.so
7f98acd4d000-7f98acf4d000 ---p 000a2000 08:02 3148435                    /usr/lib/jvm/java-7-oracle/jre/lib/amd64/libawt.so
7f98acf4d000-7f98acf59000 rw-p 000a2000 08:02 3148435                    /usr/lib/jvm/java-7-oracle/jre/lib/amd64/libawt.so
7f98acf59000-7f98acf7d000 rw-p 00000000 00:00 0 
7f98acf7d000-7f98acf88000 r--s 0037c000 08:02 3149095                    /usr/lib/jvm/java-7-oracle/jre/lib/charsets.jar
7f98acf88000-7f98acf8b000 ---p 00000000 00:00 0 
7f98acf8b000-7f98ad089000 rw-p 00000000 00:00 0                          [stack:12734]
7f98ad089000-7f98ad08c000 ---p 00000000 00:00 0 
7f98ad08c000-7f98ad18a000 rw-p 00000000 00:00 0                          [stack:12744]
7f98ad18a000-7f98ad18d000 ---p 00000000 00:00 0 
7f98ad18d000-7f98ad28b000 rw-p 00000000 00:00 0                          [stack:12726]
7f98ad28b000-7f98ad29b000 r-xp 00000000 08:02 3148423                    /usr/lib/jvm/java-7-oracle/jre/lib/amd64/libnio.so
7f98ad29b000-7f98ad49b000 ---p 00010000 08:02 3148423                    /usr/lib/jvm/java-7-oracle/jre/lib/amd64/libnio.so
7f98ad49b000-7f98ad49c000 rw-p 00010000 08:02 3148423                    /usr/lib/jvm/java-7-oracle/jre/lib/amd64/libnio.so
7f98ad49c000-7f98ad49f000 ---p 00000000 00:00 0 
7f98ad49f000-7f98ad59d000 rw-p 00000000 00:00 0                          [stack:12728]
7f98ad59d000-7f98ad5a0000 ---p 00000000 00:00 0 
7f98ad5a0000-7f98ad69e000 rw-p 00000000 00:00 0 
7f98ad69e000-7f98ad6d3000 r--s 00000000 08:06 524399                     /var/cache/nscd/hosts
7f98ad6d3000-7f98ad6e9000 r-xp 00000000 08:02 3148438                    /usr/lib/jvm/java-7-oracle/jre/lib/amd64/libnet.so
7f98ad6e9000-7f98ad8e9000 ---p 00016000 08:02 3148438                    /usr/lib/jvm/java-7-oracle/jre/lib/amd64/libnet.so
7f98ad8e9000-7f98ad8ea000 rw-p 00016000 08:02 3148438                    /usr/lib/jvm/java-7-oracle/jre/lib/amd64/libnet.so
7f98ad8ea000-7f98ad8ed000 ---p 00000000 00:00 0 
7f98ad8ed000-7f98ad9eb000 rw-p 00000000 00:00 0                          [stack:12725]
7f98ad9eb000-7f98ad9ed000 r--s 00013000 00:b7 18814896                   /usr/userfs/a/aef517/workspace/taxe-game/lib/miglayout15-swing.jar
7f98ad9ed000-7f98ad9f0000 r--s 0001d000 00:b7 80895686                   /usr/userfs/a/aef517/workspace/taxe-game/lib/jgoodies-forms-1.8.0.jar
7f98ad9f0000-7f98ad9f3000 r--s 00028000 00:b7 80895675                   /usr/userfs/a/aef517/workspace/taxe-game/lib/jgoodies-forms-1.8.0-sources.jar
7f98ad9f3000-7f98ad9f6000 r--s 00019000 08:02 3148597                    /usr/lib/jvm/java-7-oracle/jre/lib/jce.jar
7f98ad9f6000-7f98ad9fa000 r--s 000f7000 08:02 3148496                    /usr/lib/jvm/java-7-oracle/jre/lib/ext/localedata.jar
7f98ad9fa000-7f98ad9ff000 r--s 0008a000 08:02 3148601                    /usr/lib/jvm/java-7-oracle/jre/lib/jsse.jar
7f98ad9ff000-7f98ada02000 ---p 00000000 00:00 0 
7f98ada02000-7f98adb00000 rw-p 00000000 00:00 0                          [stack:12719]
7f98adb00000-7f98adb03000 ---p 00000000 00:00 0 
7f98adb03000-7f98adc01000 rw-p 00000000 00:00 0                          [stack:12733]
7f98adc01000-7f98adc0f000 r--s 00079000 00:b7 67425486                   /usr/userfs/a/aef517/workspace/taxe-game/lib/socket.io-client-java.jar
7f98adc0f000-7f98adc10000 ---p 00000000 00:00 0 
7f98adc10000-7f98add10000 rw-p 00000000 00:00 0                          [stack:12717]
7f98add10000-7f98add13000 ---p 00000000 00:00 0 
7f98add13000-7f98ade11000 rw-p 00000000 00:00 0                          [stack:12716]
7f98ade11000-7f98ade14000 ---p 00000000 00:00 0 
7f98ade14000-7f98adf12000 rw-p 00000000 00:00 0                          [stack:12715]
7f98adf12000-7f98adf15000 ---p 00000000 00:00 0 
7f98adf15000-7f98ae013000 rw-p 00000000 00:00 0                          [stack:12714]
7f98ae013000-7f98ae016000 ---p 00000000 00:00 0 
7f98ae016000-7f98ae114000 rw-p 00000000 00:00 0                          [stack:12713]
7f98ae114000-7f98ae3dd000 r--p 00000000 08:02 2359436                    /usr/lib/locale/locale-archive
7f98ae3dd000-7f98ae3e0000 ---p 00000000 00:00 0 
7f98ae3e0000-7f98ae4de000 rw-p 00000000 00:00 0                          [stack:12712]
7f98ae4de000-7f98ae4e1000 ---p 00000000 00:00 0 
7f98ae4e1000-7f98ae5df000 rw-p 00000000 00:00 0                          [stack:12711]
7f98ae5df000-7f98ae5e0000 ---p 00000000 00:00 0 
7f98ae5e0000-7f98b0000000 rw-p 00000000 00:00 0                          [stack:12710]
7f98b0000000-7f98b0021000 rw-p 00000000 00:00 0 
7f98b0021000-7f98b4000000 ---p 00000000 00:00 0 
7f98b4000000-7f98b4001000 r--p 00000000 08:02 3540547                    /usr/share/locale-langpack/en_GB/LC_MESSAGES/libc.mo
7f98b4001000-7f98b4007000 r--s 00036000 08:02 5915924                    /opt/york/cs/hdd/eclipse-java-4.4/plugins/org.junit_4.11.0.v201303080030/junit.jar
7f98b4007000-7f98b4355000 rw-p 00000000 00:00 0 
7f98b4355000-7f98b4515000 r--s 039ea000 08:02 3148382                    /usr/lib/jvm/java-7-oracle/jre/lib/rt.jar
7f98b4515000-7f98b4dfe000 rw-p 00000000 00:00 0 
7f98b4dfe000-7f98b4dff000 ---p 00000000 00:00 0 
7f98b4dff000-7f98b4eff000 rw-p 00000000 00:00 0                          [stack:12709]
7f98b4eff000-7f98b4f00000 ---p 00000000 00:00 0 
7f98b4f00000-7f98b5000000 rw-p 00000000 00:00 0                          [stack:12708]
7f98b5000000-7f98b5270000 rwxp 00000000 00:00 0 
7f98b5270000-7f98b8312000 rw-p 00000000 00:00 0 
7f98b8312000-7f98bc000000 ---p 00000000 00:00 0 
7f98bc000000-7f98bc003000 r--s 0000e000 00:b7 80895693                   /usr/userfs/a/aef517/workspace/taxe-game/lib/awaitility-1.6.2.jar
7f98bc003000-7f98bc004000 ---p 00000000 00:00 0 
7f98bc004000-7f98bc104000 rw-p 00000000 00:00 0                          [stack:12707]
7f98bc104000-7f98bc105000 ---p 00000000 00:00 0 
7f98bc105000-7f98bc205000 rw-p 00000000 00:00 0                          [stack:12706]
7f98bc205000-7f98bc206000 ---p 00000000 00:00 0 
7f98bc206000-7f98bc306000 rw-p 00000000 00:00 0                          [stack:12705]
7f98bc306000-7f98bc307000 ---p 00000000 00:00 0 
7f98bc307000-7f98bc407000 rw-p 00000000 00:00 0                          [stack:12704]
7f98bc407000-7f98bc408000 ---p 00000000 00:00 0 
7f98bc408000-7f98bc508000 rw-p 00000000 00:00 0                          [stack:12703]
7f98bc508000-7f98bc509000 ---p 00000000 00:00 0 
7f98bc509000-7f98bc65c000 rw-p 00000000 00:00 0                          [stack:12702]
7f98bc65c000-7f98bcb39000 rw-p 00000000 00:00 0 
7f98bcb39000-7f98bcb44000 rw-p 00000000 00:00 0 
7f98bcb44000-7f98bcb62000 rw-p 00000000 00:00 0 
7f98bcb62000-7f98bcbb5000 rw-p 00000000 00:00 0 
7f98bcbb5000-7f98bd091000 rw-p 00000000 00:00 0 
7f98bd091000-7f98bd0bb000 rw-p 00000000 00:00 0 
7f98bd0bb000-7f98bd329000 rw-p 00000000 00:00 0 
7f98bd329000-7f98bd334000 rw-p 00000000 00:00 0 
7f98bd334000-7f98bd3ea000 rw-p 00000000 00:00 0 
7f98bd3ea000-7f98bd404000 r-xp 00000000 08:02 3148420                    /usr/lib/jvm/java-7-oracle/jre/lib/amd64/libzip.so
7f98bd404000-7f98bd604000 ---p 0001a000 08:02 3148420                    /usr/lib/jvm/java-7-oracle/jre/lib/amd64/libzip.so
7f98bd604000-7f98bd605000 rw-p 0001a000 08:02 3148420                    /usr/lib/jvm/java-7-oracle/jre/lib/amd64/libzip.so
7f98bd605000-7f98bd62e000 r-xp 00000000 08:02 3148403                    /usr/lib/jvm/java-7-oracle/jre/lib/amd64/libjava.so
7f98bd62e000-7f98bd82e000 ---p 00029000 08:02 3148403                    /usr/lib/jvm/java-7-oracle/jre/lib/amd64/libjava.so
7f98bd82e000-7f98bd830000 rw-p 00029000 08:02 3148403                    /usr/lib/jvm/java-7-oracle/jre/lib/amd64/libjava.so
7f98bd830000-7f98bd83d000 r-xp 00000000 08:02 3148416                    /usr/lib/jvm/java-7-oracle/jre/lib/amd64/libverify.so
7f98bd83d000-7f98bda3c000 ---p 0000d000 08:02 3148416                    /usr/lib/jvm/java-7-oracle/jre/lib/amd64/libverify.so
7f98bda3c000-7f98bda3e000 rw-p 0000c000 08:02 3148416                    /usr/lib/jvm/java-7-oracle/jre/lib/amd64/libverify.so
7f98bda3e000-7f98bda45000 r-xp 00000000 08:02 2099750                    /lib/x86_64-linux-gnu/librt-2.19.so
7f98bda45000-7f98bdc44000 ---p 00007000 08:02 2099750                    /lib/x86_64-linux-gnu/librt-2.19.so
7f98bdc44000-7f98bdc45000 r--p 00006000 08:02 2099750                    /lib/x86_64-linux-gnu/librt-2.19.so
7f98bdc45000-7f98bdc46000 rw-p 00007000 08:02 2099750                    /lib/x86_64-linux-gnu/librt-2.19.so
7f98bdc46000-7f98bdd4b000 r-xp 00000000 08:02 2102472                    /lib/x86_64-linux-gnu/libm-2.19.so
7f98bdd4b000-7f98bdf4a000 ---p 00105000 08:02 2102472                    /lib/x86_64-linux-gnu/libm-2.19.so
7f98bdf4a000-7f98bdf4b000 r--p 00104000 08:02 2102472                    /lib/x86_64-linux-gnu/libm-2.19.so
7f98bdf4b000-7f98bdf4c000 rw-p 00105000 08:02 2102472                    /lib/x86_64-linux-gnu/libm-2.19.so
7f98bdf4c000-7f98beabf000 r-xp 00000000 08:02 3148411                    /usr/lib/jvm/java-7-oracle/jre/lib/amd64/server/libjvm.so
7f98beabf000-7f98becbe000 ---p 00b73000 08:02 3148411                    /usr/lib/jvm/java-7-oracle/jre/lib/amd64/server/libjvm.so
7f98becbe000-7f98bed82000 rw-p 00b72000 08:02 3148411                    /usr/lib/jvm/java-7-oracle/jre/lib/amd64/server/libjvm.so
7f98bed82000-7f98bedc3000 rw-p 00000000 00:00 0 
7f98bedc3000-7f98bef7e000 r-xp 00000000 08:02 2097340                    /lib/x86_64-linux-gnu/libc-2.19.so
7f98bef7e000-7f98bf17e000 ---p 001bb000 08:02 2097340                    /lib/x86_64-linux-gnu/libc-2.19.so
7f98bf17e000-7f98bf182000 r--p 001bb000 08:02 2097340                    /lib/x86_64-linux-gnu/libc-2.19.so
7f98bf182000-7f98bf184000 rw-p 001bf000 08:02 2097340                    /lib/x86_64-linux-gnu/libc-2.19.so
7f98bf184000-7f98bf189000 rw-p 00000000 00:00 0 
7f98bf189000-7f98bf18c000 r-xp 00000000 08:02 2099753                    /lib/x86_64-linux-gnu/libdl-2.19.so
7f98bf18c000-7f98bf38b000 ---p 00003000 08:02 2099753                    /lib/x86_64-linux-gnu/libdl-2.19.so
7f98bf38b000-7f98bf38c000 r--p 00002000 08:02 2099753                    /lib/x86_64-linux-gnu/libdl-2.19.so
7f98bf38c000-7f98bf38d000 rw-p 00003000 08:02 2099753                    /lib/x86_64-linux-gnu/libdl-2.19.so
7f98bf38d000-7f98bf3a3000 r-xp 00000000 08:02 3145991                    /usr/lib/jvm/java-7-oracle/lib/amd64/jli/libjli.so
7f98bf3a3000-7f98bf5a3000 ---p 00016000 08:02 3145991                    /usr/lib/jvm/java-7-oracle/lib/amd64/jli/libjli.so
7f98bf5a3000-7f98bf5a4000 rw-p 00016000 08:02 3145991                    /usr/lib/jvm/java-7-oracle/lib/amd64/jli/libjli.so
7f98bf5a4000-7f98bf5bd000 r-xp 00000000 08:02 2102483                    /lib/x86_64-linux-gnu/libpthread-2.19.so
7f98bf5bd000-7f98bf7bc000 ---p 00019000 08:02 2102483                    /lib/x86_64-linux-gnu/libpthread-2.19.so
7f98bf7bc000-7f98bf7bd000 r--p 00018000 08:02 2102483                    /lib/x86_64-linux-gnu/libpthread-2.19.so
7f98bf7bd000-7f98bf7be000 rw-p 00019000 08:02 2102483                    /lib/x86_64-linux-gnu/libpthread-2.19.so
7f98bf7be000-7f98bf7c2000 rw-p 00000000 00:00 0 
7f98bf7c2000-7f98bf7e5000 r-xp 00000000 08:02 2097200                    /lib/x86_64-linux-gnu/ld-2.19.so
7f98bf7e5000-7f98bf7e7000 r--s 0000c000 08:02 5519135                    /opt/york/cs/hdd/eclipse-java-4.4/plugins/org.hamcrest.core_1.3.0.v201303031735.jar
7f98bf7e7000-7f98bf7ea000 r--s 00017000 00:b7 80895690                   /usr/userfs/a/aef517/workspace/taxe-game/lib/Java-WebSocket-1.3.0.jar
7f98bf7ea000-7f98bf7ec000 r--s 0001c000 00:b7 67425482                   /usr/userfs/a/aef517/workspace/taxe-game/lib/org.json-chargebee-1.0-javadoc.jar
7f98bf7ec000-7f98bf7f3000 r--s 0005e000 00:b7 80895695                   /usr/userfs/a/aef517/workspace/taxe-game/lib/commons-lang3-3.3.2.jar
7f98bf7f3000-7f98bf7fc000 r--s 000fe000 00:b7 80895694                   /usr/userfs/a/aef517/workspace/taxe-game/lib/commons-lang3-3.3.2-javadoc.jar
7f98bf7fc000-7f98bf7ff000 r--s 00016000 00:b7 67425479                   /usr/userfs/a/aef517/workspace/taxe-game/lib/engine.io-client-0.3.1.jar
7f98bf7ff000-7f98bf85a000 rw-p 00000000 00:00 0 
7f98bf85a000-7f98bf878000 rw-p 00000000 00:00 0 
7f98bf878000-7f98bf8ad000 r--s 00000000 08:06 524393                     /var/cache/nscd/passwd
7f98bf8ad000-7f98bf8b0000 ---p 00000000 00:00 0 
7f98bf8b0000-7f98bf9b2000 rw-p 00000000 00:00 0                          [stack:12701]
7f98bf9b2000-7f98bf9b3000 r--s 00009000 00:b7 67425485                   /usr/userfs/a/aef517/workspace/taxe-game/lib/org.json-chargebee-1.0.jar
7f98bf9b3000-7f98bf9b7000 r--s 00029000 00:b7 67425478                   /usr/userfs/a/aef517/workspace/taxe-game/lib/engine.io-client-0.3.1-javadoc.jar
7f98bf9b7000-7f98bf9d8000 rw-p 00000000 00:00 0 
7f98bf9d8000-7f98bf9e0000 rw-s 00000000 08:02 5917750                    /tmp/hsperfdata_aef517/12695
7f98bf9e0000-7f98bf9e1000 rw-p 00000000 00:00 0 
7f98bf9e1000-7f98bf9e2000 r--p 00000000 00:00 0 
7f98bf9e2000-7f98bf9e4000 rw-p 00000000 00:00 0 
7f98bf9e4000-7f98bf9e5000 r--p 00022000 08:02 2097200                    /lib/x86_64-linux-gnu/ld-2.19.so
7f98bf9e5000-7f98bf9e6000 rw-p 00023000 08:02 2097200                    /lib/x86_64-linux-gnu/ld-2.19.so
7f98bf9e6000-7f98bf9e7000 rw-p 00000000 00:00 0 
7fff59b6f000-7fff59b90000 rw-p 00000000 00:00 0                          [stack]
7fff59bfe000-7fff59c00000 r-xp 00000000 00:00 0                          [vdso]
ffffffffff600000-ffffffffff601000 r-xp 00000000 00:00 0                  [vsyscall]

VM Arguments:
jvm_args: -Dfile.encoding=UTF-8 
java_command: com.eep.taxe.Game
Launcher Type: SUN_STANDARD

Environment Variables:
PATH=/usr/userfs/a/aef517/.local/bin:/usr/local/sbin:/usr/local/bin:/usr/sbin:/usr/bin:/sbin:/bin:/usr/games:/usr/local/games
SHELL=/bin/bash
DISPLAY=:0

Signal Handlers:
SIGSEGV: [libjvm.so+0x9a1a10], sa_mask[0]=0x7ffbfeff, sa_flags=0x10000004
SIGBUS: [libjvm.so+0x9a1a10], sa_mask[0]=0x7ffbfeff, sa_flags=0x10000004
SIGFPE: [libjvm.so+0x81bae0], sa_mask[0]=0x7ffbfeff, sa_flags=0x10000004
SIGPIPE: [libjvm.so+0x81bae0], sa_mask[0]=0x7ffbfeff, sa_flags=0x10000004
SIGXFSZ: [libjvm.so+0x81bae0], sa_mask[0]=0x7ffbfeff, sa_flags=0x10000004
SIGILL: [libjvm.so+0x81bae0], sa_mask[0]=0x7ffbfeff, sa_flags=0x10000004
SIGUSR1: SIG_DFL, sa_mask[0]=0x00000000, sa_flags=0x00000000
SIGUSR2: [libjvm.so+0x81d2e0], sa_mask[0]=0x00000004, sa_flags=0x10000004
SIGHUP: [libjvm.so+0x81e400], sa_mask[0]=0x7ffbfeff, sa_flags=0x10000004
SIGINT: [libjvm.so+0x81e400], sa_mask[0]=0x7ffbfeff, sa_flags=0x10000004
SIGTERM: [libjvm.so+0x81e400], sa_mask[0]=0x7ffbfeff, sa_flags=0x10000004
SIGQUIT: [libjvm.so+0x81e400], sa_mask[0]=0x7ffbfeff, sa_flags=0x10000004


---------------  S Y S T E M  ---------------

OS:jessie/sid

uname:Linux 3.13.0-44-generic #73-Ubuntu SMP Tue Dec 16 00:22:43 UTC 2014 x86_64
libc:glibc 2.19 NPTL 2.19 
rlimit: STACK 8192k, CORE 0k, NPROC 127196, NOFILE 4096, AS infinity
load average:0.59 0.22 0.16

/proc/meminfo:
MemTotal:       16302852 kB
MemFree:        12098068 kB
Buffers:          360624 kB
Cached:          1724380 kB
SwapCached:            0 kB
Active:          2416528 kB
Inactive:        1376940 kB
Active(anon):    1718560 kB
Inactive(anon):   308280 kB
Active(file):     697968 kB
Inactive(file):  1068660 kB
Unevictable:         172 kB
Mlocked:             196 kB
SwapTotal:      16382972 kB
SwapFree:       16382972 kB
Dirty:               288 kB
Writeback:            12 kB
AnonPages:       1708112 kB
Mapped:           154824 kB
Shmem:            317616 kB
Slab:             229104 kB
SReclaimable:     186324 kB
SUnreclaim:        42780 kB
KernelStack:        7424 kB
PageTables:        15748 kB
NFS_Unstable:          0 kB
Bounce:                0 kB
WritebackTmp:          0 kB
CommitLimit:    24534396 kB
Committed_AS:    5680716 kB
VmallocTotal:   34359738367 kB
VmallocUsed:      374804 kB
VmallocChunk:   34359356688 kB
HardwareCorrupted:     0 kB
AnonHugePages:   1402880 kB
HugePages_Total:       0
HugePages_Free:        0
HugePages_Rsvd:        0
HugePages_Surp:        0
Hugepagesize:       2048 kB
DirectMap4k:       65544 kB
DirectMap2M:     2949120 kB
DirectMap1G:    13631488 kB


CPU:total 8 (4 cores per cpu, 2 threads per core) family 6 model 60 stepping 3, cmov, cx8, fxsr, mmx, sse, sse2, sse3, ssse3, sse4.1, sse4.2, popcnt, avx, avx2, aes, erms, ht, tsc, tscinvbit

/proc/cpuinfo:
processor	: 0
vendor_id	: GenuineIntel
cpu family	: 6
model		: 60
model name	: Intel(R) Core(TM) i7-4770 CPU @ 3.40GHz
stepping	: 3
microcode	: 0x12
cpu MHz		: 3401.000
cache size	: 8192 KB
physical id	: 0
siblings	: 8
core id		: 0
cpu cores	: 4
apicid		: 0
initial apicid	: 0
fpu		: yes
fpu_exception	: yes
cpuid level	: 13
wp		: yes
flags		: fpu vme de pse tsc msr pae mce cx8 apic sep mtrr pge mca cmov pat pse36 clflush dts acpi mmx fxsr sse sse2 ss ht tm pbe syscall nx pdpe1gb rdtscp lm constant_tsc arch_perfmon pebs bts rep_good nopl xtopology nonstop_tsc aperfmperf eagerfpu pni pclmulqdq dtes64 monitor ds_cpl vmx smx est tm2 ssse3 fma cx16 xtpr pdcm pcid sse4_1 sse4_2 x2apic movbe popcnt tsc_deadline_timer aes xsave avx f16c rdrand lahf_lm abm ida arat epb xsaveopt pln pts dtherm tpr_shadow vnmi flexpriority ept vpid fsgsbase tsc_adjust bmi1 hle avx2 smep bmi2 erms invpcid rtm
bogomips	: 6784.79
clflush size	: 64
cache_alignment	: 64
address sizes	: 39 bits physical, 48 bits virtual
power management:

processor	: 1
vendor_id	: GenuineIntel
cpu family	: 6
model		: 60
model name	: Intel(R) Core(TM) i7-4770 CPU @ 3.40GHz
stepping	: 3
microcode	: 0x12
cpu MHz		: 3401.000
cache size	: 8192 KB
physical id	: 0
siblings	: 8
core id		: 1
cpu cores	: 4
apicid		: 2
initial apicid	: 2
fpu		: yes
fpu_exception	: yes
cpuid level	: 13
wp		: yes
flags		: fpu vme de pse tsc msr pae mce cx8 apic sep mtrr pge mca cmov pat pse36 clflush dts acpi mmx fxsr sse sse2 ss ht tm pbe syscall nx pdpe1gb rdtscp lm constant_tsc arch_perfmon pebs bts rep_good nopl xtopology nonstop_tsc aperfmperf eagerfpu pni pclmulqdq dtes64 monitor ds_cpl vmx smx est tm2 ssse3 fma cx16 xtpr pdcm pcid sse4_1 sse4_2 x2apic movbe popcnt tsc_deadline_timer aes xsave avx f16c rdrand lahf_lm abm ida arat epb xsaveopt pln pts dtherm tpr_shadow vnmi flexpriority ept vpid fsgsbase tsc_adjust bmi1 hle avx2 smep bmi2 erms invpcid rtm
bogomips	: 6784.79
clflush size	: 64
cache_alignment	: 64
address sizes	: 39 bits physical, 48 bits virtual
power management:

processor	: 2
vendor_id	: GenuineIntel
cpu family	: 6
model		: 60
model name	: Intel(R) Core(TM) i7-4770 CPU @ 3.40GHz
stepping	: 3
microcode	: 0x12
cpu MHz		: 3401.000
cache size	: 8192 KB
physical id	: 0
siblings	: 8
core id		: 2
cpu cores	: 4
apicid		: 4
initial apicid	: 4
fpu		: yes
fpu_exception	: yes
cpuid level	: 13
wp		: yes
flags		: fpu vme de pse tsc msr pae mce cx8 apic sep mtrr pge mca cmov pat pse36 clflush dts acpi mmx fxsr sse sse2 ss ht tm pbe syscall nx pdpe1gb rdtscp lm constant_tsc arch_perfmon pebs bts rep_good nopl xtopology nonstop_tsc aperfmperf eagerfpu pni pclmulqdq dtes64 monitor ds_cpl vmx smx est tm2 ssse3 fma cx16 xtpr pdcm pcid sse4_1 sse4_2 x2apic movbe popcnt tsc_deadline_timer aes xsave avx f16c rdrand lahf_lm abm ida arat epb xsaveopt pln pts dtherm tpr_shadow vnmi flexpriority ept vpid fsgsbase tsc_adjust bmi1 hle avx2 smep bmi2 erms invpcid rtm
bogomips	: 6784.79
clflush size	: 64
cache_alignment	: 64
address sizes	: 39 bits physical, 48 bits virtual
power management:

processor	: 3
vendor_id	: GenuineIntel
cpu family	: 6
model		: 60
model name	: Intel(R) Core(TM) i7-4770 CPU @ 3.40GHz
stepping	: 3
microcode	: 0x12
cpu MHz		: 3401.000
cache size	: 8192 KB
physical id	: 0
siblings	: 8
core id		: 3
cpu cores	: 4
apicid		: 6
initial apicid	: 6
fpu		: yes
fpu_exception	: yes
cpuid level	: 13
wp		: yes
flags		: fpu vme de pse tsc msr pae mce cx8 apic sep mtrr pge mca cmov pat pse36 clflush dts acpi mmx fxsr sse sse2 ss ht tm pbe syscall nx pdpe1gb rdtscp lm constant_tsc arch_perfmon pebs bts rep_good nopl xtopology nonstop_tsc aperfmperf eagerfpu pni pclmulqdq dtes64 monitor ds_cpl vmx smx est tm2 ssse3 fma cx16 xtpr pdcm pcid sse4_1 sse4_2 x2apic movbe popcnt tsc_deadline_timer aes xsave avx f16c rdrand lahf_lm abm ida arat epb xsaveopt pln pts dtherm tpr_shadow vnmi flexpriority ept vpid fsgsbase tsc_adjust bmi1 hle avx2 smep bmi2 erms invpcid rtm
bogomips	: 6784.79
clflush size	: 64
cache_alignment	: 64
address sizes	: 39 bits physical, 48 bits virtual
power management:

processor	: 4
vendor_id	: GenuineIntel
cpu family	: 6
model		: 60
model name	: Intel(R) Core(TM) i7-4770 CPU @ 3.40GHz
stepping	: 3
microcode	: 0x12
cpu MHz		: 3401.000
cache size	: 8192 KB
physical id	: 0
siblings	: 8
core id		: 0
cpu cores	: 4
apicid		: 1
initial apicid	: 1
fpu		: yes
fpu_exception	: yes
cpuid level	: 13
wp		: yes
flags		: fpu vme de pse tsc msr pae mce cx8 apic sep mtrr pge mca cmov pat pse36 clflush dts acpi mmx fxsr sse sse2 ss ht tm pbe syscall nx pdpe1gb rdtscp lm constant_tsc arch_perfmon pebs bts rep_good nopl xtopology nonstop_tsc aperfmperf eagerfpu pni pclmulqdq dtes64 monitor ds_cpl vmx smx est tm2 ssse3 fma cx16 xtpr pdcm pcid sse4_1 sse4_2 x2apic movbe popcnt tsc_deadline_timer aes xsave avx f16c rdrand lahf_lm abm ida arat epb xsaveopt pln pts dtherm tpr_shadow vnmi flexpriority ept vpid fsgsbase tsc_adjust bmi1 hle avx2 smep bmi2 erms invpcid rtm
bogomips	: 6784.79
clflush size	: 64
cache_alignment	: 64
address sizes	: 39 bits physical, 48 bits virtual
power management:

processor	: 5
vendor_id	: GenuineIntel
cpu family	: 6
model		: 60
model name	: Intel(R) Core(TM) i7-4770 CPU @ 3.40GHz
stepping	: 3
microcode	: 0x12
cpu MHz		: 3401.000
cache size	: 8192 KB
physical id	: 0
siblings	: 8
core id		: 1
cpu cores	: 4
apicid		: 3
initial apicid	: 3
fpu		: yes
fpu_exception	: yes
cpuid level	: 13
wp		: yes
flags		: fpu vme de pse tsc msr pae mce cx8 apic sep mtrr pge mca cmov pat pse36 clflush dts acpi mmx fxsr sse sse2 ss ht tm pbe syscall nx pdpe1gb rdtscp lm constant_tsc arch_perfmon pebs bts rep_good nopl xtopology nonstop_tsc aperfmperf eagerfpu pni pclmulqdq dtes64 monitor ds_cpl vmx smx est tm2 ssse3 fma cx16 xtpr pdcm pcid sse4_1 sse4_2 x2apic movbe popcnt tsc_deadline_timer aes xsave avx f16c rdrand lahf_lm abm ida arat epb xsaveopt pln pts dtherm tpr_shadow vnmi flexpriority ept vpid fsgsbase tsc_adjust bmi1 hle avx2 smep bmi2 erms invpcid rtm
bogomips	: 6784.79
clflush size	: 64
cache_alignment	: 64
address sizes	: 39 bits physical, 48 bits virtual
power management:

processor	: 6
vendor_id	: GenuineIntel
cpu family	: 6
model		: 60
model name	: Intel(R) Core(TM) i7-4770 CPU @ 3.40GHz
stepping	: 3
microcode	: 0x12
cpu MHz		: 3401.000
cache size	: 8192 KB
physical id	: 0
siblings	: 8
core id		: 2
cpu cores	: 4
apicid		: 5
initial apicid	: 5
fpu		: yes
fpu_exception	: yes
cpuid level	: 13
wp		: yes
flags		: fpu vme de pse tsc msr pae mce cx8 apic sep mtrr pge mca cmov pat pse36 clflush dts acpi mmx fxsr sse sse2 ss ht tm pbe syscall nx pdpe1gb rdtscp lm constant_tsc arch_perfmon pebs bts rep_good nopl xtopology nonstop_tsc aperfmperf eagerfpu pni pclmulqdq dtes64 monitor ds_cpl vmx smx est tm2 ssse3 fma cx16 xtpr pdcm pcid sse4_1 sse4_2 x2apic movbe popcnt tsc_deadline_timer aes xsave avx f16c rdrand lahf_lm abm ida arat epb xsaveopt pln pts dtherm tpr_shadow vnmi flexpriority ept vpid fsgsbase tsc_adjust bmi1 hle avx2 smep bmi2 erms invpcid rtm
bogomips	: 6784.79
clflush size	: 64
cache_alignment	: 64
address sizes	: 39 bits physical, 48 bits virtual
power management:

processor	: 7
vendor_id	: GenuineIntel
cpu family	: 6
model		: 60
model name	: Intel(R) Core(TM) i7-4770 CPU @ 3.40GHz
stepping	: 3
microcode	: 0x12
cpu MHz		: 3401.000
cache size	: 8192 KB
physical id	: 0
siblings	: 8
core id		: 3
cpu cores	: 4
apicid		: 7
initial apicid	: 7
fpu		: yes
fpu_exception	: yes
cpuid level	: 13
wp		: yes
flags		: fpu vme de pse tsc msr pae mce cx8 apic sep mtrr pge mca cmov pat pse36 clflush dts acpi mmx fxsr sse sse2 ss ht tm pbe syscall nx pdpe1gb rdtscp lm constant_tsc arch_perfmon pebs bts rep_good nopl xtopology nonstop_tsc aperfmperf eagerfpu pni pclmulqdq dtes64 monitor ds_cpl vmx smx est tm2 ssse3 fma cx16 xtpr pdcm pcid sse4_1 sse4_2 x2apic movbe popcnt tsc_deadline_timer aes xsave avx f16c rdrand lahf_lm abm ida arat epb xsaveopt pln pts dtherm tpr_shadow vnmi flexpriority ept vpid fsgsbase tsc_adjust bmi1 hle avx2 smep bmi2 erms invpcid rtm
bogomips	: 6784.79
clflush size	: 64
cache_alignment	: 64
address sizes	: 39 bits physical, 48 bits virtual
power management:



Memory: 4k page, physical 16302852k(12098068k free), swap 16382972k(16382972k free)

vm_info: Java HotSpot(TM) 64-Bit Server VM (24.72-b04) for linux-amd64 JRE (1.7.0_72-b14), built on Sep 26 2014 18:20:41 by "java_re" with gcc 4.3.0 20080428 (Red Hat 4.3.0-8)

time: Sat Jan 17 12:11:17 2015
elapsed time: 380 seconds

