#
# A fatal error has been detected by the Java Runtime Environment:
#
#  SIGSEGV (0xb) at pc=0x00007f3af105b6fa, pid=12514, tid=139890410882816
#
# JRE version: Java(TM) SE Runtime Environment (7.0_72-b14) (build 1.7.0_72-b14)
# Java VM: Java HotSpot(TM) 64-Bit Server VM (24.72-b04 mixed mode linux-amd64 compressed oops)
# Problematic frame:
# v  ~BufferBlob::jni_fast_GetLongField
#
# Failed to write core dump. Core dumps have been disabled. To enable core dumping, try "ulimit -c unlimited" before starting Java again
#
# If you would like to submit a bug report, please visit:
#   http://bugreport.sun.com/bugreport/crash.jsp
# The crash happened outside the Java Virtual Machine in native code.
# See problematic frame for where to report the bug.
#

---------------  T H R E A D  ---------------

Current thread (0x00007f3af422a000):  JavaThread "AWT-XAWT" daemon [_thread_in_native, id=12553, stack(0x00007f3ac62f8000,0x00007f3ac63f9000)]

siginfo:si_signo=SIGSEGV: si_errno=0, si_code=1 (SEGV_MAPERR), si_addr=0x0000000000000000

Registers:
RAX=0x00007f3afc02d180, RBX=0x000000070278f598, RCX=0x00007f3afca85320, RDX=0x0000000000000042
RSP=0x00007f3ac63f7738, RBP=0x00007f3ac63f7760, RSI=0x0000000000000000, RDI=0x00007f3af422a1e8
R8 =0x00000000f6327597, R9 =0x0000000000000000, R10=0x0000000000000056, R11=0x00007f3afbac7b80
R12=0x00007f3af422a1e8, R13=0x0000000000000000, R14=0x00007f3ac6024fe0, R15=0x00007f3af422a000
RIP=0x00007f3af105b6fa, EFLAGS=0x0000000000010246, CSGSFS=0x0000000000000033, ERR=0x0000000000000004
  TRAPNO=0x000000000000000e

Top of Stack: (sp=0x00007f3ac63f7738)
0x00007f3ac63f7738:   00007f3ac5def801 000000070278f598
0x00007f3ac63f7748:   00007f3a7800e670 000000070278f598
0x00007f3ac63f7758:   00007f3ac63f7848 0000000000000000
0x00007f3ac63f7768:   00007f3ac58ebae8 000000070278f598
0x00007f3ac63f7778:   00007f3ac63f77a0 0000000000000000
0x00007f3ac63f7788:   00007f3ac58e39a3 000000070278f598
0x00007f3ac63f7798:   00007f3ac5de568f 00007f3ac63f7810
0x00007f3ac63f77a8:   00007f3af1012d98 00007f3af1006233
0x00007f3ac63f77b8:   0000000000000000 00000007b15e6df0
0x00007f3ac63f77c8:   0000000000000000 00007f3ac63f77d0
0x00007f3ac63f77d8:   0000000000000000 00007f3ac63f7848
0x00007f3ac63f77e8:   0000000702795668 0000000000000000
0x00007f3ac63f77f8:   000000070278f598 0000000000000000
0x00007f3ac63f7808:   00007f3ac63f7830 00007f3ac63f7890
0x00007f3ac63f7818:   00007f3af1006350 00000007072422d0
0x00007f3ac63f7828:   00007f3af100ecc0 0000000000000000
0x00007f3ac63f7838:   00007f3ac63f7890 00007f3a80001b30
0x00007f3ac63f7848:   00000007b0fb8230 00007f3ac63f7850
0x00007f3ac63f7858:   000000070289b6a4 00007f3ac63f78d8
0x00007f3ac63f7868:   00000007028a7140 0000000000000000
0x00007f3ac63f7878:   000000070289b7d8 00007f3ac63f7830
0x00007f3ac63f7888:   00007f3ac63f78d0 00007f3ac63f7920
0x00007f3ac63f7898:   00007f3af1006058 0000000000000000
0x00007f3ac63f78a8:   00000007b100bff8 0000000000000000
0x00007f3ac63f78b8:   0000000000000000 0000000000000000
0x00007f3ac63f78c8:   00000007b0fb8230 0000000000000000
0x00007f3ac63f78d8:   00000007b0fb81d0 00007f3ac63f78e0
0x00007f3ac63f78e8:   000000070289b4ad 00007f3ac63f7930
0x00007f3ac63f78f8:   00000007028a7140 0000000000000000
0x00007f3ac63f7908:   000000070289b4b8 00007f3ac63f78d0
0x00007f3ac63f7918:   00007f3ac63f7930 00007f3ac63f7978
0x00007f3ac63f7928:   00007f3af1006706 00000007b0fb81d0 

Instructions: (pc=0x00007f3af105b6fa)
0x00007f3af105b6da:   00 00 00 00 00 00 44 8b 15 01 55 00 0b 4c 8b ce
0x00007f3af105b6ea:   41 f6 c2 01 0f 85 2e 00 00 00 4d 33 ca 4d 33 ca
0x00007f3af105b6fa:   4d 8b 09 4c 8b da 49 c1 eb 02 4b 8b 04 19 49 bb
0x00007f3af105b70a:   e8 0b 06 fc 3a 7f 00 00 4c 33 d8 4c 33 d8 45 3b 

Register to memory mapping:

RAX=0x00007f3afc02d180: <offset 0xe19180> in /usr/lib/jvm/java-7-oracle/jre/lib/amd64/server/libjvm.so at 0x00007f3afb214000
RBX=0x000000070278f598 is an oop
{method} 
 - klass: {other class}
RCX=0x00007f3afca85320: <offset 0x219320> in /lib/x86_64-linux-gnu/libpthread.so.0 at 0x00007f3afc86c000
RDX=0x0000000000000042 is an unknown value
RSP=0x00007f3ac63f7738 is pointing into the stack for thread: 0x00007f3af422a000
RBP=0x00007f3ac63f7760 is pointing into the stack for thread: 0x00007f3af422a000
RSI=0x0000000000000000 is an unknown value
RDI=0x00007f3af422a1e8 is an unknown value
R8 =0x00000000f6327597 is an unknown value
R9 =0x0000000000000000 is an unknown value
R10=0x0000000000000056 is an unknown value
R11=0x00007f3afbac7b80: <offset 0x8b3b80> in /usr/lib/jvm/java-7-oracle/jre/lib/amd64/server/libjvm.so at 0x00007f3afb214000
R12=0x00007f3af422a1e8 is an unknown value
R13=0x0000000000000000 is an unknown value
R14=0x00007f3ac6024fe0: <offset 0x253fe0> in /usr/lib/jvm/java-7-oracle/jre/lib/amd64/xawt/libmawt.so at 0x00007f3ac5dd1000
R15=0x00007f3af422a000 is a thread


Stack: [0x00007f3ac62f8000,0x00007f3ac63f9000],  sp=0x00007f3ac63f7738,  free space=1021k
Native frames: (J=compiled Java code, j=interpreted, Vv=VM code, C=native code)
v  ~BufferBlob::jni_fast_GetLongField

Java frames: (J=compiled Java code, j=interpreted, Vv=VM code)
j  sun.awt.X11.XlibWrapper.XFilterEvent(JJ)Z+0
j  sun.awt.X11.XToolkit.run(Z)V+300
j  sun.awt.X11.XToolkit.run()V+5
j  java.lang.Thread.run()V+11
v  ~StubRoutines::call_stub

---------------  P R O C E S S  ---------------

Java Threads: ( => current thread )
  0x00007f3ab0001000 JavaThread "SIGTERM handler" daemon [_thread_in_vm, id=13643, stack(0x00007f3ac690d000,0x00007f3ac6a0e000)]
  0x00007f3a78035000 JavaThread "TimerQueue" daemon [_thread_blocked, id=12560, stack(0x00007f3ac63f9000,0x00007f3ac64fa000)]
  0x00007f3af4008000 JavaThread "DestroyJavaVM" [_thread_blocked, id=12520, stack(0x00007f3afcb75000,0x00007f3afcc76000)]
  0x00007f3af42d9800 JavaThread "Timer-0" [_thread_blocked, id=12559, stack(0x00007f3ac40a0000,0x00007f3ac41a1000)]
  0x00007f3af425d800 JavaThread "AWT-EventQueue-0" [_thread_blocked, id=12555, stack(0x00007f3ac462f000,0x00007f3ac4730000)]
  0x00007f3af4239800 JavaThread "AWT-Shutdown" [_thread_blocked, id=12554, stack(0x00007f3ac4730000,0x00007f3ac4831000)]
=>0x00007f3af422a000 JavaThread "AWT-XAWT" daemon [_thread_in_native, id=12553, stack(0x00007f3ac62f8000,0x00007f3ac63f9000)]
  0x00007f3af4209000 JavaThread "Java2D Disposer" daemon [_thread_blocked, id=12552, stack(0x00007f3ac6e27000,0x00007f3ac6f28000)]
  0x00007f3a9c03e000 JavaThread "WebsocketWriteThread" [_thread_blocked, id=12547, stack(0x00007f3ac680c000,0x00007f3ac690d000)]
  0x00007f3a94036800 JavaThread "pool-3-thread-1" [_thread_blocked, id=12545, stack(0x00007f3ac64fa000,0x00007f3ac65fb000)]
  0x00007f3a94017000 JavaThread "Thread-5" [_thread_in_native, id=12544, stack(0x00007f3ac6c25000,0x00007f3ac6d26000)]
  0x00007f3aa4004800 JavaThread "pool-1-thread-1" [_thread_blocked, id=12538, stack(0x00007f3ac6d26000,0x00007f3ac6e27000)]
  0x00007f3af40a7800 JavaThread "Service Thread" daemon [_thread_blocked, id=12535, stack(0x00007f3ac7029000,0x00007f3ac712a000)]
  0x00007f3af40a5800 JavaThread "C2 CompilerThread1" daemon [_thread_blocked, id=12534, stack(0x00007f3ac712a000,0x00007f3ac722b000)]
  0x00007f3af40a2800 JavaThread "C2 CompilerThread0" daemon [_thread_blocked, id=12533, stack(0x00007f3ac722b000,0x00007f3ac732c000)]
  0x00007f3af40a0000 JavaThread "Signal Dispatcher" daemon [_thread_blocked, id=12532, stack(0x00007f3ac732c000,0x00007f3ac742d000)]
  0x00007f3af4077000 JavaThread "Finalizer" daemon [_thread_blocked, id=12531, stack(0x00007f3ac76f6000,0x00007f3ac77f7000)]
  0x00007f3af4075000 JavaThread "Reference Handler" daemon [_thread_blocked, id=12530, stack(0x00007f3ac77f7000,0x00007f3ac78f8000)]

Other Threads:
  0x00007f3af4070800 VMThread [stack: 0x00007f3ac78f8000,0x00007f3ac79f9000] [id=12529]
  0x00007f3af40b2800 WatcherThread [stack: 0x00007f3ac6f28000,0x00007f3ac7029000] [id=12536]

VM state:not at safepoint (normal execution)

VM Mutex/Monitor currently owned by a thread:  ([mutex/lock_event])
[0x00007f3af4006820] Threads_lock - owner thread: 0x00007f3ab0001000

Heap
 PSYoungGen      total 74752K, used 36534K [0x00000007ad080000, 0x00000007b2380000, 0x0000000800000000)
  eden space 64512K, 40% used [0x00000007ad080000,0x00000007aea31a70,0x00000007b0f80000)
  from space 10240K, 99% used [0x00000007b0f80000,0x00000007b197be30,0x00000007b1980000)
  to   space 10240K, 0% used [0x00000007b1980000,0x00000007b1980000,0x00000007b2380000)
 ParOldGen       total 169472K, used 1726K [0x0000000707200000, 0x0000000711780000, 0x00000007ad080000)
  object space 169472K, 1% used [0x0000000707200000,0x00000007073afa48,0x0000000711780000)
 PSPermGen       total 21504K, used 16725K [0x0000000702000000, 0x0000000703500000, 0x0000000707200000)
  object space 21504K, 77% used [0x0000000702000000,0x0000000703055568,0x0000000703500000)

Card table byte_map: [0x00007f3af9e01000,0x00007f3afa5f2000] byte_map_base: 0x00007f3af65f1000

Polling page: 0x00007f3afcca9000

Code Cache  [0x00007f3af1000000, 0x00007f3af1270000, 0x00007f3af4000000)
 total_blobs=610 nmethods=89 adapters=474 free_code_cache=48418Kb largest_free_block=49555072

Compilation events (10 events):
Event: 467.900 Thread 0x00007f3af40a5800   85             sun.util.logging.LoggingSupport::isLoggable (14 bytes)
Event: 467.900 Thread 0x00007f3af40a2800   86             java.util.logging.LoggingProxyImpl::isLoggable (12 bytes)
Event: 467.902 Thread 0x00007f3af40a2800 nmethod 86 0x00007f3af10aeed0 code [0x00007f3af10af020, 0x00007f3af10af118]
Event: 467.903 Thread 0x00007f3af40a5800 nmethod 85 0x00007f3af10b6950 code [0x00007f3af10b6aa0, 0x00007f3af10b6b78]
Event: 468.401 Thread 0x00007f3af40a2800   87             sun.util.logging.PlatformLogger$JavaLoggerProxy::isLoggable (12 bytes)
Event: 468.403 Thread 0x00007f3af40a2800 nmethod 87 0x00007f3af10b80d0 code [0x00007f3af10b8220, 0x00007f3af10b8338]
Event: 499.509 Thread 0x00007f3af40a5800   88             sun.util.logging.PlatformLogger::isLoggable (9 bytes)
Event: 499.509 Thread 0x00007f3af40a2800   89             sun.util.logging.PlatformLogger::isLoggable (38 bytes)
Event: 499.513 Thread 0x00007f3af40a2800 nmethod 89 0x00007f3af10b7c50 code [0x00007f3af10b7da0, 0x00007f3af10b7ed8]
Event: 499.516 Thread 0x00007f3af40a5800 nmethod 88 0x00007f3af10b7450 code [0x00007f3af10b75e0, 0x00007f3af10b78d8]

GC Heap History (2 events):
Event: 2.818 GC heap before
{Heap before GC invocations=1 (full 0):
 PSYoungGen      total 74752K, used 64512K [0x00000007ad080000, 0x00000007b2380000, 0x0000000800000000)
  eden space 64512K, 100% used [0x00000007ad080000,0x00000007b0f80000,0x00000007b0f80000)
  from space 10240K, 0% used [0x00000007b1980000,0x00000007b1980000,0x00000007b2380000)
  to   space 10240K, 0% used [0x00000007b0f80000,0x00000007b0f80000,0x00000007b1980000)
 ParOldGen       total 169472K, used 0K [0x0000000707200000, 0x0000000711780000, 0x00000007ad080000)
  object space 169472K, 0% used [0x0000000707200000,0x0000000707200000,0x0000000711780000)
 PSPermGen       total 21504K, used 16495K [0x0000000702000000, 0x0000000703500000, 0x0000000707200000)
  object space 21504K, 76% used [0x0000000702000000,0x000000070301bcb0,0x0000000703500000)
Event: 2.826 GC heap after
Heap after GC invocations=1 (full 0):
 PSYoungGen      total 74752K, used 10223K [0x00000007ad080000, 0x00000007b2380000, 0x0000000800000000)
  eden space 64512K, 0% used [0x00000007ad080000,0x00000007ad080000,0x00000007b0f80000)
  from space 10240K, 99% used [0x00000007b0f80000,0x00000007b197be30,0x00000007b1980000)
  to   space 10240K, 0% used [0x00000007b1980000,0x00000007b1980000,0x00000007b2380000)
 ParOldGen       total 169472K, used 1726K [0x0000000707200000, 0x0000000711780000, 0x00000007ad080000)
  object space 169472K, 1% used [0x0000000707200000,0x00000007073afa48,0x0000000711780000)
 PSPermGen       total 21504K, used 16495K [0x0000000702000000, 0x0000000703500000, 0x0000000707200000)
  object space 21504K, 76% used [0x0000000702000000,0x000000070301bcb0,0x0000000703500000)
}

Deoptimization events (10 events):
Event: 0.190 Thread 0x00007f3a8c001000 Uncommon trap: reason=unloaded action=reinterpret pc=0x00007f3af1060f5c method=java.lang.String.charAt(I)C @ 13
Event: 0.241 Thread 0x00007f3af4008000 Uncommon trap: reason=null_check action=make_not_entrant pc=0x00007f3af106aea8 method=java.lang.String.equals(Ljava/lang/Object;)Z @ 8
Event: 0.310 Thread 0x00007f3af4008000 Uncommon trap: reason=class_check action=maybe_recompile pc=0x00007f3af1067244 method=java.util.Properties$LineReader.readLine()I @ 62
Event: 0.310 Thread 0x00007f3af4008000 Uncommon trap: reason=class_check action=maybe_recompile pc=0x00007f3af1067244 method=java.util.Properties$LineReader.readLine()I @ 62
Event: 0.311 Thread 0x00007f3af4008000 Uncommon trap: reason=class_check action=maybe_recompile pc=0x00007f3af1067244 method=java.util.Properties$LineReader.readLine()I @ 62
Event: 0.312 Thread 0x00007f3af4008000 Uncommon trap: reason=class_check action=maybe_recompile pc=0x00007f3af1067244 method=java.util.Properties$LineReader.readLine()I @ 62
Event: 2.182 Thread 0x00007f3af425d800 Uncommon trap: reason=class_check action=maybe_recompile pc=0x00007f3af108aeec method=java.lang.String.equals(Ljava/lang/Object;)Z @ 8
Event: 2.182 Thread 0x00007f3af425d800 Uncommon trap: reason=class_check action=maybe_recompile pc=0x00007f3af108aeec method=java.lang.String.equals(Ljava/lang/Object;)Z @ 8
Event: 2.349 Thread 0x00007f3af425d800 Uncommon trap: reason=class_check action=maybe_recompile pc=0x00007f3af108aeec method=java.lang.String.equals(Ljava/lang/Object;)Z @ 8
Event: 2.349 Thread 0x00007f3af425d800 Uncommon trap: reason=class_check action=maybe_recompile pc=0x00007f3af108aeec method=java.lang.String.equals(Ljava/lang/Object;)Z @ 8

Internal exceptions (10 events):
Event: 2.656 Thread 0x00007f3a9c03f800 Threw 0x00000007af77de20 at /HUDSON/workspace/7u-2-build-linux-amd64/jdk7u72/1606/hotspot/src/share/vm/prims/jvm.cpp:1281
Event: 2.657 Thread 0x00007f3a9c03f800 Threw 0x00000007af7847a0 at /HUDSON/workspace/7u-2-build-linux-amd64/jdk7u72/1606/hotspot/src/share/vm/prims/jvm.cpp:1281
Event: 2.658 Thread 0x00007f3a9c03f800 Threw 0x00000007af7872b8 at /HUDSON/workspace/7u-2-build-linux-amd64/jdk7u72/1606/hotspot/src/share/vm/prims/jvm.cpp:1281
Event: 2.659 Thread 0x00007f3a9c03f800 Threw 0x00000007af78eb58 at /HUDSON/workspace/7u-2-build-linux-amd64/jdk7u72/1606/hotspot/src/share/vm/prims/jvm.cpp:1281
Event: 2.660 Thread 0x00007f3a9c03f800 Threw 0x00000007af791fe0 at /HUDSON/workspace/7u-2-build-linux-amd64/jdk7u72/1606/hotspot/src/share/vm/prims/jvm.cpp:1281
Event: 2.661 Thread 0x00007f3a9c03f800 Threw 0x00000007af7946e0 at /HUDSON/workspace/7u-2-build-linux-amd64/jdk7u72/1606/hotspot/src/share/vm/prims/jvm.cpp:1281
Event: 2.662 Thread 0x00007f3a9c03f800 Threw 0x00000007af796f58 at /HUDSON/workspace/7u-2-build-linux-amd64/jdk7u72/1606/hotspot/src/share/vm/prims/jvm.cpp:1281
Event: 2.663 Thread 0x00007f3a9c03f800 Threw 0x00000007af799388 at /HUDSON/workspace/7u-2-build-linux-amd64/jdk7u72/1606/hotspot/src/share/vm/prims/jvm.cpp:1281
Event: 25.165 Thread 0x00007f3a94036800 Threw 0x00000007adcb2c18 at /HUDSON/workspace/7u-2-build-linux-amd64/jdk7u72/1606/hotspot/src/share/vm/prims/jvm.cpp:1281
Event: 25.167 Thread 0x00007f3a88001800 Threw 0x00000007addf5bb0 at /HUDSON/workspace/7u-2-build-linux-amd64/jdk7u72/1606/hotspot/src/share/vm/prims/jvm.cpp:1281

Events (10 events):
Event: 508.451 loading class 0x00007f3ab41bcb40
Event: 508.451 loading class 0x00007f3ab41bcb40 done
Event: 508.451 loading class 0x00007f3aa81606f0
Event: 508.451 loading class 0x00007f3aa81606f0 done
Event: 508.472 loading class 0x00007f3ab41bc2d0
Event: 508.472 loading class 0x00007f3ab41bc2d0 done
Event: 508.569 loading class 0x00007f3ab40d7810
Event: 508.569 loading class 0x00007f3ab40d7810 done
Event: 508.569 loading class 0x00007f3ab40d77e0
Event: 508.570 loading class 0x00007f3ab40d77e0 done


Dynamic libraries:
00400000-00401000 r-xp 00000000 08:02 3145756                            /usr/lib/jvm/java-7-oracle/bin/java
00600000-00601000 rw-p 00000000 08:02 3145756                            /usr/lib/jvm/java-7-oracle/bin/java
0066f000-00690000 rw-p 00000000 00:00 0                                  [heap]
702000000-703500000 rw-p 00000000 00:00 0 
703500000-707200000 rw-p 00000000 00:00 0 
707200000-711780000 rw-p 00000000 00:00 0 
711780000-7ad080000 rw-p 00000000 00:00 0 
7ad080000-7b2380000 rw-p 00000000 00:00 0 
7b2380000-800000000 rw-p 00000000 00:00 0 
7f3a70000000-7f3a70063000 rw-p 00000000 00:00 0 
7f3a70063000-7f3a74000000 ---p 00000000 00:00 0 
7f3a773f1000-7f3a773f2000 r--s 00000000 08:06 528101                     /var/cache/fontconfig/087e1975ba9a574b140bb1df193bf770-le64.cache-4
7f3a773f2000-7f3a77400000 r--s 00000000 08:06 528175                     /var/cache/fontconfig/6aa41aa22e18b8fa06a12da28ea9c28b-le64.cache-4
7f3a77400000-7f3a77401000 r--s 00000000 08:06 528174                     /var/cache/fontconfig/c05880de57d1f5e948fdfacc138775d9-le64.cache-4
7f3a77401000-7f3a7740c000 r--s 00000000 08:06 528100                     /var/cache/fontconfig/945677eb7aeaf62f1d50efc3fb3ec7d8-le64.cache-4
7f3a7740c000-7f3a77412000 r--s 00000000 08:06 528172                     /var/cache/fontconfig/2cd17615ca594fa2959ae173292e504c-le64.cache-4
7f3a77412000-7f3a77413000 r--s 00000000 08:06 528171                     /var/cache/fontconfig/e7071f4a29fa870f4323321c154eba04-le64.cache-4
7f3a77413000-7f3a77414000 r--s 00000000 08:06 528170                     /var/cache/fontconfig/0d8c3b2ac0904cb8a57a757ad11a4a08-le64.cache-4
7f3a77414000-7f3a7741b000 r--s 00000000 08:06 528169                     /var/cache/fontconfig/a755afe4a08bf5b97852ceb7400b47bc-le64.cache-4
7f3a7741b000-7f3a7741d000 r--s 00000000 08:06 528168                     /var/cache/fontconfig/5a86461592e14be7c82e45729474f230-le64.cache-4
7f3a7741d000-7f3a77421000 r--s 00000000 08:06 528167                     /var/cache/fontconfig/6d41288fd70b0be22e8c3a91e032eec0-le64.cache-4
7f3a77421000-7f3a77435000 r--s 00000000 08:06 528166                     /var/cache/fontconfig/04aabc0a78ac019cf9454389977116d2-le64.cache-4
7f3a77435000-7f3a77436000 r--s 00000000 08:06 528165                     /var/cache/fontconfig/1ac9eb803944fde146138c791f5cc56a-le64.cache-4
7f3a77436000-7f3a77437000 r--s 00000000 08:06 528164                     /var/cache/fontconfig/b95bc8ffbebda2bbdae4265e45b8178d-le64.cache-4
7f3a77437000-7f3a7743b000 r--s 00000000 08:06 528163                     /var/cache/fontconfig/385c0604a188198f04d133e54aba7fe7-le64.cache-4
7f3a7743b000-7f3a7743c000 r--s 00000000 08:06 528162                     /var/cache/fontconfig/9c956a7723ca69a44b382d9179c9802f-le64.cache-4
7f3a7743c000-7f3a7743d000 r--s 00000000 08:06 528161                     /var/cache/fontconfig/dc05db6664285cc2f12bf69c139ae4c3-le64.cache-4
7f3a7743d000-7f3a7743e000 r--s 00000000 08:06 528160                     /var/cache/fontconfig/5d1cca7074f29429a8d18692746c2426-le64.cache-4
7f3a7743e000-7f3a77440000 r--s 00000000 08:06 528159                     /var/cache/fontconfig/767a8244fc0220cfb567a839d0392e0b-le64.cache-4
7f3a77440000-7f3a77441000 r--s 00000000 08:06 524668                     /var/cache/fontconfig/4794a0821666d79190d59a36cb4f44b5-le64.cache-4
7f3a77441000-7f3a77442000 r--s 00000000 08:06 528157                     /var/cache/fontconfig/9eae20f1ff8cc0a7d125749e875856bd-le64.cache-4
7f3a77442000-7f3a77444000 r--s 00000000 08:06 528156                     /var/cache/fontconfig/bf2c1853a9e9b00bb02fe2e9bcf1e201-le64.cache-4
7f3a77444000-7f3a77449000 r--s 00000000 08:06 528155                     /var/cache/fontconfig/8801497958630a81b71ace7c5f9b32a8-le64.cache-4
7f3a77449000-7f3a77484000 r--s 00000000 08:06 528154                     /var/cache/fontconfig/365b55f210c0a22e9a19e35191240f32-le64.cache-4
7f3a77484000-7f3a77488000 r--s 00000000 08:06 528153                     /var/cache/fontconfig/c57959a16110560c8d0fcea73374aeeb-le64.cache-4
7f3a77488000-7f3a7748f000 r--s 00000000 08:06 528152                     /var/cache/fontconfig/3047814df9a2f067bd2d96a2b9c36e5a-le64.cache-4
7f3a7748f000-7f3a77493000 r--s 00000000 08:06 528151                     /var/cache/fontconfig/bf3b770c553c462765856025a94f1ce6-le64.cache-4
7f3a77493000-7f3a77494000 r--s 00000000 08:06 528150                     /var/cache/fontconfig/56cf4f4769d0f4abc89a4895d7bd3ae1-le64.cache-4
7f3a77494000-7f3a77495000 r--s 00000000 08:06 528149                     /var/cache/fontconfig/b9d506c9ac06c20b433354fa67a72993-le64.cache-4
7f3a77495000-7f3a7749b000 r--s 00000000 08:06 528148                     /var/cache/fontconfig/b47c4e1ecd0709278f4910c18777a504-le64.cache-4
7f3a7749b000-7f3a7749e000 r--s 00000000 08:06 528147                     /var/cache/fontconfig/14d493b97896515cad3840ba4896e372-le64.cache-4
7f3a7749e000-7f3a7749f000 r--s 00000000 08:06 528146                     /var/cache/fontconfig/b68acf31ab8c3c6daeca6e2130bcfd36-le64.cache-4
7f3a7749f000-7f3a774a0000 r--s 00000000 08:06 528145                     /var/cache/fontconfig/89034621ae2a8922916bb6bfa5799546-le64.cache-4
7f3a774a0000-7f3a774a3000 r--s 00000000 08:06 528144                     /var/cache/fontconfig/e49e89034d371f0f9de17aab02136486-le64.cache-4
7f3a774a3000-7f3a774a5000 r--s 00000000 08:06 528143                     /var/cache/fontconfig/4b14b093aebc79c320de5e86ae1d3314-le64.cache-4
7f3a774a5000-7f3a774b8000 r--s 00000000 08:06 528141                     /var/cache/fontconfig/d52a8644073d54c13679302ca1180695-le64.cache-4
7f3a777c5000-7f3a777ef000 r-xp 00000000 08:02 3148396                    /usr/lib/jvm/java-7-oracle/jre/lib/amd64/libdcpr.so
7f3a777ef000-7f3a779ef000 ---p 0002a000 08:02 3148396                    /usr/lib/jvm/java-7-oracle/jre/lib/amd64/libdcpr.so
7f3a779ef000-7f3a779f2000 rw-p 0002a000 08:02 3148396                    /usr/lib/jvm/java-7-oracle/jre/lib/amd64/libdcpr.so
7f3a779f2000-7f3a77a11000 rw-s 00000000 00:04 38141969                   /SYSV00000000 (deleted)
7f3a77a2c000-7f3a77a66000 r-xp 00000000 08:02 3148404                    /usr/lib/jvm/java-7-oracle/jre/lib/amd64/libjpeg.so
7f3a77a66000-7f3a77c66000 ---p 0003a000 08:02 3148404                    /usr/lib/jvm/java-7-oracle/jre/lib/amd64/libjpeg.so
7f3a77c66000-7f3a77c67000 rw-p 0003a000 08:02 3148404                    /usr/lib/jvm/java-7-oracle/jre/lib/amd64/libjpeg.so
7f3a77c6b000-7f3a77c76000 rw-s 00000000 00:04 37584912                   /SYSV00000000 (deleted)
7f3a77c76000-7f3a77c80000 r--s 00251000 08:02 3148603                    /usr/lib/jvm/java-7-oracle/jre/lib/resources.jar
7f3a77c80000-7f3a77c83000 ---p 00000000 00:00 0 
7f3a77c83000-7f3a77d81000 rw-p 00000000 00:00 0 
7f3a77d81000-7f3a77dea000 r-xp 00000000 08:02 3148415                    /usr/lib/jvm/java-7-oracle/jre/lib/amd64/libt2k.so
7f3a77dea000-7f3a77fe9000 ---p 00069000 08:02 3148415                    /usr/lib/jvm/java-7-oracle/jre/lib/amd64/libt2k.so
7f3a77fe9000-7f3a77ff0000 rw-p 00068000 08:02 3148415                    /usr/lib/jvm/java-7-oracle/jre/lib/amd64/libt2k.so
7f3a77ff0000-7f3a78000000 rw-p 00000000 00:00 0 
7f3a78000000-7f3a78065000 rw-p 00000000 00:00 0 
7f3a78065000-7f3a7c000000 ---p 00000000 00:00 0 
7f3a7c000000-7f3a7c021000 rw-p 00000000 00:00 0 
7f3a7c021000-7f3a80000000 ---p 00000000 00:00 0 
7f3a80000000-7f3a80021000 rw-p 00000000 00:00 0 
7f3a80021000-7f3a84000000 ---p 00000000 00:00 0 
7f3a84000000-7f3a84021000 rw-p 00000000 00:00 0 
7f3a84021000-7f3a88000000 ---p 00000000 00:00 0 
7f3a88000000-7f3a88021000 rw-p 00000000 00:00 0 
7f3a88021000-7f3a8c000000 ---p 00000000 00:00 0 
7f3a8c000000-7f3a8c021000 rw-p 00000000 00:00 0 
7f3a8c021000-7f3a90000000 ---p 00000000 00:00 0 
7f3a90000000-7f3a90021000 rw-p 00000000 00:00 0 
7f3a90021000-7f3a94000000 ---p 00000000 00:00 0 
7f3a94000000-7f3a9403d000 rw-p 00000000 00:00 0 
7f3a9403d000-7f3a98000000 ---p 00000000 00:00 0 
7f3a98000000-7f3a98021000 rw-p 00000000 00:00 0 
7f3a98021000-7f3a9c000000 ---p 00000000 00:00 0 
7f3a9c000000-7f3a9c04b000 rw-p 00000000 00:00 0 
7f3a9c04b000-7f3aa0000000 ---p 00000000 00:00 0 
7f3aa0000000-7f3aa0021000 rw-p 00000000 00:00 0 
7f3aa0021000-7f3aa4000000 ---p 00000000 00:00 0 
7f3aa4000000-7f3aa4041000 rw-p 00000000 00:00 0 
7f3aa4041000-7f3aa8000000 ---p 00000000 00:00 0 
7f3aa8000000-7f3aa8290000 rw-p 00000000 00:00 0 
7f3aa8290000-7f3aac000000 ---p 00000000 00:00 0 
7f3aac000000-7f3aac021000 rw-p 00000000 00:00 0 
7f3aac021000-7f3ab0000000 ---p 00000000 00:00 0 
7f3ab0000000-7f3ab0021000 rw-p 00000000 00:00 0 
7f3ab0021000-7f3ab4000000 ---p 00000000 00:00 0 
7f3ab4000000-7f3ab435c000 rw-p 00000000 00:00 0 
7f3ab435c000-7f3ab8000000 ---p 00000000 00:00 0 
7f3ab8000000-7f3ab8021000 rw-p 00000000 00:00 0 
7f3ab8021000-7f3abc000000 ---p 00000000 00:00 0 
7f3abc000000-7f3abc021000 rw-p 00000000 00:00 0 
7f3abc021000-7f3ac0000000 ---p 00000000 00:00 0 
7f3ac0000000-7f3ac0021000 rw-p 00000000 00:00 0 
7f3ac0021000-7f3ac4000000 ---p 00000000 00:00 0 
7f3ac4000000-7f3ac4001000 r--s 00000000 08:06 528142                     /var/cache/fontconfig/8aec10f4cc8391dcef22ca549f1e4354-le64.cache-4
7f3ac4001000-7f3ac4002000 r--s 00000000 08:06 528140                     /var/cache/fontconfig/8a687c406b77f27d99abfeeba937fcce-le64.cache-4
7f3ac4002000-7f3ac400a000 r--s 00000000 08:06 528139                     /var/cache/fontconfig/105b9c7e6f0a4f82d8c9b6e39c52c6f9-le64.cache-4
7f3ac400a000-7f3ac4013000 r--s 00000000 08:06 524660                     /var/cache/fontconfig/3f7329c5293ffd510edef78f73874cfd-le64.cache-4
7f3ac4013000-7f3ac4014000 r--s 00000000 08:06 528137                     /var/cache/fontconfig/ac2cf712d852da827a87a9baf682f5b9-le64.cache-4
7f3ac4014000-7f3ac4016000 r--s 00000000 08:06 528136                     /var/cache/fontconfig/65f976e5259cbe6dc7697b8648396239-le64.cache-4
7f3ac4016000-7f3ac4021000 r--s 00000000 08:06 528135                     /var/cache/fontconfig/d589a48862398ed80a3d6066f4f56f4c-le64.cache-4
7f3ac4021000-7f3ac4022000 r--s 00000000 08:06 528134                     /var/cache/fontconfig/94f7fe9bd33aadfac165873bd010d595-le64.cache-4
7f3ac4022000-7f3ac4024000 r--s 00000000 08:06 528133                     /var/cache/fontconfig/423767150eb258c59035de29db6fca84-le64.cache-4
7f3ac4024000-7f3ac4025000 r--s 00000000 08:06 528132                     /var/cache/fontconfig/845c20fd2c4814bcec78e05d37a63ccc-le64.cache-4
7f3ac4025000-7f3ac4026000 r--s 00000000 08:06 528131                     /var/cache/fontconfig/e7de81b01590fb7e12b38e274e17d0db-le64.cache-4
7f3ac4026000-7f3ac4027000 r--s 00000000 08:06 528130                     /var/cache/fontconfig/406a1d2d2bf3ed7664fbadefac0b2f66-le64.cache-4
7f3ac4027000-7f3ac4029000 r--s 00000000 08:06 528129                     /var/cache/fontconfig/67709b7835c0f764c1135060c9575660-le64.cache-4
7f3ac4029000-7f3ac4033000 r--s 00000000 08:06 528128                     /var/cache/fontconfig/198d8fcf01c96d0cf813f74fd759bdb7-le64.cache-4
7f3ac4033000-7f3ac4034000 r--s 00000000 08:06 528099                     /var/cache/fontconfig/0c9eb80ebd1c36541ebe2852d3bb0c49-le64.cache-4
7f3ac4034000-7f3ac403f000 r--s 00000000 08:06 528125                     /var/cache/fontconfig/83bf95040141907cd45bb53cf7c1c148-le64.cache-4
7f3ac403f000-7f3ac4041000 r--s 00000000 08:06 528124                     /var/cache/fontconfig/6e6b34ae150a7ad95e82fb4a522f0bda-le64.cache-4
7f3ac4041000-7f3ac4048000 r--s 00000000 08:06 528122                     /var/cache/fontconfig/53d14c92082a93e67d5078324eb314ca-le64.cache-4
7f3ac4048000-7f3ac405b000 r--s 00000000 08:06 528117                     /var/cache/fontconfig/4ac51e5cfbc76fc3f983e470323a16d3-le64.cache-4
7f3ac405b000-7f3ac407f000 r--s 00000000 08:06 528178                     /var/cache/fontconfig/cabbd14511b9e8a55e92af97fb3a0461-le64.cache-4
7f3ac407f000-7f3ac40a0000 r--s 00000000 08:06 528103                     /var/cache/fontconfig/e13b20fdb08344e0e664864cc2ede53d-le64.cache-4
7f3ac40a0000-7f3ac40a3000 ---p 00000000 00:00 0 
7f3ac40a3000-7f3ac41a1000 rw-p 00000000 00:00 0                          [stack:12559]
7f3ac41a1000-7f3ac41b7000 r-xp 00000000 08:02 2097170                    /lib/x86_64-linux-gnu/libgcc_s.so.1
7f3ac41b7000-7f3ac43b6000 ---p 00016000 08:02 2097170                    /lib/x86_64-linux-gnu/libgcc_s.so.1
7f3ac43b6000-7f3ac43b7000 rw-p 00015000 08:02 2097170                    /lib/x86_64-linux-gnu/libgcc_s.so.1
7f3ac43b7000-7f3ac441b000 r-xp 00000000 08:02 3148439                    /usr/lib/jvm/java-7-oracle/jre/lib/amd64/libfontmanager.so
7f3ac441b000-7f3ac461a000 ---p 00064000 08:02 3148439                    /usr/lib/jvm/java-7-oracle/jre/lib/amd64/libfontmanager.so
7f3ac461a000-7f3ac461f000 rw-p 00063000 08:02 3148439                    /usr/lib/jvm/java-7-oracle/jre/lib/amd64/libfontmanager.so
7f3ac461f000-7f3ac462f000 rw-p 00000000 00:00 0 
7f3ac462f000-7f3ac4632000 ---p 00000000 00:00 0 
7f3ac4632000-7f3ac4730000 rw-p 00000000 00:00 0                          [stack:12555]
7f3ac4730000-7f3ac4733000 ---p 00000000 00:00 0 
7f3ac4733000-7f3ac4831000 rw-p 00000000 00:00 0                          [stack:12554]
7f3ac4831000-7f3ac4836000 r-xp 00000000 08:02 2368040                    /usr/lib/x86_64-linux-gnu/libXfixes.so.3.1.0
7f3ac4836000-7f3ac4a35000 ---p 00005000 08:02 2368040                    /usr/lib/x86_64-linux-gnu/libXfixes.so.3.1.0
7f3ac4a35000-7f3ac4a36000 r--p 00004000 08:02 2368040                    /usr/lib/x86_64-linux-gnu/libXfixes.so.3.1.0
7f3ac4a36000-7f3ac4a37000 rw-p 00005000 08:02 2368040                    /usr/lib/x86_64-linux-gnu/libXfixes.so.3.1.0
7f3ac4a37000-7f3ac4a40000 r-xp 00000000 08:02 2368044                    /usr/lib/x86_64-linux-gnu/libXcursor.so.1.0.2
7f3ac4a40000-7f3ac4c3f000 ---p 00009000 08:02 2368044                    /usr/lib/x86_64-linux-gnu/libXcursor.so.1.0.2
7f3ac4c3f000-7f3ac4c40000 r--p 00008000 08:02 2368044                    /usr/lib/x86_64-linux-gnu/libXcursor.so.1.0.2
7f3ac4c40000-7f3ac4c41000 rw-p 00009000 08:02 2368044                    /usr/lib/x86_64-linux-gnu/libXcursor.so.1.0.2
7f3ac4c41000-7f3ac4c46000 r-xp 00000000 08:02 2366535                    /usr/lib/x86_64-linux-gnu/libXdmcp.so.6.0.0
7f3ac4c46000-7f3ac4e45000 ---p 00005000 08:02 2366535                    /usr/lib/x86_64-linux-gnu/libXdmcp.so.6.0.0
7f3ac4e45000-7f3ac4e46000 r--p 00004000 08:02 2366535                    /usr/lib/x86_64-linux-gnu/libXdmcp.so.6.0.0
7f3ac4e46000-7f3ac4e47000 rw-p 00005000 08:02 2366535                    /usr/lib/x86_64-linux-gnu/libXdmcp.so.6.0.0
7f3ac4e47000-7f3ac4e49000 r-xp 00000000 08:02 2366532                    /usr/lib/x86_64-linux-gnu/libXau.so.6.0.0
7f3ac4e49000-7f3ac5049000 ---p 00002000 08:02 2366532                    /usr/lib/x86_64-linux-gnu/libXau.so.6.0.0
7f3ac5049000-7f3ac504a000 r--p 00002000 08:02 2366532                    /usr/lib/x86_64-linux-gnu/libXau.so.6.0.0
7f3ac504a000-7f3ac504b000 rw-p 00003000 08:02 2366532                    /usr/lib/x86_64-linux-gnu/libXau.so.6.0.0
7f3ac504b000-7f3ac5068000 r-xp 00000000 08:02 2366538                    /usr/lib/x86_64-linux-gnu/libxcb.so.1.1.0
7f3ac5068000-7f3ac5268000 ---p 0001d000 08:02 2366538                    /usr/lib/x86_64-linux-gnu/libxcb.so.1.1.0
7f3ac5268000-7f3ac5269000 r--p 0001d000 08:02 2366538                    /usr/lib/x86_64-linux-gnu/libxcb.so.1.1.0
7f3ac5269000-7f3ac526a000 rw-p 0001e000 08:02 2366538                    /usr/lib/x86_64-linux-gnu/libxcb.so.1.1.0
7f3ac526a000-7f3ac5279000 r-xp 00000000 08:02 2368052                    /usr/lib/x86_64-linux-gnu/libXi.so.6.1.0
7f3ac5279000-7f3ac5478000 ---p 0000f000 08:02 2368052                    /usr/lib/x86_64-linux-gnu/libXi.so.6.1.0
7f3ac5478000-7f3ac5479000 r--p 0000e000 08:02 2368052                    /usr/lib/x86_64-linux-gnu/libXi.so.6.1.0
7f3ac5479000-7f3ac547a000 rw-p 0000f000 08:02 2368052                    /usr/lib/x86_64-linux-gnu/libXi.so.6.1.0
7f3ac547a000-7f3ac547f000 r-xp 00000000 08:02 2372115                    /usr/lib/x86_64-linux-gnu/libXtst.so.6.1.0
7f3ac547f000-7f3ac567e000 ---p 00005000 08:02 2372115                    /usr/lib/x86_64-linux-gnu/libXtst.so.6.1.0
7f3ac567e000-7f3ac567f000 r--p 00004000 08:02 2372115                    /usr/lib/x86_64-linux-gnu/libXtst.so.6.1.0
7f3ac567f000-7f3ac5680000 rw-p 00005000 08:02 2372115                    /usr/lib/x86_64-linux-gnu/libXtst.so.6.1.0
7f3ac5680000-7f3ac5689000 r-xp 00000000 08:02 2367914                    /usr/lib/x86_64-linux-gnu/libXrender.so.1.3.0
7f3ac5689000-7f3ac5888000 ---p 00009000 08:02 2367914                    /usr/lib/x86_64-linux-gnu/libXrender.so.1.3.0
7f3ac5888000-7f3ac5889000 r--p 00008000 08:02 2367914                    /usr/lib/x86_64-linux-gnu/libXrender.so.1.3.0
7f3ac5889000-7f3ac588a000 rw-p 00009000 08:02 2367914                    /usr/lib/x86_64-linux-gnu/libXrender.so.1.3.0
7f3ac588a000-7f3ac59ba000 r-xp 00000000 08:02 2366546                    /usr/lib/x86_64-linux-gnu/libX11.so.6.3.0
7f3ac59ba000-7f3ac5bba000 ---p 00130000 08:02 2366546                    /usr/lib/x86_64-linux-gnu/libX11.so.6.3.0
7f3ac5bba000-7f3ac5bbb000 r--p 00130000 08:02 2366546                    /usr/lib/x86_64-linux-gnu/libX11.so.6.3.0
7f3ac5bbb000-7f3ac5bbf000 rw-p 00131000 08:02 2366546                    /usr/lib/x86_64-linux-gnu/libX11.so.6.3.0
7f3ac5bbf000-7f3ac5bd0000 r-xp 00000000 08:02 2366552                    /usr/lib/x86_64-linux-gnu/libXext.so.6.4.0
7f3ac5bd0000-7f3ac5dcf000 ---p 00011000 08:02 2366552                    /usr/lib/x86_64-linux-gnu/libXext.so.6.4.0
7f3ac5dcf000-7f3ac5dd0000 r--p 00010000 08:02 2366552                    /usr/lib/x86_64-linux-gnu/libXext.so.6.4.0
7f3ac5dd0000-7f3ac5dd1000 rw-p 00011000 08:02 2366552                    /usr/lib/x86_64-linux-gnu/libXext.so.6.4.0
7f3ac5dd1000-7f3ac5e21000 r-xp 00000000 08:02 3148433                    /usr/lib/jvm/java-7-oracle/jre/lib/amd64/xawt/libmawt.so
7f3ac5e21000-7f3ac6021000 ---p 00050000 08:02 3148433                    /usr/lib/jvm/java-7-oracle/jre/lib/amd64/xawt/libmawt.so
7f3ac6021000-7f3ac6025000 rw-p 00050000 08:02 3148433                    /usr/lib/jvm/java-7-oracle/jre/lib/amd64/xawt/libmawt.so
7f3ac6025000-7f3ac6026000 rw-p 00000000 00:00 0 
7f3ac6026000-7f3ac60c8000 r-xp 00000000 08:02 3148435                    /usr/lib/jvm/java-7-oracle/jre/lib/amd64/libawt.so
7f3ac60c8000-7f3ac62c8000 ---p 000a2000 08:02 3148435                    /usr/lib/jvm/java-7-oracle/jre/lib/amd64/libawt.so
7f3ac62c8000-7f3ac62d4000 rw-p 000a2000 08:02 3148435                    /usr/lib/jvm/java-7-oracle/jre/lib/amd64/libawt.so
7f3ac62d4000-7f3ac62f8000 rw-p 00000000 00:00 0 
7f3ac62f8000-7f3ac62fb000 ---p 00000000 00:00 0 
7f3ac62fb000-7f3ac63f9000 rw-p 00000000 00:00 0                          [stack:12553]
7f3ac63f9000-7f3ac63fc000 ---p 00000000 00:00 0 
7f3ac63fc000-7f3ac64fa000 rw-p 00000000 00:00 0                          [stack:12560]
7f3ac64fa000-7f3ac64fd000 ---p 00000000 00:00 0 
7f3ac64fd000-7f3ac65fb000 rw-p 00000000 00:00 0                          [stack:12545]
7f3ac65fb000-7f3ac660b000 r-xp 00000000 08:02 3148423                    /usr/lib/jvm/java-7-oracle/jre/lib/amd64/libnio.so
7f3ac660b000-7f3ac680b000 ---p 00010000 08:02 3148423                    /usr/lib/jvm/java-7-oracle/jre/lib/amd64/libnio.so
7f3ac680b000-7f3ac680c000 rw-p 00010000 08:02 3148423                    /usr/lib/jvm/java-7-oracle/jre/lib/amd64/libnio.so
7f3ac680c000-7f3ac680f000 ---p 00000000 00:00 0 
7f3ac680f000-7f3ac690d000 rw-p 00000000 00:00 0                          [stack:12547]
7f3ac690d000-7f3ac6910000 ---p 00000000 00:00 0 
7f3ac6910000-7f3ac6a0e000 rw-p 00000000 00:00 0                          [stack:13643]
7f3ac6a0e000-7f3ac6a24000 r-xp 00000000 08:02 3148438                    /usr/lib/jvm/java-7-oracle/jre/lib/amd64/libnet.so
7f3ac6a24000-7f3ac6c24000 ---p 00016000 08:02 3148438                    /usr/lib/jvm/java-7-oracle/jre/lib/amd64/libnet.so
7f3ac6c24000-7f3ac6c25000 rw-p 00016000 08:02 3148438                    /usr/lib/jvm/java-7-oracle/jre/lib/amd64/libnet.so
7f3ac6c25000-7f3ac6c28000 ---p 00000000 00:00 0 
7f3ac6c28000-7f3ac6d26000 rw-p 00000000 00:00 0                          [stack:12544]
7f3ac6d26000-7f3ac6d29000 ---p 00000000 00:00 0 
7f3ac6d29000-7f3ac6e27000 rw-p 00000000 00:00 0                          [stack:12538]
7f3ac6e27000-7f3ac6e2a000 ---p 00000000 00:00 0 
7f3ac6e2a000-7f3ac6f28000 rw-p 00000000 00:00 0                          [stack:12552]
7f3ac6f28000-7f3ac6f29000 ---p 00000000 00:00 0 
7f3ac6f29000-7f3ac7029000 rw-p 00000000 00:00 0                          [stack:12536]
7f3ac7029000-7f3ac702c000 ---p 00000000 00:00 0 
7f3ac702c000-7f3ac712a000 rw-p 00000000 00:00 0                          [stack:12535]
7f3ac712a000-7f3ac712d000 ---p 00000000 00:00 0 
7f3ac712d000-7f3ac722b000 rw-p 00000000 00:00 0                          [stack:12534]
7f3ac722b000-7f3ac722e000 ---p 00000000 00:00 0 
7f3ac722e000-7f3ac732c000 rw-p 00000000 00:00 0                          [stack:12533]
7f3ac732c000-7f3ac732f000 ---p 00000000 00:00 0 
7f3ac732f000-7f3ac742d000 rw-p 00000000 00:00 0                          [stack:12532]
7f3ac742d000-7f3ac76f6000 r--p 00000000 08:02 2359436                    /usr/lib/locale/locale-archive
7f3ac76f6000-7f3ac76f9000 ---p 00000000 00:00 0 
7f3ac76f9000-7f3ac77f7000 rw-p 00000000 00:00 0                          [stack:12531]
7f3ac77f7000-7f3ac77fa000 ---p 00000000 00:00 0 
7f3ac77fa000-7f3ac78f8000 rw-p 00000000 00:00 0                          [stack:12530]
7f3ac78f8000-7f3ac78f9000 ---p 00000000 00:00 0 
7f3ac78f9000-7f3ad0000000 rw-p 00000000 00:00 0                          [stack:12529]
7f3ad0000000-7f3ad0021000 rw-p 00000000 00:00 0 
7f3ad0021000-7f3ad4000000 ---p 00000000 00:00 0 
7f3ad4000000-7f3ad4021000 rw-p 00000000 00:00 0 
7f3ad4021000-7f3ad8000000 ---p 00000000 00:00 0 
7f3ad8000000-7f3ad8021000 rw-p 00000000 00:00 0 
7f3ad8021000-7f3adc000000 ---p 00000000 00:00 0 
7f3adc000000-7f3adc021000 rw-p 00000000 00:00 0 
7f3adc021000-7f3ae0000000 ---p 00000000 00:00 0 
7f3ae0000000-7f3ae0021000 rw-p 00000000 00:00 0 
7f3ae0021000-7f3ae4000000 ---p 00000000 00:00 0 
7f3ae4000000-7f3ae4021000 rw-p 00000000 00:00 0 
7f3ae4021000-7f3ae8000000 ---p 00000000 00:00 0 
7f3ae8000000-7f3ae8021000 rw-p 00000000 00:00 0 
7f3ae8021000-7f3aec000000 ---p 00000000 00:00 0 
7f3aec000000-7f3aec021000 rw-p 00000000 00:00 0 
7f3aec021000-7f3af0000000 ---p 00000000 00:00 0 
7f3af0000000-7f3af0001000 r--s 00000000 08:06 528123                     /var/cache/fontconfig/3334a778d104e76d188e9df399bc24d2-le64.cache-4
7f3af0001000-7f3af0005000 r--s 00000000 08:06 528121                     /var/cache/fontconfig/6c08beecf0dac481ec92e759e0c2e6d7-le64.cache-4
7f3af0005000-7f3af0009000 r--s 00000000 08:06 528120                     /var/cache/fontconfig/4d6aee6d44eccb37054d3216e945f618-le64.cache-4
7f3af0009000-7f3af000d000 r--s 00000000 08:06 528119                     /var/cache/fontconfig/d6c6df98c3df5faf9bd0f8ef4d91efe5-le64.cache-4
7f3af000d000-7f3af0011000 r--s 00000000 08:06 528118                     /var/cache/fontconfig/9fb319ef52839f11ee26ab8b4cffa12b-le64.cache-4
7f3af0011000-7f3af0014000 r--s 00000000 08:06 528116                     /var/cache/fontconfig/c19b55eb3b4c5b40ea175e31682068a5-le64.cache-4
7f3af0014000-7f3af0015000 r--s 00000000 08:06 528115                     /var/cache/fontconfig/c277e94e32b20404286a1ddafa5a80f0-le64.cache-4
7f3af0015000-7f3af0016000 r--s 00000000 08:06 528114                     /var/cache/fontconfig/62f91419b9ebdb6975e7e41ab6412357-le64.cache-4
7f3af0016000-7f3af0019000 r--s 00000000 08:06 528097                     /var/cache/fontconfig/de83a0a961185c8bd1f159015d56c039-le64.cache-4
7f3af0019000-7f3af001a000 r--s 00000000 08:06 528177                     /var/cache/fontconfig/b02d45936449360bc6a42a71f2ff5d6e-le64.cache-4
7f3af001a000-7f3af001f000 r--s 00000000 08:06 528127                     /var/cache/fontconfig/7ef2298fde41cc6eeb7af42e48b7d293-le64.cache-4
7f3af001f000-7f3af0021000 r--s 00000000 08:06 524672                     /var/cache/fontconfig/16326683038b281783a0ef8c680e3a10-le64.cache-4
7f3af0021000-7f3af002e000 r--s 00000000 08:06 524671                     /var/cache/fontconfig/8f02d4cb045bd6ce15663e43f347c9f8-le64.cache-4
7f3af002e000-7f3af002f000 r--s 00000000 08:06 524670                     /var/cache/fontconfig/e0aa53bcfa504e64f87823c16bc01eb6-le64.cache-4
7f3af002f000-7f3af004d000 r--s 00000000 08:06 524610                     /var/cache/fontconfig/467c019e582ee353435ea5c21d137ef6-le64.cache-4
7f3af004d000-7f3af0058000 r--s 0037c000 08:02 3149095                    /usr/lib/jvm/java-7-oracle/jre/lib/charsets.jar
7f3af0058000-7f3af008d000 r--s 00000000 08:06 524399                     /var/cache/nscd/hosts
7f3af008d000-7f3af008f000 r--s 00013000 00:b7 18814896                   /usr/userfs/a/aef517/workspace/taxe-game/lib/miglayout15-swing.jar
7f3af008f000-7f3af0092000 r--s 0001d000 00:b7 80895686                   /usr/userfs/a/aef517/workspace/taxe-game/lib/jgoodies-forms-1.8.0.jar
7f3af0092000-7f3af0095000 r--s 00028000 00:b7 80895675                   /usr/userfs/a/aef517/workspace/taxe-game/lib/jgoodies-forms-1.8.0-sources.jar
7f3af0095000-7f3af0098000 r--s 00019000 08:02 3148597                    /usr/lib/jvm/java-7-oracle/jre/lib/jce.jar
7f3af0098000-7f3af009c000 r--s 000f7000 08:02 3148496                    /usr/lib/jvm/java-7-oracle/jre/lib/ext/localedata.jar
7f3af009c000-7f3af00a1000 r--s 0008a000 08:02 3148601                    /usr/lib/jvm/java-7-oracle/jre/lib/jsse.jar
7f3af00a1000-7f3af00af000 r--s 00079000 00:b7 67425486                   /usr/userfs/a/aef517/workspace/taxe-game/lib/socket.io-client-java.jar
7f3af00af000-7f3af1000000 rw-p 00000000 00:00 0 
7f3af1000000-7f3af1270000 rwxp 00000000 00:00 0 
7f3af1270000-7f3af4300000 rw-p 00000000 00:00 0 
7f3af4300000-7f3af8000000 ---p 00000000 00:00 0 
7f3af8000000-7f3af8001000 r--p 00000000 08:02 3540547                    /usr/share/locale-langpack/en_GB/LC_MESSAGES/libc.mo
7f3af8001000-7f3af8004000 r--s 0000e000 00:b7 80895693                   /usr/userfs/a/aef517/workspace/taxe-game/lib/awaitility-1.6.2.jar
7f3af8004000-7f3af800a000 r--s 00036000 08:02 5915924                    /opt/york/cs/hdd/eclipse-java-4.4/plugins/org.junit_4.11.0.v201303080030/junit.jar
7f3af800a000-7f3af8620000 rw-p 00000000 00:00 0 
7f3af8620000-7f3af87e0000 r--s 039ea000 08:02 3148382                    /usr/lib/jvm/java-7-oracle/jre/lib/rt.jar
7f3af87e0000-7f3af90c9000 rw-p 00000000 00:00 0 
7f3af90c9000-7f3af90ca000 ---p 00000000 00:00 0 
7f3af90ca000-7f3af91ca000 rw-p 00000000 00:00 0                          [stack:12528]
7f3af91ca000-7f3af91cb000 ---p 00000000 00:00 0 
7f3af91cb000-7f3af92cb000 rw-p 00000000 00:00 0                          [stack:12527]
7f3af92cb000-7f3af92cc000 ---p 00000000 00:00 0 
7f3af92cc000-7f3af93cc000 rw-p 00000000 00:00 0                          [stack:12526]
7f3af93cc000-7f3af93cd000 ---p 00000000 00:00 0 
7f3af93cd000-7f3af94cd000 rw-p 00000000 00:00 0                          [stack:12525]
7f3af94cd000-7f3af94ce000 ---p 00000000 00:00 0 
7f3af94ce000-7f3af95ce000 rw-p 00000000 00:00 0                          [stack:12524]
7f3af95ce000-7f3af95cf000 ---p 00000000 00:00 0 
7f3af95cf000-7f3af96cf000 rw-p 00000000 00:00 0                          [stack:12523]
7f3af96cf000-7f3af96d0000 ---p 00000000 00:00 0 
7f3af96d0000-7f3af97d0000 rw-p 00000000 00:00 0                          [stack:12522]
7f3af97d0000-7f3af97d1000 ---p 00000000 00:00 0 
7f3af97d1000-7f3af9924000 rw-p 00000000 00:00 0                          [stack:12521]
7f3af9924000-7f3af9e01000 rw-p 00000000 00:00 0 
7f3af9e01000-7f3af9e0c000 rw-p 00000000 00:00 0 
7f3af9e0c000-7f3af9e2a000 rw-p 00000000 00:00 0 
7f3af9e2a000-7f3af9e7d000 rw-p 00000000 00:00 0 
7f3af9e7d000-7f3afa359000 rw-p 00000000 00:00 0 
7f3afa359000-7f3afa383000 rw-p 00000000 00:00 0 
7f3afa383000-7f3afa5f1000 rw-p 00000000 00:00 0 
7f3afa5f1000-7f3afa5fc000 rw-p 00000000 00:00 0 
7f3afa5fc000-7f3afa6b2000 rw-p 00000000 00:00 0 
7f3afa6b2000-7f3afa6cc000 r-xp 00000000 08:02 3148420                    /usr/lib/jvm/java-7-oracle/jre/lib/amd64/libzip.so
7f3afa6cc000-7f3afa8cc000 ---p 0001a000 08:02 3148420                    /usr/lib/jvm/java-7-oracle/jre/lib/amd64/libzip.so
7f3afa8cc000-7f3afa8cd000 rw-p 0001a000 08:02 3148420                    /usr/lib/jvm/java-7-oracle/jre/lib/amd64/libzip.so
7f3afa8cd000-7f3afa8f6000 r-xp 00000000 08:02 3148403                    /usr/lib/jvm/java-7-oracle/jre/lib/amd64/libjava.so
7f3afa8f6000-7f3afaaf6000 ---p 00029000 08:02 3148403                    /usr/lib/jvm/java-7-oracle/jre/lib/amd64/libjava.so
7f3afaaf6000-7f3afaaf8000 rw-p 00029000 08:02 3148403                    /usr/lib/jvm/java-7-oracle/jre/lib/amd64/libjava.so
7f3afaaf8000-7f3afab05000 r-xp 00000000 08:02 3148416                    /usr/lib/jvm/java-7-oracle/jre/lib/amd64/libverify.so
7f3afab05000-7f3afad04000 ---p 0000d000 08:02 3148416                    /usr/lib/jvm/java-7-oracle/jre/lib/amd64/libverify.so
7f3afad04000-7f3afad06000 rw-p 0000c000 08:02 3148416                    /usr/lib/jvm/java-7-oracle/jre/lib/amd64/libverify.so
7f3afad06000-7f3afad0d000 r-xp 00000000 08:02 2099750                    /lib/x86_64-linux-gnu/librt-2.19.so
7f3afad0d000-7f3afaf0c000 ---p 00007000 08:02 2099750                    /lib/x86_64-linux-gnu/librt-2.19.so
7f3afaf0c000-7f3afaf0d000 r--p 00006000 08:02 2099750                    /lib/x86_64-linux-gnu/librt-2.19.so
7f3afaf0d000-7f3afaf0e000 rw-p 00007000 08:02 2099750                    /lib/x86_64-linux-gnu/librt-2.19.so
7f3afaf0e000-7f3afb013000 r-xp 00000000 08:02 2102472                    /lib/x86_64-linux-gnu/libm-2.19.so
7f3afb013000-7f3afb212000 ---p 00105000 08:02 2102472                    /lib/x86_64-linux-gnu/libm-2.19.so
7f3afb212000-7f3afb213000 r--p 00104000 08:02 2102472                    /lib/x86_64-linux-gnu/libm-2.19.so
7f3afb213000-7f3afb214000 rw-p 00105000 08:02 2102472                    /lib/x86_64-linux-gnu/libm-2.19.so
7f3afb214000-7f3afbd87000 r-xp 00000000 08:02 3148411                    /usr/lib/jvm/java-7-oracle/jre/lib/amd64/server/libjvm.so
7f3afbd87000-7f3afbf86000 ---p 00b73000 08:02 3148411                    /usr/lib/jvm/java-7-oracle/jre/lib/amd64/server/libjvm.so
7f3afbf86000-7f3afc04a000 rw-p 00b72000 08:02 3148411                    /usr/lib/jvm/java-7-oracle/jre/lib/amd64/server/libjvm.so
7f3afc04a000-7f3afc08b000 rw-p 00000000 00:00 0 
7f3afc08b000-7f3afc246000 r-xp 00000000 08:02 2097340                    /lib/x86_64-linux-gnu/libc-2.19.so
7f3afc246000-7f3afc446000 ---p 001bb000 08:02 2097340                    /lib/x86_64-linux-gnu/libc-2.19.so
7f3afc446000-7f3afc44a000 r--p 001bb000 08:02 2097340                    /lib/x86_64-linux-gnu/libc-2.19.so
7f3afc44a000-7f3afc44c000 rw-p 001bf000 08:02 2097340                    /lib/x86_64-linux-gnu/libc-2.19.so
7f3afc44c000-7f3afc451000 rw-p 00000000 00:00 0 
7f3afc451000-7f3afc454000 r-xp 00000000 08:02 2099753                    /lib/x86_64-linux-gnu/libdl-2.19.so
7f3afc454000-7f3afc653000 ---p 00003000 08:02 2099753                    /lib/x86_64-linux-gnu/libdl-2.19.so
7f3afc653000-7f3afc654000 r--p 00002000 08:02 2099753                    /lib/x86_64-linux-gnu/libdl-2.19.so
7f3afc654000-7f3afc655000 rw-p 00003000 08:02 2099753                    /lib/x86_64-linux-gnu/libdl-2.19.so
7f3afc655000-7f3afc66b000 r-xp 00000000 08:02 3145991                    /usr/lib/jvm/java-7-oracle/lib/amd64/jli/libjli.so
7f3afc66b000-7f3afc86b000 ---p 00016000 08:02 3145991                    /usr/lib/jvm/java-7-oracle/lib/amd64/jli/libjli.so
7f3afc86b000-7f3afc86c000 rw-p 00016000 08:02 3145991                    /usr/lib/jvm/java-7-oracle/lib/amd64/jli/libjli.so
7f3afc86c000-7f3afc885000 r-xp 00000000 08:02 2102483                    /lib/x86_64-linux-gnu/libpthread-2.19.so
7f3afc885000-7f3afca84000 ---p 00019000 08:02 2102483                    /lib/x86_64-linux-gnu/libpthread-2.19.so
7f3afca84000-7f3afca85000 r--p 00018000 08:02 2102483                    /lib/x86_64-linux-gnu/libpthread-2.19.so
7f3afca85000-7f3afca86000 rw-p 00019000 08:02 2102483                    /lib/x86_64-linux-gnu/libpthread-2.19.so
7f3afca86000-7f3afca8a000 rw-p 00000000 00:00 0 
7f3afca8a000-7f3afcaad000 r-xp 00000000 08:02 2097200                    /lib/x86_64-linux-gnu/ld-2.19.so
7f3afcaad000-7f3afcaaf000 r--s 0000c000 08:02 5519135                    /opt/york/cs/hdd/eclipse-java-4.4/plugins/org.hamcrest.core_1.3.0.v201303031735.jar
7f3afcaaf000-7f3afcab2000 r--s 00017000 00:b7 80895690                   /usr/userfs/a/aef517/workspace/taxe-game/lib/Java-WebSocket-1.3.0.jar
7f3afcab2000-7f3afcab4000 r--s 0001c000 00:b7 67425482                   /usr/userfs/a/aef517/workspace/taxe-game/lib/org.json-chargebee-1.0-javadoc.jar
7f3afcab4000-7f3afcabb000 r--s 0005e000 00:b7 80895695                   /usr/userfs/a/aef517/workspace/taxe-game/lib/commons-lang3-3.3.2.jar
7f3afcabb000-7f3afcac4000 r--s 000fe000 00:b7 80895694                   /usr/userfs/a/aef517/workspace/taxe-game/lib/commons-lang3-3.3.2-javadoc.jar
7f3afcac4000-7f3afcac7000 r--s 00016000 00:b7 67425479                   /usr/userfs/a/aef517/workspace/taxe-game/lib/engine.io-client-0.3.1.jar
7f3afcac7000-7f3afcb22000 rw-p 00000000 00:00 0 
7f3afcb22000-7f3afcb40000 rw-p 00000000 00:00 0 
7f3afcb40000-7f3afcb75000 r--s 00000000 08:06 524393                     /var/cache/nscd/passwd
7f3afcb75000-7f3afcb78000 ---p 00000000 00:00 0 
7f3afcb78000-7f3afcc7a000 rw-p 00000000 00:00 0                          [stack:12520]
7f3afcc7a000-7f3afcc7b000 r--s 00009000 00:b7 67425485                   /usr/userfs/a/aef517/workspace/taxe-game/lib/org.json-chargebee-1.0.jar
7f3afcc7b000-7f3afcc7f000 r--s 00029000 00:b7 67425478                   /usr/userfs/a/aef517/workspace/taxe-game/lib/engine.io-client-0.3.1-javadoc.jar
7f3afcc7f000-7f3afcca0000 rw-p 00000000 00:00 0 
7f3afcca0000-7f3afcca8000 rw-s 00000000 08:02 5917749                    /tmp/hsperfdata_aef517/12514
7f3afcca8000-7f3afcca9000 rw-p 00000000 00:00 0 
7f3afcca9000-7f3afccaa000 r--p 00000000 00:00 0 
7f3afccaa000-7f3afccac000 rw-p 00000000 00:00 0 
7f3afccac000-7f3afccad000 r--p 00022000 08:02 2097200                    /lib/x86_64-linux-gnu/ld-2.19.so
7f3afccad000-7f3afccae000 rw-p 00023000 08:02 2097200                    /lib/x86_64-linux-gnu/ld-2.19.so
7f3afccae000-7f3afccaf000 rw-p 00000000 00:00 0 
7fff51d31000-7fff51d52000 rw-p 00000000 00:00 0                          [stack]
7fff51dfe000-7fff51e00000 r-xp 00000000 00:00 0                          [vdso]
ffffffffff600000-ffffffffff601000 r-xp 00000000 00:00 0                  [vsyscall]

VM Arguments:
jvm_args: -Dfile.encoding=UTF-8 
java_command: com.eep.taxe.Game
Launcher Type: SUN_STANDARD

Environment Variables:
PATH=/usr/userfs/a/aef517/.local/bin:/usr/local/sbin:/usr/local/bin:/usr/sbin:/usr/bin:/sbin:/bin:/usr/games:/usr/local/games
SHELL=/bin/bash
DISPLAY=:0

Signal Handlers:
SIGSEGV: [libjvm.so+0x9a1a10], sa_mask[0]=0x7ffbfeff, sa_flags=0x10000004
SIGBUS: [libjvm.so+0x9a1a10], sa_mask[0]=0x7ffbfeff, sa_flags=0x10000004
SIGFPE: [libjvm.so+0x81bae0], sa_mask[0]=0x7ffbfeff, sa_flags=0x10000004
SIGPIPE: [libjvm.so+0x81bae0], sa_mask[0]=0x7ffbfeff, sa_flags=0x10000004
SIGXFSZ: [libjvm.so+0x81bae0], sa_mask[0]=0x7ffbfeff, sa_flags=0x10000004
SIGILL: [libjvm.so+0x81bae0], sa_mask[0]=0x7ffbfeff, sa_flags=0x10000004
SIGUSR1: SIG_DFL, sa_mask[0]=0x00000000, sa_flags=0x00000000
SIGUSR2: [libjvm.so+0x81d2e0], sa_mask[0]=0x00000004, sa_flags=0x10000004
SIGHUP: [libjvm.so+0x81e400], sa_mask[0]=0x7ffbfeff, sa_flags=0x10000004
SIGINT: [libjvm.so+0x81e400], sa_mask[0]=0x7ffbfeff, sa_flags=0x10000004
SIGTERM: [libjvm.so+0x81e400], sa_mask[0]=0x7ffbfeff, sa_flags=0x10000004
SIGQUIT: [libjvm.so+0x81e400], sa_mask[0]=0x7ffbfeff, sa_flags=0x10000004


---------------  S Y S T E M  ---------------

OS:jessie/sid

uname:Linux 3.13.0-44-generic #73-Ubuntu SMP Tue Dec 16 00:22:43 UTC 2014 x86_64
libc:glibc 2.19 NPTL 2.19 
rlimit: STACK 8192k, CORE 0k, NPROC 127196, NOFILE 4096, AS infinity
load average:0.59 0.22 0.16

/proc/meminfo:
MemTotal:       16302852 kB
MemFree:        12098068 kB
Buffers:          360624 kB
Cached:          1724380 kB
SwapCached:            0 kB
Active:          2416528 kB
Inactive:        1376940 kB
Active(anon):    1718560 kB
Inactive(anon):   308280 kB
Active(file):     697968 kB
Inactive(file):  1068660 kB
Unevictable:         172 kB
Mlocked:             196 kB
SwapTotal:      16382972 kB
SwapFree:       16382972 kB
Dirty:               288 kB
Writeback:            12 kB
AnonPages:       1708112 kB
Mapped:           154824 kB
Shmem:            317616 kB
Slab:             229104 kB
SReclaimable:     186324 kB
SUnreclaim:        42780 kB
KernelStack:        7424 kB
PageTables:        15748 kB
NFS_Unstable:          0 kB
Bounce:                0 kB
WritebackTmp:          0 kB
CommitLimit:    24534396 kB
Committed_AS:    5680716 kB
VmallocTotal:   34359738367 kB
VmallocUsed:      374804 kB
VmallocChunk:   34359356688 kB
HardwareCorrupted:     0 kB
AnonHugePages:   1402880 kB
HugePages_Total:       0
HugePages_Free:        0
HugePages_Rsvd:        0
HugePages_Surp:        0
Hugepagesize:       2048 kB
DirectMap4k:       65544 kB
DirectMap2M:     2949120 kB
DirectMap1G:    13631488 kB


CPU:total 8 (4 cores per cpu, 2 threads per core) family 6 model 60 stepping 3, cmov, cx8, fxsr, mmx, sse, sse2, sse3, ssse3, sse4.1, sse4.2, popcnt, avx, avx2, aes, erms, ht, tsc, tscinvbit

/proc/cpuinfo:
processor	: 0
vendor_id	: GenuineIntel
cpu family	: 6
model		: 60
model name	: Intel(R) Core(TM) i7-4770 CPU @ 3.40GHz
stepping	: 3
microcode	: 0x12
cpu MHz		: 3401.000
cache size	: 8192 KB
physical id	: 0
siblings	: 8
core id		: 0
cpu cores	: 4
apicid		: 0
initial apicid	: 0
fpu		: yes
fpu_exception	: yes
cpuid level	: 13
wp		: yes
flags		: fpu vme de pse tsc msr pae mce cx8 apic sep mtrr pge mca cmov pat pse36 clflush dts acpi mmx fxsr sse sse2 ss ht tm pbe syscall nx pdpe1gb rdtscp lm constant_tsc arch_perfmon pebs bts rep_good nopl xtopology nonstop_tsc aperfmperf eagerfpu pni pclmulqdq dtes64 monitor ds_cpl vmx smx est tm2 ssse3 fma cx16 xtpr pdcm pcid sse4_1 sse4_2 x2apic movbe popcnt tsc_deadline_timer aes xsave avx f16c rdrand lahf_lm abm ida arat epb xsaveopt pln pts dtherm tpr_shadow vnmi flexpriority ept vpid fsgsbase tsc_adjust bmi1 hle avx2 smep bmi2 erms invpcid rtm
bogomips	: 6784.79
clflush size	: 64
cache_alignment	: 64
address sizes	: 39 bits physical, 48 bits virtual
power management:

processor	: 1
vendor_id	: GenuineIntel
cpu family	: 6
model		: 60
model name	: Intel(R) Core(TM) i7-4770 CPU @ 3.40GHz
stepping	: 3
microcode	: 0x12
cpu MHz		: 3401.000
cache size	: 8192 KB
physical id	: 0
siblings	: 8
core id		: 1
cpu cores	: 4
apicid		: 2
initial apicid	: 2
fpu		: yes
fpu_exception	: yes
cpuid level	: 13
wp		: yes
flags		: fpu vme de pse tsc msr pae mce cx8 apic sep mtrr pge mca cmov pat pse36 clflush dts acpi mmx fxsr sse sse2 ss ht tm pbe syscall nx pdpe1gb rdtscp lm constant_tsc arch_perfmon pebs bts rep_good nopl xtopology nonstop_tsc aperfmperf eagerfpu pni pclmulqdq dtes64 monitor ds_cpl vmx smx est tm2 ssse3 fma cx16 xtpr pdcm pcid sse4_1 sse4_2 x2apic movbe popcnt tsc_deadline_timer aes xsave avx f16c rdrand lahf_lm abm ida arat epb xsaveopt pln pts dtherm tpr_shadow vnmi flexpriority ept vpid fsgsbase tsc_adjust bmi1 hle avx2 smep bmi2 erms invpcid rtm
bogomips	: 6784.79
clflush size	: 64
cache_alignment	: 64
address sizes	: 39 bits physical, 48 bits virtual
power management:

processor	: 2
vendor_id	: GenuineIntel
cpu family	: 6
model		: 60
model name	: Intel(R) Core(TM) i7-4770 CPU @ 3.40GHz
stepping	: 3
microcode	: 0x12
cpu MHz		: 3401.000
cache size	: 8192 KB
physical id	: 0
siblings	: 8
core id		: 2
cpu cores	: 4
apicid		: 4
initial apicid	: 4
fpu		: yes
fpu_exception	: yes
cpuid level	: 13
wp		: yes
flags		: fpu vme de pse tsc msr pae mce cx8 apic sep mtrr pge mca cmov pat pse36 clflush dts acpi mmx fxsr sse sse2 ss ht tm pbe syscall nx pdpe1gb rdtscp lm constant_tsc arch_perfmon pebs bts rep_good nopl xtopology nonstop_tsc aperfmperf eagerfpu pni pclmulqdq dtes64 monitor ds_cpl vmx smx est tm2 ssse3 fma cx16 xtpr pdcm pcid sse4_1 sse4_2 x2apic movbe popcnt tsc_deadline_timer aes xsave avx f16c rdrand lahf_lm abm ida arat epb xsaveopt pln pts dtherm tpr_shadow vnmi flexpriority ept vpid fsgsbase tsc_adjust bmi1 hle avx2 smep bmi2 erms invpcid rtm
bogomips	: 6784.79
clflush size	: 64
cache_alignment	: 64
address sizes	: 39 bits physical, 48 bits virtual
power management:

processor	: 3
vendor_id	: GenuineIntel
cpu family	: 6
model		: 60
model name	: Intel(R) Core(TM) i7-4770 CPU @ 3.40GHz
stepping	: 3
microcode	: 0x12
cpu MHz		: 3401.000
cache size	: 8192 KB
physical id	: 0
siblings	: 8
core id		: 3
cpu cores	: 4
apicid		: 6
initial apicid	: 6
fpu		: yes
fpu_exception	: yes
cpuid level	: 13
wp		: yes
flags		: fpu vme de pse tsc msr pae mce cx8 apic sep mtrr pge mca cmov pat pse36 clflush dts acpi mmx fxsr sse sse2 ss ht tm pbe syscall nx pdpe1gb rdtscp lm constant_tsc arch_perfmon pebs bts rep_good nopl xtopology nonstop_tsc aperfmperf eagerfpu pni pclmulqdq dtes64 monitor ds_cpl vmx smx est tm2 ssse3 fma cx16 xtpr pdcm pcid sse4_1 sse4_2 x2apic movbe popcnt tsc_deadline_timer aes xsave avx f16c rdrand lahf_lm abm ida arat epb xsaveopt pln pts dtherm tpr_shadow vnmi flexpriority ept vpid fsgsbase tsc_adjust bmi1 hle avx2 smep bmi2 erms invpcid rtm
bogomips	: 6784.79
clflush size	: 64
cache_alignment	: 64
address sizes	: 39 bits physical, 48 bits virtual
power management:

processor	: 4
vendor_id	: GenuineIntel
cpu family	: 6
model		: 60
model name	: Intel(R) Core(TM) i7-4770 CPU @ 3.40GHz
stepping	: 3
microcode	: 0x12
cpu MHz		: 3401.000
cache size	: 8192 KB
physical id	: 0
siblings	: 8
core id		: 0
cpu cores	: 4
apicid		: 1
initial apicid	: 1
fpu		: yes
fpu_exception	: yes
cpuid level	: 13
wp		: yes
flags		: fpu vme de pse tsc msr pae mce cx8 apic sep mtrr pge mca cmov pat pse36 clflush dts acpi mmx fxsr sse sse2 ss ht tm pbe syscall nx pdpe1gb rdtscp lm constant_tsc arch_perfmon pebs bts rep_good nopl xtopology nonstop_tsc aperfmperf eagerfpu pni pclmulqdq dtes64 monitor ds_cpl vmx smx est tm2 ssse3 fma cx16 xtpr pdcm pcid sse4_1 sse4_2 x2apic movbe popcnt tsc_deadline_timer aes xsave avx f16c rdrand lahf_lm abm ida arat epb xsaveopt pln pts dtherm tpr_shadow vnmi flexpriority ept vpid fsgsbase tsc_adjust bmi1 hle avx2 smep bmi2 erms invpcid rtm
bogomips	: 6784.79
clflush size	: 64
cache_alignment	: 64
address sizes	: 39 bits physical, 48 bits virtual
power management:

processor	: 5
vendor_id	: GenuineIntel
cpu family	: 6
model		: 60
model name	: Intel(R) Core(TM) i7-4770 CPU @ 3.40GHz
stepping	: 3
microcode	: 0x12
cpu MHz		: 3401.000
cache size	: 8192 KB
physical id	: 0
siblings	: 8
core id		: 1
cpu cores	: 4
apicid		: 3
initial apicid	: 3
fpu		: yes
fpu_exception	: yes
cpuid level	: 13
wp		: yes
flags		: fpu vme de pse tsc msr pae mce cx8 apic sep mtrr pge mca cmov pat pse36 clflush dts acpi mmx fxsr sse sse2 ss ht tm pbe syscall nx pdpe1gb rdtscp lm constant_tsc arch_perfmon pebs bts rep_good nopl xtopology nonstop_tsc aperfmperf eagerfpu pni pclmulqdq dtes64 monitor ds_cpl vmx smx est tm2 ssse3 fma cx16 xtpr pdcm pcid sse4_1 sse4_2 x2apic movbe popcnt tsc_deadline_timer aes xsave avx f16c rdrand lahf_lm abm ida arat epb xsaveopt pln pts dtherm tpr_shadow vnmi flexpriority ept vpid fsgsbase tsc_adjust bmi1 hle avx2 smep bmi2 erms invpcid rtm
bogomips	: 6784.79
clflush size	: 64
cache_alignment	: 64
address sizes	: 39 bits physical, 48 bits virtual
power management:

processor	: 6
vendor_id	: GenuineIntel
cpu family	: 6
model		: 60
model name	: Intel(R) Core(TM) i7-4770 CPU @ 3.40GHz
stepping	: 3
microcode	: 0x12
cpu MHz		: 3401.000
cache size	: 8192 KB
physical id	: 0
siblings	: 8
core id		: 2
cpu cores	: 4
apicid		: 5
initial apicid	: 5
fpu		: yes
fpu_exception	: yes
cpuid level	: 13
wp		: yes
flags		: fpu vme de pse tsc msr pae mce cx8 apic sep mtrr pge mca cmov pat pse36 clflush dts acpi mmx fxsr sse sse2 ss ht tm pbe syscall nx pdpe1gb rdtscp lm constant_tsc arch_perfmon pebs bts rep_good nopl xtopology nonstop_tsc aperfmperf eagerfpu pni pclmulqdq dtes64 monitor ds_cpl vmx smx est tm2 ssse3 fma cx16 xtpr pdcm pcid sse4_1 sse4_2 x2apic movbe popcnt tsc_deadline_timer aes xsave avx f16c rdrand lahf_lm abm ida arat epb xsaveopt pln pts dtherm tpr_shadow vnmi flexpriority ept vpid fsgsbase tsc_adjust bmi1 hle avx2 smep bmi2 erms invpcid rtm
bogomips	: 6784.79
clflush size	: 64
cache_alignment	: 64
address sizes	: 39 bits physical, 48 bits virtual
power management:

processor	: 7
vendor_id	: GenuineIntel
cpu family	: 6
model		: 60
model name	: Intel(R) Core(TM) i7-4770 CPU @ 3.40GHz
stepping	: 3
microcode	: 0x12
cpu MHz		: 3401.000
cache size	: 8192 KB
physical id	: 0
siblings	: 8
core id		: 3
cpu cores	: 4
apicid		: 7
initial apicid	: 7
fpu		: yes
fpu_exception	: yes
cpuid level	: 13
wp		: yes
flags		: fpu vme de pse tsc msr pae mce cx8 apic sep mtrr pge mca cmov pat pse36 clflush dts acpi mmx fxsr sse sse2 ss ht tm pbe syscall nx pdpe1gb rdtscp lm constant_tsc arch_perfmon pebs bts rep_good nopl xtopology nonstop_tsc aperfmperf eagerfpu pni pclmulqdq dtes64 monitor ds_cpl vmx smx est tm2 ssse3 fma cx16 xtpr pdcm pcid sse4_1 sse4_2 x2apic movbe popcnt tsc_deadline_timer aes xsave avx f16c rdrand lahf_lm abm ida arat epb xsaveopt pln pts dtherm tpr_shadow vnmi flexpriority ept vpid fsgsbase tsc_adjust bmi1 hle avx2 smep bmi2 erms invpcid rtm
bogomips	: 6784.79
clflush size	: 64
cache_alignment	: 64
address sizes	: 39 bits physical, 48 bits virtual
power management:



Memory: 4k page, physical 16302852k(12098068k free), swap 16382972k(16382972k free)

vm_info: Java HotSpot(TM) 64-Bit Server VM (24.72-b04) for linux-amd64 JRE (1.7.0_72-b14), built on Sep 26 2014 18:20:41 by "java_re" with gcc 4.3.0 20080428 (Red Hat 4.3.0-8)

time: Sat Jan 17 12:11:17 2015
elapsed time: 509 seconds

