#
# A fatal error has been detected by the Java Runtime Environment:
#
#  SIGSEGV (0xb) at pc=0x00007f211505b6fa, pid=12276, tid=139779581265664
#
# JRE version: Java(TM) SE Runtime Environment (7.0_72-b14) (build 1.7.0_72-b14)
# Java VM: Java HotSpot(TM) 64-Bit Server VM (24.72-b04 mixed mode linux-amd64 compressed oops)
# Problematic frame:
# v  ~BufferBlob::jni_fast_GetLongField
#
# Failed to write core dump. Core dumps have been disabled. To enable core dumping, try "ulimit -c unlimited" before starting Java again
#
# If you would like to submit a bug report, please visit:
#   http://bugreport.sun.com/bugreport/crash.jsp
# The crash happened outside the Java Virtual Machine in native code.
# See problematic frame for where to report the bug.
#

---------------  T H R E A D  ---------------

Current thread (0x00007f2118229000):  JavaThread "AWT-XAWT" daemon [_thread_in_native, id=12314, stack(0x00007f20f839c000,0x00007f20f849d000)]

siginfo:si_signo=SIGSEGV: si_errno=0, si_code=1 (SEGV_MAPERR), si_addr=0x0000000000000000

Registers:
RAX=0x00007f211e18c180, RBX=0x000000070278f598, RCX=0x00007f211ebe4320, RDX=0x0000000000000042
RSP=0x00007f20f849b638, RBP=0x00007f20f849b660, RSI=0x0000000000000000, RDI=0x00007f21182291e8
R8 =0x00000000f6217492, R9 =0x0000000000000000, R10=0x00000000000000f8, R11=0x00007f211dc26b80
R12=0x00007f21182291e8, R13=0x0000000000000000, R14=0x00007f20a7ffefe0, R15=0x00007f2118229000
RIP=0x00007f211505b6fa, EFLAGS=0x0000000000010246, CSGSFS=0x0000000000000033, ERR=0x0000000000000004
  TRAPNO=0x000000000000000e

Top of Stack: (sp=0x00007f20f849b638)
0x00007f20f849b638:   00007f20a7dc9801 000000070278f598
0x00007f20f849b648:   00007f2098026530 000000070278f598
0x00007f20f849b658:   00007f20f849b748 0000000000000000
0x00007f20f849b668:   00007f20a78c5ae8 000000070278f598
0x00007f20f849b678:   00007f20f849b6a0 0000000000000000
0x00007f20f849b688:   00007f20a78bd9a3 000000070278f598
0x00007f20f849b698:   00007f20a7dbf68f 00007f20f849b710
0x00007f20f849b6a8:   00007f2115012d98 00007f2115006233
0x00007f20f849b6b8:   0000000000000000 00000007b0f84c30
0x00007f20f849b6c8:   0000000000000000 00007f20f849b6d0
0x00007f20f849b6d8:   0000000000000000 00007f20f849b748
0x00007f20f849b6e8:   0000000702795668 0000000000000000
0x00007f20f849b6f8:   000000070278f598 0000000000000000
0x00007f20f849b708:   00007f20f849b730 00007f20f849b790
0x00007f20f849b718:   00007f2115006350 0000000707240cc0
0x00007f20f849b728:   00007f211500ecc0 0000000000000000
0x00007f20f849b738:   00007f20f849b790 00007f20ac001b30
0x00007f20f849b748:   00000007b0f809e0 00007f20f849b750
0x00007f20f849b758:   000000070289b6a4 00007f20f849b7d8
0x00007f20f849b768:   00000007028a7140 00000007030c9478
0x00007f20f849b778:   000000070289b7d8 00007f20f849b730
0x00007f20f849b788:   00007f20f849b7d0 00007f20f849b820
0x00007f20f849b798:   00007f2115006058 0000000000000000
0x00007f20f849b7a8:   00000007b0456958 0000000000000000
0x00007f20f849b7b8:   0000000000000000 0000000000000000
0x00007f20f849b7c8:   00000007b0f809e0 0000000000000000
0x00007f20f849b7d8:   00000007b0f80980 00007f20f849b7e0
0x00007f20f849b7e8:   000000070289b4ad 00007f20f849b830
0x00007f20f849b7f8:   00000007028a7140 0000000000000000
0x00007f20f849b808:   000000070289b4b8 00007f20f849b7d0
0x00007f20f849b818:   00007f20f849b830 00007f20f849b878
0x00007f20f849b828:   00007f2115006706 00000007b0f80980 

Instructions: (pc=0x00007f211505b6fa)
0x00007f211505b6da:   00 00 00 00 00 00 44 8b 15 01 45 16 09 4c 8b ce
0x00007f211505b6ea:   41 f6 c2 01 0f 85 2e 00 00 00 4d 33 ca 4d 33 ca
0x00007f211505b6fa:   4d 8b 09 4c 8b da 49 c1 eb 02 4b 8b 04 19 49 bb
0x00007f211505b70a:   e8 fb 1b 1e 21 7f 00 00 4c 33 d8 4c 33 d8 45 3b 

Register to memory mapping:

RAX=0x00007f211e18c180: <offset 0xe19180> in /usr/lib/jvm/java-7-oracle/jre/lib/amd64/server/libjvm.so at 0x00007f211d373000
RBX=0x000000070278f598 is an oop
{method} 
 - klass: {other class}
RCX=0x00007f211ebe4320: <offset 0x219320> in /lib/x86_64-linux-gnu/libpthread.so.0 at 0x00007f211e9cb000
RDX=0x0000000000000042 is an unknown value
RSP=0x00007f20f849b638 is pointing into the stack for thread: 0x00007f2118229000
RBP=0x00007f20f849b660 is pointing into the stack for thread: 0x00007f2118229000
RSI=0x0000000000000000 is an unknown value
RDI=0x00007f21182291e8 is an unknown value
R8 =0x00000000f6217492 is an unknown value
R9 =0x0000000000000000 is an unknown value
R10=0x00000000000000f8 is an unknown value
R11=0x00007f211dc26b80: <offset 0x8b3b80> in /usr/lib/jvm/java-7-oracle/jre/lib/amd64/server/libjvm.so at 0x00007f211d373000
R12=0x00007f21182291e8 is an unknown value
R13=0x0000000000000000 is an unknown value
R14=0x00007f20a7ffefe0: <offset 0x253fe0> in /usr/lib/jvm/java-7-oracle/jre/lib/amd64/xawt/libmawt.so at 0x00007f20a7dab000
R15=0x00007f2118229000 is a thread


Stack: [0x00007f20f839c000,0x00007f20f849d000],  sp=0x00007f20f849b638,  free space=1021k
Native frames: (J=compiled Java code, j=interpreted, Vv=VM code, C=native code)
v  ~BufferBlob::jni_fast_GetLongField

Java frames: (J=compiled Java code, j=interpreted, Vv=VM code)
j  sun.awt.X11.XlibWrapper.XFilterEvent(JJ)Z+0
j  sun.awt.X11.XToolkit.run(Z)V+300
j  sun.awt.X11.XToolkit.run()V+5
j  java.lang.Thread.run()V+11
v  ~StubRoutines::call_stub

---------------  P R O C E S S  ---------------

Java Threads: ( => current thread )
  0x00007f20bc01d000 JavaThread "XToolkt-Shutdown-Thread" [_thread_blocked, id=13657, stack(0x00007f20a5cfa000,0x00007f20a5dfb000)]
  0x00007f20dc001000 JavaThread "SIGTERM handler" daemon [_thread_blocked, id=13656, stack(0x00007f20f89b1000,0x00007f20f8ab2000)]
  0x00007f2098065000 JavaThread "TimerQueue" daemon [_thread_blocked, id=12321, stack(0x00007f20f849d000,0x00007f20f859e000)]
  0x00007f2118008000 JavaThread "DestroyJavaVM" [_thread_blocked, id=12281, stack(0x00007f211ecd4000,0x00007f211edd5000)]
  0x00007f21182dd000 JavaThread "Timer-0" [_thread_blocked, id=12318, stack(0x00007f20a607a000,0x00007f20a617b000)]
  0x00007f211825c800 JavaThread "AWT-EventQueue-0" [_thread_blocked, id=12316, stack(0x00007f20a6609000,0x00007f20a670a000)]
  0x00007f2118239000 JavaThread "AWT-Shutdown" [_thread_blocked, id=12315, stack(0x00007f20a670a000,0x00007f20a680b000)]
=>0x00007f2118229000 JavaThread "AWT-XAWT" daemon [_thread_in_native, id=12314, stack(0x00007f20f839c000,0x00007f20f849d000)]
  0x00007f2118208000 JavaThread "Java2D Disposer" daemon [_thread_blocked, id=12313, stack(0x00007f20f8f00000,0x00007f20f9001000)]
  0x00007f20b803f800 JavaThread "WebsocketWriteThread" [_thread_blocked, id=12308, stack(0x00007f20f88b0000,0x00007f20f89b1000)]
  0x00007f20b0036800 JavaThread "pool-3-thread-1" [_thread_blocked, id=12306, stack(0x00007f20f859e000,0x00007f20f869f000)]
  0x00007f20b0010800 JavaThread "Thread-5" [_thread_in_native, id=12305, stack(0x00007f20f8cfe000,0x00007f20f8dff000)]
  0x00007f20c0004800 JavaThread "pool-1-thread-1" [_thread_blocked, id=12299, stack(0x00007f20f8dff000,0x00007f20f8f00000)]
  0x00007f21180a7800 JavaThread "Service Thread" daemon [_thread_blocked, id=12296, stack(0x00007f20f9102000,0x00007f20f9203000)]
  0x00007f21180a5800 JavaThread "C2 CompilerThread1" daemon [_thread_blocked, id=12295, stack(0x00007f20f9203000,0x00007f20f9304000)]
  0x00007f21180a2800 JavaThread "C2 CompilerThread0" daemon [_thread_blocked, id=12294, stack(0x00007f20f9304000,0x00007f20f9405000)]
  0x00007f21180a0000 JavaThread "Signal Dispatcher" daemon [_thread_blocked, id=12293, stack(0x00007f20f9405000,0x00007f20f9506000)]
  0x00007f2118077000 JavaThread "Finalizer" daemon [_thread_blocked, id=12292, stack(0x00007f20f97cf000,0x00007f20f98d0000)]
  0x00007f2118075000 JavaThread "Reference Handler" daemon [_thread_blocked, id=12291, stack(0x00007f20f98d0000,0x00007f20f99d1000)]

Other Threads:
  0x00007f2118070800 VMThread [stack: 0x00007f20f99d1000,0x00007f20f9ad2000] [id=12290]
  0x00007f21180ba800 WatcherThread [stack: 0x00007f20f9001000,0x00007f20f9102000] [id=12297]

VM state:not at safepoint (normal execution)

VM Mutex/Monitor currently owned by a thread: None

Heap
 PSYoungGen      total 74752K, used 49558K [0x00000007ad080000, 0x00000007b2380000, 0x0000000800000000)
  eden space 64512K, 60% used [0x00000007ad080000,0x00000007af6ed250,0x00000007b0f80000)
  from space 10240K, 99% used [0x00000007b0f80000,0x00000007b1978650,0x00000007b1980000)
  to   space 10240K, 0% used [0x00000007b1980000,0x00000007b1980000,0x00000007b2380000)
 ParOldGen       total 169472K, used 1788K [0x0000000707200000, 0x0000000711780000, 0x00000007ad080000)
  object space 169472K, 1% used [0x0000000707200000,0x00000007073bf1f8,0x0000000711780000)
 PSPermGen       total 21504K, used 17235K [0x0000000702000000, 0x0000000703500000, 0x0000000707200000)
  object space 21504K, 80% used [0x0000000702000000,0x00000007030d4da0,0x0000000703500000)

Card table byte_map: [0x00007f211480f000,0x00007f2115000000] byte_map_base: 0x00007f2110fff000

Polling page: 0x00007f211ee08000

Code Cache  [0x00007f2115000000, 0x00007f2115270000, 0x00007f2118000000)
 total_blobs=624 nmethods=102 adapters=475 free_code_cache=48407Kb largest_free_block=49536064

Compilation events (10 events):
Event: 285.902 Thread 0x00007f21180a5800  100             java.util.TreeMap::getEntry (84 bytes)
Event: 285.904 Thread 0x00007f21180a5800 nmethod 100 0x00007f21150bc810 code [0x00007f21150bc960, 0x00007f21150bcad8]
Event: 289.659 Thread 0x00007f21180a2800  102             sun.awt.X11.Native::getInt (8 bytes)
Event: 289.660 Thread 0x00007f21180a2800 nmethod 102 0x00007f21150bc5d0 code [0x00007f21150bc700, 0x00007f21150bc778]
Event: 322.796 Thread 0x00007f21180a2800  103             sun.awt.SunToolkit::awtLock (7 bytes)
Event: 322.796 Thread 0x00007f21180a5800  104             sun.awt.SunToolkit::awtUnlock (7 bytes)
Event: 322.802 Thread 0x00007f21180a2800 nmethod 103 0x00007f21150bed90 code [0x00007f21150bef00, 0x00007f21150bf088]
Event: 322.804 Thread 0x00007f21180a5800 nmethod 104 0x00007f21150be8d0 code [0x00007f21150bea20, 0x00007f21150bebc8]
Event: 541.919 Thread 0x00007f21180a2800  105             sun.awt.X11.XEvent::get_type (18 bytes)
Event: 541.920 Thread 0x00007f21180a2800 nmethod 105 0x00007f21150694d0 code [0x00007f2115069640, 0x00007f21150697f8]

GC Heap History (2 events):
Event: 6.830 GC heap before
{Heap before GC invocations=1 (full 0):
 PSYoungGen      total 74752K, used 64512K [0x00000007ad080000, 0x00000007b2380000, 0x0000000800000000)
  eden space 64512K, 100% used [0x00000007ad080000,0x00000007b0f80000,0x00000007b0f80000)
  from space 10240K, 0% used [0x00000007b1980000,0x00000007b1980000,0x00000007b2380000)
  to   space 10240K, 0% used [0x00000007b0f80000,0x00000007b0f80000,0x00000007b1980000)
 ParOldGen       total 169472K, used 0K [0x0000000707200000, 0x0000000711780000, 0x00000007ad080000)
  object space 169472K, 0% used [0x0000000707200000,0x0000000707200000,0x0000000711780000)
 PSPermGen       total 21504K, used 17000K [0x0000000702000000, 0x0000000703500000, 0x0000000707200000)
  object space 21504K, 79% used [0x0000000702000000,0x000000070309a370,0x0000000703500000)
Event: 6.846 GC heap after
Heap after GC invocations=1 (full 0):
 PSYoungGen      total 74752K, used 10209K [0x00000007ad080000, 0x00000007b2380000, 0x0000000800000000)
  eden space 64512K, 0% used [0x00000007ad080000,0x00000007ad080000,0x00000007b0f80000)
  from space 10240K, 99% used [0x00000007b0f80000,0x00000007b1978650,0x00000007b1980000)
  to   space 10240K, 0% used [0x00000007b1980000,0x00000007b1980000,0x00000007b2380000)
 ParOldGen       total 169472K, used 1788K [0x0000000707200000, 0x0000000711780000, 0x00000007ad080000)
  object space 169472K, 1% used [0x0000000707200000,0x00000007073bf1f8,0x0000000711780000)
 PSPermGen       total 21504K, used 17000K [0x0000000702000000, 0x0000000703500000, 0x0000000707200000)
  object space 21504K, 79% used [0x0000000702000000,0x000000070309a370,0x0000000703500000)
}

Deoptimization events (10 events):
Event: 0.196 Thread 0x00007f20a8001000 Uncommon trap: reason=unloaded action=reinterpret pc=0x00007f2115063d5c method=java.lang.String.charAt(I)C @ 13
Event: 0.246 Thread 0x00007f2118008000 Uncommon trap: reason=null_check action=make_not_entrant pc=0x00007f211506d9a8 method=java.lang.String.equals(Ljava/lang/Object;)Z @ 8
Event: 0.310 Thread 0x00007f2118008000 Uncommon trap: reason=class_check action=maybe_recompile pc=0x00007f2115069344 method=java.util.Properties$LineReader.readLine()I @ 62
Event: 0.310 Thread 0x00007f2118008000 Uncommon trap: reason=class_check action=maybe_recompile pc=0x00007f2115069344 method=java.util.Properties$LineReader.readLine()I @ 62
Event: 0.311 Thread 0x00007f2118008000 Uncommon trap: reason=class_check action=maybe_recompile pc=0x00007f2115069344 method=java.util.Properties$LineReader.readLine()I @ 62
Event: 0.312 Thread 0x00007f2118008000 Uncommon trap: reason=class_check action=maybe_recompile pc=0x00007f2115069344 method=java.util.Properties$LineReader.readLine()I @ 62
Event: 2.344 Thread 0x00007f211825c800 Uncommon trap: reason=class_check action=maybe_recompile pc=0x00007f211508abec method=java.lang.String.equals(Ljava/lang/Object;)Z @ 8
Event: 2.344 Thread 0x00007f211825c800 Uncommon trap: reason=class_check action=maybe_recompile pc=0x00007f211508abec method=java.lang.String.equals(Ljava/lang/Object;)Z @ 8
Event: 2.526 Thread 0x00007f211825c800 Uncommon trap: reason=class_check action=maybe_recompile pc=0x00007f211508abec method=java.lang.String.equals(Ljava/lang/Object;)Z @ 8
Event: 2.526 Thread 0x00007f211825c800 Uncommon trap: reason=class_check action=maybe_recompile pc=0x00007f211508abec method=java.lang.String.equals(Ljava/lang/Object;)Z @ 8

Internal exceptions (10 events):
Event: 6.734 Thread 0x00007f20b803a000 Threw 0x00000007b04665e0 at /HUDSON/workspace/7u-2-build-linux-amd64/jdk7u72/1606/hotspot/src/share/vm/prims/jvm.cpp:1281
Event: 6.735 Thread 0x00007f20b803a000 Threw 0x00000007b0468560 at /HUDSON/workspace/7u-2-build-linux-amd64/jdk7u72/1606/hotspot/src/share/vm/prims/jvm.cpp:1281
Event: 6.737 Thread 0x00007f20b803a000 Threw 0x00000007b046b088 at /HUDSON/workspace/7u-2-build-linux-amd64/jdk7u72/1606/hotspot/src/share/vm/prims/jvm.cpp:1281
Event: 6.739 Thread 0x00007f20b803a000 Threw 0x00000007b0472970 at /HUDSON/workspace/7u-2-build-linux-amd64/jdk7u72/1606/hotspot/src/share/vm/prims/jvm.cpp:1281
Event: 6.746 Thread 0x00007f20b803a000 Threw 0x00000007b0475a78 at /HUDSON/workspace/7u-2-build-linux-amd64/jdk7u72/1606/hotspot/src/share/vm/prims/jvm.cpp:1281
Event: 6.748 Thread 0x00007f20b803a000 Threw 0x00000007b0478178 at /HUDSON/workspace/7u-2-build-linux-amd64/jdk7u72/1606/hotspot/src/share/vm/prims/jvm.cpp:1281
Event: 6.750 Thread 0x00007f20b803a000 Threw 0x00000007b047a9f0 at /HUDSON/workspace/7u-2-build-linux-amd64/jdk7u72/1606/hotspot/src/share/vm/prims/jvm.cpp:1281
Event: 6.751 Thread 0x00007f20b803a000 Threw 0x00000007b047ce20 at /HUDSON/workspace/7u-2-build-linux-amd64/jdk7u72/1606/hotspot/src/share/vm/prims/jvm.cpp:1281
Event: 25.171 Thread 0x00007f20b0036800 Threw 0x00000007ae743518 at /HUDSON/workspace/7u-2-build-linux-amd64/jdk7u72/1606/hotspot/src/share/vm/prims/jvm.cpp:1281
Event: 25.173 Thread 0x00007f20b4001800 Threw 0x00000007ae8864b0 at /HUDSON/workspace/7u-2-build-linux-amd64/jdk7u72/1606/hotspot/src/share/vm/prims/jvm.cpp:1281

Events (10 events):
Event: 569.599 loading class 0x00007f20d00b4830
Event: 569.599 loading class 0x00007f20d00b4830 done
Event: 569.600 loading class 0x00007f20d0093cd0
Event: 569.600 loading class 0x00007f20d0093cd0 done
Event: 569.622 loading class 0x00007f20d00b3fc0
Event: 569.622 loading class 0x00007f20d00b3fc0 done
Event: 569.717 loading class 0x00007f21181aee20
Event: 569.718 loading class 0x00007f21181aee20 done
Event: 569.718 loading class 0x00007f21181aedf0
Event: 569.718 loading class 0x00007f21181aedf0 done


Dynamic libraries:
00400000-00401000 r-xp 00000000 08:02 3145756                            /usr/lib/jvm/java-7-oracle/bin/java
00600000-00601000 rw-p 00000000 08:02 3145756                            /usr/lib/jvm/java-7-oracle/bin/java
019aa000-019cb000 rw-p 00000000 00:00 0                                  [heap]
702000000-703500000 rw-p 00000000 00:00 0 
703500000-707200000 rw-p 00000000 00:00 0 
707200000-711780000 rw-p 00000000 00:00 0 
711780000-7ad080000 rw-p 00000000 00:00 0 
7ad080000-7b2380000 rw-p 00000000 00:00 0 
7b2380000-800000000 rw-p 00000000 00:00 0 
7f2090000000-7f2090022000 rw-p 00000000 00:00 0 
7f2090022000-7f2094000000 ---p 00000000 00:00 0 
7f2094000000-7f2094021000 rw-p 00000000 00:00 0 
7f2094021000-7f2098000000 ---p 00000000 00:00 0 
7f2098000000-7f209808a000 rw-p 00000000 00:00 0 
7f209808a000-7f209c000000 ---p 00000000 00:00 0 
7f209c000000-7f209c021000 rw-p 00000000 00:00 0 
7f209c021000-7f20a0000000 ---p 00000000 00:00 0 
7f20a0000000-7f20a0021000 rw-p 00000000 00:00 0 
7f20a0021000-7f20a4000000 ---p 00000000 00:00 0 
7f20a5772000-7f20a5775000 ---p 00000000 00:00 0 
7f20a5775000-7f20a5873000 rw-p 00000000 00:00 0 
7f20a5873000-7f20a589d000 r-xp 00000000 08:02 3148396                    /usr/lib/jvm/java-7-oracle/jre/lib/amd64/libdcpr.so
7f20a589d000-7f20a5a9d000 ---p 0002a000 08:02 3148396                    /usr/lib/jvm/java-7-oracle/jre/lib/amd64/libdcpr.so
7f20a5a9d000-7f20a5aa0000 rw-p 0002a000 08:02 3148396                    /usr/lib/jvm/java-7-oracle/jre/lib/amd64/libdcpr.so
7f20a5aa0000-7f20a5abf000 rw-s 00000000 00:04 37126155                   /SYSV00000000 (deleted)
7f20a5abf000-7f20a5af9000 r-xp 00000000 08:02 3148404                    /usr/lib/jvm/java-7-oracle/jre/lib/amd64/libjpeg.so
7f20a5af9000-7f20a5cf9000 ---p 0003a000 08:02 3148404                    /usr/lib/jvm/java-7-oracle/jre/lib/amd64/libjpeg.so
7f20a5cf9000-7f20a5cfa000 rw-p 0003a000 08:02 3148404                    /usr/lib/jvm/java-7-oracle/jre/lib/amd64/libjpeg.so
7f20a5cfa000-7f20a5cfd000 ---p 00000000 00:00 0 
7f20a5cfd000-7f20a5dfb000 rw-p 00000000 00:00 0                          [stack:13657]
7f20a5dfb000-7f20a5e64000 r-xp 00000000 08:02 3148415                    /usr/lib/jvm/java-7-oracle/jre/lib/amd64/libt2k.so
7f20a5e64000-7f20a6063000 ---p 00069000 08:02 3148415                    /usr/lib/jvm/java-7-oracle/jre/lib/amd64/libt2k.so
7f20a6063000-7f20a606a000 rw-p 00068000 08:02 3148415                    /usr/lib/jvm/java-7-oracle/jre/lib/amd64/libt2k.so
7f20a606a000-7f20a607a000 rw-p 00000000 00:00 0 
7f20a607a000-7f20a607d000 ---p 00000000 00:00 0 
7f20a607d000-7f20a617b000 rw-p 00000000 00:00 0                          [stack:12318]
7f20a617b000-7f20a6191000 r-xp 00000000 08:02 2097170                    /lib/x86_64-linux-gnu/libgcc_s.so.1
7f20a6191000-7f20a6390000 ---p 00016000 08:02 2097170                    /lib/x86_64-linux-gnu/libgcc_s.so.1
7f20a6390000-7f20a6391000 rw-p 00015000 08:02 2097170                    /lib/x86_64-linux-gnu/libgcc_s.so.1
7f20a6391000-7f20a63f5000 r-xp 00000000 08:02 3148439                    /usr/lib/jvm/java-7-oracle/jre/lib/amd64/libfontmanager.so
7f20a63f5000-7f20a65f4000 ---p 00064000 08:02 3148439                    /usr/lib/jvm/java-7-oracle/jre/lib/amd64/libfontmanager.so
7f20a65f4000-7f20a65f9000 rw-p 00063000 08:02 3148439                    /usr/lib/jvm/java-7-oracle/jre/lib/amd64/libfontmanager.so
7f20a65f9000-7f20a6609000 rw-p 00000000 00:00 0 
7f20a6609000-7f20a660c000 ---p 00000000 00:00 0 
7f20a660c000-7f20a670a000 rw-p 00000000 00:00 0                          [stack:12316]
7f20a670a000-7f20a670d000 ---p 00000000 00:00 0 
7f20a670d000-7f20a680b000 rw-p 00000000 00:00 0                          [stack:12315]
7f20a680b000-7f20a6810000 r-xp 00000000 08:02 2368040                    /usr/lib/x86_64-linux-gnu/libXfixes.so.3.1.0
7f20a6810000-7f20a6a0f000 ---p 00005000 08:02 2368040                    /usr/lib/x86_64-linux-gnu/libXfixes.so.3.1.0
7f20a6a0f000-7f20a6a10000 r--p 00004000 08:02 2368040                    /usr/lib/x86_64-linux-gnu/libXfixes.so.3.1.0
7f20a6a10000-7f20a6a11000 rw-p 00005000 08:02 2368040                    /usr/lib/x86_64-linux-gnu/libXfixes.so.3.1.0
7f20a6a11000-7f20a6a1a000 r-xp 00000000 08:02 2368044                    /usr/lib/x86_64-linux-gnu/libXcursor.so.1.0.2
7f20a6a1a000-7f20a6c19000 ---p 00009000 08:02 2368044                    /usr/lib/x86_64-linux-gnu/libXcursor.so.1.0.2
7f20a6c19000-7f20a6c1a000 r--p 00008000 08:02 2368044                    /usr/lib/x86_64-linux-gnu/libXcursor.so.1.0.2
7f20a6c1a000-7f20a6c1b000 rw-p 00009000 08:02 2368044                    /usr/lib/x86_64-linux-gnu/libXcursor.so.1.0.2
7f20a6c1b000-7f20a6c20000 r-xp 00000000 08:02 2366535                    /usr/lib/x86_64-linux-gnu/libXdmcp.so.6.0.0
7f20a6c20000-7f20a6e1f000 ---p 00005000 08:02 2366535                    /usr/lib/x86_64-linux-gnu/libXdmcp.so.6.0.0
7f20a6e1f000-7f20a6e20000 r--p 00004000 08:02 2366535                    /usr/lib/x86_64-linux-gnu/libXdmcp.so.6.0.0
7f20a6e20000-7f20a6e21000 rw-p 00005000 08:02 2366535                    /usr/lib/x86_64-linux-gnu/libXdmcp.so.6.0.0
7f20a6e21000-7f20a6e23000 r-xp 00000000 08:02 2366532                    /usr/lib/x86_64-linux-gnu/libXau.so.6.0.0
7f20a6e23000-7f20a7023000 ---p 00002000 08:02 2366532                    /usr/lib/x86_64-linux-gnu/libXau.so.6.0.0
7f20a7023000-7f20a7024000 r--p 00002000 08:02 2366532                    /usr/lib/x86_64-linux-gnu/libXau.so.6.0.0
7f20a7024000-7f20a7025000 rw-p 00003000 08:02 2366532                    /usr/lib/x86_64-linux-gnu/libXau.so.6.0.0
7f20a7025000-7f20a7042000 r-xp 00000000 08:02 2366538                    /usr/lib/x86_64-linux-gnu/libxcb.so.1.1.0
7f20a7042000-7f20a7242000 ---p 0001d000 08:02 2366538                    /usr/lib/x86_64-linux-gnu/libxcb.so.1.1.0
7f20a7242000-7f20a7243000 r--p 0001d000 08:02 2366538                    /usr/lib/x86_64-linux-gnu/libxcb.so.1.1.0
7f20a7243000-7f20a7244000 rw-p 0001e000 08:02 2366538                    /usr/lib/x86_64-linux-gnu/libxcb.so.1.1.0
7f20a7244000-7f20a7253000 r-xp 00000000 08:02 2368052                    /usr/lib/x86_64-linux-gnu/libXi.so.6.1.0
7f20a7253000-7f20a7452000 ---p 0000f000 08:02 2368052                    /usr/lib/x86_64-linux-gnu/libXi.so.6.1.0
7f20a7452000-7f20a7453000 r--p 0000e000 08:02 2368052                    /usr/lib/x86_64-linux-gnu/libXi.so.6.1.0
7f20a7453000-7f20a7454000 rw-p 0000f000 08:02 2368052                    /usr/lib/x86_64-linux-gnu/libXi.so.6.1.0
7f20a7454000-7f20a7459000 r-xp 00000000 08:02 2372115                    /usr/lib/x86_64-linux-gnu/libXtst.so.6.1.0
7f20a7459000-7f20a7658000 ---p 00005000 08:02 2372115                    /usr/lib/x86_64-linux-gnu/libXtst.so.6.1.0
7f20a7658000-7f20a7659000 r--p 00004000 08:02 2372115                    /usr/lib/x86_64-linux-gnu/libXtst.so.6.1.0
7f20a7659000-7f20a765a000 rw-p 00005000 08:02 2372115                    /usr/lib/x86_64-linux-gnu/libXtst.so.6.1.0
7f20a765a000-7f20a7663000 r-xp 00000000 08:02 2367914                    /usr/lib/x86_64-linux-gnu/libXrender.so.1.3.0
7f20a7663000-7f20a7862000 ---p 00009000 08:02 2367914                    /usr/lib/x86_64-linux-gnu/libXrender.so.1.3.0
7f20a7862000-7f20a7863000 r--p 00008000 08:02 2367914                    /usr/lib/x86_64-linux-gnu/libXrender.so.1.3.0
7f20a7863000-7f20a7864000 rw-p 00009000 08:02 2367914                    /usr/lib/x86_64-linux-gnu/libXrender.so.1.3.0
7f20a7864000-7f20a7994000 r-xp 00000000 08:02 2366546                    /usr/lib/x86_64-linux-gnu/libX11.so.6.3.0
7f20a7994000-7f20a7b94000 ---p 00130000 08:02 2366546                    /usr/lib/x86_64-linux-gnu/libX11.so.6.3.0
7f20a7b94000-7f20a7b95000 r--p 00130000 08:02 2366546                    /usr/lib/x86_64-linux-gnu/libX11.so.6.3.0
7f20a7b95000-7f20a7b99000 rw-p 00131000 08:02 2366546                    /usr/lib/x86_64-linux-gnu/libX11.so.6.3.0
7f20a7b99000-7f20a7baa000 r-xp 00000000 08:02 2366552                    /usr/lib/x86_64-linux-gnu/libXext.so.6.4.0
7f20a7baa000-7f20a7da9000 ---p 00011000 08:02 2366552                    /usr/lib/x86_64-linux-gnu/libXext.so.6.4.0
7f20a7da9000-7f20a7daa000 r--p 00010000 08:02 2366552                    /usr/lib/x86_64-linux-gnu/libXext.so.6.4.0
7f20a7daa000-7f20a7dab000 rw-p 00011000 08:02 2366552                    /usr/lib/x86_64-linux-gnu/libXext.so.6.4.0
7f20a7dab000-7f20a7dfb000 r-xp 00000000 08:02 3148433                    /usr/lib/jvm/java-7-oracle/jre/lib/amd64/xawt/libmawt.so
7f20a7dfb000-7f20a7ffb000 ---p 00050000 08:02 3148433                    /usr/lib/jvm/java-7-oracle/jre/lib/amd64/xawt/libmawt.so
7f20a7ffb000-7f20a7fff000 rw-p 00050000 08:02 3148433                    /usr/lib/jvm/java-7-oracle/jre/lib/amd64/xawt/libmawt.so
7f20a7fff000-7f20a8000000 rw-p 00000000 00:00 0 
7f20a8000000-7f20a8021000 rw-p 00000000 00:00 0 
7f20a8021000-7f20ac000000 ---p 00000000 00:00 0 
7f20ac000000-7f20ac021000 rw-p 00000000 00:00 0 
7f20ac021000-7f20b0000000 ---p 00000000 00:00 0 
7f20b0000000-7f20b003d000 rw-p 00000000 00:00 0 
7f20b003d000-7f20b4000000 ---p 00000000 00:00 0 
7f20b4000000-7f20b4021000 rw-p 00000000 00:00 0 
7f20b4021000-7f20b8000000 ---p 00000000 00:00 0 
7f20b8000000-7f20b804d000 rw-p 00000000 00:00 0 
7f20b804d000-7f20bc000000 ---p 00000000 00:00 0 
7f20bc000000-7f20bc027000 rw-p 00000000 00:00 0 
7f20bc027000-7f20c0000000 ---p 00000000 00:00 0 
7f20c0000000-7f20c0068000 rw-p 00000000 00:00 0 
7f20c0068000-7f20c4000000 ---p 00000000 00:00 0 
7f20c4000000-7f20c4021000 rw-p 00000000 00:00 0 
7f20c4021000-7f20c8000000 ---p 00000000 00:00 0 
7f20c8000000-7f20c8021000 rw-p 00000000 00:00 0 
7f20c8021000-7f20cc000000 ---p 00000000 00:00 0 
7f20cc000000-7f20cc021000 rw-p 00000000 00:00 0 
7f20cc021000-7f20d0000000 ---p 00000000 00:00 0 
7f20d0000000-7f20d03f9000 rw-p 00000000 00:00 0 
7f20d03f9000-7f20d4000000 ---p 00000000 00:00 0 
7f20d4000000-7f20d4226000 rw-p 00000000 00:00 0 
7f20d4226000-7f20d8000000 ---p 00000000 00:00 0 
7f20d8000000-7f20d8021000 rw-p 00000000 00:00 0 
7f20d8021000-7f20dc000000 ---p 00000000 00:00 0 
7f20dc000000-7f20dc021000 rw-p 00000000 00:00 0 
7f20dc021000-7f20e0000000 ---p 00000000 00:00 0 
7f20e0000000-7f20e0021000 rw-p 00000000 00:00 0 
7f20e0021000-7f20e4000000 ---p 00000000 00:00 0 
7f20e4009000-7f20e4014000 rw-s 00000000 00:04 36765703                   /SYSV00000000 (deleted)
7f20e4014000-7f20e401e000 r--s 00251000 08:02 3148603                    /usr/lib/jvm/java-7-oracle/jre/lib/resources.jar
7f20e401e000-7f20e401f000 r--s 00000000 08:06 528101                     /var/cache/fontconfig/087e1975ba9a574b140bb1df193bf770-le64.cache-4
7f20e401f000-7f20e402d000 r--s 00000000 08:06 528175                     /var/cache/fontconfig/6aa41aa22e18b8fa06a12da28ea9c28b-le64.cache-4
7f20e402d000-7f20e402e000 r--s 00000000 08:06 528174                     /var/cache/fontconfig/c05880de57d1f5e948fdfacc138775d9-le64.cache-4
7f20e402e000-7f20e4039000 r--s 00000000 08:06 528100                     /var/cache/fontconfig/945677eb7aeaf62f1d50efc3fb3ec7d8-le64.cache-4
7f20e4039000-7f20e403f000 r--s 00000000 08:06 528172                     /var/cache/fontconfig/2cd17615ca594fa2959ae173292e504c-le64.cache-4
7f20e403f000-7f20e4040000 r--s 00000000 08:06 528171                     /var/cache/fontconfig/e7071f4a29fa870f4323321c154eba04-le64.cache-4
7f20e4040000-7f20e4041000 r--s 00000000 08:06 528170                     /var/cache/fontconfig/0d8c3b2ac0904cb8a57a757ad11a4a08-le64.cache-4
7f20e4041000-7f20e4048000 r--s 00000000 08:06 528169                     /var/cache/fontconfig/a755afe4a08bf5b97852ceb7400b47bc-le64.cache-4
7f20e4048000-7f20e404a000 r--s 00000000 08:06 528168                     /var/cache/fontconfig/5a86461592e14be7c82e45729474f230-le64.cache-4
7f20e404a000-7f20e404e000 r--s 00000000 08:06 528167                     /var/cache/fontconfig/6d41288fd70b0be22e8c3a91e032eec0-le64.cache-4
7f20e404e000-7f20e4062000 r--s 00000000 08:06 528166                     /var/cache/fontconfig/04aabc0a78ac019cf9454389977116d2-le64.cache-4
7f20e4062000-7f20e4063000 r--s 00000000 08:06 528165                     /var/cache/fontconfig/1ac9eb803944fde146138c791f5cc56a-le64.cache-4
7f20e4063000-7f20e4064000 r--s 00000000 08:06 528164                     /var/cache/fontconfig/b95bc8ffbebda2bbdae4265e45b8178d-le64.cache-4
7f20e4064000-7f20e4068000 r--s 00000000 08:06 528163                     /var/cache/fontconfig/385c0604a188198f04d133e54aba7fe7-le64.cache-4
7f20e4068000-7f20e4069000 r--s 00000000 08:06 528162                     /var/cache/fontconfig/9c956a7723ca69a44b382d9179c9802f-le64.cache-4
7f20e4069000-7f20e406a000 r--s 00000000 08:06 528161                     /var/cache/fontconfig/dc05db6664285cc2f12bf69c139ae4c3-le64.cache-4
7f20e406a000-7f20e406b000 r--s 00000000 08:06 528160                     /var/cache/fontconfig/5d1cca7074f29429a8d18692746c2426-le64.cache-4
7f20e406b000-7f20e406d000 r--s 00000000 08:06 528159                     /var/cache/fontconfig/767a8244fc0220cfb567a839d0392e0b-le64.cache-4
7f20e406d000-7f20e406e000 r--s 00000000 08:06 524668                     /var/cache/fontconfig/4794a0821666d79190d59a36cb4f44b5-le64.cache-4
7f20e406e000-7f20e406f000 r--s 00000000 08:06 528157                     /var/cache/fontconfig/9eae20f1ff8cc0a7d125749e875856bd-le64.cache-4
7f20e406f000-7f20e4071000 r--s 00000000 08:06 528156                     /var/cache/fontconfig/bf2c1853a9e9b00bb02fe2e9bcf1e201-le64.cache-4
7f20e4071000-7f20e4076000 r--s 00000000 08:06 528155                     /var/cache/fontconfig/8801497958630a81b71ace7c5f9b32a8-le64.cache-4
7f20e4076000-7f20e40b1000 r--s 00000000 08:06 528154                     /var/cache/fontconfig/365b55f210c0a22e9a19e35191240f32-le64.cache-4
7f20e40b1000-7f20e40b5000 r--s 00000000 08:06 528153                     /var/cache/fontconfig/c57959a16110560c8d0fcea73374aeeb-le64.cache-4
7f20e40b5000-7f20e40bc000 r--s 00000000 08:06 528152                     /var/cache/fontconfig/3047814df9a2f067bd2d96a2b9c36e5a-le64.cache-4
7f20e40bc000-7f20e40c0000 r--s 00000000 08:06 528151                     /var/cache/fontconfig/bf3b770c553c462765856025a94f1ce6-le64.cache-4
7f20e40c0000-7f20e40c1000 r--s 00000000 08:06 528150                     /var/cache/fontconfig/56cf4f4769d0f4abc89a4895d7bd3ae1-le64.cache-4
7f20e40c1000-7f20e40c2000 r--s 00000000 08:06 528149                     /var/cache/fontconfig/b9d506c9ac06c20b433354fa67a72993-le64.cache-4
7f20e40c2000-7f20e40c8000 r--s 00000000 08:06 528148                     /var/cache/fontconfig/b47c4e1ecd0709278f4910c18777a504-le64.cache-4
7f20e40c8000-7f20e40cb000 r--s 00000000 08:06 528147                     /var/cache/fontconfig/14d493b97896515cad3840ba4896e372-le64.cache-4
7f20e40cb000-7f20e40cc000 r--s 00000000 08:06 528146                     /var/cache/fontconfig/b68acf31ab8c3c6daeca6e2130bcfd36-le64.cache-4
7f20e40cc000-7f20e40cf000 r--s 00000000 08:06 528144                     /var/cache/fontconfig/e49e89034d371f0f9de17aab02136486-le64.cache-4
7f20e40cf000-7f20e40d1000 r--s 00000000 08:06 528143                     /var/cache/fontconfig/4b14b093aebc79c320de5e86ae1d3314-le64.cache-4
7f20e40d1000-7f20e40e4000 r--s 00000000 08:06 528141                     /var/cache/fontconfig/d52a8644073d54c13679302ca1180695-le64.cache-4
7f20e40e4000-7f20e40ec000 r--s 00000000 08:06 528139                     /var/cache/fontconfig/105b9c7e6f0a4f82d8c9b6e39c52c6f9-le64.cache-4
7f20e40ec000-7f20e40f5000 r--s 00000000 08:06 524660                     /var/cache/fontconfig/3f7329c5293ffd510edef78f73874cfd-le64.cache-4
7f20e40f5000-7f20e4100000 r--s 00000000 08:06 528135                     /var/cache/fontconfig/d589a48862398ed80a3d6066f4f56f4c-le64.cache-4
7f20e4100000-7f20ec000000 rw-p 00000000 00:00 0 
7f20ec000000-7f20ec021000 rw-p 00000000 00:00 0 
7f20ec021000-7f20f0000000 ---p 00000000 00:00 0 
7f20f0000000-7f20f0021000 rw-p 00000000 00:00 0 
7f20f0021000-7f20f4000000 ---p 00000000 00:00 0 
7f20f4000000-7f20f4021000 rw-p 00000000 00:00 0 
7f20f4021000-7f20f8000000 ---p 00000000 00:00 0 
7f20f8000000-7f20f8001000 r--s 00000000 08:06 528145                     /var/cache/fontconfig/89034621ae2a8922916bb6bfa5799546-le64.cache-4
7f20f8001000-7f20f8002000 r--s 00000000 08:06 528142                     /var/cache/fontconfig/8aec10f4cc8391dcef22ca549f1e4354-le64.cache-4
7f20f8002000-7f20f8003000 r--s 00000000 08:06 528140                     /var/cache/fontconfig/8a687c406b77f27d99abfeeba937fcce-le64.cache-4
7f20f8003000-7f20f8004000 r--s 00000000 08:06 528137                     /var/cache/fontconfig/ac2cf712d852da827a87a9baf682f5b9-le64.cache-4
7f20f8004000-7f20f8006000 r--s 00000000 08:06 528136                     /var/cache/fontconfig/65f976e5259cbe6dc7697b8648396239-le64.cache-4
7f20f8006000-7f20f8007000 r--s 00000000 08:06 528134                     /var/cache/fontconfig/94f7fe9bd33aadfac165873bd010d595-le64.cache-4
7f20f8007000-7f20f8009000 r--s 00000000 08:06 528133                     /var/cache/fontconfig/423767150eb258c59035de29db6fca84-le64.cache-4
7f20f8009000-7f20f800a000 r--s 00000000 08:06 528132                     /var/cache/fontconfig/845c20fd2c4814bcec78e05d37a63ccc-le64.cache-4
7f20f800a000-7f20f800b000 r--s 00000000 08:06 528131                     /var/cache/fontconfig/e7de81b01590fb7e12b38e274e17d0db-le64.cache-4
7f20f800b000-7f20f800c000 r--s 00000000 08:06 528130                     /var/cache/fontconfig/406a1d2d2bf3ed7664fbadefac0b2f66-le64.cache-4
7f20f800c000-7f20f800e000 r--s 00000000 08:06 528129                     /var/cache/fontconfig/67709b7835c0f764c1135060c9575660-le64.cache-4
7f20f800e000-7f20f8018000 r--s 00000000 08:06 528128                     /var/cache/fontconfig/198d8fcf01c96d0cf813f74fd759bdb7-le64.cache-4
7f20f8018000-7f20f8019000 r--s 00000000 08:06 528099                     /var/cache/fontconfig/0c9eb80ebd1c36541ebe2852d3bb0c49-le64.cache-4
7f20f8019000-7f20f8024000 r--s 00000000 08:06 528125                     /var/cache/fontconfig/83bf95040141907cd45bb53cf7c1c148-le64.cache-4
7f20f8024000-7f20f8026000 r--s 00000000 08:06 528124                     /var/cache/fontconfig/6e6b34ae150a7ad95e82fb4a522f0bda-le64.cache-4
7f20f8026000-7f20f8027000 r--s 00000000 08:06 528123                     /var/cache/fontconfig/3334a778d104e76d188e9df399bc24d2-le64.cache-4
7f20f8027000-7f20f802e000 r--s 00000000 08:06 528122                     /var/cache/fontconfig/53d14c92082a93e67d5078324eb314ca-le64.cache-4
7f20f802e000-7f20f8032000 r--s 00000000 08:06 528121                     /var/cache/fontconfig/6c08beecf0dac481ec92e759e0c2e6d7-le64.cache-4
7f20f8032000-7f20f8036000 r--s 00000000 08:06 528120                     /var/cache/fontconfig/4d6aee6d44eccb37054d3216e945f618-le64.cache-4
7f20f8036000-7f20f803a000 r--s 00000000 08:06 528119                     /var/cache/fontconfig/d6c6df98c3df5faf9bd0f8ef4d91efe5-le64.cache-4
7f20f803a000-7f20f803e000 r--s 00000000 08:06 528118                     /var/cache/fontconfig/9fb319ef52839f11ee26ab8b4cffa12b-le64.cache-4
7f20f803e000-7f20f8051000 r--s 00000000 08:06 528117                     /var/cache/fontconfig/4ac51e5cfbc76fc3f983e470323a16d3-le64.cache-4
7f20f8051000-7f20f8054000 r--s 00000000 08:06 528116                     /var/cache/fontconfig/c19b55eb3b4c5b40ea175e31682068a5-le64.cache-4
7f20f8054000-7f20f8055000 r--s 00000000 08:06 528115                     /var/cache/fontconfig/c277e94e32b20404286a1ddafa5a80f0-le64.cache-4
7f20f8055000-7f20f8056000 r--s 00000000 08:06 528114                     /var/cache/fontconfig/62f91419b9ebdb6975e7e41ab6412357-le64.cache-4
7f20f8056000-7f20f8059000 r--s 00000000 08:06 528097                     /var/cache/fontconfig/de83a0a961185c8bd1f159015d56c039-le64.cache-4
7f20f8059000-7f20f807d000 r--s 00000000 08:06 528178                     /var/cache/fontconfig/cabbd14511b9e8a55e92af97fb3a0461-le64.cache-4
7f20f807d000-7f20f809e000 r--s 00000000 08:06 528103                     /var/cache/fontconfig/e13b20fdb08344e0e664864cc2ede53d-le64.cache-4
7f20f809e000-7f20f809f000 r--s 00000000 08:06 528177                     /var/cache/fontconfig/b02d45936449360bc6a42a71f2ff5d6e-le64.cache-4
7f20f809f000-7f20f80ac000 r--s 00000000 08:06 524671                     /var/cache/fontconfig/8f02d4cb045bd6ce15663e43f347c9f8-le64.cache-4
7f20f80ac000-7f20f80ca000 r--s 00000000 08:06 524610                     /var/cache/fontconfig/467c019e582ee353435ea5c21d137ef6-le64.cache-4
7f20f80ca000-7f20f816c000 r-xp 00000000 08:02 3148435                    /usr/lib/jvm/java-7-oracle/jre/lib/amd64/libawt.so
7f20f816c000-7f20f836c000 ---p 000a2000 08:02 3148435                    /usr/lib/jvm/java-7-oracle/jre/lib/amd64/libawt.so
7f20f836c000-7f20f8378000 rw-p 000a2000 08:02 3148435                    /usr/lib/jvm/java-7-oracle/jre/lib/amd64/libawt.so
7f20f8378000-7f20f839c000 rw-p 00000000 00:00 0 
7f20f839c000-7f20f839f000 ---p 00000000 00:00 0 
7f20f839f000-7f20f849d000 rw-p 00000000 00:00 0                          [stack:12314]
7f20f849d000-7f20f84a0000 ---p 00000000 00:00 0 
7f20f84a0000-7f20f859e000 rw-p 00000000 00:00 0                          [stack:12321]
7f20f859e000-7f20f85a1000 ---p 00000000 00:00 0 
7f20f85a1000-7f20f869f000 rw-p 00000000 00:00 0                          [stack:12306]
7f20f869f000-7f20f86af000 r-xp 00000000 08:02 3148423                    /usr/lib/jvm/java-7-oracle/jre/lib/amd64/libnio.so
7f20f86af000-7f20f88af000 ---p 00010000 08:02 3148423                    /usr/lib/jvm/java-7-oracle/jre/lib/amd64/libnio.so
7f20f88af000-7f20f88b0000 rw-p 00010000 08:02 3148423                    /usr/lib/jvm/java-7-oracle/jre/lib/amd64/libnio.so
7f20f88b0000-7f20f88b3000 ---p 00000000 00:00 0 
7f20f88b3000-7f20f89b1000 rw-p 00000000 00:00 0                          [stack:12308]
7f20f89b1000-7f20f89b4000 ---p 00000000 00:00 0 
7f20f89b4000-7f20f8ab2000 rw-p 00000000 00:00 0                          [stack:13656]
7f20f8ab2000-7f20f8ae7000 r--s 00000000 08:06 524399                     /var/cache/nscd/hosts
7f20f8ae7000-7f20f8afd000 r-xp 00000000 08:02 3148438                    /usr/lib/jvm/java-7-oracle/jre/lib/amd64/libnet.so
7f20f8afd000-7f20f8cfd000 ---p 00016000 08:02 3148438                    /usr/lib/jvm/java-7-oracle/jre/lib/amd64/libnet.so
7f20f8cfd000-7f20f8cfe000 rw-p 00016000 08:02 3148438                    /usr/lib/jvm/java-7-oracle/jre/lib/amd64/libnet.so
7f20f8cfe000-7f20f8d01000 ---p 00000000 00:00 0 
7f20f8d01000-7f20f8dff000 rw-p 00000000 00:00 0                          [stack:12305]
7f20f8dff000-7f20f8e02000 ---p 00000000 00:00 0 
7f20f8e02000-7f20f8f00000 rw-p 00000000 00:00 0                          [stack:12299]
7f20f8f00000-7f20f8f03000 ---p 00000000 00:00 0 
7f20f8f03000-7f20f9001000 rw-p 00000000 00:00 0                          [stack:12313]
7f20f9001000-7f20f9002000 ---p 00000000 00:00 0 
7f20f9002000-7f20f9102000 rw-p 00000000 00:00 0                          [stack:12297]
7f20f9102000-7f20f9105000 ---p 00000000 00:00 0 
7f20f9105000-7f20f9203000 rw-p 00000000 00:00 0                          [stack:12296]
7f20f9203000-7f20f9206000 ---p 00000000 00:00 0 
7f20f9206000-7f20f9304000 rw-p 00000000 00:00 0                          [stack:12295]
7f20f9304000-7f20f9307000 ---p 00000000 00:00 0 
7f20f9307000-7f20f9405000 rw-p 00000000 00:00 0                          [stack:12294]
7f20f9405000-7f20f9408000 ---p 00000000 00:00 0 
7f20f9408000-7f20f9506000 rw-p 00000000 00:00 0                          [stack:12293]
7f20f9506000-7f20f97cf000 r--p 00000000 08:02 2359436                    /usr/lib/locale/locale-archive
7f20f97cf000-7f20f97d2000 ---p 00000000 00:00 0 
7f20f97d2000-7f20f98d0000 rw-p 00000000 00:00 0                          [stack:12292]
7f20f98d0000-7f20f98d3000 ---p 00000000 00:00 0 
7f20f98d3000-7f20f99d1000 rw-p 00000000 00:00 0                          [stack:12291]
7f20f99d1000-7f20f99d2000 ---p 00000000 00:00 0 
7f20f99d2000-7f20fb650000 rw-p 00000000 00:00 0                          [stack:12290]
7f20fb650000-7f20fb810000 r--s 039ea000 08:02 3148382                    /usr/lib/jvm/java-7-oracle/jre/lib/rt.jar
7f20fb810000-7f20fc000000 rw-p 00000000 00:00 0 
7f20fc000000-7f20fc021000 rw-p 00000000 00:00 0 
7f20fc021000-7f2100000000 ---p 00000000 00:00 0 
7f2100000000-7f2100021000 rw-p 00000000 00:00 0 
7f2100021000-7f2104000000 ---p 00000000 00:00 0 
7f2104000000-7f2104021000 rw-p 00000000 00:00 0 
7f2104021000-7f2108000000 ---p 00000000 00:00 0 
7f2108000000-7f2108021000 rw-p 00000000 00:00 0 
7f2108021000-7f210c000000 ---p 00000000 00:00 0 
7f210c000000-7f210c021000 rw-p 00000000 00:00 0 
7f210c021000-7f2110000000 ---p 00000000 00:00 0 
7f2110000000-7f2110021000 rw-p 00000000 00:00 0 
7f2110021000-7f2114000000 ---p 00000000 00:00 0 
7f2114000000-7f2114005000 r--s 00000000 08:06 528127                     /var/cache/fontconfig/7ef2298fde41cc6eeb7af42e48b7d293-le64.cache-4
7f2114005000-7f2114007000 r--s 00000000 08:06 524672                     /var/cache/fontconfig/16326683038b281783a0ef8c680e3a10-le64.cache-4
7f2114007000-7f2114008000 r--s 00000000 08:06 524670                     /var/cache/fontconfig/e0aa53bcfa504e64f87823c16bc01eb6-le64.cache-4
7f2114008000-7f2114009000 r--p 00000000 08:02 3540547                    /usr/share/locale-langpack/en_GB/LC_MESSAGES/libc.mo
7f2114009000-7f2114014000 r--s 0037c000 08:02 3149095                    /usr/lib/jvm/java-7-oracle/jre/lib/charsets.jar
7f2114014000-7f2114016000 r--s 00013000 00:b7 18814896                   /usr/userfs/a/aef517/workspace/taxe-game/lib/miglayout15-swing.jar
7f2114016000-7f2114019000 r--s 0001d000 00:b7 80895686                   /usr/userfs/a/aef517/workspace/taxe-game/lib/jgoodies-forms-1.8.0.jar
7f2114019000-7f211401c000 r--s 00028000 00:b7 80895675                   /usr/userfs/a/aef517/workspace/taxe-game/lib/jgoodies-forms-1.8.0-sources.jar
7f211401c000-7f2114020000 r--s 000f7000 08:02 3148496                    /usr/lib/jvm/java-7-oracle/jre/lib/ext/localedata.jar
7f2114020000-7f2114209000 rw-p 00000000 00:00 0 
7f2114209000-7f211420a000 ---p 00000000 00:00 0 
7f211420a000-7f211430a000 rw-p 00000000 00:00 0                          [stack:12289]
7f211430a000-7f211430b000 ---p 00000000 00:00 0 
7f211430b000-7f211440b000 rw-p 00000000 00:00 0                          [stack:12288]
7f211440b000-7f211440c000 ---p 00000000 00:00 0 
7f211440c000-7f211450c000 rw-p 00000000 00:00 0                          [stack:12287]
7f211450c000-7f211450d000 ---p 00000000 00:00 0 
7f211450d000-7f211460d000 rw-p 00000000 00:00 0                          [stack:12286]
7f211460d000-7f211460e000 ---p 00000000 00:00 0 
7f211460e000-7f211470e000 rw-p 00000000 00:00 0                          [stack:12285]
7f211470e000-7f211470f000 ---p 00000000 00:00 0 
7f211470f000-7f211481a000 rw-p 00000000 00:00 0                          [stack:12284]
7f211481a000-7f2114838000 rw-p 00000000 00:00 0 
7f2114838000-7f211488b000 rw-p 00000000 00:00 0 
7f211488b000-7f2114d67000 rw-p 00000000 00:00 0 
7f2114d67000-7f2114d91000 rw-p 00000000 00:00 0 
7f2114d91000-7f2114fff000 rw-p 00000000 00:00 0 
7f2114fff000-7f2115000000 rw-p 00000000 00:00 0 
7f2115000000-7f2115270000 rwxp 00000000 00:00 0 
7f2115270000-7f21182ff000 rw-p 00000000 00:00 0 
7f21182ff000-7f211c000000 ---p 00000000 00:00 0 
7f211c000000-7f211c003000 r--s 00019000 08:02 3148597                    /usr/lib/jvm/java-7-oracle/jre/lib/jce.jar
7f211c003000-7f211c008000 r--s 0008a000 08:02 3148601                    /usr/lib/jvm/java-7-oracle/jre/lib/jsse.jar
7f211c008000-7f211c00b000 r--s 0000e000 00:b7 80895693                   /usr/userfs/a/aef517/workspace/taxe-game/lib/awaitility-1.6.2.jar
7f211c00b000-7f211c011000 r--s 00036000 08:02 5915924                    /opt/york/cs/hdd/eclipse-java-4.4/plugins/org.junit_4.11.0.v201303080030/junit.jar
7f211c011000-7f211c01f000 r--s 00079000 00:b7 67425486                   /usr/userfs/a/aef517/workspace/taxe-game/lib/socket.io-client-java.jar
7f211c01f000-7f211c020000 ---p 00000000 00:00 0 
7f211c020000-7f211c120000 rw-p 00000000 00:00 0                          [stack:12283]
7f211c120000-7f211c121000 ---p 00000000 00:00 0 
7f211c121000-7f211c274000 rw-p 00000000 00:00 0                          [stack:12282]
7f211c274000-7f211c751000 rw-p 00000000 00:00 0 
7f211c751000-7f211c75b000 rw-p 00000000 00:00 0 
7f211c75b000-7f211c811000 rw-p 00000000 00:00 0 
7f211c811000-7f211c82b000 r-xp 00000000 08:02 3148420                    /usr/lib/jvm/java-7-oracle/jre/lib/amd64/libzip.so
7f211c82b000-7f211ca2b000 ---p 0001a000 08:02 3148420                    /usr/lib/jvm/java-7-oracle/jre/lib/amd64/libzip.so
7f211ca2b000-7f211ca2c000 rw-p 0001a000 08:02 3148420                    /usr/lib/jvm/java-7-oracle/jre/lib/amd64/libzip.so
7f211ca2c000-7f211ca55000 r-xp 00000000 08:02 3148403                    /usr/lib/jvm/java-7-oracle/jre/lib/amd64/libjava.so
7f211ca55000-7f211cc55000 ---p 00029000 08:02 3148403                    /usr/lib/jvm/java-7-oracle/jre/lib/amd64/libjava.so
7f211cc55000-7f211cc57000 rw-p 00029000 08:02 3148403                    /usr/lib/jvm/java-7-oracle/jre/lib/amd64/libjava.so
7f211cc57000-7f211cc64000 r-xp 00000000 08:02 3148416                    /usr/lib/jvm/java-7-oracle/jre/lib/amd64/libverify.so
7f211cc64000-7f211ce63000 ---p 0000d000 08:02 3148416                    /usr/lib/jvm/java-7-oracle/jre/lib/amd64/libverify.so
7f211ce63000-7f211ce65000 rw-p 0000c000 08:02 3148416                    /usr/lib/jvm/java-7-oracle/jre/lib/amd64/libverify.so
7f211ce65000-7f211ce6c000 r-xp 00000000 08:02 2099750                    /lib/x86_64-linux-gnu/librt-2.19.so
7f211ce6c000-7f211d06b000 ---p 00007000 08:02 2099750                    /lib/x86_64-linux-gnu/librt-2.19.so
7f211d06b000-7f211d06c000 r--p 00006000 08:02 2099750                    /lib/x86_64-linux-gnu/librt-2.19.so
7f211d06c000-7f211d06d000 rw-p 00007000 08:02 2099750                    /lib/x86_64-linux-gnu/librt-2.19.so
7f211d06d000-7f211d172000 r-xp 00000000 08:02 2102472                    /lib/x86_64-linux-gnu/libm-2.19.so
7f211d172000-7f211d371000 ---p 00105000 08:02 2102472                    /lib/x86_64-linux-gnu/libm-2.19.so
7f211d371000-7f211d372000 r--p 00104000 08:02 2102472                    /lib/x86_64-linux-gnu/libm-2.19.so
7f211d372000-7f211d373000 rw-p 00105000 08:02 2102472                    /lib/x86_64-linux-gnu/libm-2.19.so
7f211d373000-7f211dee6000 r-xp 00000000 08:02 3148411                    /usr/lib/jvm/java-7-oracle/jre/lib/amd64/server/libjvm.so
7f211dee6000-7f211e0e5000 ---p 00b73000 08:02 3148411                    /usr/lib/jvm/java-7-oracle/jre/lib/amd64/server/libjvm.so
7f211e0e5000-7f211e1a9000 rw-p 00b72000 08:02 3148411                    /usr/lib/jvm/java-7-oracle/jre/lib/amd64/server/libjvm.so
7f211e1a9000-7f211e1ea000 rw-p 00000000 00:00 0 
7f211e1ea000-7f211e3a5000 r-xp 00000000 08:02 2097340                    /lib/x86_64-linux-gnu/libc-2.19.so
7f211e3a5000-7f211e5a5000 ---p 001bb000 08:02 2097340                    /lib/x86_64-linux-gnu/libc-2.19.so
7f211e5a5000-7f211e5a9000 r--p 001bb000 08:02 2097340                    /lib/x86_64-linux-gnu/libc-2.19.so
7f211e5a9000-7f211e5ab000 rw-p 001bf000 08:02 2097340                    /lib/x86_64-linux-gnu/libc-2.19.so
7f211e5ab000-7f211e5b0000 rw-p 00000000 00:00 0 
7f211e5b0000-7f211e5b3000 r-xp 00000000 08:02 2099753                    /lib/x86_64-linux-gnu/libdl-2.19.so
7f211e5b3000-7f211e7b2000 ---p 00003000 08:02 2099753                    /lib/x86_64-linux-gnu/libdl-2.19.so
7f211e7b2000-7f211e7b3000 r--p 00002000 08:02 2099753                    /lib/x86_64-linux-gnu/libdl-2.19.so
7f211e7b3000-7f211e7b4000 rw-p 00003000 08:02 2099753                    /lib/x86_64-linux-gnu/libdl-2.19.so
7f211e7b4000-7f211e7ca000 r-xp 00000000 08:02 3145991                    /usr/lib/jvm/java-7-oracle/lib/amd64/jli/libjli.so
7f211e7ca000-7f211e9ca000 ---p 00016000 08:02 3145991                    /usr/lib/jvm/java-7-oracle/lib/amd64/jli/libjli.so
7f211e9ca000-7f211e9cb000 rw-p 00016000 08:02 3145991                    /usr/lib/jvm/java-7-oracle/lib/amd64/jli/libjli.so
7f211e9cb000-7f211e9e4000 r-xp 00000000 08:02 2102483                    /lib/x86_64-linux-gnu/libpthread-2.19.so
7f211e9e4000-7f211ebe3000 ---p 00019000 08:02 2102483                    /lib/x86_64-linux-gnu/libpthread-2.19.so
7f211ebe3000-7f211ebe4000 r--p 00018000 08:02 2102483                    /lib/x86_64-linux-gnu/libpthread-2.19.so
7f211ebe4000-7f211ebe5000 rw-p 00019000 08:02 2102483                    /lib/x86_64-linux-gnu/libpthread-2.19.so
7f211ebe5000-7f211ebe9000 rw-p 00000000 00:00 0 
7f211ebe9000-7f211ec0c000 r-xp 00000000 08:02 2097200                    /lib/x86_64-linux-gnu/ld-2.19.so
7f211ec0c000-7f211ec0e000 r--s 0000c000 08:02 5519135                    /opt/york/cs/hdd/eclipse-java-4.4/plugins/org.hamcrest.core_1.3.0.v201303031735.jar
7f211ec0e000-7f211ec11000 r--s 00017000 00:b7 80895690                   /usr/userfs/a/aef517/workspace/taxe-game/lib/Java-WebSocket-1.3.0.jar
7f211ec11000-7f211ec13000 r--s 0001c000 00:b7 67425482                   /usr/userfs/a/aef517/workspace/taxe-game/lib/org.json-chargebee-1.0-javadoc.jar
7f211ec13000-7f211ec1a000 r--s 0005e000 00:b7 80895695                   /usr/userfs/a/aef517/workspace/taxe-game/lib/commons-lang3-3.3.2.jar
7f211ec1a000-7f211ec23000 r--s 000fe000 00:b7 80895694                   /usr/userfs/a/aef517/workspace/taxe-game/lib/commons-lang3-3.3.2-javadoc.jar
7f211ec23000-7f211ec26000 r--s 00016000 00:b7 67425479                   /usr/userfs/a/aef517/workspace/taxe-game/lib/engine.io-client-0.3.1.jar
7f211ec26000-7f211ec81000 rw-p 00000000 00:00 0 
7f211ec81000-7f211ec9f000 rw-p 00000000 00:00 0 
7f211ec9f000-7f211ecd4000 r--s 00000000 08:06 524393                     /var/cache/nscd/passwd
7f211ecd4000-7f211ecd7000 ---p 00000000 00:00 0 
7f211ecd7000-7f211edd9000 rw-p 00000000 00:00 0                          [stack:12281]
7f211edd9000-7f211edda000 r--s 00009000 00:b7 67425485                   /usr/userfs/a/aef517/workspace/taxe-game/lib/org.json-chargebee-1.0.jar
7f211edda000-7f211edde000 r--s 00029000 00:b7 67425478                   /usr/userfs/a/aef517/workspace/taxe-game/lib/engine.io-client-0.3.1-javadoc.jar
7f211edde000-7f211edff000 rw-p 00000000 00:00 0 
7f211edff000-7f211ee07000 rw-s 00000000 08:02 5917746                    /tmp/hsperfdata_aef517/12276
7f211ee07000-7f211ee08000 rw-p 00000000 00:00 0 
7f211ee08000-7f211ee09000 r--p 00000000 00:00 0 
7f211ee09000-7f211ee0b000 rw-p 00000000 00:00 0 
7f211ee0b000-7f211ee0c000 r--p 00022000 08:02 2097200                    /lib/x86_64-linux-gnu/ld-2.19.so
7f211ee0c000-7f211ee0d000 rw-p 00023000 08:02 2097200                    /lib/x86_64-linux-gnu/ld-2.19.so
7f211ee0d000-7f211ee0e000 rw-p 00000000 00:00 0 
7fffd11ed000-7fffd120e000 rw-p 00000000 00:00 0                          [stack]
7fffd12eb000-7fffd12ed000 r-xp 00000000 00:00 0                          [vdso]
ffffffffff600000-ffffffffff601000 r-xp 00000000 00:00 0                  [vsyscall]

VM Arguments:
jvm_args: -Dfile.encoding=UTF-8 
java_command: com.eep.taxe.Game
Launcher Type: SUN_STANDARD

Environment Variables:
PATH=/usr/userfs/a/aef517/.local/bin:/usr/local/sbin:/usr/local/bin:/usr/sbin:/usr/bin:/sbin:/bin:/usr/games:/usr/local/games
SHELL=/bin/bash
DISPLAY=:0

Signal Handlers:
SIGSEGV: [libjvm.so+0x9a1a10], sa_mask[0]=0x7ffbfeff, sa_flags=0x10000004
SIGBUS: [libjvm.so+0x9a1a10], sa_mask[0]=0x7ffbfeff, sa_flags=0x10000004
SIGFPE: [libjvm.so+0x81bae0], sa_mask[0]=0x7ffbfeff, sa_flags=0x10000004
SIGPIPE: [libjvm.so+0x81bae0], sa_mask[0]=0x7ffbfeff, sa_flags=0x10000004
SIGXFSZ: [libjvm.so+0x81bae0], sa_mask[0]=0x7ffbfeff, sa_flags=0x10000004
SIGILL: [libjvm.so+0x81bae0], sa_mask[0]=0x7ffbfeff, sa_flags=0x10000004
SIGUSR1: SIG_DFL, sa_mask[0]=0x00000000, sa_flags=0x00000000
SIGUSR2: [libjvm.so+0x81d2e0], sa_mask[0]=0x00000004, sa_flags=0x10000004
SIGHUP: [libjvm.so+0x81e400], sa_mask[0]=0x7ffbfeff, sa_flags=0x10000004
SIGINT: [libjvm.so+0x81e400], sa_mask[0]=0x7ffbfeff, sa_flags=0x10000004
SIGTERM: [libjvm.so+0x81e400], sa_mask[0]=0x7ffbfeff, sa_flags=0x10000004
SIGQUIT: [libjvm.so+0x81e400], sa_mask[0]=0x7ffbfeff, sa_flags=0x10000004


---------------  S Y S T E M  ---------------

OS:jessie/sid

uname:Linux 3.13.0-44-generic #73-Ubuntu SMP Tue Dec 16 00:22:43 UTC 2014 x86_64
libc:glibc 2.19 NPTL 2.19 
rlimit: STACK 8192k, CORE 0k, NPROC 127196, NOFILE 4096, AS infinity
load average:0.59 0.22 0.16

/proc/meminfo:
MemTotal:       16302852 kB
MemFree:        12098068 kB
Buffers:          360624 kB
Cached:          1724380 kB
SwapCached:            0 kB
Active:          2416528 kB
Inactive:        1376940 kB
Active(anon):    1718560 kB
Inactive(anon):   308280 kB
Active(file):     697968 kB
Inactive(file):  1068660 kB
Unevictable:         172 kB
Mlocked:             196 kB
SwapTotal:      16382972 kB
SwapFree:       16382972 kB
Dirty:               288 kB
Writeback:            12 kB
AnonPages:       1708112 kB
Mapped:           154824 kB
Shmem:            317616 kB
Slab:             229104 kB
SReclaimable:     186324 kB
SUnreclaim:        42780 kB
KernelStack:        7424 kB
PageTables:        15748 kB
NFS_Unstable:          0 kB
Bounce:                0 kB
WritebackTmp:          0 kB
CommitLimit:    24534396 kB
Committed_AS:    5680716 kB
VmallocTotal:   34359738367 kB
VmallocUsed:      374804 kB
VmallocChunk:   34359356688 kB
HardwareCorrupted:     0 kB
AnonHugePages:   1402880 kB
HugePages_Total:       0
HugePages_Free:        0
HugePages_Rsvd:        0
HugePages_Surp:        0
Hugepagesize:       2048 kB
DirectMap4k:       65544 kB
DirectMap2M:     2949120 kB
DirectMap1G:    13631488 kB


CPU:total 8 (4 cores per cpu, 2 threads per core) family 6 model 60 stepping 3, cmov, cx8, fxsr, mmx, sse, sse2, sse3, ssse3, sse4.1, sse4.2, popcnt, avx, avx2, aes, erms, ht, tsc, tscinvbit

/proc/cpuinfo:
processor	: 0
vendor_id	: GenuineIntel
cpu family	: 6
model		: 60
model name	: Intel(R) Core(TM) i7-4770 CPU @ 3.40GHz
stepping	: 3
microcode	: 0x12
cpu MHz		: 3401.000
cache size	: 8192 KB
physical id	: 0
siblings	: 8
core id		: 0
cpu cores	: 4
apicid		: 0
initial apicid	: 0
fpu		: yes
fpu_exception	: yes
cpuid level	: 13
wp		: yes
flags		: fpu vme de pse tsc msr pae mce cx8 apic sep mtrr pge mca cmov pat pse36 clflush dts acpi mmx fxsr sse sse2 ss ht tm pbe syscall nx pdpe1gb rdtscp lm constant_tsc arch_perfmon pebs bts rep_good nopl xtopology nonstop_tsc aperfmperf eagerfpu pni pclmulqdq dtes64 monitor ds_cpl vmx smx est tm2 ssse3 fma cx16 xtpr pdcm pcid sse4_1 sse4_2 x2apic movbe popcnt tsc_deadline_timer aes xsave avx f16c rdrand lahf_lm abm ida arat epb xsaveopt pln pts dtherm tpr_shadow vnmi flexpriority ept vpid fsgsbase tsc_adjust bmi1 hle avx2 smep bmi2 erms invpcid rtm
bogomips	: 6784.79
clflush size	: 64
cache_alignment	: 64
address sizes	: 39 bits physical, 48 bits virtual
power management:

processor	: 1
vendor_id	: GenuineIntel
cpu family	: 6
model		: 60
model name	: Intel(R) Core(TM) i7-4770 CPU @ 3.40GHz
stepping	: 3
microcode	: 0x12
cpu MHz		: 3401.000
cache size	: 8192 KB
physical id	: 0
siblings	: 8
core id		: 1
cpu cores	: 4
apicid		: 2
initial apicid	: 2
fpu		: yes
fpu_exception	: yes
cpuid level	: 13
wp		: yes
flags		: fpu vme de pse tsc msr pae mce cx8 apic sep mtrr pge mca cmov pat pse36 clflush dts acpi mmx fxsr sse sse2 ss ht tm pbe syscall nx pdpe1gb rdtscp lm constant_tsc arch_perfmon pebs bts rep_good nopl xtopology nonstop_tsc aperfmperf eagerfpu pni pclmulqdq dtes64 monitor ds_cpl vmx smx est tm2 ssse3 fma cx16 xtpr pdcm pcid sse4_1 sse4_2 x2apic movbe popcnt tsc_deadline_timer aes xsave avx f16c rdrand lahf_lm abm ida arat epb xsaveopt pln pts dtherm tpr_shadow vnmi flexpriority ept vpid fsgsbase tsc_adjust bmi1 hle avx2 smep bmi2 erms invpcid rtm
bogomips	: 6784.79
clflush size	: 64
cache_alignment	: 64
address sizes	: 39 bits physical, 48 bits virtual
power management:

processor	: 2
vendor_id	: GenuineIntel
cpu family	: 6
model		: 60
model name	: Intel(R) Core(TM) i7-4770 CPU @ 3.40GHz
stepping	: 3
microcode	: 0x12
cpu MHz		: 3401.000
cache size	: 8192 KB
physical id	: 0
siblings	: 8
core id		: 2
cpu cores	: 4
apicid		: 4
initial apicid	: 4
fpu		: yes
fpu_exception	: yes
cpuid level	: 13
wp		: yes
flags		: fpu vme de pse tsc msr pae mce cx8 apic sep mtrr pge mca cmov pat pse36 clflush dts acpi mmx fxsr sse sse2 ss ht tm pbe syscall nx pdpe1gb rdtscp lm constant_tsc arch_perfmon pebs bts rep_good nopl xtopology nonstop_tsc aperfmperf eagerfpu pni pclmulqdq dtes64 monitor ds_cpl vmx smx est tm2 ssse3 fma cx16 xtpr pdcm pcid sse4_1 sse4_2 x2apic movbe popcnt tsc_deadline_timer aes xsave avx f16c rdrand lahf_lm abm ida arat epb xsaveopt pln pts dtherm tpr_shadow vnmi flexpriority ept vpid fsgsbase tsc_adjust bmi1 hle avx2 smep bmi2 erms invpcid rtm
bogomips	: 6784.79
clflush size	: 64
cache_alignment	: 64
address sizes	: 39 bits physical, 48 bits virtual
power management:

processor	: 3
vendor_id	: GenuineIntel
cpu family	: 6
model		: 60
model name	: Intel(R) Core(TM) i7-4770 CPU @ 3.40GHz
stepping	: 3
microcode	: 0x12
cpu MHz		: 3401.000
cache size	: 8192 KB
physical id	: 0
siblings	: 8
core id		: 3
cpu cores	: 4
apicid		: 6
initial apicid	: 6
fpu		: yes
fpu_exception	: yes
cpuid level	: 13
wp		: yes
flags		: fpu vme de pse tsc msr pae mce cx8 apic sep mtrr pge mca cmov pat pse36 clflush dts acpi mmx fxsr sse sse2 ss ht tm pbe syscall nx pdpe1gb rdtscp lm constant_tsc arch_perfmon pebs bts rep_good nopl xtopology nonstop_tsc aperfmperf eagerfpu pni pclmulqdq dtes64 monitor ds_cpl vmx smx est tm2 ssse3 fma cx16 xtpr pdcm pcid sse4_1 sse4_2 x2apic movbe popcnt tsc_deadline_timer aes xsave avx f16c rdrand lahf_lm abm ida arat epb xsaveopt pln pts dtherm tpr_shadow vnmi flexpriority ept vpid fsgsbase tsc_adjust bmi1 hle avx2 smep bmi2 erms invpcid rtm
bogomips	: 6784.79
clflush size	: 64
cache_alignment	: 64
address sizes	: 39 bits physical, 48 bits virtual
power management:

processor	: 4
vendor_id	: GenuineIntel
cpu family	: 6
model		: 60
model name	: Intel(R) Core(TM) i7-4770 CPU @ 3.40GHz
stepping	: 3
microcode	: 0x12
cpu MHz		: 3401.000
cache size	: 8192 KB
physical id	: 0
siblings	: 8
core id		: 0
cpu cores	: 4
apicid		: 1
initial apicid	: 1
fpu		: yes
fpu_exception	: yes
cpuid level	: 13
wp		: yes
flags		: fpu vme de pse tsc msr pae mce cx8 apic sep mtrr pge mca cmov pat pse36 clflush dts acpi mmx fxsr sse sse2 ss ht tm pbe syscall nx pdpe1gb rdtscp lm constant_tsc arch_perfmon pebs bts rep_good nopl xtopology nonstop_tsc aperfmperf eagerfpu pni pclmulqdq dtes64 monitor ds_cpl vmx smx est tm2 ssse3 fma cx16 xtpr pdcm pcid sse4_1 sse4_2 x2apic movbe popcnt tsc_deadline_timer aes xsave avx f16c rdrand lahf_lm abm ida arat epb xsaveopt pln pts dtherm tpr_shadow vnmi flexpriority ept vpid fsgsbase tsc_adjust bmi1 hle avx2 smep bmi2 erms invpcid rtm
bogomips	: 6784.79
clflush size	: 64
cache_alignment	: 64
address sizes	: 39 bits physical, 48 bits virtual
power management:

processor	: 5
vendor_id	: GenuineIntel
cpu family	: 6
model		: 60
model name	: Intel(R) Core(TM) i7-4770 CPU @ 3.40GHz
stepping	: 3
microcode	: 0x12
cpu MHz		: 3401.000
cache size	: 8192 KB
physical id	: 0
siblings	: 8
core id		: 1
cpu cores	: 4
apicid		: 3
initial apicid	: 3
fpu		: yes
fpu_exception	: yes
cpuid level	: 13
wp		: yes
flags		: fpu vme de pse tsc msr pae mce cx8 apic sep mtrr pge mca cmov pat pse36 clflush dts acpi mmx fxsr sse sse2 ss ht tm pbe syscall nx pdpe1gb rdtscp lm constant_tsc arch_perfmon pebs bts rep_good nopl xtopology nonstop_tsc aperfmperf eagerfpu pni pclmulqdq dtes64 monitor ds_cpl vmx smx est tm2 ssse3 fma cx16 xtpr pdcm pcid sse4_1 sse4_2 x2apic movbe popcnt tsc_deadline_timer aes xsave avx f16c rdrand lahf_lm abm ida arat epb xsaveopt pln pts dtherm tpr_shadow vnmi flexpriority ept vpid fsgsbase tsc_adjust bmi1 hle avx2 smep bmi2 erms invpcid rtm
bogomips	: 6784.79
clflush size	: 64
cache_alignment	: 64
address sizes	: 39 bits physical, 48 bits virtual
power management:

processor	: 6
vendor_id	: GenuineIntel
cpu family	: 6
model		: 60
model name	: Intel(R) Core(TM) i7-4770 CPU @ 3.40GHz
stepping	: 3
microcode	: 0x12
cpu MHz		: 3401.000
cache size	: 8192 KB
physical id	: 0
siblings	: 8
core id		: 2
cpu cores	: 4
apicid		: 5
initial apicid	: 5
fpu		: yes
fpu_exception	: yes
cpuid level	: 13
wp		: yes
flags		: fpu vme de pse tsc msr pae mce cx8 apic sep mtrr pge mca cmov pat pse36 clflush dts acpi mmx fxsr sse sse2 ss ht tm pbe syscall nx pdpe1gb rdtscp lm constant_tsc arch_perfmon pebs bts rep_good nopl xtopology nonstop_tsc aperfmperf eagerfpu pni pclmulqdq dtes64 monitor ds_cpl vmx smx est tm2 ssse3 fma cx16 xtpr pdcm pcid sse4_1 sse4_2 x2apic movbe popcnt tsc_deadline_timer aes xsave avx f16c rdrand lahf_lm abm ida arat epb xsaveopt pln pts dtherm tpr_shadow vnmi flexpriority ept vpid fsgsbase tsc_adjust bmi1 hle avx2 smep bmi2 erms invpcid rtm
bogomips	: 6784.79
clflush size	: 64
cache_alignment	: 64
address sizes	: 39 bits physical, 48 bits virtual
power management:

processor	: 7
vendor_id	: GenuineIntel
cpu family	: 6
model		: 60
model name	: Intel(R) Core(TM) i7-4770 CPU @ 3.40GHz
stepping	: 3
microcode	: 0x12
cpu MHz		: 3401.000
cache size	: 8192 KB
physical id	: 0
siblings	: 8
core id		: 3
cpu cores	: 4
apicid		: 7
initial apicid	: 7
fpu		: yes
fpu_exception	: yes
cpuid level	: 13
wp		: yes
flags		: fpu vme de pse tsc msr pae mce cx8 apic sep mtrr pge mca cmov pat pse36 clflush dts acpi mmx fxsr sse sse2 ss ht tm pbe syscall nx pdpe1gb rdtscp lm constant_tsc arch_perfmon pebs bts rep_good nopl xtopology nonstop_tsc aperfmperf eagerfpu pni pclmulqdq dtes64 monitor ds_cpl vmx smx est tm2 ssse3 fma cx16 xtpr pdcm pcid sse4_1 sse4_2 x2apic movbe popcnt tsc_deadline_timer aes xsave avx f16c rdrand lahf_lm abm ida arat epb xsaveopt pln pts dtherm tpr_shadow vnmi flexpriority ept vpid fsgsbase tsc_adjust bmi1 hle avx2 smep bmi2 erms invpcid rtm
bogomips	: 6784.79
clflush size	: 64
cache_alignment	: 64
address sizes	: 39 bits physical, 48 bits virtual
power management:



Memory: 4k page, physical 16302852k(12098068k free), swap 16382972k(16382972k free)

vm_info: Java HotSpot(TM) 64-Bit Server VM (24.72-b04) for linux-amd64 JRE (1.7.0_72-b14), built on Sep 26 2014 18:20:41 by "java_re" with gcc 4.3.0 20080428 (Red Hat 4.3.0-8)

time: Sat Jan 17 12:11:17 2015
elapsed time: 570 seconds

